0000000000000000 circpad_machine_event_circ_added_hop
0000000000000056 circpad_cell_event_nonpadding_sent
0000000000075927 circpad_cell_event_nonpadding_received
0000000000076218 circpad_machine_event_circ_added_hop
0000000000076273 circpad_cell_event_nonpadding_sent
0000000000214199 circpad_cell_event_nonpadding_received
0000000000214601 circpad_machine_event_circ_added_hop
0000000000214607 circpad_machine_event_circ_built
0000000005462111 circpad_machine_event_circ_has_streams
0000000005462125 connection_ap_handshake_send_begin duckduckgo.com
0000000005462133 circpad_cell_event_nonpadding_sent
0000000005578628 circpad_cell_event_nonpadding_received
0000000005579931 circpad_cell_event_nonpadding_sent
0000000005579961 circpad_cell_event_nonpadding_sent
0000000005702674 circpad_cell_event_nonpadding_received
0000000005702718 circpad_cell_event_nonpadding_received
0000000005702727 circpad_cell_event_nonpadding_received
0000000005739532 circpad_cell_event_nonpadding_received
0000000005739573 circpad_cell_event_nonpadding_received
0000000005739582 circpad_cell_event_nonpadding_received
0000000005739589 circpad_cell_event_nonpadding_received
0000000005739597 circpad_cell_event_nonpadding_received
0000000005740754 circpad_cell_event_nonpadding_sent
0000000005741181 circpad_cell_event_nonpadding_sent
0000000005741205 circpad_cell_event_nonpadding_sent
0000000005741221 circpad_machine_event_circ_has_no_relay_early
0000000005863194 circpad_cell_event_nonpadding_received
0000000005863509 circpad_cell_event_nonpadding_sent
0000000005914140 circpad_cell_event_nonpadding_received
0000000005914173 circpad_cell_event_nonpadding_received
0000000005914181 circpad_cell_event_nonpadding_received
0000000005914188 circpad_cell_event_nonpadding_received
0000000005914194 circpad_cell_event_nonpadding_received
0000000005962805 circpad_cell_event_nonpadding_sent
0000000005962919 circpad_cell_event_nonpadding_sent
0000000005970912 circpad_cell_event_nonpadding_sent
0000000005970978 circpad_cell_event_nonpadding_sent
0000000005971256 circpad_cell_event_nonpadding_sent
0000000005971402 circpad_cell_event_nonpadding_sent
0000000006088136 circpad_cell_event_nonpadding_received
0000000006088168 circpad_cell_event_nonpadding_received
0000000006088176 circpad_cell_event_nonpadding_received
0000000006088183 circpad_cell_event_nonpadding_received
0000000006088189 circpad_cell_event_nonpadding_received
0000000006088196 circpad_cell_event_nonpadding_received
0000000006088202 circpad_cell_event_nonpadding_received
0000000006135084 circpad_cell_event_nonpadding_received
0000000006135124 circpad_cell_event_nonpadding_received
0000000006135133 circpad_cell_event_nonpadding_received
0000000006135139 circpad_cell_event_nonpadding_received
0000000006135146 circpad_cell_event_nonpadding_received
0000000006135153 circpad_cell_event_nonpadding_received
0000000006135159 circpad_cell_event_nonpadding_received
0000000006135189 circpad_cell_event_nonpadding_received
0000000006135230 circpad_cell_event_nonpadding_received
0000000006135242 circpad_cell_event_nonpadding_received
0000000006135249 circpad_cell_event_nonpadding_received
0000000006135265 circpad_cell_event_nonpadding_received
0000000006135272 circpad_cell_event_nonpadding_received
0000000006135279 circpad_cell_event_nonpadding_received
0000000006135285 circpad_cell_event_nonpadding_received
0000000006135303 circpad_cell_event_nonpadding_received
0000000006135312 circpad_cell_event_nonpadding_received
0000000006135319 circpad_cell_event_nonpadding_received
0000000006135325 circpad_cell_event_nonpadding_received
0000000006135332 circpad_cell_event_nonpadding_received
0000000006135338 circpad_cell_event_nonpadding_received
0000000006135344 circpad_cell_event_nonpadding_received
0000000006135351 circpad_cell_event_nonpadding_received
0000000006138694 circpad_cell_event_nonpadding_received
0000000006138712 circpad_cell_event_nonpadding_received
0000000006138719 circpad_cell_event_nonpadding_received
0000000006138725 circpad_cell_event_nonpadding_received
0000000006138732 circpad_cell_event_nonpadding_received
0000000006138738 circpad_cell_event_nonpadding_received
0000000006138744 circpad_cell_event_nonpadding_sent
0000000006180793 circpad_cell_event_nonpadding_received
0000000006180843 circpad_cell_event_nonpadding_received
0000000006180853 circpad_cell_event_nonpadding_received
0000000006180872 circpad_cell_event_nonpadding_received
0000000006180880 circpad_cell_event_nonpadding_received
0000000006180888 circpad_cell_event_nonpadding_received
0000000006180896 circpad_cell_event_nonpadding_received
0000000006180920 circpad_cell_event_nonpadding_received
0000000006180930 circpad_cell_event_nonpadding_received
0000000006185201 circpad_cell_event_nonpadding_received
0000000006185222 circpad_cell_event_nonpadding_received
0000000006185230 circpad_cell_event_nonpadding_received
0000000006185237 circpad_cell_event_nonpadding_received
0000000006185244 circpad_cell_event_nonpadding_received
0000000006185251 circpad_cell_event_nonpadding_received
0000000006185258 circpad_cell_event_nonpadding_received
0000000006185275 circpad_cell_event_nonpadding_received
0000000006185284 circpad_cell_event_nonpadding_received
0000000006195936 circpad_cell_event_nonpadding_received
0000000006195957 circpad_cell_event_nonpadding_received
0000000006195964 circpad_cell_event_nonpadding_received
0000000006195980 circpad_cell_event_nonpadding_received
0000000006195988 circpad_cell_event_nonpadding_received
0000000006196016 circpad_cell_event_nonpadding_received
0000000006196026 circpad_cell_event_nonpadding_received
0000000006196032 circpad_cell_event_nonpadding_received
0000000006196039 circpad_cell_event_nonpadding_received
0000000006196046 circpad_cell_event_nonpadding_received
0000000006196052 circpad_cell_event_nonpadding_received
0000000006196058 circpad_cell_event_nonpadding_received
0000000006196091 circpad_cell_event_nonpadding_received
0000000006196102 circpad_cell_event_nonpadding_received
0000000006196109 circpad_cell_event_nonpadding_received
0000000006196115 circpad_cell_event_nonpadding_received
0000000006196122 circpad_cell_event_nonpadding_received
0000000006196316 circpad_cell_event_nonpadding_received
0000000006196330 circpad_cell_event_nonpadding_received
0000000006196337 circpad_cell_event_nonpadding_received
0000000006196343 circpad_cell_event_nonpadding_received
0000000006196350 circpad_cell_event_nonpadding_received
0000000006196356 circpad_cell_event_nonpadding_received
0000000006196363 circpad_cell_event_nonpadding_received
0000000006196379 circpad_cell_event_nonpadding_received
0000000006196387 circpad_cell_event_nonpadding_received
0000000006196573 circpad_cell_event_nonpadding_received
0000000006196587 circpad_cell_event_nonpadding_received
0000000006196593 circpad_cell_event_nonpadding_received
0000000006196600 circpad_cell_event_nonpadding_received
0000000006196606 circpad_cell_event_nonpadding_received
0000000006196613 circpad_cell_event_nonpadding_received
0000000006196621 circpad_cell_event_nonpadding_sent
0000000006196636 circpad_cell_event_nonpadding_sent
0000000006196644 circpad_cell_event_nonpadding_received
0000000006220752 circpad_cell_event_nonpadding_received
0000000006220777 circpad_cell_event_nonpadding_received
0000000006220803 circpad_cell_event_nonpadding_received
0000000006220840 circpad_cell_event_nonpadding_received
0000000006220850 circpad_cell_event_nonpadding_received
0000000006246098 circpad_cell_event_nonpadding_received
0000000006246136 circpad_cell_event_nonpadding_received
0000000006246143 circpad_cell_event_nonpadding_received
0000000006255045 circpad_cell_event_nonpadding_received
0000000006255065 circpad_cell_event_nonpadding_received
0000000006255072 circpad_cell_event_nonpadding_received
0000000006255079 circpad_cell_event_nonpadding_received
0000000006255085 circpad_cell_event_nonpadding_received
0000000006255092 circpad_cell_event_nonpadding_received
0000000006255098 circpad_cell_event_nonpadding_received
0000000006255659 circpad_cell_event_nonpadding_received
0000000006255674 circpad_cell_event_nonpadding_received
0000000006255680 circpad_cell_event_nonpadding_received
0000000006255687 circpad_cell_event_nonpadding_received
0000000006255693 circpad_cell_event_nonpadding_received
0000000006255700 circpad_cell_event_nonpadding_received
0000000006255706 circpad_cell_event_nonpadding_received
0000000006255722 circpad_cell_event_nonpadding_received
0000000006255730 circpad_cell_event_nonpadding_received
0000000006255864 circpad_cell_event_nonpadding_received
0000000006255878 circpad_cell_event_nonpadding_received
0000000006255885 circpad_cell_event_nonpadding_received
0000000006255891 circpad_cell_event_nonpadding_received
0000000006255897 circpad_cell_event_nonpadding_received
0000000006255904 circpad_cell_event_nonpadding_received
0000000006255910 circpad_cell_event_nonpadding_received
0000000006258996 circpad_cell_event_nonpadding_received
0000000006259011 circpad_cell_event_nonpadding_received
0000000006272648 circpad_cell_event_nonpadding_received
0000000006272689 circpad_cell_event_nonpadding_received
0000000006272696 circpad_cell_event_nonpadding_received
0000000006272702 circpad_cell_event_nonpadding_received
0000000006272709 circpad_cell_event_nonpadding_received
0000000006285919 circpad_cell_event_nonpadding_received
0000000006285954 circpad_cell_event_nonpadding_received
0000000006285962 circpad_cell_event_nonpadding_received
0000000006285969 circpad_cell_event_nonpadding_received
0000000006285975 circpad_cell_event_nonpadding_received
0000000006285982 circpad_cell_event_nonpadding_received
0000000006285988 circpad_cell_event_nonpadding_received
0000000006297350 circpad_cell_event_nonpadding_received
0000000006297377 circpad_cell_event_nonpadding_received
0000000006297385 circpad_cell_event_nonpadding_received
0000000006312404 circpad_cell_event_nonpadding_received
0000000006312428 circpad_cell_event_nonpadding_sent
0000000006312445 circpad_cell_event_nonpadding_received
0000000006350243 circpad_cell_event_nonpadding_received
0000000006350273 circpad_cell_event_nonpadding_received
0000000006350281 circpad_cell_event_nonpadding_received
0000000006351165 circpad_cell_event_nonpadding_received
0000000006351180 circpad_cell_event_nonpadding_received
0000000006351187 circpad_cell_event_nonpadding_received
0000000006351194 circpad_cell_event_nonpadding_received
0000000006351200 circpad_cell_event_nonpadding_received
0000000006351207 circpad_cell_event_nonpadding_received
0000000006351213 circpad_cell_event_nonpadding_received
0000000006384373 circpad_cell_event_nonpadding_received
0000000006384399 circpad_cell_event_nonpadding_received
0000000006384407 circpad_cell_event_nonpadding_received
0000000006384414 circpad_cell_event_nonpadding_received
0000000006384421 circpad_cell_event_nonpadding_received
0000000006384429 circpad_cell_event_nonpadding_received
0000000006384436 circpad_cell_event_nonpadding_received
0000000006389202 circpad_cell_event_nonpadding_received
0000000006389222 circpad_cell_event_nonpadding_received
0000000006389229 circpad_cell_event_nonpadding_received
0000000006389235 circpad_cell_event_nonpadding_received
0000000006389242 circpad_cell_event_nonpadding_received
0000000006389248 circpad_cell_event_nonpadding_received
0000000006389255 circpad_cell_event_nonpadding_received
0000000006389281 circpad_cell_event_nonpadding_received
0000000006389290 circpad_cell_event_nonpadding_received
0000000006389748 circpad_cell_event_nonpadding_received
0000000006428582 circpad_cell_event_nonpadding_received
0000000006428614 circpad_cell_event_nonpadding_received
0000000006428621 circpad_cell_event_nonpadding_received
0000000006428627 circpad_cell_event_nonpadding_received
0000000006428634 circpad_cell_event_nonpadding_received
0000000006428640 circpad_cell_event_nonpadding_received
0000000006428647 circpad_cell_event_nonpadding_received
0000000006435823 circpad_cell_event_nonpadding_received
0000000006435844 circpad_cell_event_nonpadding_received
0000000006435851 circpad_cell_event_nonpadding_received
0000000006435857 circpad_cell_event_nonpadding_received
0000000006435864 circpad_cell_event_nonpadding_received
0000000006435870 circpad_cell_event_nonpadding_received
0000000006435876 circpad_cell_event_nonpadding_received
0000000006440529 circpad_cell_event_nonpadding_received
0000000006440564 circpad_cell_event_nonpadding_received
0000000006454879 circpad_cell_event_nonpadding_received
0000000006454904 circpad_cell_event_nonpadding_received
0000000006454911 circpad_cell_event_nonpadding_received
0000000006454917 circpad_cell_event_nonpadding_received
0000000006454924 circpad_cell_event_nonpadding_received
0000000006454930 circpad_cell_event_nonpadding_received
0000000006454939 circpad_cell_event_nonpadding_sent
0000000006454953 circpad_cell_event_nonpadding_sent
0000000006454962 circpad_cell_event_nonpadding_received
0000000006472110 circpad_cell_event_nonpadding_received
0000000006472133 circpad_cell_event_nonpadding_received
0000000006472140 circpad_cell_event_nonpadding_received
0000000006472147 circpad_cell_event_nonpadding_received
0000000006539757 circpad_cell_event_nonpadding_sent
0000000006543138 circpad_cell_event_nonpadding_received
0000000006543181 circpad_cell_event_nonpadding_received
0000000006543190 circpad_cell_event_nonpadding_received
0000000006543197 circpad_cell_event_nonpadding_received
0000000006543214 circpad_cell_event_nonpadding_received
0000000006543221 circpad_cell_event_nonpadding_received
0000000006543228 circpad_cell_event_nonpadding_received
0000000006549664 circpad_cell_event_nonpadding_received
0000000006549699 circpad_cell_event_nonpadding_received
0000000006549707 circpad_cell_event_nonpadding_received
0000000006549715 circpad_cell_event_nonpadding_received
0000000006549723 circpad_cell_event_nonpadding_received
0000000006549730 circpad_cell_event_nonpadding_received
0000000006549738 circpad_cell_event_nonpadding_received
0000000006549758 circpad_cell_event_nonpadding_received
0000000006580468 circpad_cell_event_nonpadding_received
0000000006580516 circpad_cell_event_nonpadding_received
0000000006580525 circpad_cell_event_nonpadding_received
0000000006580533 circpad_cell_event_nonpadding_received
0000000006580541 circpad_cell_event_nonpadding_received
0000000006580549 circpad_cell_event_nonpadding_received
0000000006586222 circpad_cell_event_nonpadding_received
0000000006586243 circpad_cell_event_nonpadding_received
0000000006586251 circpad_cell_event_nonpadding_received
0000000006586258 circpad_cell_event_nonpadding_received
0000000006586265 circpad_cell_event_nonpadding_received
0000000006586272 circpad_cell_event_nonpadding_received
0000000006586279 circpad_cell_event_nonpadding_received
0000000006606782 circpad_cell_event_nonpadding_received
0000000006606833 circpad_cell_event_nonpadding_received
0000000006606842 circpad_cell_event_nonpadding_received
0000000006606849 circpad_cell_event_nonpadding_received
0000000006606856 circpad_cell_event_nonpadding_received
0000000006606863 circpad_cell_event_nonpadding_received
0000000006606870 circpad_cell_event_nonpadding_received
0000000006619955 circpad_cell_event_nonpadding_received
0000000006619987 circpad_cell_event_nonpadding_received
0000000006619995 circpad_cell_event_nonpadding_received
0000000006620003 circpad_cell_event_nonpadding_received
0000000006622784 circpad_cell_event_nonpadding_received
0000000006622802 circpad_cell_event_nonpadding_received
0000000006622820 circpad_cell_event_nonpadding_received
0000000006622827 circpad_cell_event_nonpadding_received
0000000006622833 circpad_cell_event_nonpadding_received
0000000006622840 circpad_cell_event_nonpadding_received
0000000006622852 circpad_cell_event_nonpadding_sent
0000000006622869 circpad_cell_event_nonpadding_received
0000000006641174 circpad_cell_event_nonpadding_received
0000000006641195 circpad_cell_event_nonpadding_received
0000000006641202 circpad_cell_event_nonpadding_received
0000000006641208 circpad_cell_event_nonpadding_received
0000000006641215 circpad_cell_event_nonpadding_received
0000000006641221 circpad_cell_event_nonpadding_received
0000000006641227 circpad_cell_event_nonpadding_received
0000000006659924 circpad_cell_event_nonpadding_received
0000000006659959 circpad_cell_event_nonpadding_received
0000000006659966 circpad_cell_event_nonpadding_received
0000000006659973 circpad_cell_event_nonpadding_received
0000000006694401 circpad_cell_event_nonpadding_received
0000000006694450 circpad_cell_event_nonpadding_received
0000000006694463 circpad_cell_event_nonpadding_received
0000000006694472 circpad_cell_event_nonpadding_received
0000000006694482 circpad_cell_event_nonpadding_received
0000000006694492 circpad_cell_event_nonpadding_received
0000000006694499 circpad_cell_event_nonpadding_received
0000000006694554 circpad_cell_event_nonpadding_received
0000000006694566 circpad_cell_event_nonpadding_received
0000000006694576 circpad_cell_event_nonpadding_received
0000000006694587 circpad_cell_event_nonpadding_received
0000000006694596 circpad_cell_event_nonpadding_received
0000000006694605 circpad_cell_event_nonpadding_received
0000000006694615 circpad_cell_event_nonpadding_received
0000000006697743 circpad_cell_event_nonpadding_received
0000000006697764 circpad_cell_event_nonpadding_received
0000000006697771 circpad_cell_event_nonpadding_received
0000000006697777 circpad_cell_event_nonpadding_received
0000000006697783 circpad_cell_event_nonpadding_received
0000000006697790 circpad_cell_event_nonpadding_received
0000000006697807 circpad_cell_event_nonpadding_received
0000000006697814 circpad_cell_event_nonpadding_received
0000000006707575 circpad_cell_event_nonpadding_received
0000000006707612 circpad_cell_event_nonpadding_received
0000000006707619 circpad_cell_event_nonpadding_received
0000000006707626 circpad_cell_event_nonpadding_received
0000000006707632 circpad_cell_event_nonpadding_received
0000000006707639 circpad_cell_event_nonpadding_received
0000000006707645 circpad_cell_event_nonpadding_received
0000000006712680 circpad_cell_event_nonpadding_received
0000000006712708 circpad_cell_event_nonpadding_received
0000000006712715 circpad_cell_event_nonpadding_received
0000000006712721 circpad_cell_event_nonpadding_received
0000000006712728 circpad_cell_event_nonpadding_received
0000000006734000 circpad_cell_event_nonpadding_received
0000000006734040 circpad_cell_event_nonpadding_received
0000000006734490 circpad_cell_event_nonpadding_received
0000000006734505 circpad_cell_event_nonpadding_received
0000000006734513 circpad_cell_event_nonpadding_sent
0000000006734528 circpad_cell_event_nonpadding_sent
0000000006734537 circpad_cell_event_nonpadding_received
0000000006734543 circpad_cell_event_nonpadding_received
0000000006734550 circpad_cell_event_nonpadding_received
0000000006734557 circpad_cell_event_nonpadding_received
0000000006734563 circpad_cell_event_nonpadding_received
0000000006734687 circpad_cell_event_nonpadding_received
0000000006734702 circpad_cell_event_nonpadding_received
0000000006734709 circpad_cell_event_nonpadding_received
0000000006734716 circpad_cell_event_nonpadding_received
0000000006747690 circpad_cell_event_nonpadding_received
0000000006747792 circpad_cell_event_nonpadding_received
0000000006747808 circpad_cell_event_nonpadding_received
0000000006747815 circpad_cell_event_nonpadding_received
0000000006747821 circpad_cell_event_nonpadding_received
0000000006747828 circpad_cell_event_nonpadding_received
0000000006747835 circpad_cell_event_nonpadding_received
0000000006747841 circpad_cell_event_nonpadding_received
0000000006765310 circpad_cell_event_nonpadding_received
0000000006765345 circpad_cell_event_nonpadding_received
0000000006765352 circpad_cell_event_nonpadding_received
0000000006765358 circpad_cell_event_nonpadding_received
0000000006765365 circpad_cell_event_nonpadding_received
0000000006765372 circpad_cell_event_nonpadding_received
0000000006765378 circpad_cell_event_nonpadding_received
0000000006765385 circpad_cell_event_nonpadding_received
0000000006784295 circpad_cell_event_nonpadding_received
0000000006784338 circpad_cell_event_nonpadding_received
0000000006784346 circpad_cell_event_nonpadding_received
0000000006784354 circpad_cell_event_nonpadding_received
0000000006784361 circpad_cell_event_nonpadding_received
0000000006784368 circpad_cell_event_nonpadding_received
0000000006784376 circpad_cell_event_nonpadding_received
0000000006784400 circpad_cell_event_nonpadding_received
0000000006784409 circpad_cell_event_nonpadding_received
0000000006811993 circpad_cell_event_nonpadding_received
0000000006812046 circpad_cell_event_nonpadding_received
0000000006812056 circpad_cell_event_nonpadding_received
0000000006812063 circpad_cell_event_nonpadding_received
0000000006812069 circpad_cell_event_nonpadding_received
0000000006812076 circpad_cell_event_nonpadding_received
0000000006812082 circpad_cell_event_nonpadding_received
0000000006812115 circpad_cell_event_nonpadding_received
0000000006812125 circpad_cell_event_nonpadding_received
0000000006812132 circpad_cell_event_nonpadding_received
0000000006812138 circpad_cell_event_nonpadding_received
0000000006812145 circpad_cell_event_nonpadding_received
0000000006812151 circpad_cell_event_nonpadding_received
0000000006812157 circpad_cell_event_nonpadding_received
0000000006816351 circpad_cell_event_nonpadding_received
0000000006816373 circpad_cell_event_nonpadding_received
0000000006816379 circpad_cell_event_nonpadding_sent
0000000006816396 circpad_cell_event_nonpadding_received
0000000006816402 circpad_cell_event_nonpadding_received
0000000006820930 circpad_cell_event_nonpadding_received
0000000006820958 circpad_cell_event_nonpadding_received
0000000006820965 circpad_cell_event_nonpadding_received
0000000006820972 circpad_cell_event_nonpadding_received
0000000006820978 circpad_cell_event_nonpadding_received
0000000006843313 circpad_cell_event_nonpadding_received
0000000006843358 circpad_cell_event_nonpadding_received
0000000006843365 circpad_cell_event_nonpadding_received
0000000006843372 circpad_cell_event_nonpadding_received
0000000006843379 circpad_cell_event_nonpadding_received
0000000006843385 circpad_cell_event_nonpadding_received
0000000006843392 circpad_cell_event_nonpadding_received
0000000006864684 circpad_cell_event_nonpadding_received
0000000006864708 circpad_cell_event_nonpadding_received
0000000006864785 circpad_cell_event_nonpadding_received
0000000006864805 circpad_cell_event_nonpadding_received
0000000006864814 circpad_cell_event_nonpadding_received
0000000006864821 circpad_cell_event_nonpadding_received
0000000006864829 circpad_cell_event_nonpadding_received
0000000006864836 circpad_cell_event_nonpadding_received
0000000006864844 circpad_cell_event_nonpadding_received
0000000006865416 circpad_cell_event_nonpadding_received
0000000006865434 circpad_cell_event_nonpadding_received
0000000006865441 circpad_cell_event_nonpadding_received
0000000006865447 circpad_cell_event_nonpadding_received
0000000006865454 circpad_cell_event_nonpadding_received
0000000006865460 circpad_cell_event_nonpadding_received
0000000006865467 circpad_cell_event_nonpadding_received
0000000006865473 circpad_cell_event_nonpadding_received
0000000006865489 circpad_cell_event_nonpadding_received
0000000006877578 circpad_cell_event_nonpadding_received
0000000006877598 circpad_cell_event_nonpadding_received
0000000006877605 circpad_cell_event_nonpadding_received
0000000006877611 circpad_cell_event_nonpadding_received
0000000006877618 circpad_cell_event_nonpadding_received
0000000006877624 circpad_cell_event_nonpadding_received
0000000006877631 circpad_cell_event_nonpadding_received
0000000006894432 circpad_cell_event_nonpadding_received
0000000006894465 circpad_cell_event_nonpadding_received
0000000006906805 circpad_cell_event_nonpadding_received
0000000006906826 circpad_cell_event_nonpadding_received
0000000006906833 circpad_cell_event_nonpadding_received
0000000006906840 circpad_cell_event_nonpadding_received
0000000006906846 circpad_cell_event_nonpadding_received
0000000006906853 circpad_cell_event_nonpadding_received
0000000006906859 circpad_cell_event_nonpadding_received
0000000006913908 circpad_cell_event_nonpadding_received
0000000006913926 circpad_cell_event_nonpadding_received
0000000006913935 circpad_cell_event_nonpadding_sent
0000000006913952 circpad_cell_event_nonpadding_sent
0000000006913966 circpad_cell_event_nonpadding_received
0000000006913974 circpad_cell_event_nonpadding_received
0000000006913980 circpad_cell_event_nonpadding_received
0000000006940133 circpad_cell_event_nonpadding_received
0000000006940164 circpad_cell_event_nonpadding_received
0000000006940171 circpad_cell_event_nonpadding_received
0000000006940178 circpad_cell_event_nonpadding_received
0000000006940184 circpad_cell_event_nonpadding_received
0000000006940191 circpad_cell_event_nonpadding_received
0000000006940197 circpad_cell_event_nonpadding_received
0000000006940219 circpad_cell_event_nonpadding_received
0000000006940227 circpad_cell_event_nonpadding_received
0000000006940234 circpad_cell_event_nonpadding_received
0000000006940240 circpad_cell_event_nonpadding_received
0000000006940247 circpad_cell_event_nonpadding_received
0000000006940253 circpad_cell_event_nonpadding_received
0000000006940260 circpad_cell_event_nonpadding_received
0000000006940303 circpad_cell_event_nonpadding_received
0000000006940321 circpad_cell_event_nonpadding_received
0000000006940560 circpad_cell_event_nonpadding_received
0000000006940584 circpad_cell_event_nonpadding_received
0000000006940592 circpad_cell_event_nonpadding_received
0000000006940600 circpad_cell_event_nonpadding_received
0000000006940607 circpad_cell_event_nonpadding_received
0000000006940614 circpad_cell_event_nonpadding_received
0000000006940639 circpad_cell_event_nonpadding_received
0000000006940679 circpad_cell_event_nonpadding_received
0000000006940690 circpad_cell_event_nonpadding_received
0000000006940705 circpad_cell_event_nonpadding_received
0000000006940713 circpad_cell_event_nonpadding_received
0000000006940721 circpad_cell_event_nonpadding_received
0000000006940728 circpad_cell_event_nonpadding_received
0000000006940735 circpad_cell_event_nonpadding_received
0000000006940742 circpad_cell_event_nonpadding_received
0000000006950703 circpad_cell_event_nonpadding_received
0000000006950724 circpad_cell_event_nonpadding_received
0000000006950731 circpad_cell_event_nonpadding_received
0000000006950738 circpad_cell_event_nonpadding_received
0000000006950744 circpad_cell_event_nonpadding_received
0000000006950751 circpad_cell_event_nonpadding_received
0000000006950757 circpad_cell_event_nonpadding_received
0000000006950763 circpad_cell_event_nonpadding_received
0000000006950780 circpad_cell_event_nonpadding_received
0000000007005943 circpad_cell_event_nonpadding_received
0000000007005972 circpad_cell_event_nonpadding_received
0000000007005980 circpad_cell_event_nonpadding_received
0000000007005986 circpad_cell_event_nonpadding_received
0000000007005993 circpad_cell_event_nonpadding_received
0000000007015094 circpad_cell_event_nonpadding_received
0000000007015127 circpad_cell_event_nonpadding_received
0000000007015134 circpad_cell_event_nonpadding_sent
0000000007015150 circpad_cell_event_nonpadding_received
0000000007015157 circpad_cell_event_nonpadding_received
0000000007015163 circpad_cell_event_nonpadding_received
0000000007015179 circpad_cell_event_nonpadding_received
0000000007015185 circpad_cell_event_nonpadding_received
0000000007015250 circpad_cell_event_nonpadding_received
0000000007015263 circpad_cell_event_nonpadding_received
0000000007015270 circpad_cell_event_nonpadding_received
0000000007015276 circpad_cell_event_nonpadding_received
0000000007015283 circpad_cell_event_nonpadding_received
0000000007015326 circpad_cell_event_nonpadding_received
0000000007015356 circpad_cell_event_nonpadding_received
0000000007015367 circpad_cell_event_nonpadding_received
0000000007015377 circpad_cell_event_nonpadding_received
0000000007015387 circpad_cell_event_nonpadding_received
0000000007015397 circpad_cell_event_nonpadding_received
0000000007015408 circpad_cell_event_nonpadding_received
0000000007018308 circpad_cell_event_nonpadding_received
0000000007018347 circpad_cell_event_nonpadding_received
0000000007018355 circpad_cell_event_nonpadding_received
0000000007018363 circpad_cell_event_nonpadding_received
0000000007027780 circpad_cell_event_nonpadding_received
0000000007027816 circpad_cell_event_nonpadding_received
0000000007027824 circpad_cell_event_nonpadding_received
0000000007027831 circpad_cell_event_nonpadding_received
0000000007027838 circpad_cell_event_nonpadding_received
0000000007027844 circpad_cell_event_nonpadding_received
0000000007027851 circpad_cell_event_nonpadding_received
0000000007027887 circpad_cell_event_nonpadding_received
0000000007027897 circpad_cell_event_nonpadding_received
0000000007027904 circpad_cell_event_nonpadding_received
0000000007027911 circpad_cell_event_nonpadding_received
0000000007027918 circpad_cell_event_nonpadding_received
0000000007027924 circpad_cell_event_nonpadding_received
0000000007027931 circpad_cell_event_nonpadding_received
0000000007039841 circpad_cell_event_nonpadding_received
0000000007039863 circpad_cell_event_nonpadding_received
0000000007039870 circpad_cell_event_nonpadding_received
0000000007039877 circpad_cell_event_nonpadding_received
0000000007039883 circpad_cell_event_nonpadding_received
0000000007039911 circpad_cell_event_nonpadding_received
0000000007039921 circpad_cell_event_nonpadding_received
0000000007039927 circpad_cell_event_nonpadding_received
0000000007039934 circpad_cell_event_nonpadding_received
0000000007039941 circpad_cell_event_nonpadding_received
0000000007039947 circpad_cell_event_nonpadding_received
0000000007039954 circpad_cell_event_nonpadding_received
0000000007051743 circpad_cell_event_nonpadding_received
0000000007051792 circpad_cell_event_nonpadding_received
0000000007051800 circpad_cell_event_nonpadding_received
0000000007051809 circpad_cell_event_nonpadding_sent
0000000007051823 circpad_cell_event_nonpadding_sent
0000000007051832 circpad_cell_event_nonpadding_received
0000000007051839 circpad_cell_event_nonpadding_received
0000000007051845 circpad_cell_event_nonpadding_received
0000000007051852 circpad_cell_event_nonpadding_received
0000000007051859 circpad_cell_event_nonpadding_received
0000000007052394 circpad_cell_event_nonpadding_received
0000000007052410 circpad_cell_event_nonpadding_received
0000000007052417 circpad_cell_event_nonpadding_received
0000000007052423 circpad_cell_event_nonpadding_received
0000000007052430 circpad_cell_event_nonpadding_received
0000000007052436 circpad_cell_event_nonpadding_received
0000000007052443 circpad_cell_event_nonpadding_received
0000000007081298 circpad_cell_event_nonpadding_received
0000000007081334 circpad_cell_event_nonpadding_received
0000000007081342 circpad_cell_event_nonpadding_received
0000000007081349 circpad_cell_event_nonpadding_received
0000000007081356 circpad_cell_event_nonpadding_received
0000000007081363 circpad_cell_event_nonpadding_received
0000000007081369 circpad_cell_event_nonpadding_received
0000000007081376 circpad_cell_event_nonpadding_received
0000000007085552 circpad_cell_event_nonpadding_sent
0000000007088268 circpad_cell_event_nonpadding_received
0000000007088292 circpad_cell_event_nonpadding_received
0000000007088302 circpad_cell_event_nonpadding_received
0000000007088312 circpad_cell_event_nonpadding_received
0000000007088320 circpad_cell_event_nonpadding_received
0000000007088327 circpad_cell_event_nonpadding_received
0000000007088333 circpad_cell_event_nonpadding_received
0000000007099852 circpad_cell_event_nonpadding_sent
0000000007106161 circpad_cell_event_nonpadding_sent
0000000007116595 connection_ap_handshake_send_begin improving.duckduckgo.com
0000000007116600 circpad_cell_event_nonpadding_sent
0000000007120094 circpad_cell_event_nonpadding_sent
0000000007129182 circpad_cell_event_nonpadding_sent
0000000007129302 circpad_cell_event_nonpadding_sent
0000000007129413 circpad_cell_event_nonpadding_sent
0000000007129510 circpad_cell_event_nonpadding_sent
0000000007129604 circpad_cell_event_nonpadding_sent
0000000007129704 circpad_cell_event_nonpadding_sent
0000000007129786 circpad_cell_event_nonpadding_sent
0000000007131298 circpad_cell_event_nonpadding_received
0000000007131311 circpad_cell_event_nonpadding_received
0000000007131317 circpad_cell_event_nonpadding_received
0000000007131324 circpad_cell_event_nonpadding_received
0000000007131331 circpad_cell_event_nonpadding_received
0000000007131337 circpad_cell_event_nonpadding_received
0000000007131344 circpad_cell_event_nonpadding_received
0000000007131371 circpad_cell_event_nonpadding_received
0000000007132320 circpad_cell_event_nonpadding_received
0000000007132334 circpad_cell_event_nonpadding_received
0000000007132341 circpad_cell_event_nonpadding_received
0000000007132348 circpad_cell_event_nonpadding_received
0000000007132354 circpad_cell_event_nonpadding_received
0000000007132361 circpad_cell_event_nonpadding_received
0000000007132368 circpad_cell_event_nonpadding_received
0000000007158474 connection_ap_handshake_send_begin improving.duckduckgo.com
0000000007158482 circpad_cell_event_nonpadding_sent
0000000007270857 circpad_cell_event_nonpadding_received
0000000007270904 circpad_cell_event_nonpadding_received
0000000007270913 circpad_cell_event_nonpadding_received
0000000007270920 circpad_cell_event_nonpadding_received
0000000007270937 circpad_cell_event_nonpadding_received
0000000007270944 circpad_cell_event_nonpadding_received
0000000007270951 circpad_cell_event_nonpadding_received
0000000007295093 circpad_cell_event_nonpadding_received
0000000007295142 circpad_cell_event_nonpadding_sent
0000000007295161 circpad_cell_event_nonpadding_received
0000000007295169 circpad_cell_event_nonpadding_received
0000000007295175 circpad_cell_event_nonpadding_received
0000000007295182 circpad_cell_event_nonpadding_received
0000000007295188 circpad_cell_event_nonpadding_received
0000000007295195 circpad_cell_event_nonpadding_received
0000000007295262 circpad_cell_event_nonpadding_received
0000000007304515 circpad_cell_event_nonpadding_received
0000000007304561 circpad_cell_event_nonpadding_received
0000000007304571 circpad_cell_event_nonpadding_received
0000000007304579 circpad_cell_event_nonpadding_received
0000000007304587 circpad_cell_event_nonpadding_received
0000000007304595 circpad_cell_event_nonpadding_received
0000000007304603 circpad_cell_event_nonpadding_received
0000000007307741 circpad_cell_event_nonpadding_received
0000000007307759 circpad_cell_event_nonpadding_received
0000000007307765 circpad_cell_event_nonpadding_received
0000000007307793 circpad_cell_event_nonpadding_received
0000000007307808 circpad_cell_event_nonpadding_received
0000000007307815 circpad_cell_event_nonpadding_received
0000000007307821 circpad_cell_event_nonpadding_received
0000000007307848 circpad_cell_event_nonpadding_received
0000000007307856 circpad_cell_event_nonpadding_received
0000000007309544 circpad_cell_event_nonpadding_sent
0000000007309573 circpad_cell_event_nonpadding_sent
0000000007310786 circpad_cell_event_nonpadding_sent
0000000007310803 circpad_cell_event_nonpadding_sent
0000000007330957 circpad_cell_event_nonpadding_received
0000000007330978 circpad_cell_event_nonpadding_received
0000000007330985 circpad_cell_event_nonpadding_received
0000000007330992 circpad_cell_event_nonpadding_received
0000000007358083 circpad_cell_event_nonpadding_received
0000000007358115 circpad_cell_event_nonpadding_received
0000000007358122 circpad_cell_event_nonpadding_received
0000000007358129 circpad_cell_event_nonpadding_received
0000000007358135 circpad_cell_event_nonpadding_received
0000000007358142 circpad_cell_event_nonpadding_received
0000000007481988 circpad_cell_event_nonpadding_received
0000000007482034 circpad_cell_event_nonpadding_received
0000000007482043 circpad_cell_event_nonpadding_received
0000000007482049 circpad_cell_event_nonpadding_received
0000000007482056 circpad_cell_event_nonpadding_received
0000000007482062 circpad_cell_event_nonpadding_received
0000000007482069 circpad_cell_event_nonpadding_received
0000000007490668 circpad_cell_event_nonpadding_received
0000000007490693 circpad_cell_event_nonpadding_received
0000000007490701 circpad_cell_event_nonpadding_received
0000000007490708 circpad_cell_event_nonpadding_received
0000000007490715 circpad_cell_event_nonpadding_received
0000000007490721 circpad_cell_event_nonpadding_received
0000000007490728 circpad_cell_event_nonpadding_received
0000000007491438 circpad_cell_event_nonpadding_sent
0000000007491646 circpad_cell_event_nonpadding_sent
0000000007491667 circpad_cell_event_nonpadding_sent
0000000007519735 circpad_cell_event_nonpadding_received
0000000007519770 circpad_cell_event_nonpadding_received
0000000007520614 circpad_cell_event_nonpadding_sent
0000000007521148 circpad_cell_event_nonpadding_sent
0000000007521185 circpad_cell_event_nonpadding_sent
0000000007614409 circpad_cell_event_nonpadding_received
0000000007614725 circpad_cell_event_nonpadding_sent
0000000007653309 circpad_cell_event_nonpadding_received
0000000007731270 circpad_cell_event_nonpadding_received
0000000007731315 circpad_cell_event_nonpadding_sent
0000000007731340 circpad_cell_event_nonpadding_received
0000000007731644 circpad_cell_event_nonpadding_sent
0000000007731795 circpad_cell_event_nonpadding_sent
0000000007731859 circpad_cell_event_nonpadding_sent
0000000007731873 circpad_cell_event_nonpadding_sent
0000000008067338 circpad_cell_event_nonpadding_received
0000000008067387 circpad_cell_event_nonpadding_received
0000000008067396 circpad_cell_event_nonpadding_received
0000000008067404 circpad_cell_event_nonpadding_received
0000000008067410 circpad_cell_event_nonpadding_received
0000000008067417 circpad_cell_event_nonpadding_received
0000000008067425 circpad_cell_event_nonpadding_received
0000000008088639 circpad_cell_event_nonpadding_received
0000000008088711 circpad_cell_event_nonpadding_received
0000000008088725 circpad_cell_event_nonpadding_received
0000000008088736 circpad_cell_event_nonpadding_received
0000000008088746 circpad_cell_event_nonpadding_received
0000000008088756 circpad_cell_event_nonpadding_received
0000000008088766 circpad_cell_event_nonpadding_received
0000000008088813 circpad_cell_event_nonpadding_received
0000000008088878 circpad_cell_event_nonpadding_received
0000000008088896 circpad_cell_event_nonpadding_received
0000000008088906 circpad_cell_event_nonpadding_received
0000000008088916 circpad_cell_event_nonpadding_received
0000000008088924 circpad_cell_event_nonpadding_sent
0000000008088945 circpad_cell_event_nonpadding_received
0000000008088958 circpad_cell_event_nonpadding_received
0000000008088968 circpad_cell_event_nonpadding_received
0000000008106167 circpad_cell_event_nonpadding_received
0000000008106204 circpad_cell_event_nonpadding_received
0000000008106210 circpad_cell_event_nonpadding_received
0000000008106216 circpad_cell_event_nonpadding_received
0000000008106221 circpad_cell_event_nonpadding_received
0000000008106227 circpad_cell_event_nonpadding_received
0000000008128625 circpad_cell_event_nonpadding_received
0000000008128661 circpad_cell_event_nonpadding_received
0000000008128682 circpad_cell_event_nonpadding_received
0000000008128691 circpad_cell_event_nonpadding_received
0000000008128698 circpad_cell_event_nonpadding_received
0000000008128704 circpad_cell_event_nonpadding_received
0000000008128711 circpad_cell_event_nonpadding_received
0000000008128718 circpad_cell_event_nonpadding_received
0000000008128734 circpad_cell_event_nonpadding_received
0000000008128974 circpad_cell_event_nonpadding_received
0000000008128998 circpad_cell_event_nonpadding_received
0000000008129006 circpad_cell_event_nonpadding_received
0000000008129013 circpad_cell_event_nonpadding_received
0000000008129020 circpad_cell_event_nonpadding_received
0000000008129026 circpad_cell_event_nonpadding_received
0000000008129040 circpad_cell_event_nonpadding_received
0000000008129048 circpad_cell_event_nonpadding_received
0000000008146652 circpad_cell_event_nonpadding_received
0000000008146676 circpad_cell_event_nonpadding_received
0000000008146683 circpad_cell_event_nonpadding_received
0000000008146690 circpad_cell_event_nonpadding_received
0000000008146696 circpad_cell_event_nonpadding_received
0000000008146703 circpad_cell_event_nonpadding_received
0000000008146710 circpad_cell_event_nonpadding_received
0000000008165207 circpad_cell_event_nonpadding_received
0000000008165251 circpad_cell_event_nonpadding_received
0000000008232773 circpad_cell_event_nonpadding_received
0000000008232823 circpad_cell_event_nonpadding_received
0000000008232833 circpad_cell_event_nonpadding_received
0000000008232841 circpad_cell_event_nonpadding_received
0000000008232848 circpad_cell_event_nonpadding_received
0000000008232855 circpad_cell_event_nonpadding_received
0000000008232863 circpad_cell_event_nonpadding_received
0000000008232887 circpad_cell_event_nonpadding_received
0000000008232896 circpad_cell_event_nonpadding_received
0000000008232903 circpad_cell_event_nonpadding_received
0000000008232911 circpad_cell_event_nonpadding_received
0000000008232918 circpad_cell_event_nonpadding_received
0000000008232925 circpad_cell_event_nonpadding_received
0000000008232933 circpad_cell_event_nonpadding_received
0000000008232981 circpad_cell_event_nonpadding_received
0000000008233017 circpad_cell_event_nonpadding_sent
0000000008233050 circpad_cell_event_nonpadding_received
0000000008233059 circpad_cell_event_nonpadding_received
0000000008233066 circpad_cell_event_nonpadding_received
0000000008233084 circpad_cell_event_nonpadding_received
0000000008233147 circpad_cell_event_nonpadding_received
0000000008233161 circpad_cell_event_nonpadding_received
0000000008233167 circpad_cell_event_nonpadding_received
0000000008233173 circpad_cell_event_nonpadding_received
0000000008233181 circpad_cell_event_nonpadding_received
0000000008233187 circpad_cell_event_nonpadding_received
0000000008233193 circpad_cell_event_nonpadding_received
0000000008245766 circpad_cell_event_nonpadding_received
0000000008245802 circpad_cell_event_nonpadding_received
0000000008245824 circpad_cell_event_nonpadding_received
0000000008245832 circpad_cell_event_nonpadding_received
0000000008245839 circpad_cell_event_nonpadding_received
0000000008245845 circpad_cell_event_nonpadding_received
0000000008245852 circpad_cell_event_nonpadding_received
0000000008245858 circpad_cell_event_nonpadding_received
0000000008245865 circpad_cell_event_nonpadding_received
0000000008245972 circpad_cell_event_nonpadding_received
0000000008245986 circpad_cell_event_nonpadding_received
0000000008245993 circpad_cell_event_nonpadding_received
0000000008246000 circpad_cell_event_nonpadding_received
0000000008246006 circpad_cell_event_nonpadding_received
0000000008277687 circpad_cell_event_nonpadding_received
0000000008277734 circpad_cell_event_nonpadding_received
0000000008277743 circpad_cell_event_nonpadding_received
0000000008277750 circpad_cell_event_nonpadding_received
0000000008277756 circpad_cell_event_nonpadding_received
0000000008277765 circpad_cell_event_nonpadding_sent
0000000008277782 circpad_cell_event_nonpadding_received
0000000008277788 circpad_cell_event_nonpadding_received
0000000008277854 circpad_cell_event_nonpadding_received
0000000008282581 circpad_cell_event_nonpadding_received
0000000008282600 circpad_cell_event_nonpadding_received
0000000008282607 circpad_cell_event_nonpadding_received
0000000008282613 circpad_cell_event_nonpadding_received
0000000008282620 circpad_cell_event_nonpadding_received
0000000008282626 circpad_cell_event_nonpadding_received
0000000008293253 circpad_cell_event_nonpadding_sent
0000000008293359 circpad_cell_event_nonpadding_sent
0000000008496017 circpad_cell_event_nonpadding_received
0000000008496060 circpad_cell_event_nonpadding_received
0000000008496068 circpad_cell_event_nonpadding_received
0000000008496075 circpad_cell_event_nonpadding_received
0000000008496081 circpad_cell_event_nonpadding_received
0000000008496088 circpad_cell_event_nonpadding_received
0000000008496095 circpad_cell_event_nonpadding_received
0000000008547621 circpad_cell_event_nonpadding_received
0000000008547660 circpad_cell_event_nonpadding_received
0000000008547668 circpad_cell_event_nonpadding_received
