0000000000000000 circpad_machine_event_circ_added_hop
0000000000098615 circpad_cell_event_nonpadding_sent
0000000108161816 circpad_cell_event_nonpadding_received
0000000108620787 circpad_machine_event_circ_added_hop
0000000108704393 circpad_cell_event_nonpadding_sent
0000000302742764 circpad_cell_event_nonpadding_received
0000000303446012 circpad_machine_event_circ_added_hop
0000000303456211 circpad_machine_event_circ_built
0000003268892010 circpad_machine_event_circ_has_streams
0000003268909763 connection_ap_handshake_send_begin google.com
0000003268919130 circpad_cell_event_nonpadding_sent
0000003511415993 circpad_cell_event_nonpadding_received
0000003513646072 circpad_cell_event_nonpadding_sent
0000003513682971 circpad_cell_event_nonpadding_sent
0000003718344310 circpad_cell_event_nonpadding_received
0000003718422997 circpad_cell_event_nonpadding_received
0000003718443616 circpad_cell_event_nonpadding_received
0000003718460758 circpad_cell_event_nonpadding_received
0000003718475996 circpad_cell_event_nonpadding_received
0000003718490373 circpad_cell_event_nonpadding_received
0000003718508077 circpad_cell_event_nonpadding_received
0000003902233150 circpad_cell_event_nonpadding_received
0000003905768084 circpad_cell_event_nonpadding_sent
0000003907014060 connection_ap_handshake_send_begin ocsp.pki.goog
0000003907023407 circpad_cell_event_nonpadding_sent
0000004100622314 circpad_cell_event_nonpadding_received
0000004227447496 circpad_cell_event_nonpadding_received
0000004420668505 circpad_cell_event_nonpadding_received
0000004421069577 circpad_cell_event_nonpadding_sent
0000004421089524 circpad_machine_event_circ_has_no_relay_early
0000004705514441 circpad_cell_event_nonpadding_received
0000004705577208 circpad_cell_event_nonpadding_received
0000004707679288 circpad_cell_event_nonpadding_sent
0000004707821034 circpad_cell_event_nonpadding_sent
0000004905020157 circpad_cell_event_nonpadding_received
0000004996332918 circpad_cell_event_nonpadding_received
0000004996382691 circpad_cell_event_nonpadding_received
0000004996395315 circpad_cell_event_nonpadding_received
0000004996818268 circpad_cell_event_nonpadding_sent
0000005021440901 connection_ap_handshake_send_begin www.google.com
0000005021447794 circpad_cell_event_nonpadding_sent
0000005300920009 circpad_cell_event_nonpadding_received
0000005303019494 circpad_cell_event_nonpadding_sent
0000005303094184 circpad_cell_event_nonpadding_sent
0000005512680571 circpad_cell_event_nonpadding_received
0000005512736035 circpad_cell_event_nonpadding_received
0000005512756313 circpad_cell_event_nonpadding_received
0000005512767354 circpad_cell_event_nonpadding_received
0000005512778084 circpad_cell_event_nonpadding_received
0000005512789365 circpad_cell_event_nonpadding_received
0000005516389512 circpad_cell_event_nonpadding_sent
0000005516929033 circpad_cell_event_nonpadding_sent
0000005706766772 circpad_cell_event_nonpadding_received
0000005898528446 circpad_cell_event_nonpadding_received
0000005898576836 circpad_cell_event_nonpadding_received
0000005914950982 circpad_cell_event_nonpadding_sent
0000006106255138 circpad_cell_event_nonpadding_received
0000006106329257 circpad_cell_event_nonpadding_received
0000006106585557 circpad_cell_event_nonpadding_sent
0000006302172530 circpad_cell_event_nonpadding_received
0000006302234126 circpad_cell_event_nonpadding_received
0000006302248222 circpad_cell_event_nonpadding_received
0000006302275613 circpad_cell_event_nonpadding_received
0000006302295922 circpad_cell_event_nonpadding_received
0000006302306471 circpad_cell_event_nonpadding_received
0000006302316360 circpad_cell_event_nonpadding_received
0000006302351836 circpad_cell_event_nonpadding_received
0000006302364119 circpad_cell_event_nonpadding_received
0000006302374849 circpad_cell_event_nonpadding_received
0000006302384718 circpad_cell_event_nonpadding_received
0000006302394466 circpad_cell_event_nonpadding_received
0000006302404064 circpad_cell_event_nonpadding_received
0000006302413672 circpad_cell_event_nonpadding_received
0000006302423250 circpad_cell_event_nonpadding_received
0000006339322170 circpad_cell_event_nonpadding_received
0000006339374648 circpad_cell_event_nonpadding_received
0000006339385007 circpad_cell_event_nonpadding_received
0000006339391540 circpad_cell_event_nonpadding_received
0000006339397311 circpad_cell_event_nonpadding_received
0000006339402781 circpad_cell_event_nonpadding_received
0000006339409373 circpad_cell_event_nonpadding_received
0000006343077767 circpad_cell_event_nonpadding_received
0000006343119415 circpad_cell_event_nonpadding_received
0000006343128232 circpad_cell_event_nonpadding_received
0000006343135065 circpad_cell_event_nonpadding_received
0000006343141948 circpad_cell_event_nonpadding_received
0000006343155693 circpad_cell_event_nonpadding_received
0000006343161885 circpad_cell_event_nonpadding_received
0000006343189196 circpad_cell_event_nonpadding_received
0000006343199235 circpad_cell_event_nonpadding_received
0000006343206789 circpad_cell_event_nonpadding_received
0000006343213632 circpad_cell_event_nonpadding_received
0000006343219974 circpad_cell_event_nonpadding_received
0000006343226266 circpad_cell_event_nonpadding_received
0000006343232467 circpad_cell_event_nonpadding_received
0000006343238529 circpad_cell_event_nonpadding_received
0000006343269196 circpad_cell_event_nonpadding_received
0000006343280177 circpad_cell_event_nonpadding_received
0000006343286248 circpad_cell_event_nonpadding_received
0000006400692538 circpad_cell_event_nonpadding_received
0000006400732714 circpad_cell_event_nonpadding_sent
0000006400760706 circpad_cell_event_nonpadding_received
0000006400766898 circpad_cell_event_nonpadding_received
0000006400772098 circpad_cell_event_nonpadding_received
0000006400777077 circpad_cell_event_nonpadding_received
0000006400781796 circpad_cell_event_nonpadding_received
0000006400794389 circpad_cell_event_nonpadding_received
0000006401581865 circpad_cell_event_nonpadding_received
0000006401620638 circpad_cell_event_nonpadding_received
0000006401626849 circpad_cell_event_nonpadding_received
0000006401631668 circpad_cell_event_nonpadding_received
0000006401636357 circpad_cell_event_nonpadding_received
0000006401641136 circpad_cell_event_nonpadding_received
0000006401645925 circpad_cell_event_nonpadding_received
0000006401650634 circpad_cell_event_nonpadding_received
0000006401666263 circpad_cell_event_nonpadding_received
0000006401678676 circpad_cell_event_nonpadding_received
0000006401683696 circpad_cell_event_nonpadding_received
0000006401688465 circpad_cell_event_nonpadding_received
0000006401693414 circpad_cell_event_nonpadding_received
0000006401728299 circpad_cell_event_nonpadding_received
0000006401737867 circpad_cell_event_nonpadding_received
0000006401742797 circpad_cell_event_nonpadding_received
0000006401747515 circpad_cell_event_nonpadding_received
0000006401752214 circpad_cell_event_nonpadding_received
0000006401756933 circpad_cell_event_nonpadding_received
0000006401761552 circpad_cell_event_nonpadding_received
0000006401774756 circpad_cell_event_nonpadding_received
0000006401780527 circpad_cell_event_nonpadding_received
0000006401785637 circpad_cell_event_nonpadding_received
0000006401790416 circpad_cell_event_nonpadding_received
0000006401795084 circpad_cell_event_nonpadding_received
0000006401799823 circpad_cell_event_nonpadding_received
0000006401805213 circpad_cell_event_nonpadding_sent
0000006401814050 circpad_cell_event_nonpadding_received
0000006401818999 circpad_cell_event_nonpadding_received
0000006422141254 circpad_cell_event_nonpadding_sent
0000006423940335 connection_ap_handshake_send_begin ssl.gstatic.com
0000006423955734 circpad_cell_event_nonpadding_sent
0000006436341635 circpad_cell_event_nonpadding_sent
0000006439996755 circpad_cell_event_nonpadding_sent
0000006440884609 circpad_cell_event_nonpadding_received
0000006440899707 circpad_cell_event_nonpadding_received
0000006440905959 circpad_cell_event_nonpadding_received
0000006499515855 circpad_cell_event_nonpadding_received
0000006499571028 circpad_cell_event_nonpadding_received
0000006499582921 circpad_cell_event_nonpadding_received
0000006499593009 circpad_cell_event_nonpadding_received
0000006499602748 circpad_cell_event_nonpadding_received
0000006499612386 circpad_cell_event_nonpadding_received
0000006499622204 circpad_cell_event_nonpadding_received
0000006502456395 circpad_cell_event_nonpadding_received
0000006502490519 circpad_cell_event_nonpadding_received
0000006502502411 circpad_cell_event_nonpadding_received
0000006502512560 circpad_cell_event_nonpadding_received
0000006502522319 circpad_cell_event_nonpadding_received
0000006502532117 circpad_cell_event_nonpadding_received
0000006502541054 circpad_cell_event_nonpadding_sent
0000006502562855 circpad_cell_event_nonpadding_received
0000006502573084 circpad_cell_event_nonpadding_received
0000006502649327 circpad_cell_event_nonpadding_received
0000006502666319 circpad_cell_event_nonpadding_received
0000006502676748 circpad_cell_event_nonpadding_received
0000006502686486 circpad_cell_event_nonpadding_received
0000006502696195 circpad_cell_event_nonpadding_received
0000006502705742 circpad_cell_event_nonpadding_received
0000006502715370 circpad_cell_event_nonpadding_received
0000006502724828 circpad_cell_event_nonpadding_received
0000006502783869 circpad_cell_event_nonpadding_received
0000006502806581 circpad_cell_event_nonpadding_received
0000006502820608 circpad_cell_event_nonpadding_received
0000006502833722 circpad_cell_event_nonpadding_received
0000006502846717 circpad_cell_event_nonpadding_received
0000006502860823 circpad_cell_event_nonpadding_received
0000006502875180 circpad_cell_event_nonpadding_received
0000006502954829 circpad_cell_event_nonpadding_received
0000006502978784 circpad_cell_event_nonpadding_received
0000006502992630 circpad_cell_event_nonpadding_received
0000006503006266 circpad_cell_event_nonpadding_received
0000006503019981 circpad_cell_event_nonpadding_received
0000006503033707 circpad_cell_event_nonpadding_received
0000006503047333 circpad_cell_event_nonpadding_received
0000006503120319 circpad_cell_event_nonpadding_received
0000006503141309 circpad_cell_event_nonpadding_received
0000006503151388 circpad_cell_event_nonpadding_received
0000006503160895 circpad_cell_event_nonpadding_received
0000006503170463 circpad_cell_event_nonpadding_received
0000006503180061 circpad_cell_event_nonpadding_received
0000006503189569 circpad_cell_event_nonpadding_received
0000006503199037 circpad_cell_event_nonpadding_received
0000006539623467 circpad_cell_event_nonpadding_received
0000006539683699 circpad_cell_event_nonpadding_received
0000006539695421 circpad_cell_event_nonpadding_received
0000006539704468 circpad_cell_event_nonpadding_received
0000006539713465 circpad_cell_event_nonpadding_received
0000006539722151 circpad_cell_event_nonpadding_received
0000006539730838 circpad_cell_event_nonpadding_received
0000006539740386 circpad_cell_event_nonpadding_received
0000006540075554 circpad_cell_event_nonpadding_sent
0000006568331586 circpad_cell_event_nonpadding_sent
0000006697253939 circpad_cell_event_nonpadding_received
0000006697313420 circpad_cell_event_nonpadding_received
0000006697326645 circpad_cell_event_nonpadding_received
0000006697337235 circpad_cell_event_nonpadding_received
0000006697347304 circpad_cell_event_nonpadding_received
0000006697357092 circpad_cell_event_nonpadding_received
0000006697366800 circpad_cell_event_nonpadding_received
0000006697400594 circpad_cell_event_nonpadding_received
0000006697412957 circpad_cell_event_nonpadding_received
0000006697423256 circpad_cell_event_nonpadding_received
0000006697431982 circpad_cell_event_nonpadding_sent
0000006697452882 circpad_cell_event_nonpadding_received
0000006697463121 circpad_cell_event_nonpadding_received
0000006697472639 circpad_cell_event_nonpadding_received
0000006697497966 circpad_cell_event_nonpadding_received
0000006697508055 circpad_cell_event_nonpadding_received
0000006697614214 circpad_cell_event_nonpadding_received
0000006700493279 circpad_cell_event_nonpadding_received
0000006700532623 circpad_cell_event_nonpadding_received
0000006700544766 circpad_cell_event_nonpadding_received
0000006700555296 circpad_cell_event_nonpadding_received
0000006700565344 circpad_cell_event_nonpadding_received
0000006700575163 circpad_cell_event_nonpadding_received
0000006700584741 circpad_cell_event_nonpadding_received
0000006700617382 circpad_cell_event_nonpadding_received
0000006700629835 circpad_cell_event_nonpadding_received
0000006700640075 circpad_cell_event_nonpadding_received
0000006700649863 circpad_cell_event_nonpadding_received
0000006700659551 circpad_cell_event_nonpadding_received
0000006700669089 circpad_cell_event_nonpadding_received
0000006700678637 circpad_cell_event_nonpadding_received
0000006700688064 circpad_cell_event_nonpadding_received
0000006701558756 circpad_cell_event_nonpadding_received
0000006701589744 circpad_cell_event_nonpadding_received
0000006701601496 circpad_cell_event_nonpadding_received
0000006701611815 circpad_cell_event_nonpadding_received
0000006701621744 circpad_cell_event_nonpadding_received
0000006701631713 circpad_cell_event_nonpadding_received
0000006701641431 circpad_cell_event_nonpadding_received
0000006701651189 circpad_cell_event_nonpadding_received
0000006701688790 circpad_cell_event_nonpadding_received
0000006701702966 circpad_cell_event_nonpadding_received
0000006701713105 circpad_cell_event_nonpadding_received
0000006701723895 circpad_cell_event_nonpadding_sent
0000006701744504 circpad_cell_event_nonpadding_received
0000006701754823 circpad_cell_event_nonpadding_received
0000006701764632 circpad_cell_event_nonpadding_received
0000006701774210 circpad_cell_event_nonpadding_received
0000006701783748 circpad_cell_event_nonpadding_received
0000006701818052 circpad_cell_event_nonpadding_received
0000006701847888 circpad_cell_event_nonpadding_received
0000006701859720 circpad_cell_event_nonpadding_received
0000006701869358 circpad_cell_event_nonpadding_received
0000006701892752 circpad_cell_event_nonpadding_received
0000006701903071 circpad_cell_event_nonpadding_received
0000006701912759 circpad_cell_event_nonpadding_received
0000006701922438 circpad_cell_event_nonpadding_received
0000006701995755 circpad_cell_event_nonpadding_received
0000006702012897 circpad_cell_event_nonpadding_received
0000006702022936 circpad_cell_event_nonpadding_received
0000006702032624 circpad_cell_event_nonpadding_received
0000006702042112 circpad_cell_event_nonpadding_received
0000006702049365 circpad_cell_event_nonpadding_sent
0000006702062780 circpad_cell_event_nonpadding_received
0000006702072759 circpad_cell_event_nonpadding_received
0000006702082427 circpad_cell_event_nonpadding_received
0000006702118625 circpad_cell_event_nonpadding_received
0000006702132271 circpad_cell_event_nonpadding_received
0000006702142139 circpad_cell_event_nonpadding_received
0000006702151817 circpad_cell_event_nonpadding_received
0000006702161455 circpad_cell_event_nonpadding_received
0000006702171003 circpad_cell_event_nonpadding_received
0000006702180531 circpad_cell_event_nonpadding_received
0000006702189999 circpad_cell_event_nonpadding_received
0000006708607505 circpad_cell_event_nonpadding_received
0000006708643573 circpad_cell_event_nonpadding_received
0000006708655616 circpad_cell_event_nonpadding_received
0000006708665905 circpad_cell_event_nonpadding_received
0000006708675673 circpad_cell_event_nonpadding_received
0000006708685411 circpad_cell_event_nonpadding_received
0000006708695180 circpad_cell_event_nonpadding_received
0000006708704718 circpad_cell_event_nonpadding_received
0000006708743691 circpad_cell_event_nonpadding_received
0000006708806198 circpad_cell_event_nonpadding_received
0000006708824452 circpad_cell_event_nonpadding_received
0000006708834842 circpad_cell_event_nonpadding_received
0000006708844540 circpad_cell_event_nonpadding_received
0000006708854288 circpad_cell_event_nonpadding_received
0000006708864136 circpad_cell_event_nonpadding_received
0000006708891197 circpad_cell_event_nonpadding_received
0000006708903029 circpad_cell_event_nonpadding_received
0000006708912707 circpad_cell_event_nonpadding_received
0000006708935430 circpad_cell_event_nonpadding_received
0000006708945629 circpad_cell_event_nonpadding_received
0000006708955357 circpad_cell_event_nonpadding_received
0000006708964925 circpad_cell_event_nonpadding_received
0000006708974503 circpad_cell_event_nonpadding_received
0000006709008757 circpad_cell_event_nonpadding_received
0000006709022774 circpad_cell_event_nonpadding_received
0000006709032492 circpad_cell_event_nonpadding_received
0000006709042100 circpad_cell_event_nonpadding_received
0000006709051698 circpad_cell_event_nonpadding_received
0000006709061256 circpad_cell_event_nonpadding_received
0000006709070824 circpad_cell_event_nonpadding_received
0000006709080432 circpad_cell_event_nonpadding_received
0000006709106400 circpad_cell_event_nonpadding_received
0000006709118834 circpad_cell_event_nonpadding_received
0000006709128853 circpad_cell_event_nonpadding_received
0000006709138621 circpad_cell_event_nonpadding_received
0000006709148169 circpad_cell_event_nonpadding_received
0000006709157717 circpad_cell_event_nonpadding_received
0000006709167264 circpad_cell_event_nonpadding_received
0000006709176722 circpad_cell_event_nonpadding_received
0000006709197561 circpad_cell_event_nonpadding_sent
0000006737808508 circpad_cell_event_nonpadding_received
0000006737862540 circpad_cell_event_nonpadding_received
0000006737898517 circpad_cell_event_nonpadding_received
0000006737940225 circpad_cell_event_nonpadding_received
0000006737952218 circpad_cell_event_nonpadding_received
0000006737962136 circpad_cell_event_nonpadding_received
0000006737972205 circpad_cell_event_nonpadding_received
0000006737981903 circpad_cell_event_nonpadding_received
0000006738030364 circpad_cell_event_nonpadding_received
0000006738044591 circpad_cell_event_nonpadding_received
0000006738054489 circpad_cell_event_nonpadding_received
0000006738064488 circpad_cell_event_nonpadding_received
0000006738074046 circpad_cell_event_nonpadding_received
0000006738083704 circpad_cell_event_nonpadding_received
0000006738093402 circpad_cell_event_nonpadding_received
0000006738103111 circpad_cell_event_nonpadding_received
0000006738179914 circpad_cell_event_nonpadding_received
0000006738215120 circpad_cell_event_nonpadding_received
0000006738225740 circpad_cell_event_nonpadding_received
0000006738235348 circpad_cell_event_nonpadding_received
0000006738244996 circpad_cell_event_nonpadding_received
0000006738254524 circpad_cell_event_nonpadding_received
0000006738264182 circpad_cell_event_nonpadding_received
0000006738273600 circpad_cell_event_nonpadding_received
0000006738308305 circpad_cell_event_nonpadding_received
0000006738322301 circpad_cell_event_nonpadding_received
0000006738332260 circpad_cell_event_nonpadding_received
0000006738342088 circpad_cell_event_nonpadding_received
0000006738351807 circpad_cell_event_nonpadding_received
0000006738361384 circpad_cell_event_nonpadding_received
0000006738370882 circpad_cell_event_nonpadding_received
0000006738380400 circpad_cell_event_nonpadding_received
0000006738403744 circpad_cell_event_nonpadding_received
0000006738416147 circpad_cell_event_nonpadding_sent
0000006738438279 circpad_cell_event_nonpadding_received
0000006738506256 circpad_cell_event_nonpadding_received
0000006738523929 circpad_cell_event_nonpadding_received
0000006738534118 circpad_cell_event_nonpadding_received
0000006738543806 circpad_cell_event_nonpadding_received
0000006738553515 circpad_cell_event_nonpadding_received
0000006739489749 circpad_cell_event_nonpadding_sent
0000006739531667 circpad_cell_event_nonpadding_sent
0000006741438902 circpad_cell_event_nonpadding_received
0000006741483044 circpad_cell_event_nonpadding_received
0000006741498523 circpad_cell_event_nonpadding_received
0000006741513031 circpad_cell_event_nonpadding_received
0000006741527017 circpad_cell_event_nonpadding_received
0000006741540923 circpad_cell_event_nonpadding_received
0000006741553987 circpad_cell_event_nonpadding_received
0000006741568024 circpad_cell_event_nonpadding_received
0000006741629840 circpad_cell_event_nonpadding_received
0000006741654997 circpad_cell_event_nonpadding_received
0000006741671948 circpad_cell_event_nonpadding_received
0000006741686896 circpad_cell_event_nonpadding_received
0000006741700201 circpad_cell_event_nonpadding_received
0000006741714067 circpad_cell_event_nonpadding_received
0000006741745045 circpad_cell_event_nonpadding_received
0000006741760294 circpad_cell_event_nonpadding_received
0000006741825105 circpad_cell_event_nonpadding_sent
0000006741895397 circpad_cell_event_nonpadding_received
0000006741921586 circpad_cell_event_nonpadding_received
0000006741937987 circpad_cell_event_nonpadding_received
0000006741951903 circpad_cell_event_nonpadding_received
0000006741966681 circpad_cell_event_nonpadding_received
0000006741982020 circpad_cell_event_nonpadding_received
0000006741995525 circpad_cell_event_nonpadding_received
0000006742005524 circpad_cell_event_nonpadding_received
0000006742035890 circpad_cell_event_nonpadding_received
0000006742048694 circpad_cell_event_nonpadding_received
0000006742059164 circpad_cell_event_nonpadding_received
0000006742092957 circpad_cell_event_nonpadding_received
0000006742106934 circpad_cell_event_nonpadding_received
0000006742116822 circpad_cell_event_nonpadding_received
0000006742126540 circpad_cell_event_nonpadding_received
0000006742136229 circpad_cell_event_nonpadding_received
0000006747092787 circpad_cell_event_nonpadding_received
0000006747127352 circpad_cell_event_nonpadding_received
0000006747139465 circpad_cell_event_nonpadding_received
0000006747152169 circpad_cell_event_nonpadding_received
0000006747165564 circpad_cell_event_nonpadding_received
0000006747175412 circpad_cell_event_nonpadding_received
0000006747185221 circpad_cell_event_nonpadding_received
0000006747195019 circpad_cell_event_nonpadding_received
0000006747234713 circpad_cell_event_nonpadding_received
0000006747249130 circpad_cell_event_nonpadding_received
0000006747259029 circpad_cell_event_nonpadding_received
0000006747268687 circpad_cell_event_nonpadding_received
0000006747278185 circpad_cell_event_nonpadding_received
0000006747287883 circpad_cell_event_nonpadding_received
0000006747297341 circpad_cell_event_nonpadding_received
0000006747306929 circpad_cell_event_nonpadding_received
0000006747343137 circpad_cell_event_nonpadding_received
0000006747357043 circpad_cell_event_nonpadding_received
0000006747367092 circpad_cell_event_nonpadding_received
0000006747377942 circpad_cell_event_nonpadding_received
0000006747404902 circpad_cell_event_nonpadding_received
0000006747415773 circpad_cell_event_nonpadding_received
0000006747425691 circpad_cell_event_nonpadding_received
0000006747435319 circpad_cell_event_nonpadding_received
0000006747461999 circpad_cell_event_nonpadding_received
0000006747476457 circpad_cell_event_nonpadding_received
0000006747494450 circpad_cell_event_nonpadding_received
0000006747555084 circpad_cell_event_nonpadding_received
0000006747573388 circpad_cell_event_nonpadding_received
0000006747583828 circpad_cell_event_nonpadding_received
0000006747591883 circpad_cell_event_nonpadding_sent
0000006747608434 circpad_cell_event_nonpadding_received
0000006747637558 circpad_cell_event_nonpadding_received
0000006747649591 circpad_cell_event_nonpadding_received
0000006747659079 circpad_cell_event_nonpadding_received
0000006747668867 circpad_cell_event_nonpadding_received
0000006747678605 circpad_cell_event_nonpadding_received
0000006747688724 circpad_cell_event_nonpadding_received
0000006747698423 circpad_cell_event_nonpadding_received
0000006747710665 circpad_cell_event_nonpadding_received
0000006747748096 circpad_cell_event_nonpadding_received
0000006747769396 circpad_cell_event_nonpadding_received
0000006747786588 circpad_cell_event_nonpadding_received
0000006747851700 circpad_cell_event_nonpadding_received
0000006747902285 circpad_cell_event_nonpadding_received
0000006747914297 circpad_cell_event_nonpadding_received
0000006747924055 circpad_cell_event_nonpadding_received
0000006747933854 circpad_cell_event_nonpadding_received
0000006747943472 circpad_cell_event_nonpadding_received
0000006747954122 circpad_cell_event_nonpadding_received
0000006748032398 circpad_cell_event_nonpadding_received
0000006748052005 circpad_cell_event_nonpadding_received
0000006748062455 circpad_cell_event_nonpadding_received
0000006748075760 circpad_cell_event_nonpadding_received
0000006748090016 circpad_cell_event_nonpadding_received
0000006748132917 circpad_cell_event_nonpadding_received
0000006748151502 circpad_cell_event_nonpadding_received
0000006748165297 circpad_cell_event_nonpadding_received
0000006748181267 circpad_cell_event_nonpadding_received
0000006748209731 circpad_cell_event_nonpadding_received
0000006748224829 circpad_cell_event_nonpadding_received
0000006748238805 circpad_cell_event_nonpadding_received
0000006748292265 circpad_cell_event_nonpadding_received
0000006748312293 circpad_cell_event_nonpadding_sent
0000006748335306 circpad_cell_event_nonpadding_received
0000006748350494 circpad_cell_event_nonpadding_received
0000006748364942 circpad_cell_event_nonpadding_received
0000006748382765 circpad_cell_event_nonpadding_received
0000006748397112 circpad_cell_event_nonpadding_received
0000006748411489 circpad_cell_event_nonpadding_received
0000006748425765 circpad_cell_event_nonpadding_received
0000006748472152 circpad_cell_event_nonpadding_received
0000006748492150 circpad_cell_event_nonpadding_received
0000006748507819 circpad_cell_event_nonpadding_received
0000006748524090 circpad_cell_event_nonpadding_received
0000006748540270 circpad_cell_event_nonpadding_received
0000006748555539 circpad_cell_event_nonpadding_received
0000006748569866 circpad_cell_event_nonpadding_received
0000006748584834 circpad_cell_event_nonpadding_received
0000006749278554 circpad_cell_event_nonpadding_received
0000006749310243 circpad_cell_event_nonpadding_received
0000006749325902 circpad_cell_event_nonpadding_received
0000006749336903 circpad_cell_event_nonpadding_sent
0000006749356700 circpad_cell_event_nonpadding_received
0000006749372660 circpad_cell_event_nonpadding_received
0000006749387287 circpad_cell_event_nonpadding_received
0000006749401825 circpad_cell_event_nonpadding_received
0000006749416081 circpad_cell_event_nonpadding_received
0000006749463059 circpad_cell_event_nonpadding_received
0000006749519555 circpad_cell_event_nonpadding_received
0000006749543280 circpad_cell_event_nonpadding_received
0000006749557917 circpad_cell_event_nonpadding_received
0000006749567765 circpad_cell_event_nonpadding_received
0000006749577494 circpad_cell_event_nonpadding_received
0000006749587262 circpad_cell_event_nonpadding_received
0000006749597181 circpad_cell_event_nonpadding_received
0000006750416636 circpad_cell_event_nonpadding_received
0000006750442364 circpad_cell_event_nonpadding_received
0000006750463574 circpad_cell_event_nonpadding_received
0000006750473974 circpad_cell_event_nonpadding_received
0000006750483592 circpad_cell_event_nonpadding_received
0000006750493360 circpad_cell_event_nonpadding_received
0000006750502978 circpad_cell_event_nonpadding_received
0000006750512596 circpad_cell_event_nonpadding_received
0000006753238494 circpad_cell_event_nonpadding_received
0000006753348460 circpad_cell_event_nonpadding_received
0000006753365472 circpad_cell_event_nonpadding_received
0000006753377084 circpad_cell_event_nonpadding_received
0000006754089028 circpad_cell_event_nonpadding_received
0000006754123553 circpad_cell_event_nonpadding_received
0000006754143831 circpad_cell_event_nonpadding_received
0000006754163949 circpad_cell_event_nonpadding_received
0000006754180319 circpad_cell_event_nonpadding_received
0000006754195227 circpad_cell_event_nonpadding_received
0000006754210235 circpad_cell_event_nonpadding_received
0000006754258596 circpad_cell_event_nonpadding_received
0000006754279225 circpad_cell_event_nonpadding_received
0000006754295786 circpad_cell_event_nonpadding_received
0000006754311365 circpad_cell_event_nonpadding_received
0000006754326173 circpad_cell_event_nonpadding_received
0000006754340650 circpad_cell_event_nonpadding_received
0000006754354406 circpad_cell_event_nonpadding_received
0000006754367600 circpad_cell_event_nonpadding_received
0000006754464071 circpad_cell_event_nonpadding_received
0000006754489849 circpad_cell_event_nonpadding_received
0000006754505719 circpad_cell_event_nonpadding_received
0000006754520487 circpad_cell_event_nonpadding_received
0000006754535264 circpad_cell_event_nonpadding_received
0000006754549381 circpad_cell_event_nonpadding_received
0000006754564750 circpad_cell_event_nonpadding_received
0000006754583315 circpad_cell_event_nonpadding_received
0000006754634490 circpad_cell_event_nonpadding_received
0000006754656692 circpad_cell_event_nonpadding_received
0000006754669817 circpad_cell_event_nonpadding_sent
0000006754692569 circpad_cell_event_nonpadding_received
0000006754708199 circpad_cell_event_nonpadding_received
0000006754723547 circpad_cell_event_nonpadding_received
0000006754800371 circpad_cell_event_nonpadding_received
0000006754823855 circpad_cell_event_nonpadding_received
0000006754839234 circpad_cell_event_nonpadding_received
0000006754853381 circpad_cell_event_nonpadding_received
0000006754867066 circpad_cell_event_nonpadding_received
0000006754880762 circpad_cell_event_nonpadding_received
0000006754895239 circpad_cell_event_nonpadding_received
0000006754937839 circpad_cell_event_nonpadding_received
0000006754956825 circpad_cell_event_nonpadding_received
0000006754972915 circpad_cell_event_nonpadding_received
0000006754987883 circpad_cell_event_nonpadding_received
0000006755002460 circpad_cell_event_nonpadding_received
0000006755017358 circpad_cell_event_nonpadding_received
0000006755031545 circpad_cell_event_nonpadding_received
0000006755045791 circpad_cell_event_nonpadding_received
0000006770478753 connection_ap_handshake_send_begin www.gstatic.com
0000006770489714 circpad_cell_event_nonpadding_sent
0000006778833780 circpad_cell_event_nonpadding_received
0000006778877703 circpad_cell_event_nonpadding_received
0000006778889465 circpad_cell_event_nonpadding_received
0000006778899513 circpad_cell_event_nonpadding_received
0000006778909172 circpad_cell_event_nonpadding_received
0000006778918739 circpad_cell_event_nonpadding_received
0000006778928367 circpad_cell_event_nonpadding_received
0000006778937845 circpad_cell_event_nonpadding_received
0000006778970336 circpad_cell_event_nonpadding_received
0000006778983130 circpad_cell_event_nonpadding_received
0000006778993109 circpad_cell_event_nonpadding_received
0000006779002937 circpad_cell_event_nonpadding_received
0000006779012495 circpad_cell_event_nonpadding_received
0000006779022133 circpad_cell_event_nonpadding_received
0000006779031681 circpad_cell_event_nonpadding_sent
0000006779071546 circpad_cell_event_nonpadding_received
0000006779082657 circpad_cell_event_nonpadding_received
0000006779121369 circpad_cell_event_nonpadding_received
0000006779150153 circpad_cell_event_nonpadding_received
0000006779161835 circpad_cell_event_nonpadding_received
0000006779171473 circpad_cell_event_nonpadding_received
0000006779181211 circpad_cell_event_nonpadding_received
0000006901673314 circpad_cell_event_nonpadding_received
0000006901719751 circpad_cell_event_nonpadding_received
0000006901727505 circpad_cell_event_nonpadding_received
0000006901733917 circpad_cell_event_nonpadding_received
0000006901739968 circpad_cell_event_nonpadding_received
0000006901746130 circpad_cell_event_nonpadding_received
0000006901752111 circpad_cell_event_nonpadding_received
0000006901774694 circpad_cell_event_nonpadding_received
0000006901782248 circpad_cell_event_nonpadding_received
0000006901788189 circpad_cell_event_nonpadding_received
0000006901794420 circpad_cell_event_nonpadding_received
0000006901800332 circpad_cell_event_nonpadding_sent
0000006901815149 circpad_cell_event_nonpadding_received
0000006901821181 circpad_cell_event_nonpadding_received
0000006901826971 circpad_cell_event_nonpadding_received
0000006901832903 circpad_cell_event_nonpadding_received
0000006942442525 circpad_cell_event_nonpadding_received
0000006942500795 circpad_cell_event_nonpadding_received
0000006942512937 circpad_cell_event_nonpadding_received
0000006942524369 circpad_cell_event_nonpadding_received
0000006942770450 circpad_cell_event_nonpadding_sent
0000006943738905 circpad_cell_event_nonpadding_sent
0000007023620815 circpad_cell_event_nonpadding_received
0000007025573224 circpad_cell_event_nonpadding_sent
0000007025613219 circpad_cell_event_nonpadding_sent
0000007105383499 circpad_cell_event_nonpadding_received
0000007105458339 circpad_cell_event_nonpadding_received
0000007105472516 circpad_cell_event_nonpadding_received
0000007105482725 circpad_cell_event_nonpadding_received
0000007105492664 circpad_cell_event_nonpadding_received
0000007105519915 circpad_cell_event_nonpadding_received
0000007105529984 circpad_cell_event_nonpadding_received
0000007188932962 circpad_cell_event_nonpadding_received
0000007192472585 circpad_cell_event_nonpadding_sent
0000007192873046 circpad_cell_event_nonpadding_sent
0000007193297742 circpad_cell_event_nonpadding_sent
0000007217503263 circpad_cell_event_nonpadding_received
0000007217572894 circpad_cell_event_nonpadding_received
0000007217588753 circpad_cell_event_nonpadding_received
0000007217601277 circpad_cell_event_nonpadding_received
0000007217615914 circpad_cell_event_nonpadding_received
0000007217630251 circpad_cell_event_nonpadding_received
0000007217645720 circpad_cell_event_nonpadding_received
0000007217696676 circpad_cell_event_nonpadding_received
0000007217716613 circpad_cell_event_nonpadding_received
0000007217726732 circpad_cell_event_nonpadding_received
0000007217737182 circpad_cell_event_nonpadding_received
0000007217750386 circpad_cell_event_nonpadding_received
0000007217826088 circpad_cell_event_nonpadding_received
0000007217848971 circpad_cell_event_nonpadding_received
0000007217863188 circpad_cell_event_nonpadding_received
0000007217875230 circpad_cell_event_nonpadding_received
0000007217889427 circpad_cell_event_nonpadding_received
0000007217904215 circpad_cell_event_nonpadding_received
0000007217922459 circpad_cell_event_nonpadding_received
0000007217966922 circpad_cell_event_nonpadding_received
0000007217985878 circpad_cell_event_nonpadding_received
0000007218000866 circpad_cell_event_nonpadding_received
0000007218013960 circpad_cell_event_nonpadding_received
0000007218027826 circpad_cell_event_nonpadding_received
0000007218041642 circpad_cell_event_nonpadding_received
0000007218055829 circpad_cell_event_nonpadding_received
0000007218071178 circpad_cell_event_nonpadding_received
0000007218131410 circpad_cell_event_nonpadding_received
0000007218159723 circpad_cell_event_nonpadding_received
0000007218176836 circpad_cell_event_nonpadding_received
0000007218192274 circpad_cell_event_nonpadding_received
0000007218208094 circpad_cell_event_nonpadding_received
0000007218224024 circpad_cell_event_nonpadding_received
0000007218263738 circpad_cell_event_nonpadding_received
0000007218281151 circpad_cell_event_nonpadding_received
0000007218700948 circpad_cell_event_nonpadding_received
0000007218743738 circpad_cell_event_nonpadding_received
0000007218763796 circpad_cell_event_nonpadding_received
0000007218779745 circpad_cell_event_nonpadding_received
0000007218795365 circpad_cell_event_nonpadding_received
0000007218811104 circpad_cell_event_nonpadding_received
0000007218826834 circpad_cell_event_nonpadding_received
0000007218839497 circpad_cell_event_nonpadding_sent
0000007218867750 circpad_cell_event_nonpadding_received
0000007218980652 circpad_cell_event_nonpadding_received
0000007219052136 circpad_cell_event_nonpadding_received
0000007219077654 circpad_cell_event_nonpadding_received
0000007219093584 circpad_cell_event_nonpadding_received
0000007219108281 circpad_cell_event_nonpadding_received
0000007219126004 circpad_cell_event_nonpadding_received
0000007219142375 circpad_cell_event_nonpadding_received
0000007219157233 circpad_cell_event_nonpadding_received
0000007219208108 circpad_cell_event_nonpadding_received
0000007219242142 circpad_cell_event_nonpadding_received
0000007219258913 circpad_cell_event_nonpadding_received
0000007219274252 circpad_cell_event_nonpadding_received
0000007219289330 circpad_cell_event_nonpadding_received
0000007219304168 circpad_cell_event_nonpadding_received
0000007219319437 circpad_cell_event_nonpadding_received
0000007219333894 circpad_cell_event_nonpadding_received
0000007229474628 circpad_cell_event_nonpadding_received
0000007229510816 circpad_cell_event_nonpadding_received
0000007229515725 circpad_cell_event_nonpadding_received
0000007229520564 circpad_cell_event_nonpadding_received
0000007305592273 circpad_cell_event_nonpadding_received
0000007305864804 circpad_cell_event_nonpadding_sent
0000007349863418 circpad_cell_event_nonpadding_received
0000007349907651 circpad_cell_event_nonpadding_received
0000007349916838 circpad_cell_event_nonpadding_sent
0000007349933540 circpad_cell_event_nonpadding_received
0000007349940543 circpad_cell_event_nonpadding_received
0000007349947005 circpad_cell_event_nonpadding_received
0000007349966050 circpad_cell_event_nonpadding_received
0000007349972172 circpad_cell_event_nonpadding_received
0000007350034168 circpad_cell_event_nonpadding_received
0000007354240871 circpad_cell_event_nonpadding_sent
0000007354618579 circpad_cell_event_nonpadding_sent
0000007354641162 circpad_cell_event_nonpadding_sent
0000007503779489 circpad_cell_event_nonpadding_received
0000007503858988 circpad_cell_event_nonpadding_received
0000007503914191 circpad_cell_event_nonpadding_received
0000007503932015 circpad_cell_event_nonpadding_received
0000007503946993 circpad_cell_event_nonpadding_received
0000007503961290 circpad_cell_event_nonpadding_received
0000007503975186 circpad_cell_event_nonpadding_received
0000007504030069 circpad_cell_event_nonpadding_received
0000007504053042 circpad_cell_event_nonpadding_received
0000007504069042 circpad_cell_event_nonpadding_received
0000007504086194 circpad_cell_event_nonpadding_received
0000007504099659 circpad_cell_event_nonpadding_received
0000007504109558 circpad_cell_event_nonpadding_received
0000007504119236 circpad_cell_event_nonpadding_received
0000007504128854 circpad_cell_event_nonpadding_received
0000007504508195 circpad_cell_event_nonpadding_sent
0000007545214859 circpad_cell_event_nonpadding_received
0000007545271235 circpad_cell_event_nonpadding_received
0000007545284851 circpad_cell_event_nonpadding_received
0000007548228126 circpad_cell_event_nonpadding_sent
0000007603735959 circpad_cell_event_nonpadding_received
0000007603817522 circpad_cell_event_nonpadding_received
0000007603836247 circpad_cell_event_nonpadding_received
0000007603853209 circpad_cell_event_nonpadding_received
0000007603902220 circpad_cell_event_nonpadding_received
0000007603922238 circpad_cell_event_nonpadding_received
0000007603938538 circpad_cell_event_nonpadding_received
0000007603991728 circpad_cell_event_nonpadding_received
0000007604013088 circpad_cell_event_nonpadding_received
0000007604029128 circpad_cell_event_nonpadding_received
0000007604044707 circpad_cell_event_nonpadding_received
0000007604060727 circpad_cell_event_nonpadding_received
0000007604072149 circpad_cell_event_nonpadding_received
0000007604167097 circpad_cell_event_nonpadding_received
0000007604193146 circpad_cell_event_nonpadding_received
0000007604210538 circpad_cell_event_nonpadding_received
0000007604222621 circpad_cell_event_nonpadding_received
0000007604236757 circpad_cell_event_nonpadding_received
0000007604251455 circpad_cell_event_nonpadding_received
0000007604266824 circpad_cell_event_nonpadding_received
0000007604315214 circpad_cell_event_nonpadding_received
0000007604333258 circpad_cell_event_nonpadding_received
0000007604343878 circpad_cell_event_nonpadding_received
0000007604353536 circpad_cell_event_nonpadding_received
0000007604363164 circpad_cell_event_nonpadding_received
0000007604372752 circpad_cell_event_nonpadding_received
0000007604382250 circpad_cell_event_nonpadding_received
0000007604391698 circpad_cell_event_nonpadding_received
0000007604431833 circpad_cell_event_nonpadding_received
0000007604446460 circpad_cell_event_nonpadding_received
0000007604456289 circpad_cell_event_nonpadding_received
0000007604465997 circpad_cell_event_nonpadding_received
0000007604475525 circpad_cell_event_nonpadding_received
0000007604485073 circpad_cell_event_nonpadding_received
0000007604494560 circpad_cell_event_nonpadding_received
0000007604516942 circpad_cell_event_nonpadding_received
0000007604535908 circpad_cell_event_nonpadding_sent
0000007604633180 circpad_cell_event_nonpadding_received
0000007604651655 circpad_cell_event_nonpadding_received
0000007604661674 circpad_cell_event_nonpadding_received
0000007604671362 circpad_cell_event_nonpadding_received
0000007604680910 circpad_cell_event_nonpadding_received
0000007604690418 circpad_cell_event_nonpadding_received
0000007604699865 circpad_cell_event_nonpadding_received
0000007604709413 circpad_cell_event_nonpadding_received
0000007604733438 circpad_cell_event_nonpadding_sent
0000007604766180 circpad_cell_event_nonpadding_received
0000007644609567 circpad_cell_event_nonpadding_received
0000007644672374 circpad_cell_event_nonpadding_received
0000007644685659 circpad_cell_event_nonpadding_received
0000007644696830 circpad_cell_event_nonpadding_received
0000007644707310 circpad_cell_event_nonpadding_received
0000007644736014 circpad_cell_event_nonpadding_received
0000007644748337 circpad_cell_event_nonpadding_received
0000007702477943 circpad_cell_event_nonpadding_received
0000007702543325 circpad_cell_event_nonpadding_received
0000007702555688 circpad_cell_event_nonpadding_received
0000007702565727 circpad_cell_event_nonpadding_received
0000007702575455 circpad_cell_event_nonpadding_received
0000007702585023 circpad_cell_event_nonpadding_received
0000007702594531 circpad_cell_event_nonpadding_received
0000007708491202 circpad_cell_event_nonpadding_received
0000007708543861 circpad_cell_event_nonpadding_received
0000007708557686 circpad_cell_event_nonpadding_received
0000007708568266 circpad_cell_event_nonpadding_received
0000007708578135 circpad_cell_event_nonpadding_received
0000007708587963 circpad_cell_event_nonpadding_received
0000007708597601 circpad_cell_event_nonpadding_received
0000007708607089 circpad_cell_event_nonpadding_received
0000007708640632 circpad_cell_event_nonpadding_received
0000007708653356 circpad_cell_event_nonpadding_received
0000007708663465 circpad_cell_event_nonpadding_received
0000007708673013 circpad_cell_event_nonpadding_received
0000007708682490 circpad_cell_event_nonpadding_received
0000007708692038 circpad_cell_event_nonpadding_received
0000007708701406 circpad_cell_event_nonpadding_received
0000007708710703 circpad_cell_event_nonpadding_received
0000007708782778 circpad_cell_event_nonpadding_received
0000007708801303 circpad_cell_event_nonpadding_sent
0000007708825118 circpad_cell_event_nonpadding_received
0000007708835547 circpad_cell_event_nonpadding_received
0000007708845285 circpad_cell_event_nonpadding_received
0000007708854803 circpad_cell_event_nonpadding_received
0000007708864371 circpad_cell_event_nonpadding_received
0000007708873929 circpad_cell_event_nonpadding_received
0000007708883477 circpad_cell_event_nonpadding_received
0000007708941355 circpad_cell_event_nonpadding_received
0000007709004664 circpad_cell_event_nonpadding_received
0000007709022347 circpad_cell_event_nonpadding_received
0000007709032296 circpad_cell_event_nonpadding_received
0000007709041854 circpad_cell_event_nonpadding_received
0000007709068203 circpad_cell_event_nonpadding_received
0000007709078362 circpad_cell_event_nonpadding_received
0000007709087720 circpad_cell_event_nonpadding_received
0000007709115432 circpad_cell_event_nonpadding_received
0000007709125150 circpad_cell_event_nonpadding_sent
0000007709141009 circpad_cell_event_nonpadding_received
0000007709151890 circpad_cell_event_nonpadding_received
0000007709161708 circpad_cell_event_nonpadding_received
0000007709171316 circpad_cell_event_nonpadding_received
0000007709180914 circpad_cell_event_nonpadding_received
0000007709190292 circpad_cell_event_nonpadding_received
0000007709199599 circpad_cell_event_nonpadding_received
0000007709263068 circpad_cell_event_nonpadding_received
0000007709280902 circpad_cell_event_nonpadding_received
0000007709291051 circpad_cell_event_nonpadding_received
0000007709300458 circpad_cell_event_nonpadding_received
0000007709309936 circpad_cell_event_nonpadding_received
0000007709319394 circpad_cell_event_nonpadding_received
0000007709328872 circpad_cell_event_nonpadding_received
0000007709338129 circpad_cell_event_nonpadding_received
0000007709367243 circpad_cell_event_nonpadding_received
0000007709379546 circpad_cell_event_nonpadding_received
0000007709389175 circpad_cell_event_nonpadding_received
0000007709398773 circpad_cell_event_nonpadding_received
0000007709408210 circpad_cell_event_nonpadding_received
0000007709417628 circpad_cell_event_nonpadding_received
0000007709427045 circpad_cell_event_nonpadding_received
0000007709436553 circpad_cell_event_nonpadding_received
0000007709492729 circpad_cell_event_nonpadding_received
0000007709537282 circpad_cell_event_nonpadding_received
0000007709550487 circpad_cell_event_nonpadding_received
0000007709560095 circpad_cell_event_nonpadding_received
0000007709569563 circpad_cell_event_nonpadding_received
0000007709578970 circpad_cell_event_nonpadding_received
0000007709588358 circpad_cell_event_nonpadding_received
0000007710180277 circpad_cell_event_nonpadding_received
0000007710203601 circpad_cell_event_nonpadding_received
0000007710212948 circpad_cell_event_nonpadding_received
0000007710221685 circpad_cell_event_nonpadding_received
0000007710239298 circpad_cell_event_nonpadding_received
0000007710248365 circpad_cell_event_nonpadding_received
0000007710256840 circpad_cell_event_nonpadding_received
0000007710265216 circpad_cell_event_nonpadding_received
0000007727783446 circpad_cell_event_nonpadding_received
0000007727835042 circpad_cell_event_nonpadding_received
0000007727848417 circpad_cell_event_nonpadding_received
0000007728146336 circpad_cell_event_nonpadding_sent
0000007768281369 connection_ap_handshake_send_begin apis.google.com
0000007768292801 circpad_cell_event_nonpadding_sent
0000008023121984 circpad_cell_event_nonpadding_received
0000008025078170 circpad_cell_event_nonpadding_sent
0000008025166085 circpad_cell_event_nonpadding_sent
0000008304405033 circpad_cell_event_nonpadding_received
0000008304476176 circpad_cell_event_nonpadding_received
0000008304496654 circpad_cell_event_nonpadding_received
0000008304512163 circpad_cell_event_nonpadding_received
0000008304528294 circpad_cell_event_nonpadding_received
0000008304544985 circpad_cell_event_nonpadding_received
0000008304564471 circpad_cell_event_nonpadding_received
0000008306239039 circpad_cell_event_nonpadding_sent
0000008307100754 circpad_cell_event_nonpadding_sent
0000008502624369 circpad_cell_event_nonpadding_received
0000008596718672 circpad_cell_event_nonpadding_received
0000008799432361 circpad_cell_event_nonpadding_received
0000008799478147 circpad_cell_event_nonpadding_received
0000008801482703 circpad_cell_event_nonpadding_sent
0000008801535482 circpad_cell_event_nonpadding_sent
0000008801618618 circpad_cell_event_nonpadding_sent
0000009097068485 circpad_cell_event_nonpadding_received
0000009097133647 circpad_cell_event_nonpadding_received
0000009097148014 circpad_cell_event_nonpadding_received
0000009097159376 circpad_cell_event_nonpadding_received
0000009097170486 circpad_cell_event_nonpadding_received
0000009097181156 circpad_cell_event_nonpadding_received
0000009097210111 circpad_cell_event_nonpadding_received
0000009097239846 circpad_cell_event_nonpadding_received
0000009097252600 circpad_cell_event_nonpadding_received
0000009097337239 circpad_cell_event_nonpadding_received
0000009097355974 circpad_cell_event_nonpadding_received
0000009097366143 circpad_cell_event_nonpadding_received
0000009097375982 circpad_cell_event_nonpadding_received
0000009097385780 circpad_cell_event_nonpadding_received
0000009097395198 circpad_cell_event_nonpadding_received
0000009097404645 circpad_cell_event_nonpadding_received
0000009097428049 circpad_cell_event_nonpadding_received
0000009097439871 circpad_cell_event_nonpadding_received
0000009097496878 circpad_cell_event_nonpadding_received
0000009097514441 circpad_cell_event_nonpadding_received
0000009097524259 circpad_cell_event_nonpadding_received
0000009097533707 circpad_cell_event_nonpadding_received
0000009097543205 circpad_cell_event_nonpadding_received
0000009097552683 circpad_cell_event_nonpadding_received
0000009097562150 circpad_cell_event_nonpadding_received
0000009097588881 circpad_cell_event_nonpadding_received
0000009097600252 circpad_cell_event_nonpadding_received
0000009097610070 circpad_cell_event_nonpadding_received
0000009097619538 circpad_cell_event_nonpadding_received
0000009097629016 circpad_cell_event_nonpadding_received
0000009097638393 circpad_cell_event_nonpadding_received
0000009097648081 circpad_cell_event_nonpadding_received
0000009097665674 circpad_cell_event_nonpadding_sent
0000009097687826 circpad_cell_event_nonpadding_received
0000009106339780 circpad_cell_event_nonpadding_received
0000009106397468 circpad_cell_event_nonpadding_received
0000009106409320 circpad_cell_event_nonpadding_received
0000009106419549 circpad_cell_event_nonpadding_received
0000009106429528 circpad_cell_event_nonpadding_received
0000009106439927 circpad_cell_event_nonpadding_received
0000009106475233 circpad_cell_event_nonpadding_received
0000009106487526 circpad_cell_event_nonpadding_received
0000009106498056 circpad_cell_event_nonpadding_sent
0000009106522632 circpad_cell_event_nonpadding_received
0000009106533453 circpad_cell_event_nonpadding_received
0000009106559822 circpad_cell_event_nonpadding_received
0000009106570171 circpad_cell_event_nonpadding_received
0000009106579860 circpad_cell_event_nonpadding_received
0000009106668436 circpad_cell_event_nonpadding_received
0000009106687471 circpad_cell_event_nonpadding_received
0000009106699484 circpad_cell_event_nonpadding_received
0000009106715394 circpad_cell_event_nonpadding_received
0000009106726274 circpad_cell_event_nonpadding_received
0000009106735932 circpad_cell_event_nonpadding_received
0000009106745440 circpad_cell_event_nonpadding_received
0000009106754817 circpad_cell_event_nonpadding_received
0000009141378904 circpad_cell_event_nonpadding_received
0000009141433436 circpad_cell_event_nonpadding_received
0000009141445969 circpad_cell_event_nonpadding_received
0000009141456369 circpad_cell_event_nonpadding_received
0000009141466398 circpad_cell_event_nonpadding_received
0000009141476246 circpad_cell_event_nonpadding_received
0000009141485814 circpad_cell_event_nonpadding_received
0000009141495592 circpad_cell_event_nonpadding_received
0000009141528995 circpad_cell_event_nonpadding_received
0000009141542049 circpad_cell_event_nonpadding_received
0000009141551858 circpad_cell_event_nonpadding_received
0000009141561606 circpad_cell_event_nonpadding_received
0000009141571525 circpad_cell_event_nonpadding_received
0000009141581163 circpad_cell_event_nonpadding_received
0000009141590841 circpad_cell_event_nonpadding_received
0000009141600399 circpad_cell_event_nonpadding_received
0000009141663417 circpad_cell_event_nonpadding_received
0000009141697561 circpad_cell_event_nonpadding_received
0000009141715905 circpad_cell_event_nonpadding_received
0000009141727948 circpad_cell_event_nonpadding_received
0000009141737816 circpad_cell_event_nonpadding_received
0000009141747414 circpad_cell_event_nonpadding_received
0000009141757012 circpad_cell_event_nonpadding_received
0000009141766610 circpad_cell_event_nonpadding_received
0000009141800013 circpad_cell_event_nonpadding_received
0000009141813779 circpad_cell_event_nonpadding_received
0000009141823717 circpad_cell_event_nonpadding_received
0000009141849265 circpad_cell_event_nonpadding_received
0000009141859324 circpad_cell_event_nonpadding_received
0000009141869042 circpad_cell_event_nonpadding_received
0000009141878690 circpad_cell_event_nonpadding_received
0000009141888138 circpad_cell_event_nonpadding_received
0000009141915419 circpad_cell_event_nonpadding_received
0000009141928043 circpad_cell_event_nonpadding_received
0000009141937931 circpad_cell_event_nonpadding_received
0000009141947559 circpad_cell_event_nonpadding_received
0000009141957137 circpad_cell_event_nonpadding_received
0000009141966625 circpad_cell_event_nonpadding_received
0000009141976133 circpad_cell_event_nonpadding_received
0000009141985621 circpad_cell_event_nonpadding_received
0000009142001681 circpad_cell_event_nonpadding_sent
0000009142073766 circpad_cell_event_nonpadding_received
0000009142090587 circpad_cell_event_nonpadding_received
0000009142100756 circpad_cell_event_nonpadding_received
0000009142110374 circpad_cell_event_nonpadding_received
0000009142119922 circpad_cell_event_nonpadding_received
0000009142129460 circpad_cell_event_nonpadding_received
0000009142139088 circpad_cell_event_nonpadding_received
0000009142148636 circpad_cell_event_nonpadding_received
0000009142171890 circpad_cell_event_nonpadding_received
0000009142204030 circpad_cell_event_nonpadding_received
0000009142217385 circpad_cell_event_nonpadding_received
0000009142227203 circpad_cell_event_nonpadding_received
0000009142237122 circpad_cell_event_nonpadding_received
0000009143080613 circpad_cell_event_nonpadding_received
0000009143104908 circpad_cell_event_nonpadding_received
0000009143115989 circpad_cell_event_nonpadding_received
0000009143141978 circpad_cell_event_nonpadding_received
0000009184204539 circpad_cell_event_nonpadding_sent
0000009256221891 connection_ap_handshake_send_begin adservice.google.com
0000009256233953 circpad_cell_event_nonpadding_sent
0000009259379188 connection_ap_handshake_send_begin ogs.google.com
0000009259388115 circpad_cell_event_nonpadding_sent
0000009443458665 circpad_cell_event_nonpadding_sent
0000009594214734 circpad_cell_event_nonpadding_received
0000009596149120 circpad_cell_event_nonpadding_sent
0000009596207208 circpad_cell_event_nonpadding_sent
0000009693992850 circpad_cell_event_nonpadding_received
0000009696593454 circpad_cell_event_nonpadding_sent
0000009696664357 circpad_cell_event_nonpadding_sent
0000009796431782 circpad_cell_event_nonpadding_received
0000009796485763 circpad_cell_event_nonpadding_received
0000009796498257 circpad_cell_event_nonpadding_received
0000009796508806 circpad_cell_event_nonpadding_received
0000009796519196 circpad_cell_event_nonpadding_received
0000009797007701 circpad_cell_event_nonpadding_sent
0000009899026446 circpad_cell_event_nonpadding_received
0000009899099774 circpad_cell_event_nonpadding_received
0000009899122466 circpad_cell_event_nonpadding_received
0000009899139759 circpad_cell_event_nonpadding_received
0000009899154937 circpad_cell_event_nonpadding_received
0000009899170155 circpad_cell_event_nonpadding_received
0000009899184993 circpad_cell_event_nonpadding_received
0000009940415489 circpad_cell_event_nonpadding_received
0000009943008379 circpad_cell_event_nonpadding_sent
0000009943237047 circpad_cell_event_nonpadding_sent
0000009943267654 circpad_cell_event_nonpadding_sent
0000010000689213 circpad_cell_event_nonpadding_received
0000010000754215 circpad_cell_event_nonpadding_received
0000010000768161 circpad_cell_event_nonpadding_received
0000010000779202 circpad_cell_event_nonpadding_received
0000010000789852 circpad_cell_event_nonpadding_received
0000010000800351 circpad_cell_event_nonpadding_received
0000010000830378 circpad_cell_event_nonpadding_received
0000010088191814 circpad_cell_event_nonpadding_received
0000010088262557 circpad_cell_event_nonpadding_sent
0000010091318364 circpad_cell_event_nonpadding_sent
0000010091670664 circpad_cell_event_nonpadding_sent
0000010091714436 circpad_cell_event_nonpadding_sent
0000010206701704 circpad_cell_event_nonpadding_received
0000010207162728 circpad_cell_event_nonpadding_sent
0000010295434100 circpad_cell_event_nonpadding_received
0000010295490896 circpad_cell_event_nonpadding_received
0000010295504251 circpad_cell_event_nonpadding_received
0000010295525832 circpad_cell_event_nonpadding_received
0000010295537383 circpad_cell_event_nonpadding_received
0000010296032261 circpad_cell_event_nonpadding_sent
0000010324693221 connection_ap_handshake_send_begin googleads.g.doubleclick.net
0000010324700946 circpad_cell_event_nonpadding_sent
0000010399184128 circpad_cell_event_nonpadding_received
0000010399240804 circpad_cell_event_nonpadding_received
0000010399651524 circpad_cell_event_nonpadding_sent
0000010496889099 circpad_cell_event_nonpadding_received
0000010496951466 circpad_cell_event_nonpadding_received
0000010496965803 circpad_cell_event_nonpadding_received
0000010496976854 circpad_cell_event_nonpadding_received
0000010496987443 circpad_cell_event_nonpadding_received
0000010496998133 circpad_cell_event_nonpadding_received
0000010497008793 circpad_cell_event_nonpadding_received
0000010497042757 circpad_cell_event_nonpadding_received
0000010497054138 circpad_cell_event_nonpadding_received
0000010497064137 circpad_cell_event_nonpadding_received
0000010497073455 circpad_cell_event_nonpadding_received
0000010497082742 circpad_cell_event_nonpadding_received
0000010497092059 circpad_cell_event_nonpadding_received
0000010497101247 circpad_cell_event_nonpadding_received
0000010497110474 circpad_cell_event_nonpadding_received
0000010497175496 circpad_cell_event_nonpadding_received
0000010497192688 circpad_cell_event_nonpadding_received
0000010497218607 circpad_cell_event_nonpadding_received
0000010497227503 circpad_cell_event_nonpadding_received
0000010497236039 circpad_cell_event_nonpadding_received
0000010497244435 circpad_cell_event_nonpadding_received
0000010497252831 circpad_cell_event_nonpadding_received
0000010497261307 circpad_cell_event_nonpadding_received
0000010537341798 circpad_cell_event_nonpadding_received
0000010537409084 circpad_cell_event_nonpadding_received
0000010537422789 circpad_cell_event_nonpadding_received
0000010537433550 circpad_cell_event_nonpadding_received
0000010537443528 circpad_cell_event_nonpadding_received
0000010537454319 circpad_cell_event_nonpadding_received
0000010601786718 circpad_cell_event_nonpadding_received
0000010601842834 circpad_cell_event_nonpadding_received
0000010601855608 circpad_cell_event_nonpadding_received
0000010602126044 circpad_cell_event_nonpadding_sent
0000010702057608 circpad_cell_event_nonpadding_received
0000010704171780 circpad_cell_event_nonpadding_sent
0000010704243434 circpad_cell_event_nonpadding_sent
0000011001734266 circpad_cell_event_nonpadding_received
0000011001806722 circpad_cell_event_nonpadding_received
0000011001823573 circpad_cell_event_nonpadding_received
0000011102482359 circpad_cell_event_nonpadding_received
0000011102545658 circpad_cell_event_nonpadding_received
0000011102559764 circpad_cell_event_nonpadding_received
0000011106762851 circpad_cell_event_nonpadding_sent
0000011106932308 circpad_cell_event_nonpadding_sent
0000011302978813 circpad_cell_event_nonpadding_received
0000011505057441 circpad_cell_event_nonpadding_received
0000011505118916 circpad_cell_event_nonpadding_received
0000011507031580 circpad_cell_event_nonpadding_sent
0000011507195207 circpad_cell_event_nonpadding_sent
0000011507246854 circpad_cell_event_nonpadding_sent
0000011707449496 circpad_cell_event_nonpadding_received
