0000000739082510 circpad_cell_event_nonpadding_received
0000000427497357 circpad_cell_event_nonpadding_sent
0000064728401232 circpad_cell_event_nonpadding_received
0000064427725041 circpad_cell_event_nonpadding_sent
0000064937509916 circpad_cell_event_nonpadding_received
0000064659283163 circpad_cell_event_nonpadding_sent
0000064659419562 circpad_cell_event_nonpadding_sent
0000064659478538 circpad_cell_event_nonpadding_sent
0000064659522412 circpad_cell_event_nonpadding_sent
0000064659560484 circpad_cell_event_nonpadding_sent
0000064659596716 circpad_cell_event_nonpadding_sent
0000064659634615 circpad_cell_event_nonpadding_sent
0000064740268136 circpad_cell_event_nonpadding_sent
0000065236045137 circpad_cell_event_nonpadding_received
0000064939372694 circpad_cell_event_nonpadding_sent
0000065432281875 circpad_cell_event_nonpadding_received
0000065139942104 circpad_cell_event_nonpadding_sent
0000065140054446 circpad_cell_event_nonpadding_sent
0000065140105903 circpad_cell_event_nonpadding_sent
0000065140145233 circpad_cell_event_nonpadding_sent
0000065140175160 circpad_cell_event_nonpadding_sent
0000065140206005 circpad_cell_event_nonpadding_sent
0000065140239084 circpad_cell_event_nonpadding_sent
0000065215164094 circpad_cell_event_nonpadding_sent
0000065215281219 circpad_cell_event_nonpadding_sent
0000065225098783 circpad_cell_event_nonpadding_sent
0000065225200714 circpad_cell_event_nonpadding_sent
0000065225243944 circpad_cell_event_nonpadding_sent
0000065225323655 circpad_cell_event_nonpadding_sent
0000065225364049 circpad_cell_event_nonpadding_sent
0000065225396569 circpad_cell_event_nonpadding_sent
0000065225431460 circpad_cell_event_nonpadding_sent
0000065225525383 circpad_cell_event_nonpadding_sent
0000065719779118 circpad_cell_event_nonpadding_received
0000065722648932 circpad_cell_event_nonpadding_received
0000080519712111 circpad_cell_event_nonpadding_received
0000080453128448 circpad_cell_event_nonpadding_sent
0000080961533367 circpad_cell_event_nonpadding_received
0000080864132243 circpad_cell_event_nonpadding_sent
0000080864248246 circpad_cell_event_nonpadding_sent
0000080864297546 circpad_cell_event_nonpadding_sent
0000080864364964 circpad_cell_event_nonpadding_sent
0000080864471856 circpad_cell_event_nonpadding_sent
0000080864668134 circpad_cell_event_nonpadding_sent
0000080865023781 circpad_cell_event_nonpadding_sent
0000081361481021 circpad_cell_event_nonpadding_received
0000081374380533 circpad_cell_event_nonpadding_sent
0000081867929906 circpad_cell_event_nonpadding_received
0000081886420258 circpad_cell_event_nonpadding_sent
0000081886534266 circpad_cell_event_nonpadding_sent
0000082379612391 circpad_cell_event_nonpadding_received
0000082383754217 circpad_cell_event_nonpadding_received
