0000000253794724 circpad_cell_event_nonpadding_received
0000000261149066 circpad_cell_event_nonpadding_sent
0000097549956816 circpad_cell_event_nonpadding_received
0000097568949601 circpad_cell_event_nonpadding_sent
0000097753873115 circpad_cell_event_nonpadding_received
0000097795330265 circpad_cell_event_nonpadding_sent
0000097795444360 circpad_cell_event_nonpadding_sent
0000097795485652 circpad_cell_event_nonpadding_sent
0000097795516657 circpad_cell_event_nonpadding_sent
0000097795544695 circpad_cell_event_nonpadding_sent
0000097795571113 circpad_cell_event_nonpadding_sent
0000097795599426 circpad_cell_event_nonpadding_sent
0000097878783367 circpad_cell_event_nonpadding_sent
0000098053688867 circpad_cell_event_nonpadding_received
0000098088294883 circpad_cell_event_nonpadding_sent
0000098258036860 circpad_cell_event_nonpadding_received
0000098368312107 circpad_cell_event_nonpadding_sent
0000098368425632 circpad_cell_event_nonpadding_sent
0000098368467543 circpad_cell_event_nonpadding_sent
0000098368498091 circpad_cell_event_nonpadding_sent
0000098368525055 circpad_cell_event_nonpadding_sent
0000098368551080 circpad_cell_event_nonpadding_sent
0000098368579055 circpad_cell_event_nonpadding_sent
0000098448455170 circpad_cell_event_nonpadding_sent
0000098448597890 circpad_cell_event_nonpadding_sent
0000098448685757 circpad_cell_event_nonpadding_sent
0000098448710202 circpad_cell_event_nonpadding_sent
0000098448729627 circpad_cell_event_nonpadding_sent
0000098448750397 circpad_cell_event_nonpadding_sent
0000098448771452 circpad_cell_event_nonpadding_sent
0000098448825086 circpad_cell_event_nonpadding_sent
0000098448982543 circpad_cell_event_nonpadding_sent
0000098449054668 circpad_cell_event_nonpadding_sent
0000098619879855 circpad_cell_event_nonpadding_received
0000098622774203 circpad_cell_event_nonpadding_received
0000098654081821 circpad_cell_event_nonpadding_sent
0000105026867781 circpad_cell_event_nonpadding_received
0000105203445976 circpad_cell_event_nonpadding_sent
0000105388492686 circpad_cell_event_nonpadding_received
0000105618759393 circpad_cell_event_nonpadding_sent
0000105618888533 circpad_cell_event_nonpadding_sent
0000105618943690 circpad_cell_event_nonpadding_sent
0000105618982758 circpad_cell_event_nonpadding_sent
0000105619082306 circpad_cell_event_nonpadding_sent
0000105619125125 circpad_cell_event_nonpadding_sent
0000105619177681 circpad_cell_event_nonpadding_sent
0000105792275005 circpad_cell_event_nonpadding_received
0000106024483523 circpad_cell_event_nonpadding_sent
0000106194059959 circpad_cell_event_nonpadding_received
0000106432263010 circpad_cell_event_nonpadding_sent
0000106432352191 circpad_cell_event_nonpadding_sent
0000106601769966 circpad_cell_event_nonpadding_received
0000106604608591 circpad_cell_event_nonpadding_received
