0000000746683104 circpad_cell_event_nonpadding_received
0000000473617177 circpad_cell_event_nonpadding_sent
0000039580901173 circpad_cell_event_nonpadding_received
0000039360143700 circpad_cell_event_nonpadding_sent
0000039871902409 circpad_cell_event_nonpadding_received
0000039659300188 circpad_cell_event_nonpadding_sent
0000039659439256 circpad_cell_event_nonpadding_sent
0000039659510968 circpad_cell_event_nonpadding_sent
0000039659562567 circpad_cell_event_nonpadding_sent
0000039659602375 circpad_cell_event_nonpadding_sent
0000039659639923 circpad_cell_event_nonpadding_sent
0000039659681390 circpad_cell_event_nonpadding_sent
0000039739306161 circpad_cell_event_nonpadding_sent
0000040247001353 circpad_cell_event_nonpadding_received
0000040090932407 circpad_cell_event_nonpadding_sent
0000040588501439 circpad_cell_event_nonpadding_received
0000040342701005 circpad_cell_event_nonpadding_sent
0000040342878113 circpad_cell_event_nonpadding_sent
0000040342927627 circpad_cell_event_nonpadding_sent
0000040342956809 circpad_cell_event_nonpadding_sent
0000040342988457 circpad_cell_event_nonpadding_sent
0000040343029521 circpad_cell_event_nonpadding_sent
0000040343077195 circpad_cell_event_nonpadding_sent
0000040421222451 circpad_cell_event_nonpadding_sent
0000040421404249 circpad_cell_event_nonpadding_sent
0000040421451999 circpad_cell_event_nonpadding_sent
0000040421487643 circpad_cell_event_nonpadding_sent
0000040421580779 circpad_cell_event_nonpadding_sent
0000040426125531 circpad_cell_event_nonpadding_sent
0000040426229103 circpad_cell_event_nonpadding_sent
0000040426274107 circpad_cell_event_nonpadding_sent
0000040426317272 circpad_cell_event_nonpadding_sent
0000040426360367 circpad_cell_event_nonpadding_sent
0000040925727525 circpad_cell_event_nonpadding_received
0000040929524913 circpad_cell_event_nonpadding_received
0000040725504385 circpad_cell_event_nonpadding_sent
0000045955597091 circpad_cell_event_nonpadding_received
0000045945422254 circpad_cell_event_nonpadding_sent
0000046455815268 circpad_cell_event_nonpadding_received
0000046712684546 circpad_cell_event_nonpadding_sent
0000046712767878 circpad_cell_event_nonpadding_sent
0000046712801161 circpad_cell_event_nonpadding_sent
0000046712824794 circpad_cell_event_nonpadding_sent
0000046712846559 circpad_cell_event_nonpadding_sent
0000046712866927 circpad_cell_event_nonpadding_sent
0000046712900816 circpad_cell_event_nonpadding_sent
0000047213721652 circpad_cell_event_nonpadding_received
0000047165584301 circpad_cell_event_nonpadding_sent
0000047663229402 circpad_cell_event_nonpadding_received
0000047627145571 circpad_cell_event_nonpadding_sent
0000047627235982 circpad_cell_event_nonpadding_sent
0000048124988635 circpad_cell_event_nonpadding_received
0000048127783979 circpad_cell_event_nonpadding_received
