0000000280680764 circpad_cell_event_nonpadding_received
0000000517270937 circpad_cell_event_nonpadding_sent
0000004623306824 circpad_cell_event_nonpadding_received
0000004711210904 circpad_cell_event_nonpadding_sent
0000004899334522 circpad_cell_event_nonpadding_received
0000004899375258 circpad_cell_event_nonpadding_received
0000005012827691 circpad_cell_event_nonpadding_sent
0000005012854170 circpad_cell_event_nonpadding_sent
0000005012862666 circpad_cell_event_nonpadding_sent
0000005012869649 circpad_cell_event_nonpadding_sent
0000005012875840 circpad_cell_event_nonpadding_sent
0000005012881511 circpad_cell_event_nonpadding_sent
0000005012887412 circpad_cell_event_nonpadding_sent
0000005141746088 circpad_cell_event_nonpadding_sent
0000005329081936 circpad_cell_event_nonpadding_received
0000005329386741 circpad_cell_event_nonpadding_received
0000005329409884 circpad_cell_event_nonpadding_received
0000005426769036 circpad_cell_event_nonpadding_sent
0000005426812586 circpad_cell_event_nonpadding_sent
0000005613828781 circpad_cell_event_nonpadding_received
0000005569951413 circpad_cell_event_nonpadding_sent
0000005569989143 circpad_cell_event_nonpadding_sent
0000005852588788 circpad_cell_event_nonpadding_received
0000005949935337 circpad_cell_event_nonpadding_sent
0000005949978787 circpad_cell_event_nonpadding_sent
0000005949986822 circpad_cell_event_nonpadding_sent
0000005949993294 circpad_cell_event_nonpadding_sent
0000005949999846 circpad_cell_event_nonpadding_sent
0000006192582381 circpad_cell_event_nonpadding_received
0000006192704948 circpad_cell_event_nonpadding_received
0000006196400891 circpad_cell_event_nonpadding_received
0000006196538747 circpad_cell_event_nonpadding_received
0000006196785164 circpad_cell_event_nonpadding_received
0000006196869861 circpad_cell_event_nonpadding_received
0000006264072756 circpad_cell_event_nonpadding_sent
0000006264120053 circpad_cell_event_nonpadding_sent
0000006264128289 circpad_cell_event_nonpadding_sent
0000006264134540 circpad_cell_event_nonpadding_sent
0000006264140812 circpad_cell_event_nonpadding_sent
0000006264146613 circpad_cell_event_nonpadding_sent
0000006264152233 circpad_cell_event_nonpadding_sent
0000006291801601 circpad_cell_event_nonpadding_sent
0000006291832708 circpad_cell_event_nonpadding_sent
0000006291840112 circpad_cell_event_nonpadding_sent
0000006291846364 circpad_cell_event_nonpadding_sent
0000006291852275 circpad_cell_event_nonpadding_sent
0000006291857965 circpad_cell_event_nonpadding_sent
0000006291863686 circpad_cell_event_nonpadding_sent
0000006291869477 circpad_cell_event_nonpadding_sent
0000006319512042 circpad_cell_event_nonpadding_sent
0000006319542819 circpad_cell_event_nonpadding_sent
0000006319550763 circpad_cell_event_nonpadding_sent
0000006319556935 circpad_cell_event_nonpadding_sent
0000006319562716 circpad_cell_event_nonpadding_sent
0000006319568366 circpad_cell_event_nonpadding_sent
0000006319573986 circpad_cell_event_nonpadding_sent
0000006319591299 circpad_cell_event_nonpadding_sent
0000006410331928 circpad_cell_event_nonpadding_sent
0000006410370330 circpad_cell_event_nonpadding_sent
0000006410377894 circpad_cell_event_nonpadding_sent
0000006410383935 circpad_cell_event_nonpadding_sent
0000006410389806 circpad_cell_event_nonpadding_sent
0000006410406166 circpad_cell_event_nonpadding_sent
0000006410412147 circpad_cell_event_nonpadding_sent
0000006410431854 circpad_cell_event_nonpadding_sent
0000006410439217 circpad_cell_event_nonpadding_sent
0000006410511591 circpad_cell_event_nonpadding_sent
0000006597385793 circpad_cell_event_nonpadding_received
0000006410537670 circpad_cell_event_nonpadding_sent
0000006410543791 circpad_cell_event_nonpadding_sent
0000006410549482 circpad_cell_event_nonpadding_sent
0000006410555092 circpad_cell_event_nonpadding_sent
0000006410560622 circpad_cell_event_nonpadding_sent
0000006410566203 circpad_cell_event_nonpadding_sent
0000006410619161 circpad_cell_event_nonpadding_sent
0000006410629821 circpad_cell_event_nonpadding_sent
0000006410672810 circpad_cell_event_nonpadding_sent
0000006410683671 circpad_cell_event_nonpadding_sent
0000006410689441 circpad_cell_event_nonpadding_sent
0000006410694951 circpad_cell_event_nonpadding_sent
0000006410700432 circpad_cell_event_nonpadding_sent
0000006410706022 circpad_cell_event_nonpadding_sent
0000006410711542 circpad_cell_event_nonpadding_sent
0000006438195453 circpad_cell_event_nonpadding_sent
0000006438234856 circpad_cell_event_nonpadding_sent
0000006438241879 circpad_cell_event_nonpadding_sent
0000006438247910 circpad_cell_event_nonpadding_sent
0000006438253841 circpad_cell_event_nonpadding_sent
0000006438259742 circpad_cell_event_nonpadding_sent
0000006438265413 circpad_cell_event_nonpadding_sent
0000006438280962 circpad_cell_event_nonpadding_sent
0000006438324843 circpad_cell_event_nonpadding_sent
0000006438334190 circpad_cell_event_nonpadding_sent
0000006438340051 circpad_cell_event_nonpadding_sent
0000006438345862 circpad_cell_event_nonpadding_sent
0000006438351542 circpad_cell_event_nonpadding_sent
0000006438357223 circpad_cell_event_nonpadding_sent
0000006438418366 circpad_cell_event_nonpadding_sent
0000006438429297 circpad_cell_event_nonpadding_sent
0000006438435117 circpad_cell_event_nonpadding_sent
0000006438440778 circpad_cell_event_nonpadding_sent
0000006438446408 circpad_cell_event_nonpadding_sent
0000006438452009 circpad_cell_event_nonpadding_sent
0000006438457549 circpad_cell_event_nonpadding_sent
0000006438472176 circpad_cell_event_nonpadding_sent
0000006452650615 circpad_cell_event_nonpadding_sent
0000006452681833 circpad_cell_event_nonpadding_sent
0000006452688846 circpad_cell_event_nonpadding_sent
0000006452694857 circpad_cell_event_nonpadding_sent
0000006452700688 circpad_cell_event_nonpadding_sent
0000006452706479 circpad_cell_event_nonpadding_sent
0000006452712229 circpad_cell_event_nonpadding_sent
0000006466122654 circpad_cell_event_nonpadding_sent
0000006466167157 circpad_cell_event_nonpadding_sent
0000006558292887 circpad_cell_event_nonpadding_sent
0000006558325948 circpad_cell_event_nonpadding_sent
0000006558333522 circpad_cell_event_nonpadding_sent
0000006558340395 circpad_cell_event_nonpadding_sent
0000006745222972 circpad_cell_event_nonpadding_received
0000006745237379 circpad_cell_event_nonpadding_received
0000006558382212 circpad_cell_event_nonpadding_sent
0000006558388243 circpad_cell_event_nonpadding_sent
0000006558393904 circpad_cell_event_nonpadding_sent
0000006558484332 circpad_cell_event_nonpadding_sent
0000006558495502 circpad_cell_event_nonpadding_sent
0000006558501994 circpad_cell_event_nonpadding_sent
0000006558507775 circpad_cell_event_nonpadding_sent
0000006558513496 circpad_cell_event_nonpadding_sent
0000006558519226 circpad_cell_event_nonpadding_sent
0000006558524827 circpad_cell_event_nonpadding_sent
0000006558530357 circpad_cell_event_nonpadding_sent
0000006558576222 circpad_cell_event_nonpadding_sent
0000006558586641 circpad_cell_event_nonpadding_sent
0000006558592783 circpad_cell_event_nonpadding_sent
0000006558598894 circpad_cell_event_nonpadding_sent
0000006558615565 circpad_cell_event_nonpadding_sent
0000006558622177 circpad_cell_event_nonpadding_sent
0000006558627868 circpad_cell_event_nonpadding_sent
0000006558633488 circpad_cell_event_nonpadding_sent
0000006558639109 circpad_cell_event_nonpadding_sent
0000006558645160 circpad_cell_event_nonpadding_sent
0000006558650850 circpad_cell_event_nonpadding_sent
0000006558670667 circpad_cell_event_nonpadding_sent
0000006558678371 circpad_cell_event_nonpadding_sent
0000006558684202 circpad_cell_event_nonpadding_sent
0000006558698459 circpad_cell_event_nonpadding_sent
0000006558704229 circpad_cell_event_nonpadding_sent
0000006558709970 circpad_cell_event_nonpadding_sent
0000006558715550 circpad_cell_event_nonpadding_sent
0000006558721171 circpad_cell_event_nonpadding_sent
0000006558738673 circpad_cell_event_nonpadding_sent
0000006558745746 circpad_cell_event_nonpadding_sent
0000006558751527 circpad_cell_event_nonpadding_sent
0000006558757198 circpad_cell_event_nonpadding_sent
0000006558762898 circpad_cell_event_nonpadding_sent
0000006558768649 circpad_cell_event_nonpadding_sent
0000006558774259 circpad_cell_event_nonpadding_sent
0000006558779799 circpad_cell_event_nonpadding_sent
0000006560332278 circpad_cell_event_nonpadding_sent
0000006560345983 circpad_cell_event_nonpadding_sent
0000006560351884 circpad_cell_event_nonpadding_sent
0000006560357485 circpad_cell_event_nonpadding_sent
0000006560362975 circpad_cell_event_nonpadding_sent
0000006560368555 circpad_cell_event_nonpadding_sent
0000006560374066 circpad_cell_event_nonpadding_sent
0000006560379656 circpad_cell_event_nonpadding_sent
0000006560394704 circpad_cell_event_nonpadding_sent
0000006569410621 circpad_cell_event_nonpadding_sent
0000006569444644 circpad_cell_event_nonpadding_sent
0000006569452539 circpad_cell_event_nonpadding_sent
0000006756322182 circpad_cell_event_nonpadding_received
0000006569474069 circpad_cell_event_nonpadding_sent
0000006569480831 circpad_cell_event_nonpadding_sent
0000006569495629 circpad_cell_event_nonpadding_sent
0000006569501680 circpad_cell_event_nonpadding_sent
0000006569547505 circpad_cell_event_nonpadding_sent
0000006569572030 circpad_cell_event_nonpadding_sent
0000006569580065 circpad_cell_event_nonpadding_sent
0000006569586187 circpad_cell_event_nonpadding_sent
0000006569592028 circpad_cell_event_nonpadding_sent
0000006569597798 circpad_cell_event_nonpadding_sent
0000006569603529 circpad_cell_event_nonpadding_sent
0000006569609300 circpad_cell_event_nonpadding_sent
0000006569623776 circpad_cell_event_nonpadding_sent
0000006569630649 circpad_cell_event_nonpadding_sent
0000006569637071 circpad_cell_event_nonpadding_sent
0000006569658220 circpad_cell_event_nonpadding_sent
0000006569666165 circpad_cell_event_nonpadding_sent
0000006569672156 circpad_cell_event_nonpadding_sent
0000006569678047 circpad_cell_event_nonpadding_sent
0000006569683848 circpad_cell_event_nonpadding_sent
0000006569689639 circpad_cell_event_nonpadding_sent
0000006569695469 circpad_cell_event_nonpadding_sent
0000006586004247 circpad_cell_event_nonpadding_sent
0000006586031688 circpad_cell_event_nonpadding_sent
0000006586037930 circpad_cell_event_nonpadding_sent
0000006586043721 circpad_cell_event_nonpadding_sent
0000006586049361 circpad_cell_event_nonpadding_sent
0000006586055553 circpad_cell_event_nonpadding_sent
0000006586076411 circpad_cell_event_nonpadding_sent
0000006586083474 circpad_cell_event_nonpadding_sent
0000006586098101 circpad_cell_event_nonpadding_sent
0000006586104523 circpad_cell_event_nonpadding_sent
0000006586110174 circpad_cell_event_nonpadding_sent
0000006586115754 circpad_cell_event_nonpadding_sent
0000006586121365 circpad_cell_event_nonpadding_sent
0000006586166328 circpad_cell_event_nonpadding_sent
0000006586176958 circpad_cell_event_nonpadding_sent
0000006601155962 circpad_cell_event_nonpadding_sent
0000006601180998 circpad_cell_event_nonpadding_sent
0000006601188713 circpad_cell_event_nonpadding_sent
0000006601195395 circpad_cell_event_nonpadding_sent
0000006601201687 circpad_cell_event_nonpadding_sent
0000006601207778 circpad_cell_event_nonpadding_sent
0000006601213639 circpad_cell_event_nonpadding_sent
0000006601234227 circpad_cell_event_nonpadding_sent
0000006601241320 circpad_cell_event_nonpadding_sent
0000006601247912 circpad_cell_event_nonpadding_sent
0000006601253803 circpad_cell_event_nonpadding_sent
0000006601259634 circpad_cell_event_nonpadding_sent
0000006601265775 circpad_cell_event_nonpadding_sent
0000006788137122 circpad_cell_event_nonpadding_received
0000006601289069 circpad_cell_event_nonpadding_sent
0000006601295050 circpad_cell_event_nonpadding_sent
0000006788191613 circpad_cell_event_nonpadding_received
0000006613886737 circpad_cell_event_nonpadding_sent
0000006613906003 circpad_cell_event_nonpadding_sent
0000006613912215 circpad_cell_event_nonpadding_sent
0000006613917865 circpad_cell_event_nonpadding_sent
0000006613932542 circpad_cell_event_nonpadding_sent
0000006613938533 circpad_cell_event_nonpadding_sent
0000006613944324 circpad_cell_event_nonpadding_sent
0000006613950025 circpad_cell_event_nonpadding_sent
0000006821684626 circpad_cell_event_nonpadding_received
0000006706855900 circpad_cell_event_nonpadding_sent
0000006706893499 circpad_cell_event_nonpadding_sent
0000006706901755 circpad_cell_event_nonpadding_sent
0000006706908497 circpad_cell_event_nonpadding_sent
0000006706914769 circpad_cell_event_nonpadding_sent
0000006706920810 circpad_cell_event_nonpadding_sent
0000006706926761 circpad_cell_event_nonpadding_sent
0000006706949573 circpad_cell_event_nonpadding_sent
0000006706956656 circpad_cell_event_nonpadding_sent
0000006706963219 circpad_cell_event_nonpadding_sent
0000006706969039 circpad_cell_event_nonpadding_sent
0000006706974860 circpad_cell_event_nonpadding_sent
0000006706980511 circpad_cell_event_nonpadding_sent
0000006706986211 circpad_cell_event_nonpadding_sent
0000006706991842 circpad_cell_event_nonpadding_sent
0000006707050881 circpad_cell_event_nonpadding_sent
0000006707061711 circpad_cell_event_nonpadding_sent
0000006707067672 circpad_cell_event_nonpadding_sent
0000006707073373 circpad_cell_event_nonpadding_sent
0000006707079123 circpad_cell_event_nonpadding_sent
0000006707084694 circpad_cell_event_nonpadding_sent
0000006707090444 circpad_cell_event_nonpadding_sent
0000006707096115 circpad_cell_event_nonpadding_sent
0000006708561542 circpad_cell_event_nonpadding_sent
0000006708575238 circpad_cell_event_nonpadding_sent
0000006708581179 circpad_cell_event_nonpadding_sent
0000006708586759 circpad_cell_event_nonpadding_sent
0000006708592369 circpad_cell_event_nonpadding_sent
0000006708597990 circpad_cell_event_nonpadding_sent
0000006708603580 circpad_cell_event_nonpadding_sent
0000006708609140 circpad_cell_event_nonpadding_sent
0000006708624639 circpad_cell_event_nonpadding_sent
0000006708661307 circpad_cell_event_nonpadding_sent
0000006708671546 circpad_cell_event_nonpadding_sent
0000006708677477 circpad_cell_event_nonpadding_sent
0000006708683098 circpad_cell_event_nonpadding_sent
0000006708688708 circpad_cell_event_nonpadding_sent
0000006708694308 circpad_cell_event_nonpadding_sent
0000006708699879 circpad_cell_event_nonpadding_sent
0000006708717020 circpad_cell_event_nonpadding_sent
0000006895586944 circpad_cell_event_nonpadding_received
0000006708738620 circpad_cell_event_nonpadding_sent
0000006708744812 circpad_cell_event_nonpadding_sent
0000006708750523 circpad_cell_event_nonpadding_sent
0000006708756113 circpad_cell_event_nonpadding_sent
0000006708761673 circpad_cell_event_nonpadding_sent
0000006708767274 circpad_cell_event_nonpadding_sent
0000006708772794 circpad_cell_event_nonpadding_sent
0000006708829008 circpad_cell_event_nonpadding_sent
0000006708840640 circpad_cell_event_nonpadding_sent
0000006708846711 circpad_cell_event_nonpadding_sent
0000006708858352 circpad_cell_event_nonpadding_sent
0000006708864283 circpad_cell_event_nonpadding_sent
0000006708870044 circpad_cell_event_nonpadding_sent
0000006708875755 circpad_cell_event_nonpadding_sent
0000006708881425 circpad_cell_event_nonpadding_sent
0000006708899749 circpad_cell_event_nonpadding_sent
0000006708906872 circpad_cell_event_nonpadding_sent
0000006708912673 circpad_cell_event_nonpadding_sent
0000006708918264 circpad_cell_event_nonpadding_sent
0000006708923784 circpad_cell_event_nonpadding_sent
0000006708929424 circpad_cell_event_nonpadding_sent
0000006708934985 circpad_cell_event_nonpadding_sent
0000006708940465 circpad_cell_event_nonpadding_sent
0000006709332111 circpad_cell_event_nonpadding_sent
0000006709355284 circpad_cell_event_nonpadding_sent
0000006709362437 circpad_cell_event_nonpadding_sent
0000006709368218 circpad_cell_event_nonpadding_sent
0000006709373818 circpad_cell_event_nonpadding_sent
0000006709379409 circpad_cell_event_nonpadding_sent
0000006709385009 circpad_cell_event_nonpadding_sent
0000006709454859 circpad_cell_event_nonpadding_sent
0000006709469125 circpad_cell_event_nonpadding_sent
0000006709475196 circpad_cell_event_nonpadding_sent
0000006709480837 circpad_cell_event_nonpadding_sent
0000006709486517 circpad_cell_event_nonpadding_sent
0000006709492068 circpad_cell_event_nonpadding_sent
0000006709497648 circpad_cell_event_nonpadding_sent
0000006709503258 circpad_cell_event_nonpadding_sent
0000006718095380 circpad_cell_event_nonpadding_sent
0000006718125335 circpad_cell_event_nonpadding_sent
0000006718131797 circpad_cell_event_nonpadding_sent
0000006718137548 circpad_cell_event_nonpadding_sent
0000006718143299 circpad_cell_event_nonpadding_sent
0000006718148929 circpad_cell_event_nonpadding_sent
0000006718154790 circpad_cell_event_nonpadding_sent
0000006718215903 circpad_cell_event_nonpadding_sent
0000006718221774 circpad_cell_event_nonpadding_sent
0000006718227845 circpad_cell_event_nonpadding_sent
0000006718233546 circpad_cell_event_nonpadding_sent
0000006718239387 circpad_cell_event_nonpadding_sent
0000006905110343 circpad_cell_event_nonpadding_received
0000006905198536 circpad_cell_event_nonpadding_received
0000006718392020 circpad_cell_event_nonpadding_sent
0000006718402940 circpad_cell_event_nonpadding_sent
0000006718408821 circpad_cell_event_nonpadding_sent
0000006718414572 circpad_cell_event_nonpadding_sent
0000006718420222 circpad_cell_event_nonpadding_sent
0000006718426023 circpad_cell_event_nonpadding_sent
0000006718431874 circpad_cell_event_nonpadding_sent
0000006718437614 circpad_cell_event_nonpadding_sent
0000006718474252 circpad_cell_event_nonpadding_sent
0000006718484411 circpad_cell_event_nonpadding_sent
0000006718490222 circpad_cell_event_nonpadding_sent
0000006718505069 circpad_cell_event_nonpadding_sent
0000006718510950 circpad_cell_event_nonpadding_sent
0000006718516671 circpad_cell_event_nonpadding_sent
0000006718522362 circpad_cell_event_nonpadding_sent
0000006718527962 circpad_cell_event_nonpadding_sent
0000006718549502 circpad_cell_event_nonpadding_sent
0000006718557527 circpad_cell_event_nonpadding_sent
0000006718563338 circpad_cell_event_nonpadding_sent
0000006718569018 circpad_cell_event_nonpadding_sent
0000006718574648 circpad_cell_event_nonpadding_sent
0000006718580259 circpad_cell_event_nonpadding_sent
0000006718585899 circpad_cell_event_nonpadding_sent
0000006718591570 circpad_cell_event_nonpadding_sent
0000006718605105 circpad_cell_event_nonpadding_sent
0000006734579184 circpad_cell_event_nonpadding_sent
0000006734616694 circpad_cell_event_nonpadding_sent
0000006734623446 circpad_cell_event_nonpadding_sent
0000006734629447 circpad_cell_event_nonpadding_sent
0000006734635178 circpad_cell_event_nonpadding_sent
0000006734640959 circpad_cell_event_nonpadding_sent
0000006734646719 circpad_cell_event_nonpadding_sent
0000006734668730 circpad_cell_event_nonpadding_sent
0000006734675643 circpad_cell_event_nonpadding_sent
0000006734682005 circpad_cell_event_nonpadding_sent
0000006734687756 circpad_cell_event_nonpadding_sent
0000006734693436 circpad_cell_event_nonpadding_sent
0000006734699147 circpad_cell_event_nonpadding_sent
0000006734704937 circpad_cell_event_nonpadding_sent
0000006734720606 circpad_cell_event_nonpadding_sent
0000006734777322 circpad_cell_event_nonpadding_sent
0000006734788192 circpad_cell_event_nonpadding_sent
0000006734794213 circpad_cell_event_nonpadding_sent
0000006734799893 circpad_cell_event_nonpadding_sent
0000006734805624 circpad_cell_event_nonpadding_sent
0000006734811295 circpad_cell_event_nonpadding_sent
0000006734816985 circpad_cell_event_nonpadding_sent
0000006734822716 circpad_cell_event_nonpadding_sent
0000006734839858 circpad_cell_event_nonpadding_sent
0000006734846871 circpad_cell_event_nonpadding_sent
0000006921715752 circpad_cell_event_nonpadding_received
0000006734866908 circpad_cell_event_nonpadding_sent
0000006734872829 circpad_cell_event_nonpadding_sent
0000006734878539 circpad_cell_event_nonpadding_sent
0000006734884180 circpad_cell_event_nonpadding_sent
0000006734889800 circpad_cell_event_nonpadding_sent
0000006734895481 circpad_cell_event_nonpadding_sent
0000006734962074 circpad_cell_event_nonpadding_sent
0000006734984195 circpad_cell_event_nonpadding_sent
0000006734991399 circpad_cell_event_nonpadding_sent
0000006734997139 circpad_cell_event_nonpadding_sent
0000006735002880 circpad_cell_event_nonpadding_sent
0000006735008570 circpad_cell_event_nonpadding_sent
0000006735014221 circpad_cell_event_nonpadding_sent
0000006739633366 circpad_cell_event_nonpadding_sent
0000006739650938 circpad_cell_event_nonpadding_sent
0000006739663532 circpad_cell_event_nonpadding_sent
0000006739669423 circpad_cell_event_nonpadding_sent
0000006739675153 circpad_cell_event_nonpadding_sent
0000006739680974 circpad_cell_event_nonpadding_sent
0000006739700570 circpad_cell_event_nonpadding_sent
0000006739707724 circpad_cell_event_nonpadding_sent
0000006739713564 circpad_cell_event_nonpadding_sent
0000006739719796 circpad_cell_event_nonpadding_sent
0000006739725466 circpad_cell_event_nonpadding_sent
0000006739731077 circpad_cell_event_nonpadding_sent
0000006739736727 circpad_cell_event_nonpadding_sent
0000006739775219 circpad_cell_event_nonpadding_sent
0000006739785628 circpad_cell_event_nonpadding_sent
0000006739791469 circpad_cell_event_nonpadding_sent
0000006739797079 circpad_cell_event_nonpadding_sent
0000006739802700 circpad_cell_event_nonpadding_sent
0000006739808280 circpad_cell_event_nonpadding_sent
0000006739813860 circpad_cell_event_nonpadding_sent
0000006739819481 circpad_cell_event_nonpadding_sent
0000006750560978 circpad_cell_event_nonpadding_sent
0000006750577438 circpad_cell_event_nonpadding_sent
0000006750595963 circpad_cell_event_nonpadding_sent
0000006750602665 circpad_cell_event_nonpadding_sent
0000006750608436 circpad_cell_event_nonpadding_sent
0000006750614076 circpad_cell_event_nonpadding_sent
0000006750619827 circpad_cell_event_nonpadding_sent
0000006750625457 circpad_cell_event_nonpadding_sent
0000006750631178 circpad_cell_event_nonpadding_sent
0000006750675670 circpad_cell_event_nonpadding_sent
0000006750686260 circpad_cell_event_nonpadding_sent
0000006750692271 circpad_cell_event_nonpadding_sent
0000006750697842 circpad_cell_event_nonpadding_sent
0000006750703422 circpad_cell_event_nonpadding_sent
0000006750709002 circpad_cell_event_nonpadding_sent
0000006750714733 circpad_cell_event_nonpadding_sent
0000006937585568 circpad_cell_event_nonpadding_received
0000006937594535 circpad_cell_event_nonpadding_received
0000006750738918 circpad_cell_event_nonpadding_sent
0000006750777108 circpad_cell_event_nonpadding_sent
0000006750789481 circpad_cell_event_nonpadding_sent
0000006750798568 circpad_cell_event_nonpadding_sent
0000006750807054 circpad_cell_event_nonpadding_sent
0000006750815309 circpad_cell_event_nonpadding_sent
0000006750822873 circpad_cell_event_nonpadding_sent
0000006750828574 circpad_cell_event_nonpadding_sent
0000006750834214 circpad_cell_event_nonpadding_sent
0000006750886151 circpad_cell_event_nonpadding_sent
0000006750897392 circpad_cell_event_nonpadding_sent
0000006750903282 circpad_cell_event_nonpadding_sent
0000006750909113 circpad_cell_event_nonpadding_sent
0000006750914603 circpad_cell_event_nonpadding_sent
0000006750920304 circpad_cell_event_nonpadding_sent
0000006750926055 circpad_cell_event_nonpadding_sent
0000006750942906 circpad_cell_event_nonpadding_sent
0000006750949598 circpad_cell_event_nonpadding_sent
0000006750955629 circpad_cell_event_nonpadding_sent
0000006750966930 circpad_cell_event_nonpadding_sent
0000006750972942 circpad_cell_event_nonpadding_sent
0000006750978642 circpad_cell_event_nonpadding_sent
0000006750984393 circpad_cell_event_nonpadding_sent
0000006762883156 circpad_cell_event_nonpadding_sent
0000006762898684 circpad_cell_event_nonpadding_sent
0000006762904756 circpad_cell_event_nonpadding_sent
0000006762910386 circpad_cell_event_nonpadding_sent
0000006762916047 circpad_cell_event_nonpadding_sent
0000006762921727 circpad_cell_event_nonpadding_sent
0000006762927287 circpad_cell_event_nonpadding_sent
0000006762932828 circpad_cell_event_nonpadding_sent
0000006762948497 circpad_cell_event_nonpadding_sent
0000006859236543 circpad_cell_event_nonpadding_sent
0000006859272530 circpad_cell_event_nonpadding_sent
0000006859280434 circpad_cell_event_nonpadding_sent
0000006859286706 circpad_cell_event_nonpadding_sent
0000006859292697 circpad_cell_event_nonpadding_sent
0000006859298518 circpad_cell_event_nonpadding_sent
0000006859304128 circpad_cell_event_nonpadding_sent
0000006859326319 circpad_cell_event_nonpadding_sent
0000006859333412 circpad_cell_event_nonpadding_sent
0000006859339594 circpad_cell_event_nonpadding_sent
0000006859345395 circpad_cell_event_nonpadding_sent
0000006859351236 circpad_cell_event_nonpadding_sent
0000006859356926 circpad_cell_event_nonpadding_sent
0000006859362627 circpad_cell_event_nonpadding_sent
0000006859368237 circpad_cell_event_nonpadding_sent
0000006859456561 circpad_cell_event_nonpadding_sent
0000006859468373 circpad_cell_event_nonpadding_sent
0000006859474424 circpad_cell_event_nonpadding_sent
0000007046347924 circpad_cell_event_nonpadding_received
0000006859499510 circpad_cell_event_nonpadding_sent
0000006859505522 circpad_cell_event_nonpadding_sent
0000006859511162 circpad_cell_event_nonpadding_sent
0000006859516792 circpad_cell_event_nonpadding_sent
0000006859522453 circpad_cell_event_nonpadding_sent
0000006859577615 circpad_cell_event_nonpadding_sent
0000006859588936 circpad_cell_event_nonpadding_sent
0000006859594917 circpad_cell_event_nonpadding_sent
0000006859600608 circpad_cell_event_nonpadding_sent
0000006859606288 circpad_cell_event_nonpadding_sent
0000006859611879 circpad_cell_event_nonpadding_sent
0000006859617479 circpad_cell_event_nonpadding_sent
0000006859623140 circpad_cell_event_nonpadding_sent
0000006859670197 circpad_cell_event_nonpadding_sent
0000006859681207 circpad_cell_event_nonpadding_sent
0000006859687038 circpad_cell_event_nonpadding_sent
0000006859692679 circpad_cell_event_nonpadding_sent
0000006859698570 circpad_cell_event_nonpadding_sent
0000006859704060 circpad_cell_event_nonpadding_sent
0000006859709650 circpad_cell_event_nonpadding_sent
0000006859726111 circpad_cell_event_nonpadding_sent
0000006859732703 circpad_cell_event_nonpadding_sent
0000006859738694 circpad_cell_event_nonpadding_sent
0000006859744344 circpad_cell_event_nonpadding_sent
0000006859755756 circpad_cell_event_nonpadding_sent
0000006859761596 circpad_cell_event_nonpadding_sent
0000006859767407 circpad_cell_event_nonpadding_sent
0000006859772947 circpad_cell_event_nonpadding_sent
0000006859818792 circpad_cell_event_nonpadding_sent
0000006859830123 circpad_cell_event_nonpadding_sent
0000006859836044 circpad_cell_event_nonpadding_sent
0000006859841665 circpad_cell_event_nonpadding_sent
0000006859847355 circpad_cell_event_nonpadding_sent
0000006859853026 circpad_cell_event_nonpadding_sent
0000006859860019 circpad_cell_event_nonpadding_sent
0000006859868104 circpad_cell_event_nonpadding_sent
0000006887137928 circpad_cell_event_nonpadding_sent
0000006887166521 circpad_cell_event_nonpadding_sent
0000006887173333 circpad_cell_event_nonpadding_sent
0000006887179214 circpad_cell_event_nonpadding_sent
0000006887184915 circpad_cell_event_nonpadding_sent
0000006887190615 circpad_cell_event_nonpadding_sent
0000006887196336 circpad_cell_event_nonpadding_sent
0000007135424559 circpad_cell_event_nonpadding_received
0000007135798132 circpad_cell_event_nonpadding_received
0000007165178068 circpad_cell_event_nonpadding_received
0000007165340630 circpad_cell_event_nonpadding_received
0000007165468667 circpad_cell_event_nonpadding_received
0000007165591936 circpad_cell_event_nonpadding_received
0000007165619126 circpad_cell_event_nonpadding_received
0000007181944436 circpad_cell_event_nonpadding_received
0000007182063147 circpad_cell_event_nonpadding_received
0000007182217573 circpad_cell_event_nonpadding_received
0000007182340200 circpad_cell_event_nonpadding_received
0000007182454903 circpad_cell_event_nonpadding_received
0000007020839667 circpad_cell_event_nonpadding_sent
0000007020874661 circpad_cell_event_nonpadding_sent
0000007020881935 circpad_cell_event_nonpadding_sent
0000007020888257 circpad_cell_event_nonpadding_sent
0000007020894398 circpad_cell_event_nonpadding_sent
0000007020900379 circpad_cell_event_nonpadding_sent
0000007020906400 circpad_cell_event_nonpadding_sent
0000007207777216 circpad_cell_event_nonpadding_received
0000007207790420 circpad_cell_event_nonpadding_received
0000007021003120 circpad_cell_event_nonpadding_sent
0000007021014952 circpad_cell_event_nonpadding_sent
0000007021021504 circpad_cell_event_nonpadding_sent
0000007021027294 circpad_cell_event_nonpadding_sent
0000007021032995 circpad_cell_event_nonpadding_sent
0000007021038676 circpad_cell_event_nonpadding_sent
0000007021044266 circpad_cell_event_nonpadding_sent
0000007021049876 circpad_cell_event_nonpadding_sent
0000007021120066 circpad_cell_event_nonpadding_sent
0000007021132229 circpad_cell_event_nonpadding_sent
0000007021138230 circpad_cell_event_nonpadding_sent
0000007021143921 circpad_cell_event_nonpadding_sent
0000007021158989 circpad_cell_event_nonpadding_sent
0000007021164819 circpad_cell_event_nonpadding_sent
0000007021170590 circpad_cell_event_nonpadding_sent
0000007021176241 circpad_cell_event_nonpadding_sent
0000007021202219 circpad_cell_event_nonpadding_sent
0000007021210093 circpad_cell_event_nonpadding_sent
0000007021215974 circpad_cell_event_nonpadding_sent
0000007021221755 circpad_cell_event_nonpadding_sent
0000007021227496 circpad_cell_event_nonpadding_sent
0000007021233086 circpad_cell_event_nonpadding_sent
0000007021238757 circpad_cell_event_nonpadding_sent
0000007021285854 circpad_cell_event_nonpadding_sent
0000007021296974 circpad_cell_event_nonpadding_sent
0000007021302795 circpad_cell_event_nonpadding_sent
0000007021308486 circpad_cell_event_nonpadding_sent
0000007021314156 circpad_cell_event_nonpadding_sent
0000007021319807 circpad_cell_event_nonpadding_sent
0000007021325387 circpad_cell_event_nonpadding_sent
0000007208503242 circpad_cell_event_nonpadding_received
0000007048681261 circpad_cell_event_nonpadding_sent
0000007048718209 circpad_cell_event_nonpadding_sent
0000007167448788 circpad_cell_event_nonpadding_sent
0000007167487991 circpad_cell_event_nonpadding_sent
0000007167505323 circpad_cell_event_nonpadding_sent
0000007167511765 circpad_cell_event_nonpadding_sent
0000007167517856 circpad_cell_event_nonpadding_sent
0000007167523727 circpad_cell_event_nonpadding_sent
0000007167529508 circpad_cell_event_nonpadding_sent
0000007196445559 circpad_cell_event_nonpadding_sent
0000007196476026 circpad_cell_event_nonpadding_sent
0000007196484592 circpad_cell_event_nonpadding_sent
0000007275567067 circpad_cell_event_nonpadding_sent
0000007275607472 circpad_cell_event_nonpadding_sent
0000007275618132 circpad_cell_event_nonpadding_sent
0000007275624363 circpad_cell_event_nonpadding_sent
0000007275630224 circpad_cell_event_nonpadding_sent
0000007275635905 circpad_cell_event_nonpadding_sent
0000007275641956 circpad_cell_event_nonpadding_sent
0000007275664357 circpad_cell_event_nonpadding_sent
0000007462535393 circpad_cell_event_nonpadding_received
0000007275687220 circpad_cell_event_nonpadding_sent
0000007275693381 circpad_cell_event_nonpadding_sent
0000007275699773 circpad_cell_event_nonpadding_sent
0000007275705734 circpad_cell_event_nonpadding_sent
0000007275711615 circpad_cell_event_nonpadding_sent
0000007275717486 circpad_cell_event_nonpadding_sent
0000007275723166 circpad_cell_event_nonpadding_sent
0000007275830445 circpad_cell_event_nonpadding_sent
0000007275842969 circpad_cell_event_nonpadding_sent
0000007275848940 circpad_cell_event_nonpadding_sent
0000007275854550 circpad_cell_event_nonpadding_sent
0000007275870920 circpad_cell_event_nonpadding_sent
0000007275876942 circpad_cell_event_nonpadding_sent
0000007275882702 circpad_cell_event_nonpadding_sent
0000007275888383 circpad_cell_event_nonpadding_sent
0000007277604916 circpad_cell_event_nonpadding_sent
0000007277627848 circpad_cell_event_nonpadding_sent
0000007277634771 circpad_cell_event_nonpadding_sent
0000007277640862 circpad_cell_event_nonpadding_sent
0000007277646803 circpad_cell_event_nonpadding_sent
0000007277652574 circpad_cell_event_nonpadding_sent
0000007277658174 circpad_cell_event_nonpadding_sent
0000007277663835 circpad_cell_event_nonpadding_sent
0000007277680926 circpad_cell_event_nonpadding_sent
0000007297761630 circpad_cell_event_nonpadding_sent
0000007297802837 circpad_cell_event_nonpadding_sent
0000007297810431 circpad_cell_event_nonpadding_sent
0000007297816572 circpad_cell_event_nonpadding_sent
0000007297822613 circpad_cell_event_nonpadding_sent
0000007297828925 circpad_cell_event_nonpadding_sent
0000007297834956 circpad_cell_event_nonpadding_sent
0000007297857238 circpad_cell_event_nonpadding_sent
0000007297864531 circpad_cell_event_nonpadding_sent
0000007297870993 circpad_cell_event_nonpadding_sent
0000007297876894 circpad_cell_event_nonpadding_sent
0000007297882795 circpad_cell_event_nonpadding_sent
0000007297888616 circpad_cell_event_nonpadding_sent
0000007297894396 circpad_cell_event_nonpadding_sent
0000007303932051 circpad_cell_event_nonpadding_sent
0000007303977816 circpad_cell_event_nonpadding_sent
0000007303985250 circpad_cell_event_nonpadding_sent
0000007303991432 circpad_cell_event_nonpadding_sent
0000007303997433 circpad_cell_event_nonpadding_sent
0000007304003324 circpad_cell_event_nonpadding_sent
0000007304009285 circpad_cell_event_nonpadding_sent
0000007304015346 circpad_cell_event_nonpadding_sent
0000007335742765 circpad_cell_event_nonpadding_sent
0000007335771949 circpad_cell_event_nonpadding_sent
0000007362682988 circpad_cell_event_nonpadding_sent
0000007362817317 circpad_cell_event_nonpadding_sent
0000007362829620 circpad_cell_event_nonpadding_sent
0000007549701647 circpad_cell_event_nonpadding_received
0000007549715553 circpad_cell_event_nonpadding_received
0000007362860357 circpad_cell_event_nonpadding_sent
0000007362866608 circpad_cell_event_nonpadding_sent
0000007362872489 circpad_cell_event_nonpadding_sent
0000007362878520 circpad_cell_event_nonpadding_sent
0000007362953099 circpad_cell_event_nonpadding_sent
0000007362964029 circpad_cell_event_nonpadding_sent
0000007362969980 circpad_cell_event_nonpadding_sent
0000007362975741 circpad_cell_event_nonpadding_sent
0000007362981872 circpad_cell_event_nonpadding_sent
0000007362987673 circpad_cell_event_nonpadding_sent
0000007362993514 circpad_cell_event_nonpadding_sent
0000007363060698 circpad_cell_event_nonpadding_sent
0000007363072330 circpad_cell_event_nonpadding_sent
0000007363078261 circpad_cell_event_nonpadding_sent
0000007363106203 circpad_cell_event_nonpadding_sent
0000007363113446 circpad_cell_event_nonpadding_sent
0000007363119277 circpad_cell_event_nonpadding_sent
0000007363124887 circpad_cell_event_nonpadding_sent
0000007363130457 circpad_cell_event_nonpadding_sent
0000007363136038 circpad_cell_event_nonpadding_sent
0000007363142169 circpad_cell_event_nonpadding_sent
0000007363162347 circpad_cell_event_nonpadding_sent
0000007363169901 circpad_cell_event_nonpadding_sent
0000007363175741 circpad_cell_event_nonpadding_sent
0000007363181532 circpad_cell_event_nonpadding_sent
0000007363187293 circpad_cell_event_nonpadding_sent
0000007363192983 circpad_cell_event_nonpadding_sent
0000007363198674 circpad_cell_event_nonpadding_sent
0000007363204334 circpad_cell_event_nonpadding_sent
0000007363220144 circpad_cell_event_nonpadding_sent
0000007363235532 circpad_cell_event_nonpadding_sent
0000007363242846 circpad_cell_event_nonpadding_sent
0000007363248546 circpad_cell_event_nonpadding_sent
0000007363254197 circpad_cell_event_nonpadding_sent
0000007363259867 circpad_cell_event_nonpadding_sent
0000007363265818 circpad_cell_event_nonpadding_sent
0000007363271409 circpad_cell_event_nonpadding_sent
0000007364037820 circpad_cell_event_nonpadding_sent
0000007364050594 circpad_cell_event_nonpadding_sent
0000007364056605 circpad_cell_event_nonpadding_sent
0000007364062245 circpad_cell_event_nonpadding_sent
0000007364073767 circpad_cell_event_nonpadding_sent
0000007364079587 circpad_cell_event_nonpadding_sent
0000007364085288 circpad_cell_event_nonpadding_sent
0000007364090898 circpad_cell_event_nonpadding_sent
0000007364106427 circpad_cell_event_nonpadding_sent
0000007551228799 circpad_cell_event_nonpadding_received
0000007551249918 circpad_cell_event_nonpadding_received
0000007373494575 circpad_cell_event_nonpadding_sent
0000007373532906 circpad_cell_event_nonpadding_sent
0000007373555658 circpad_cell_event_nonpadding_sent
0000007373562441 circpad_cell_event_nonpadding_sent
0000007560430421 circpad_cell_event_nonpadding_received
0000007373576747 circpad_cell_event_nonpadding_sent
0000007373629455 circpad_cell_event_nonpadding_sent
0000007373639253 circpad_cell_event_nonpadding_sent
0000007373645094 circpad_cell_event_nonpadding_sent
0000007373650804 circpad_cell_event_nonpadding_sent
0000007373657086 circpad_cell_event_nonpadding_sent
0000007373662957 circpad_cell_event_nonpadding_sent
0000007373668778 circpad_cell_event_nonpadding_sent
0000007373704243 circpad_cell_event_nonpadding_sent
0000007373714382 circpad_cell_event_nonpadding_sent
0000007373720373 circpad_cell_event_nonpadding_sent
0000007373726184 circpad_cell_event_nonpadding_sent
0000007373732005 circpad_cell_event_nonpadding_sent
0000007373737856 circpad_cell_event_nonpadding_sent
0000007373743657 circpad_cell_event_nonpadding_sent
0000007373749357 circpad_cell_event_nonpadding_sent
0000007373772520 circpad_cell_event_nonpadding_sent
0000007373780004 circpad_cell_event_nonpadding_sent
0000007373786366 circpad_cell_event_nonpadding_sent
0000007373792197 circpad_cell_event_nonpadding_sent
0000007373797977 circpad_cell_event_nonpadding_sent
0000007373803788 circpad_cell_event_nonpadding_sent
0000007373809599 circpad_cell_event_nonpadding_sent
0000007373815360 circpad_cell_event_nonpadding_sent
0000007374971002 circpad_cell_event_nonpadding_sent
0000007374983646 circpad_cell_event_nonpadding_sent
0000007374989757 circpad_cell_event_nonpadding_sent
0000007374995568 circpad_cell_event_nonpadding_sent
0000007375001379 circpad_cell_event_nonpadding_sent
0000007375007219 circpad_cell_event_nonpadding_sent
0000007375013040 circpad_cell_event_nonpadding_sent
0000007375018771 circpad_cell_event_nonpadding_sent
0000007375033218 circpad_cell_event_nonpadding_sent
0000007392480228 circpad_cell_event_nonpadding_sent
0000007392530271 circpad_cell_event_nonpadding_sent
0000007392543786 circpad_cell_event_nonpadding_sent
0000007394732514 circpad_cell_event_nonpadding_sent
0000007394777888 circpad_cell_event_nonpadding_sent
0000007394804768 circpad_cell_event_nonpadding_sent
0000007394815789 circpad_cell_event_nonpadding_sent
0000007394821619 circpad_cell_event_nonpadding_sent
0000007394827360 circpad_cell_event_nonpadding_sent
0000007394832980 circpad_cell_event_nonpadding_sent
0000007394852396 circpad_cell_event_nonpadding_sent
0000007394869478 circpad_cell_event_nonpadding_sent
0000007394876050 circpad_cell_event_nonpadding_sent
0000007394881791 circpad_cell_event_nonpadding_sent
0000007394887532 circpad_cell_event_nonpadding_sent
0000007394893192 circpad_cell_event_nonpadding_sent
0000007394899013 circpad_cell_event_nonpadding_sent
0000007581770069 circpad_cell_event_nonpadding_received
0000007394921965 circpad_cell_event_nonpadding_sent
0000007581807528 circpad_cell_event_nonpadding_received
0000007420234009 circpad_cell_event_nonpadding_sent
0000007420253565 circpad_cell_event_nonpadding_sent
0000007420259767 circpad_cell_event_nonpadding_sent
0000007420265558 circpad_cell_event_nonpadding_sent
0000007420271379 circpad_cell_event_nonpadding_sent
0000007420277089 circpad_cell_event_nonpadding_sent
0000007420282800 circpad_cell_event_nonpadding_sent
0000007420288550 circpad_cell_event_nonpadding_sent
0000007448129864 circpad_cell_event_nonpadding_sent
0000007448174647 circpad_cell_event_nonpadding_sent
0000007448183473 circpad_cell_event_nonpadding_sent
0000007448191679 circpad_cell_event_nonpadding_sent
0000007448199673 circpad_cell_event_nonpadding_sent
0000007502732068 circpad_cell_event_nonpadding_sent
0000007502757465 circpad_cell_event_nonpadding_sent
0000007502764357 circpad_cell_event_nonpadding_sent
0000007502770278 circpad_cell_event_nonpadding_sent
0000007502776119 circpad_cell_event_nonpadding_sent
0000007502781950 circpad_cell_event_nonpadding_sent
0000007502796487 circpad_cell_event_nonpadding_sent
0000007571539148 circpad_cell_event_nonpadding_sent
0000007687065907 circpad_cell_event_nonpadding_sent
0000007875122000 circpad_cell_event_nonpadding_received
0000007875147768 circpad_cell_event_nonpadding_received
0000007963075613 circpad_cell_event_nonpadding_received
0000007963159859 circpad_cell_event_nonpadding_received
0000007830486055 circpad_cell_event_nonpadding_sent
0000007830522863 circpad_cell_event_nonpadding_sent
0000007830529866 circpad_cell_event_nonpadding_sent
0000007830536178 circpad_cell_event_nonpadding_sent
0000007830542420 circpad_cell_event_nonpadding_sent
0000007830548511 circpad_cell_event_nonpadding_sent
0000007830554632 circpad_cell_event_nonpadding_sent
0000007858510177 circpad_cell_event_nonpadding_sent
0000008046482455 circpad_cell_event_nonpadding_received
0000008046763637 circpad_cell_event_nonpadding_received
0000008046787030 circpad_cell_event_nonpadding_received
0000007978878443 circpad_cell_event_nonpadding_sent
0000007978915692 circpad_cell_event_nonpadding_sent
0000007978922826 circpad_cell_event_nonpadding_sent
0000007978929418 circpad_cell_event_nonpadding_sent
0000007978935880 circpad_cell_event_nonpadding_sent
0000007978942061 circpad_cell_event_nonpadding_sent
0000007978948343 circpad_cell_event_nonpadding_sent
0000008006591148 circpad_cell_event_nonpadding_sent
0000008194616104 circpad_cell_event_nonpadding_received
0000008194905310 circpad_cell_event_nonpadding_received
0000008194934825 circpad_cell_event_nonpadding_received
0000008145517823 circpad_cell_event_nonpadding_sent
0000008145539103 circpad_cell_event_nonpadding_sent
0000008145545735 circpad_cell_event_nonpadding_sent
0000008145551656 circpad_cell_event_nonpadding_sent
0000008145557507 circpad_cell_event_nonpadding_sent
0000008145563588 circpad_cell_event_nonpadding_sent
0000008145569449 circpad_cell_event_nonpadding_sent
0000008204006764 circpad_cell_event_nonpadding_sent
0000008204042290 circpad_cell_event_nonpadding_sent
0000008204049082 circpad_cell_event_nonpadding_sent
0000008293525909 circpad_cell_event_nonpadding_sent
0000008293563118 circpad_cell_event_nonpadding_sent
0000008480566850 circpad_cell_event_nonpadding_received
0000008380531033 circpad_cell_event_nonpadding_sent
0000008380555127 circpad_cell_event_nonpadding_sent
0000008478386928 circpad_cell_event_nonpadding_sent
0000008478407736 circpad_cell_event_nonpadding_sent
0000008665373468 circpad_cell_event_nonpadding_received
0000008506446142 circpad_cell_event_nonpadding_sent
0000008506464286 circpad_cell_event_nonpadding_sent
0000008693525103 circpad_cell_event_nonpadding_received
0000008693594242 circpad_cell_event_nonpadding_received
0000008693613317 circpad_cell_event_nonpadding_received
