0000000233028479 circpad_cell_event_nonpadding_received
0000000257324588 circpad_cell_event_nonpadding_sent
0000001482672717 circpad_cell_event_nonpadding_received
0000001529007863 circpad_cell_event_nonpadding_sent
0000001685398891 circpad_cell_event_nonpadding_received
0000001685436681 circpad_cell_event_nonpadding_received
0000001730029732 circpad_cell_event_nonpadding_sent
0000001730069397 circpad_cell_event_nonpadding_sent
0000001730077020 circpad_cell_event_nonpadding_sent
0000001730083823 circpad_cell_event_nonpadding_sent
0000001730090355 circpad_cell_event_nonpadding_sent
0000001730096717 circpad_cell_event_nonpadding_sent
0000001730103280 circpad_cell_event_nonpadding_sent
0000001833562573 circpad_cell_event_nonpadding_sent
0000001991562887 circpad_cell_event_nonpadding_received
0000002019680403 circpad_cell_event_nonpadding_sent
0000002175042072 circpad_cell_event_nonpadding_received
0000002236297683 circpad_cell_event_nonpadding_sent
0000002236336695 circpad_cell_event_nonpadding_sent
0000002392946109 circpad_cell_event_nonpadding_received
0000002393250863 circpad_cell_event_nonpadding_received
0000002393273135 circpad_cell_event_nonpadding_received
0000002419543784 circpad_cell_event_nonpadding_sent
0000002574827720 circpad_cell_event_nonpadding_received
0000002541272563 circpad_cell_event_nonpadding_sent
0000002651125711 circpad_cell_event_nonpadding_sent
0000002651161489 circpad_cell_event_nonpadding_sent
0000002806544378 circpad_cell_event_nonpadding_received
0000002822213661 circpad_cell_event_nonpadding_received
0000002970902921 circpad_cell_event_nonpadding_sent
0000003127198051 circpad_cell_event_nonpadding_received
0000003127228899 circpad_cell_event_nonpadding_received
0000003157794773 circpad_cell_event_nonpadding_sent
0000003157826843 circpad_cell_event_nonpadding_sent
0000003157834958 circpad_cell_event_nonpadding_sent
0000003157841670 circpad_cell_event_nonpadding_sent
0000003157848003 circpad_cell_event_nonpadding_sent
0000003157854505 circpad_cell_event_nonpadding_sent
0000003315341315 circpad_cell_event_nonpadding_received
0000003349198583 circpad_cell_event_nonpadding_sent
0000003349249506 circpad_cell_event_nonpadding_sent
0000003505484556 circpad_cell_event_nonpadding_received
0000003505769694 circpad_cell_event_nonpadding_received
0000003505792498 circpad_cell_event_nonpadding_received
0000003672752966 circpad_cell_event_nonpadding_sent
0000003672792718 circpad_cell_event_nonpadding_sent
0000003828036511 circpad_cell_event_nonpadding_received
0000003765590404 circpad_cell_event_nonpadding_sent
0000003765628715 circpad_cell_event_nonpadding_sent
0000003765636439 circpad_cell_event_nonpadding_sent
0000003765642661 circpad_cell_event_nonpadding_sent
0000003765648581 circpad_cell_event_nonpadding_sent
0000003765654301 circpad_cell_event_nonpadding_sent
0000003765659952 circpad_cell_event_nonpadding_sent
0000003767205599 circpad_cell_event_nonpadding_sent
0000003767231265 circpad_cell_event_nonpadding_sent
0000003793461572 circpad_cell_event_nonpadding_sent
0000003793514851 circpad_cell_event_nonpadding_sent
0000003869996912 circpad_cell_event_nonpadding_sent
0000003870032970 circpad_cell_event_nonpadding_sent
0000003870040683 circpad_cell_event_nonpadding_sent
0000003870047576 circpad_cell_event_nonpadding_sent
0000003870053998 circpad_cell_event_nonpadding_sent
0000003870060080 circpad_cell_event_nonpadding_sent
0000003870066131 circpad_cell_event_nonpadding_sent
0000003878796388 circpad_cell_event_nonpadding_sent
0000003878830181 circpad_cell_event_nonpadding_sent
0000003878838738 circpad_cell_event_nonpadding_sent
0000003878844678 circpad_cell_event_nonpadding_sent
0000003878850528 circpad_cell_event_nonpadding_sent
0000003878856530 circpad_cell_event_nonpadding_sent
0000003878862542 circpad_cell_event_nonpadding_sent
0000003878868463 circpad_cell_event_nonpadding_sent
0000003898019352 circpad_cell_event_nonpadding_sent
0000003898048666 circpad_cell_event_nonpadding_sent
0000003898056371 circpad_cell_event_nonpadding_sent
0000003898063665 circpad_cell_event_nonpadding_sent
0000003971206724 circpad_cell_event_nonpadding_sent
0000003971239085 circpad_cell_event_nonpadding_sent
0000003971247680 circpad_cell_event_nonpadding_sent
0000003999344418 circpad_cell_event_nonpadding_sent
0000003999382618 circpad_cell_event_nonpadding_sent
0000003999391004 circpad_cell_event_nonpadding_sent
0000003999397967 circpad_cell_event_nonpadding_sent
0000003999404450 circpad_cell_event_nonpadding_sent
0000003999410581 circpad_cell_event_nonpadding_sent
0000003999416721 circpad_cell_event_nonpadding_sent
0000003999437350 circpad_cell_event_nonpadding_sent
0000004081786651 circpad_cell_event_nonpadding_sent
0000004236918254 circpad_cell_event_nonpadding_received
0000004081820854 circpad_cell_event_nonpadding_sent
0000004081827967 circpad_cell_event_nonpadding_sent
0000004081834349 circpad_cell_event_nonpadding_sent
0000004081840712 circpad_cell_event_nonpadding_sent
0000004081847093 circpad_cell_event_nonpadding_sent
0000004081863864 circpad_cell_event_nonpadding_sent
0000004092566710 circpad_cell_event_nonpadding_sent
0000004092591294 circpad_cell_event_nonpadding_sent
0000004092598237 circpad_cell_event_nonpadding_sent
0000004092604509 circpad_cell_event_nonpadding_sent
0000004092610681 circpad_cell_event_nonpadding_sent
0000004092616873 circpad_cell_event_nonpadding_sent
0000004092623305 circpad_cell_event_nonpadding_sent
0000004098321941 circpad_cell_event_nonpadding_sent
0000004098358860 circpad_cell_event_nonpadding_sent
0000004098367344 circpad_cell_event_nonpadding_sent
0000004098375440 circpad_cell_event_nonpadding_sent
0000004098383554 circpad_cell_event_nonpadding_sent
0000004102040927 circpad_cell_event_nonpadding_sent
0000004102074159 circpad_cell_event_nonpadding_sent
0000004102083375 circpad_cell_event_nonpadding_sent
0000004102090930 circpad_cell_event_nonpadding_sent
0000004102099075 circpad_cell_event_nonpadding_sent
0000004102107540 circpad_cell_event_nonpadding_sent
0000004102115675 circpad_cell_event_nonpadding_sent
0000004260690462 circpad_cell_event_nonpadding_received
0000004261644182 circpad_cell_event_nonpadding_received
0000004267145101 circpad_cell_event_nonpadding_received
0000004276886163 circpad_cell_event_nonpadding_received
0000004126262387 circpad_cell_event_nonpadding_sent
0000004126280651 circpad_cell_event_nonpadding_sent
0000004204044239 circpad_cell_event_nonpadding_sent
0000004204076589 circpad_cell_event_nonpadding_sent
0000004204083453 circpad_cell_event_nonpadding_sent
0000004204089473 circpad_cell_event_nonpadding_sent
0000004204095715 circpad_cell_event_nonpadding_sent
0000004212997701 circpad_cell_event_nonpadding_sent
0000004213016005 circpad_cell_event_nonpadding_sent
0000004368133251 circpad_cell_event_nonpadding_received
0000004213038097 circpad_cell_event_nonpadding_sent
0000004213044158 circpad_cell_event_nonpadding_sent
0000004213049829 circpad_cell_event_nonpadding_sent
0000004213055509 circpad_cell_event_nonpadding_sent
0000004213061319 circpad_cell_event_nonpadding_sent
0000004222221123 circpad_cell_event_nonpadding_sent
0000004222248794 circpad_cell_event_nonpadding_sent
0000004222265526 circpad_cell_event_nonpadding_sent
0000004222271476 circpad_cell_event_nonpadding_sent
0000004222277178 circpad_cell_event_nonpadding_sent
0000004222282757 circpad_cell_event_nonpadding_sent
0000004222288518 circpad_cell_event_nonpadding_sent
0000004222308555 circpad_cell_event_nonpadding_sent
0000004222315920 circpad_cell_event_nonpadding_sent
0000004222323062 circpad_cell_event_nonpadding_sent
0000004318430032 circpad_cell_event_nonpadding_sent
0000004473566935 circpad_cell_event_nonpadding_received
0000004318473503 circpad_cell_event_nonpadding_sent
0000004318479975 circpad_cell_event_nonpadding_sent
0000004318485687 circpad_cell_event_nonpadding_sent
0000004318497318 circpad_cell_event_nonpadding_sent
0000004318503278 circpad_cell_event_nonpadding_sent
0000004346263391 circpad_cell_event_nonpadding_sent
0000004346292104 circpad_cell_event_nonpadding_sent
0000004346298577 circpad_cell_event_nonpadding_sent
0000004346304367 circpad_cell_event_nonpadding_sent
0000004346310129 circpad_cell_event_nonpadding_sent
0000004346315769 circpad_cell_event_nonpadding_sent
0000004346321360 circpad_cell_event_nonpadding_sent
0000004346358678 circpad_cell_event_nonpadding_sent
0000004541960008 circpad_cell_event_nonpadding_sent
0000004541997708 circpad_cell_event_nonpadding_sent
0000004542005342 circpad_cell_event_nonpadding_sent
0000004542011433 circpad_cell_event_nonpadding_sent
0000004542017575 circpad_cell_event_nonpadding_sent
0000004542023475 circpad_cell_event_nonpadding_sent
0000004542029167 circpad_cell_event_nonpadding_sent
0000004542051918 circpad_cell_event_nonpadding_sent
0000004542059222 circpad_cell_event_nonpadding_sent
0000004542065474 circpad_cell_event_nonpadding_sent
0000004542071053 circpad_cell_event_nonpadding_sent
0000004542076615 circpad_cell_event_nonpadding_sent
0000004542082185 circpad_cell_event_nonpadding_sent
0000004542087704 circpad_cell_event_nonpadding_sent
0000004542093195 circpad_cell_event_nonpadding_sent
0000004542141674 circpad_cell_event_nonpadding_sent
0000004542152636 circpad_cell_event_nonpadding_sent
0000004542158566 circpad_cell_event_nonpadding_sent
0000004542164286 circpad_cell_event_nonpadding_sent
0000004542169927 circpad_cell_event_nonpadding_sent
0000004542194513 circpad_cell_event_nonpadding_sent
0000004542201034 circpad_cell_event_nonpadding_sent
0000004542206776 circpad_cell_event_nonpadding_sent
0000004697483277 circpad_cell_event_nonpadding_received
0000004698952883 circpad_cell_event_nonpadding_received
0000004698993889 circpad_cell_event_nonpadding_received
0000004569713930 circpad_cell_event_nonpadding_sent
0000004569763312 circpad_cell_event_nonpadding_sent
0000004569810288 circpad_cell_event_nonpadding_sent
0000004569819887 circpad_cell_event_nonpadding_sent
0000004726126888 circpad_cell_event_nonpadding_received
0000004578600448 circpad_cell_event_nonpadding_sent
0000004578615955 circpad_cell_event_nonpadding_sent
0000004578622518 circpad_cell_event_nonpadding_sent
0000004578628418 circpad_cell_event_nonpadding_sent
0000004578634320 circpad_cell_event_nonpadding_sent
0000004578640271 circpad_cell_event_nonpadding_sent
0000004578646101 circpad_cell_event_nonpadding_sent
0000004597510710 circpad_cell_event_nonpadding_sent
0000004597537339 circpad_cell_event_nonpadding_sent
0000004651269590 circpad_cell_event_nonpadding_sent
0000004651307460 circpad_cell_event_nonpadding_sent
0000004806425308 circpad_cell_event_nonpadding_received
0000004651330533 circpad_cell_event_nonpadding_sent
0000004651336716 circpad_cell_event_nonpadding_sent
0000004651342506 circpad_cell_event_nonpadding_sent
0000004651348086 circpad_cell_event_nonpadding_sent
0000004651354068 circpad_cell_event_nonpadding_sent
0000004681272092 circpad_cell_event_nonpadding_sent
0000004681302107 circpad_cell_event_nonpadding_sent
0000004681309201 circpad_cell_event_nonpadding_sent
0000004681315332 circpad_cell_event_nonpadding_sent
0000004681321223 circpad_cell_event_nonpadding_sent
0000004681326984 circpad_cell_event_nonpadding_sent
0000004681332674 circpad_cell_event_nonpadding_sent
0000004750528927 circpad_cell_event_nonpadding_sent
0000004750561188 circpad_cell_event_nonpadding_sent
0000004750569002 circpad_cell_event_nonpadding_sent
0000004928600194 circpad_cell_event_nonpadding_received
0000004778297395 circpad_cell_event_nonpadding_sent
0000004778325236 circpad_cell_event_nonpadding_sent
0000004778333612 circpad_cell_event_nonpadding_sent
0000004778340775 circpad_cell_event_nonpadding_sent
0000004778347657 circpad_cell_event_nonpadding_sent
0000004778354460 circpad_cell_event_nonpadding_sent
0000004778360973 circpad_cell_event_nonpadding_sent
0000004796323429 circpad_cell_event_nonpadding_sent
0000004796350328 circpad_cell_event_nonpadding_sent
0000004796358364 circpad_cell_event_nonpadding_sent
0000004796365546 circpad_cell_event_nonpadding_sent
0000004806813579 circpad_cell_event_nonpadding_sent
0000004806836342 circpad_cell_event_nonpadding_sent
0000004806844587 circpad_cell_event_nonpadding_sent
0000004806850849 circpad_cell_event_nonpadding_sent
0000004806856729 circpad_cell_event_nonpadding_sent
0000004806862550 circpad_cell_event_nonpadding_sent
0000004806868412 circpad_cell_event_nonpadding_sent
0000004834992820 circpad_cell_event_nonpadding_sent
0000004990143297 circpad_cell_event_nonpadding_received
0000004880159397 circpad_cell_event_nonpadding_sent
0000004880187811 circpad_cell_event_nonpadding_sent
0000004880195284 circpad_cell_event_nonpadding_sent
0000004880201375 circpad_cell_event_nonpadding_sent
0000004880207137 circpad_cell_event_nonpadding_sent
0000004880212837 circpad_cell_event_nonpadding_sent
0000004880218528 circpad_cell_event_nonpadding_sent
0000004912059325 circpad_cell_event_nonpadding_sent
0000004912073110 circpad_cell_event_nonpadding_sent
0000004912091715 circpad_cell_event_nonpadding_sent
0000004912099629 circpad_cell_event_nonpadding_sent
0000004912105550 circpad_cell_event_nonpadding_sent
0000004912111321 circpad_cell_event_nonpadding_sent
0000004912117102 circpad_cell_event_nonpadding_sent
0000004912122733 circpad_cell_event_nonpadding_sent
0000004912128373 circpad_cell_event_nonpadding_sent
0000005067243496 circpad_cell_event_nonpadding_received
0000004939120622 circpad_cell_event_nonpadding_sent
0000004939146359 circpad_cell_event_nonpadding_sent
0000004939154656 circpad_cell_event_nonpadding_sent
0000004939161808 circpad_cell_event_nonpadding_sent
0000004985556674 circpad_cell_event_nonpadding_sent
0000004985580228 circpad_cell_event_nonpadding_sent
0000004985588423 circpad_cell_event_nonpadding_sent
0000004991567890 circpad_cell_event_nonpadding_sent
0000004991590643 circpad_cell_event_nonpadding_sent
0000004991599158 circpad_cell_event_nonpadding_sent
0000004991606031 circpad_cell_event_nonpadding_sent
0000004991612934 circpad_cell_event_nonpadding_sent
0000005019586671 circpad_cell_event_nonpadding_sent
0000005019610045 circpad_cell_event_nonpadding_sent
0000005019618189 circpad_cell_event_nonpadding_sent
0000005019625172 circpad_cell_event_nonpadding_sent
0000005019631844 circpad_cell_event_nonpadding_sent
0000005019637566 circpad_cell_event_nonpadding_sent
0000005019643226 circpad_cell_event_nonpadding_sent
0000005019659996 circpad_cell_event_nonpadding_sent
0000005054471614 circpad_cell_event_nonpadding_sent
0000005054506209 circpad_cell_event_nonpadding_sent
0000005054516898 circpad_cell_event_nonpadding_sent
0000005076764169 circpad_cell_event_nonpadding_sent
0000005076787933 circpad_cell_event_nonpadding_sent
0000005076796110 circpad_cell_event_nonpadding_sent
0000005076803222 circpad_cell_event_nonpadding_sent
0000005076809203 circpad_cell_event_nonpadding_sent
0000005076815004 circpad_cell_event_nonpadding_sent
0000005076820734 circpad_cell_event_nonpadding_sent
0000005082677604 circpad_cell_event_nonpadding_sent
0000005082697551 circpad_cell_event_nonpadding_sent
0000005110444280 circpad_cell_event_nonpadding_sent
0000005110478253 circpad_cell_event_nonpadding_sent
0000005110494562 circpad_cell_event_nonpadding_sent
0000005110504892 circpad_cell_event_nonpadding_sent
0000005110512566 circpad_cell_event_nonpadding_sent
0000005129071938 circpad_cell_event_nonpadding_sent
0000005129094920 circpad_cell_event_nonpadding_sent
0000005129102273 circpad_cell_event_nonpadding_sent
0000005129108956 circpad_cell_event_nonpadding_sent
0000005129115297 circpad_cell_event_nonpadding_sent
0000005129121480 circpad_cell_event_nonpadding_sent
0000005129127780 circpad_cell_event_nonpadding_sent
0000005138220611 circpad_cell_event_nonpadding_sent
0000005138238895 circpad_cell_event_nonpadding_sent
0000005138245688 circpad_cell_event_nonpadding_sent
0000005138252089 circpad_cell_event_nonpadding_sent
0000005211206081 circpad_cell_event_nonpadding_sent
0000005211214197 circpad_cell_event_nonpadding_sent
0000005366329550 circpad_cell_event_nonpadding_received
0000005211232771 circpad_cell_event_nonpadding_sent
0000005211238742 circpad_cell_event_nonpadding_sent
0000005211244432 circpad_cell_event_nonpadding_sent
0000005211250062 circpad_cell_event_nonpadding_sent
0000005232244630 circpad_cell_event_nonpadding_sent
0000005232263376 circpad_cell_event_nonpadding_sent
0000005232269768 circpad_cell_event_nonpadding_sent
0000005232275479 circpad_cell_event_nonpadding_sent
0000005232281328 circpad_cell_event_nonpadding_sent
0000005238713996 circpad_cell_event_nonpadding_sent
0000005238731368 circpad_cell_event_nonpadding_sent
0000005238737530 circpad_cell_event_nonpadding_sent
0000005238743280 circpad_cell_event_nonpadding_sent
0000005238748982 circpad_cell_event_nonpadding_sent
0000005238767686 circpad_cell_event_nonpadding_sent
0000005271382740 circpad_cell_event_nonpadding_sent
0000005271400723 circpad_cell_event_nonpadding_sent
0000005271407054 circpad_cell_event_nonpadding_sent
0000005271412785 circpad_cell_event_nonpadding_sent
0000005271418575 circpad_cell_event_nonpadding_sent
0000005342362570 circpad_cell_event_nonpadding_sent
0000005342396884 circpad_cell_event_nonpadding_sent
0000005342402474 circpad_cell_event_nonpadding_sent
0000005350974268 circpad_cell_event_nonpadding_sent
0000005350994236 circpad_cell_event_nonpadding_sent
0000005350998945 circpad_cell_event_nonpadding_sent
0000005351002961 circpad_cell_event_nonpadding_sent
0000005351006888 circpad_cell_event_nonpadding_sent
0000005351010827 circpad_cell_event_nonpadding_sent
0000005351014683 circpad_cell_event_nonpadding_sent
0000005351062332 circpad_cell_event_nonpadding_sent
0000005351083271 circpad_cell_event_nonpadding_sent
0000005351090685 circpad_cell_event_nonpadding_sent
0000005351097457 circpad_cell_event_nonpadding_sent
0000005506215305 circpad_cell_event_nonpadding_received
0000005351119036 circpad_cell_event_nonpadding_sent
0000005351123504 circpad_cell_event_nonpadding_sent
0000005351127453 circpad_cell_event_nonpadding_sent
0000005351131430 circpad_cell_event_nonpadding_sent
0000005370383715 circpad_cell_event_nonpadding_sent
0000005370409404 circpad_cell_event_nonpadding_sent
0000005370416426 circpad_cell_event_nonpadding_sent
0000005370433148 circpad_cell_event_nonpadding_sent
0000005370440131 circpad_cell_event_nonpadding_sent
0000005525771625 circpad_cell_event_nonpadding_received
0000005438441960 circpad_cell_event_nonpadding_sent
0000005438479059 circpad_cell_event_nonpadding_sent
0000005438485700 circpad_cell_event_nonpadding_sent
0000005438498564 circpad_cell_event_nonpadding_sent
0000005438504556 circpad_cell_event_nonpadding_sent
0000005438510286 circpad_cell_event_nonpadding_sent
0000005438516016 circpad_cell_event_nonpadding_sent
0000005593631090 circpad_cell_event_nonpadding_received
0000005458842517 circpad_cell_event_nonpadding_sent
0000005466342503 circpad_cell_event_nonpadding_sent
0000005466357040 circpad_cell_event_nonpadding_sent
0000005466363212 circpad_cell_event_nonpadding_sent
0000005466368973 circpad_cell_event_nonpadding_sent
0000005466374643 circpad_cell_event_nonpadding_sent
0000005466380223 circpad_cell_event_nonpadding_sent
0000005466385914 circpad_cell_event_nonpadding_sent
0000005466406691 circpad_cell_event_nonpadding_sent
0000005494413661 circpad_cell_event_nonpadding_sent
0000005494432758 circpad_cell_event_nonpadding_sent
0000005494439078 circpad_cell_event_nonpadding_sent
0000005494444819 circpad_cell_event_nonpadding_sent
0000005494450531 circpad_cell_event_nonpadding_sent
0000005494456201 circpad_cell_event_nonpadding_sent
0000005494461981 circpad_cell_event_nonpadding_sent
0000005522601277 circpad_cell_event_nonpadding_sent
0000005522628367 circpad_cell_event_nonpadding_sent
0000005522634850 circpad_cell_event_nonpadding_sent
0000005522640721 circpad_cell_event_nonpadding_sent
0000005550461576 circpad_cell_event_nonpadding_sent
0000005550482304 circpad_cell_event_nonpadding_sent
0000005550500668 circpad_cell_event_nonpadding_sent
0000005550508062 circpad_cell_event_nonpadding_sent
0000005550513842 circpad_cell_event_nonpadding_sent
0000005550519594 circpad_cell_event_nonpadding_sent
0000005583263888 circpad_cell_event_nonpadding_sent
0000005583281120 circpad_cell_event_nonpadding_sent
0000005583287391 circpad_cell_event_nonpadding_sent
0000005583293163 circpad_cell_event_nonpadding_sent
0000005583298824 circpad_cell_event_nonpadding_sent
0000005583304504 circpad_cell_event_nonpadding_sent
0000005583310274 circpad_cell_event_nonpadding_sent
0000005593926199 circpad_cell_event_nonpadding_sent
0000005593943720 circpad_cell_event_nonpadding_sent
0000005593949923 circpad_cell_event_nonpadding_sent
0000005593955684 circpad_cell_event_nonpadding_sent
0000005593961324 circpad_cell_event_nonpadding_sent
0000005593966903 circpad_cell_event_nonpadding_sent
0000005593972565 circpad_cell_event_nonpadding_sent
0000005611528174 circpad_cell_event_nonpadding_sent
0000005611544936 circpad_cell_event_nonpadding_sent
0000005611551237 circpad_cell_event_nonpadding_sent
0000005639841082 circpad_cell_event_nonpadding_sent
0000005639858766 circpad_cell_event_nonpadding_sent
0000005667673319 circpad_cell_event_nonpadding_sent
0000005667692625 circpad_cell_event_nonpadding_sent
0000005667699297 circpad_cell_event_nonpadding_sent
0000005667705178 circpad_cell_event_nonpadding_sent
0000005667710978 circpad_cell_event_nonpadding_sent
0000005822825991 circpad_cell_event_nonpadding_received
0000005667730034 circpad_cell_event_nonpadding_sent
0000005678788209 circpad_cell_event_nonpadding_sent
0000005678824957 circpad_cell_event_nonpadding_sent
0000005678831278 circpad_cell_event_nonpadding_sent
0000005678836978 circpad_cell_event_nonpadding_sent
0000005678842709 circpad_cell_event_nonpadding_sent
0000005678848419 circpad_cell_event_nonpadding_sent
0000005678854110 circpad_cell_event_nonpadding_sent
0000005689410424 circpad_cell_event_nonpadding_sent
0000005689429258 circpad_cell_event_nonpadding_sent
0000005689450198 circpad_cell_event_nonpadding_sent
0000005689462471 circpad_cell_event_nonpadding_sent
0000005696028014 circpad_cell_event_nonpadding_sent
0000005696044686 circpad_cell_event_nonpadding_sent
0000005696050726 circpad_cell_event_nonpadding_sent
0000005696056326 circpad_cell_event_nonpadding_sent
0000005696061977 circpad_cell_event_nonpadding_sent
0000005696067769 circpad_cell_event_nonpadding_sent
0000005731998529 circpad_cell_event_nonpadding_sent
0000005732016523 circpad_cell_event_nonpadding_sent
0000005732022845 circpad_cell_event_nonpadding_sent
0000005732028616 circpad_cell_event_nonpadding_sent
0000005732043623 circpad_cell_event_nonpadding_sent
0000005732049645 circpad_cell_event_nonpadding_sent
0000005732055315 circpad_cell_event_nonpadding_sent
0000005774805802 circpad_cell_event_nonpadding_sent
0000005794856120 circpad_cell_event_nonpadding_sent
0000005794882169 circpad_cell_event_nonpadding_sent
0000005794902275 circpad_cell_event_nonpadding_sent
0000005794915310 circpad_cell_event_nonpadding_sent
0000005794921721 circpad_cell_event_nonpadding_sent
0000005794927562 circpad_cell_event_nonpadding_sent
0000005794957178 circpad_cell_event_nonpadding_sent
0000005794966484 circpad_cell_event_nonpadding_sent
0000005950084112 circpad_cell_event_nonpadding_received
0000005794988556 circpad_cell_event_nonpadding_sent
0000005794995549 circpad_cell_event_nonpadding_sent
0000005795001270 circpad_cell_event_nonpadding_sent
0000005795007030 circpad_cell_event_nonpadding_sent
0000005795012800 circpad_cell_event_nonpadding_sent
0000005802497228 circpad_cell_event_nonpadding_sent
0000005802516093 circpad_cell_event_nonpadding_sent
0000005802522396 circpad_cell_event_nonpadding_sent
0000005802528175 circpad_cell_event_nonpadding_sent
0000005802533877 circpad_cell_event_nonpadding_sent
0000005802539526 circpad_cell_event_nonpadding_sent
0000005802545158 circpad_cell_event_nonpadding_sent
0000005802550979 circpad_cell_event_nonpadding_sent
0000005802568211 circpad_cell_event_nonpadding_sent
0000005863928303 circpad_cell_event_nonpadding_sent
0000005863959109 circpad_cell_event_nonpadding_sent
0000006019075675 circpad_cell_event_nonpadding_received
0000005863977484 circpad_cell_event_nonpadding_sent
0000005863983484 circpad_cell_event_nonpadding_sent
0000005863989085 circpad_cell_event_nonpadding_sent
0000005863994866 circpad_cell_event_nonpadding_sent
0000005891894979 circpad_cell_event_nonpadding_sent
0000005891909675 circpad_cell_event_nonpadding_sent
0000005891913023 circpad_cell_event_nonpadding_sent
0000005891916028 circpad_cell_event_nonpadding_sent
0000005891918954 circpad_cell_event_nonpadding_sent
0000005891922019 circpad_cell_event_nonpadding_sent
0000005908381858 circpad_cell_event_nonpadding_sent
0000005908400483 circpad_cell_event_nonpadding_sent
0000005908407005 circpad_cell_event_nonpadding_sent
0000005908413037 circpad_cell_event_nonpadding_sent
0000005908418877 circpad_cell_event_nonpadding_sent
0000005908424657 circpad_cell_event_nonpadding_sent
0000005908430469 circpad_cell_event_nonpadding_sent
0000005926411479 circpad_cell_event_nonpadding_sent
0000005926440664 circpad_cell_event_nonpadding_sent
0000005926447115 circpad_cell_event_nonpadding_sent
0000005926453057 circpad_cell_event_nonpadding_sent
0000005926458957 circpad_cell_event_nonpadding_sent
0000005926464798 circpad_cell_event_nonpadding_sent
0000005926470609 circpad_cell_event_nonpadding_sent
0000005926493682 circpad_cell_event_nonpadding_sent
0000005926503220 circpad_cell_event_nonpadding_sent
0000005978430201 circpad_cell_event_nonpadding_sent
0000005978472861 circpad_cell_event_nonpadding_sent
0000005978480164 circpad_cell_event_nonpadding_sent
0000005978486186 circpad_cell_event_nonpadding_sent
0000005978515639 circpad_cell_event_nonpadding_sent
0000005978521521 circpad_cell_event_nonpadding_sent
0000005978527531 circpad_cell_event_nonpadding_sent
0000005991291368 circpad_cell_event_nonpadding_sent
0000005991309843 circpad_cell_event_nonpadding_sent
0000005991316194 circpad_cell_event_nonpadding_sent
0000005991322035 circpad_cell_event_nonpadding_sent
0000005991327737 circpad_cell_event_nonpadding_sent
0000005991333427 circpad_cell_event_nonpadding_sent
0000005991339098 circpad_cell_event_nonpadding_sent
0000006006551233 circpad_cell_event_nonpadding_sent
0000006006571992 circpad_cell_event_nonpadding_sent
0000006006578645 circpad_cell_event_nonpadding_sent
0000006023065644 circpad_cell_event_nonpadding_sent
0000006023095080 circpad_cell_event_nonpadding_sent
0000006023101321 circpad_cell_event_nonpadding_sent
0000006023107051 circpad_cell_event_nonpadding_sent
0000006023112701 circpad_cell_event_nonpadding_sent
0000006023118372 circpad_cell_event_nonpadding_sent
0000006023123922 circpad_cell_event_nonpadding_sent
0000006178238946 circpad_cell_event_nonpadding_received
0000006023199673 circpad_cell_event_nonpadding_sent
0000006023211024 circpad_cell_event_nonpadding_sent
0000006023227475 circpad_cell_event_nonpadding_sent
0000006023233707 circpad_cell_event_nonpadding_sent
0000006023239337 circpad_cell_event_nonpadding_sent
0000006023244927 circpad_cell_event_nonpadding_sent
0000006023250538 circpad_cell_event_nonpadding_sent
0000006023256158 circpad_cell_event_nonpadding_sent
0000006050773711 circpad_cell_event_nonpadding_sent
0000006050809147 circpad_cell_event_nonpadding_sent
0000006093482391 circpad_cell_event_nonpadding_sent
0000006093504371 circpad_cell_event_nonpadding_sent
0000006093511274 circpad_cell_event_nonpadding_sent
0000006093517115 circpad_cell_event_nonpadding_sent
0000006093522824 circpad_cell_event_nonpadding_sent
0000006093528526 circpad_cell_event_nonpadding_sent
0000006093534167 circpad_cell_event_nonpadding_sent
0000006093550847 circpad_cell_event_nonpadding_sent
0000006121254916 circpad_cell_event_nonpadding_sent
0000006121290401 circpad_cell_event_nonpadding_sent
0000006121297835 circpad_cell_event_nonpadding_sent
0000006121304609 circpad_cell_event_nonpadding_sent
0000006121311170 circpad_cell_event_nonpadding_sent
0000006121318224 circpad_cell_event_nonpadding_sent
0000006127616001 circpad_cell_event_nonpadding_sent
0000006127634976 circpad_cell_event_nonpadding_sent
0000006127642489 circpad_cell_event_nonpadding_sent
0000006127648972 circpad_cell_event_nonpadding_sent
0000006127655313 circpad_cell_event_nonpadding_sent
0000006127661735 circpad_cell_event_nonpadding_sent
0000006127676803 circpad_cell_event_nonpadding_sent
0000006129164301 circpad_cell_event_nonpadding_sent
0000006129182405 circpad_cell_event_nonpadding_sent
0000006286039909 circpad_cell_event_nonpadding_received
0000006286401028 circpad_cell_event_nonpadding_received
0000006286439280 circpad_cell_event_nonpadding_received
0000006155874898 circpad_cell_event_nonpadding_sent
0000006311018094 circpad_cell_event_nonpadding_received
0000006155931092 circpad_cell_event_nonpadding_sent
0000006155938246 circpad_cell_event_nonpadding_sent
0000006155944497 circpad_cell_event_nonpadding_sent
0000006155950780 circpad_cell_event_nonpadding_sent
0000006155956810 circpad_cell_event_nonpadding_sent
0000006155963283 circpad_cell_event_nonpadding_sent
0000006350439977 circpad_cell_event_nonpadding_received
0000006217322504 circpad_cell_event_nonpadding_sent
0000006217356175 circpad_cell_event_nonpadding_sent
0000006217363248 circpad_cell_event_nonpadding_sent
0000006217369501 circpad_cell_event_nonpadding_sent
0000006217375632 circpad_cell_event_nonpadding_sent
0000006217381683 circpad_cell_event_nonpadding_sent
0000006217387754 circpad_cell_event_nonpadding_sent
0000006245100489 circpad_cell_event_nonpadding_sent
0000006245120447 circpad_cell_event_nonpadding_sent
0000006245127028 circpad_cell_event_nonpadding_sent
0000006245133119 circpad_cell_event_nonpadding_sent
0000006245159568 circpad_cell_event_nonpadding_sent
0000006245166261 circpad_cell_event_nonpadding_sent
0000006245182020 circpad_cell_event_nonpadding_sent
0000006245188292 circpad_cell_event_nonpadding_sent
0000006401463285 circpad_cell_event_nonpadding_received
0000006401493671 circpad_cell_event_nonpadding_received
0000006413851235 circpad_cell_event_nonpadding_received
0000006324082156 circpad_cell_event_nonpadding_sent
0000006479341176 circpad_cell_event_nonpadding_received
0000006363883776 circpad_cell_event_nonpadding_sent
0000006363921376 circpad_cell_event_nonpadding_sent
0000006363928318 circpad_cell_event_nonpadding_sent
0000006363934530 circpad_cell_event_nonpadding_sent
0000006363940641 circpad_cell_event_nonpadding_sent
0000006363946613 circpad_cell_event_nonpadding_sent
0000006363952513 circpad_cell_event_nonpadding_sent
0000006370632740 circpad_cell_event_nonpadding_sent
0000006370656133 circpad_cell_event_nonpadding_sent
0000006370662426 circpad_cell_event_nonpadding_sent
0000006370668176 circpad_cell_event_nonpadding_sent
0000006370673837 circpad_cell_event_nonpadding_sent
0000006370679437 circpad_cell_event_nonpadding_sent
0000006370685007 circpad_cell_event_nonpadding_sent
0000006370691008 circpad_cell_event_nonpadding_sent
0000006427041824 circpad_cell_event_nonpadding_sent
0000006427079094 circpad_cell_event_nonpadding_sent
0000006427087239 circpad_cell_event_nonpadding_sent
0000006427094883 circpad_cell_event_nonpadding_sent
0000006427101485 circpad_cell_event_nonpadding_sent
0000006427107917 circpad_cell_event_nonpadding_sent
0000006582230803 circpad_cell_event_nonpadding_received
0000006427136210 circpad_cell_event_nonpadding_sent
0000006582445362 circpad_cell_event_nonpadding_received
0000006438144569 circpad_cell_event_nonpadding_sent
0000006438185616 circpad_cell_event_nonpadding_sent
0000006455066646 circpad_cell_event_nonpadding_sent
0000006455085270 circpad_cell_event_nonpadding_sent
0000006455091804 circpad_cell_event_nonpadding_sent
0000006455097663 circpad_cell_event_nonpadding_sent
0000006455103435 circpad_cell_event_nonpadding_sent
0000006455109165 circpad_cell_event_nonpadding_sent
0000006455114815 circpad_cell_event_nonpadding_sent
0000006455130524 circpad_cell_event_nonpadding_sent
0000006468730252 circpad_cell_event_nonpadding_sent
0000006468756070 circpad_cell_event_nonpadding_sent
0000006468762452 circpad_cell_event_nonpadding_sent
0000006468768142 circpad_cell_event_nonpadding_sent
0000006468773992 circpad_cell_event_nonpadding_sent
0000006468779854 circpad_cell_event_nonpadding_sent
0000006468785675 circpad_cell_event_nonpadding_sent
0000006468910054 circpad_cell_event_nonpadding_sent
0000006468922028 circpad_cell_event_nonpadding_sent
0000006468928049 circpad_cell_event_nonpadding_sent
0000006468933789 circpad_cell_event_nonpadding_sent
0000006468939530 circpad_cell_event_nonpadding_sent
0000006468945270 circpad_cell_event_nonpadding_sent
0000006468950990 circpad_cell_event_nonpadding_sent
0000006468956622 circpad_cell_event_nonpadding_sent
0000006482850724 circpad_cell_event_nonpadding_sent
0000006482871141 circpad_cell_event_nonpadding_sent
0000006540531727 circpad_cell_event_nonpadding_sent
0000006540571910 circpad_cell_event_nonpadding_sent
0000006540579205 circpad_cell_event_nonpadding_sent
0000006540585907 circpad_cell_event_nonpadding_sent
0000006540592539 circpad_cell_event_nonpadding_sent
0000006540599072 circpad_cell_event_nonpadding_sent
0000006540605633 circpad_cell_event_nonpadding_sent
0000006551250789 circpad_cell_event_nonpadding_sent
0000006551268744 circpad_cell_event_nonpadding_sent
0000006551275045 circpad_cell_event_nonpadding_sent
0000006551280816 circpad_cell_event_nonpadding_sent
0000006551286536 circpad_cell_event_nonpadding_sent
0000006551292126 circpad_cell_event_nonpadding_sent
0000006551298107 circpad_cell_event_nonpadding_sent
0000006551317775 circpad_cell_event_nonpadding_sent
0000006551325018 circpad_cell_event_nonpadding_sent
0000006551331188 circpad_cell_event_nonpadding_sent
0000006551336909 circpad_cell_event_nonpadding_sent
0000006551342470 circpad_cell_event_nonpadding_sent
0000006551348011 circpad_cell_event_nonpadding_sent
0000006551353571 circpad_cell_event_nonpadding_sent
0000006554382838 circpad_cell_event_nonpadding_sent
0000006709513819 circpad_cell_event_nonpadding_received
0000006554419274 circpad_cell_event_nonpadding_sent
0000006589239880 circpad_cell_event_nonpadding_sent
0000006589267641 circpad_cell_event_nonpadding_sent
0000006589285213 circpad_cell_event_nonpadding_sent
0000006589291284 circpad_cell_event_nonpadding_sent
0000006589297025 circpad_cell_event_nonpadding_sent
0000006589302606 circpad_cell_event_nonpadding_sent
0000006589308627 circpad_cell_event_nonpadding_sent
0000006744425543 circpad_cell_event_nonpadding_received
0000006599226436 circpad_cell_event_nonpadding_sent
0000006599244309 circpad_cell_event_nonpadding_sent
0000006599250582 circpad_cell_event_nonpadding_sent
0000006599256191 circpad_cell_event_nonpadding_sent
0000006599261882 circpad_cell_event_nonpadding_sent
0000006599267462 circpad_cell_event_nonpadding_sent
0000006599273123 circpad_cell_event_nonpadding_sent
0000006617135603 circpad_cell_event_nonpadding_sent
0000006617154139 circpad_cell_event_nonpadding_sent
0000006617160651 circpad_cell_event_nonpadding_sent
0000006643560641 circpad_cell_event_nonpadding_sent
0000006643578394 circpad_cell_event_nonpadding_sent
0000006643584726 circpad_cell_event_nonpadding_sent
0000006643590497 circpad_cell_event_nonpadding_sent
0000006643596197 circpad_cell_event_nonpadding_sent
0000006643601878 circpad_cell_event_nonpadding_sent
0000006643608600 circpad_cell_event_nonpadding_sent
0000006646724988 circpad_cell_event_nonpadding_sent
0000006646757478 circpad_cell_event_nonpadding_sent
0000006646765164 circpad_cell_event_nonpadding_sent
0000006646771856 circpad_cell_event_nonpadding_sent
0000006646778558 circpad_cell_event_nonpadding_sent
0000006646826287 circpad_cell_event_nonpadding_sent
0000006804872464 circpad_cell_event_nonpadding_received
0000006884943972 circpad_cell_event_nonpadding_sent
0000006884987002 circpad_cell_event_nonpadding_sent
0000007041388680 circpad_cell_event_nonpadding_received
0000007041737658 circpad_cell_event_nonpadding_received
0000007041767403 circpad_cell_event_nonpadding_received
0000007069876380 circpad_cell_event_nonpadding_sent
0000007225129189 circpad_cell_event_nonpadding_received
0000007184036915 circpad_cell_event_nonpadding_sent
0000007184074516 circpad_cell_event_nonpadding_sent
0000007184085345 circpad_cell_event_nonpadding_sent
0000007184092749 circpad_cell_event_nonpadding_sent
0000007184099883 circpad_cell_event_nonpadding_sent
0000007184106975 circpad_cell_event_nonpadding_sent
0000007184113979 circpad_cell_event_nonpadding_sent
0000007184146468 circpad_cell_event_nonpadding_sent
0000007184156217 circpad_cell_event_nonpadding_sent
0000007184163871 circpad_cell_event_nonpadding_sent
0000007184170875 circpad_cell_event_nonpadding_sent
0000007184177868 circpad_cell_event_nonpadding_sent
0000007184185011 circpad_cell_event_nonpadding_sent
0000007184192123 circpad_cell_event_nonpadding_sent
0000007184199176 circpad_cell_event_nonpadding_sent
0000007184262655 circpad_cell_event_nonpadding_sent
0000007184275659 circpad_cell_event_nonpadding_sent
0000007184282871 circpad_cell_event_nonpadding_sent
0000007184289754 circpad_cell_event_nonpadding_sent
0000007184306184 circpad_cell_event_nonpadding_sent
0000007184312848 circpad_cell_event_nonpadding_sent
0000007184319240 circpad_cell_event_nonpadding_sent
0000007184325630 circpad_cell_event_nonpadding_sent
0000007211933000 circpad_cell_event_nonpadding_sent
0000007211965101 circpad_cell_event_nonpadding_sent
0000007211974287 circpad_cell_event_nonpadding_sent
0000007211980249 circpad_cell_event_nonpadding_sent
0000007211985949 circpad_cell_event_nonpadding_sent
0000007211991660 circpad_cell_event_nonpadding_sent
0000007211997321 circpad_cell_event_nonpadding_sent
0000007212003050 circpad_cell_event_nonpadding_sent
0000007212022196 circpad_cell_event_nonpadding_sent
0000007298150984 circpad_cell_event_nonpadding_sent
0000007298177535 circpad_cell_event_nonpadding_sent
0000007298187182 circpad_cell_event_nonpadding_sent
0000007298193293 circpad_cell_event_nonpadding_sent
0000007298199094 circpad_cell_event_nonpadding_sent
0000007298204884 circpad_cell_event_nonpadding_sent
0000007298210645 circpad_cell_event_nonpadding_sent
0000007298240009 circpad_cell_event_nonpadding_sent
0000007298248656 circpad_cell_event_nonpadding_sent
0000007453364359 circpad_cell_event_nonpadding_received
0000007298268954 circpad_cell_event_nonpadding_sent
0000007298274975 circpad_cell_event_nonpadding_sent
0000007298280595 circpad_cell_event_nonpadding_sent
0000007298286235 circpad_cell_event_nonpadding_sent
0000007298291907 circpad_cell_event_nonpadding_sent
0000007298306483 circpad_cell_event_nonpadding_sent
0000007298389568 circpad_cell_event_nonpadding_sent
0000007298402281 circpad_cell_event_nonpadding_sent
0000007298408241 circpad_cell_event_nonpadding_sent
0000007298413913 circpad_cell_event_nonpadding_sent
0000007298419562 circpad_cell_event_nonpadding_sent
0000007298425203 circpad_cell_event_nonpadding_sent
0000007298430754 circpad_cell_event_nonpadding_sent
0000007298436344 circpad_cell_event_nonpadding_sent
0000007299070399 circpad_cell_event_nonpadding_sent
0000007299086089 circpad_cell_event_nonpadding_sent
0000007299092341 circpad_cell_event_nonpadding_sent
0000007299098192 circpad_cell_event_nonpadding_sent
0000007299104133 circpad_cell_event_nonpadding_sent
0000007299110044 circpad_cell_event_nonpadding_sent
0000007299115934 circpad_cell_event_nonpadding_sent
0000007299121755 circpad_cell_event_nonpadding_sent
0000007299137204 circpad_cell_event_nonpadding_sent
0000007325785404 circpad_cell_event_nonpadding_sent
0000007325803899 circpad_cell_event_nonpadding_sent
0000007325810320 circpad_cell_event_nonpadding_sent
0000007325816171 circpad_cell_event_nonpadding_sent
0000007325821903 circpad_cell_event_nonpadding_sent
0000007325827603 circpad_cell_event_nonpadding_sent
0000007325833394 circpad_cell_event_nonpadding_sent
0000007353785363 circpad_cell_event_nonpadding_sent
0000007353822131 circpad_cell_event_nonpadding_sent
0000007353838961 circpad_cell_event_nonpadding_sent
0000007508956589 circpad_cell_event_nonpadding_received
0000007353861664 circpad_cell_event_nonpadding_sent
0000007353867855 circpad_cell_event_nonpadding_sent
0000007353873967 circpad_cell_event_nonpadding_sent
0000007420616710 circpad_cell_event_nonpadding_sent
0000007420659770 circpad_cell_event_nonpadding_sent
0000007420669447 circpad_cell_event_nonpadding_sent
0000007420675819 circpad_cell_event_nonpadding_sent
0000007420681600 circpad_cell_event_nonpadding_sent
0000007420687401 circpad_cell_event_nonpadding_sent
0000007420693151 circpad_cell_event_nonpadding_sent
0000007420724780 circpad_cell_event_nonpadding_sent
0000007420733537 circpad_cell_event_nonpadding_sent
0000007420739859 circpad_cell_event_nonpadding_sent
0000007420745499 circpad_cell_event_nonpadding_sent
0000007420751140 circpad_cell_event_nonpadding_sent
0000007420756780 circpad_cell_event_nonpadding_sent
0000007420762481 circpad_cell_event_nonpadding_sent
0000007420768090 circpad_cell_event_nonpadding_sent
0000007575907389 circpad_cell_event_nonpadding_received
0000007420858108 circpad_cell_event_nonpadding_sent
0000007420869849 circpad_cell_event_nonpadding_sent
0000007420875801 circpad_cell_event_nonpadding_sent
0000007420881451 circpad_cell_event_nonpadding_sent
0000007420887031 circpad_cell_event_nonpadding_sent
0000007420892582 circpad_cell_event_nonpadding_sent
0000007420898241 circpad_cell_event_nonpadding_sent
0000007420914501 circpad_cell_event_nonpadding_sent
0000007421525275 circpad_cell_event_nonpadding_sent
0000007421542256 circpad_cell_event_nonpadding_sent
0000007421548637 circpad_cell_event_nonpadding_sent
0000007421554619 circpad_cell_event_nonpadding_sent
0000007431365861 circpad_cell_event_nonpadding_sent
0000007431377082 circpad_cell_event_nonpadding_sent
0000007431383203 circpad_cell_event_nonpadding_sent
0000007431389044 circpad_cell_event_nonpadding_sent
0000007431395024 circpad_cell_event_nonpadding_sent
0000007448256760 circpad_cell_event_nonpadding_sent
0000007448273901 circpad_cell_event_nonpadding_sent
0000007448280204 circpad_cell_event_nonpadding_sent
0000007448286084 circpad_cell_event_nonpadding_sent
0000007518549615 circpad_cell_event_nonpadding_sent
0000007518579872 circpad_cell_event_nonpadding_sent
0000007518588038 circpad_cell_event_nonpadding_sent
0000007535019674 circpad_cell_event_nonpadding_sent
0000007535037387 circpad_cell_event_nonpadding_sent
0000007535044230 circpad_cell_event_nonpadding_sent
0000007535050382 circpad_cell_event_nonpadding_sent
0000007535056282 circpad_cell_event_nonpadding_sent
0000007535062124 circpad_cell_event_nonpadding_sent
0000007535067894 circpad_cell_event_nonpadding_sent
0000007546764122 circpad_cell_event_nonpadding_sent
0000007546781253 circpad_cell_event_nonpadding_sent
0000007546787645 circpad_cell_event_nonpadding_sent
0000007546793476 circpad_cell_event_nonpadding_sent
0000007702063936 circpad_cell_event_nonpadding_received
0000007727999347 circpad_cell_event_nonpadding_received
0000007776678396 circpad_cell_event_nonpadding_sent
0000007933006889 circpad_cell_event_nonpadding_received
0000007933032987 circpad_cell_event_nonpadding_received
0000007970216344 circpad_cell_event_nonpadding_sent
0000007970257260 circpad_cell_event_nonpadding_sent
0000007970265444 circpad_cell_event_nonpadding_sent
0000007970272397 circpad_cell_event_nonpadding_sent
0000007970279089 circpad_cell_event_nonpadding_sent
0000007970285562 circpad_cell_event_nonpadding_sent
0000007970292444 circpad_cell_event_nonpadding_sent
0000008127422534 circpad_cell_event_nonpadding_received
0000008169645572 circpad_cell_event_nonpadding_sent
0000008169677252 circpad_cell_event_nonpadding_sent
0000008325964378 circpad_cell_event_nonpadding_received
0000008326271497 circpad_cell_event_nonpadding_received
0000008326294259 circpad_cell_event_nonpadding_received
0000008345771943 circpad_cell_event_nonpadding_sent
0000008501078372 circpad_cell_event_nonpadding_received
0000008493549372 circpad_cell_event_nonpadding_sent
0000008493572695 circpad_cell_event_nonpadding_sent
0000008493580320 circpad_cell_event_nonpadding_sent
0000008493598743 circpad_cell_event_nonpadding_sent
0000008493605465 circpad_cell_event_nonpadding_sent
0000008493611377 circpad_cell_event_nonpadding_sent
0000008493617357 circpad_cell_event_nonpadding_sent
0000008512686046 circpad_cell_event_nonpadding_sent
0000008512717534 circpad_cell_event_nonpadding_sent
0000008512724035 circpad_cell_event_nonpadding_sent
0000008512729867 circpad_cell_event_nonpadding_sent
0000008512735637 circpad_cell_event_nonpadding_sent
0000008512741298 circpad_cell_event_nonpadding_sent
0000008512747590 circpad_cell_event_nonpadding_sent
0000008512778217 circpad_cell_event_nonpadding_sent
0000008512787023 circpad_cell_event_nonpadding_sent
0000008512793154 circpad_cell_event_nonpadding_sent
0000008512798745 circpad_cell_event_nonpadding_sent
0000008512804425 circpad_cell_event_nonpadding_sent
0000008512810156 circpad_cell_event_nonpadding_sent
0000008512815746 circpad_cell_event_nonpadding_sent
0000008524237594 circpad_cell_event_nonpadding_sent
0000008524254075 circpad_cell_event_nonpadding_sent
0000008524260095 circpad_cell_event_nonpadding_sent
0000008524265687 circpad_cell_event_nonpadding_sent
0000008524271237 circpad_cell_event_nonpadding_sent
0000008524276776 circpad_cell_event_nonpadding_sent
0000008524282327 circpad_cell_event_nonpadding_sent
0000008524287908 circpad_cell_event_nonpadding_sent
0000008524303126 circpad_cell_event_nonpadding_sent
0000008531352035 circpad_cell_event_nonpadding_sent
0000008531377093 circpad_cell_event_nonpadding_sent
0000008531383504 circpad_cell_event_nonpadding_sent
0000008531389095 circpad_cell_event_nonpadding_sent
0000008531394645 circpad_cell_event_nonpadding_sent
0000008531400245 circpad_cell_event_nonpadding_sent
0000008531406006 circpad_cell_event_nonpadding_sent
0000008686523252 circpad_cell_event_nonpadding_received
0000008531475074 circpad_cell_event_nonpadding_sent
0000008600906913 circpad_cell_event_nonpadding_sent
0000008600945956 circpad_cell_event_nonpadding_sent
0000008600953108 circpad_cell_event_nonpadding_sent
0000008600958919 circpad_cell_event_nonpadding_sent
0000008756074443 circpad_cell_event_nonpadding_received
0000008600979688 circpad_cell_event_nonpadding_sent
0000008600985690 circpad_cell_event_nonpadding_sent
0000008600991309 circpad_cell_event_nonpadding_sent
0000008610219420 circpad_cell_event_nonpadding_sent
0000008610249948 circpad_cell_event_nonpadding_sent
0000008610257731 circpad_cell_event_nonpadding_sent
0000008610263452 circpad_cell_event_nonpadding_sent
0000008610269103 circpad_cell_event_nonpadding_sent
0000008610274773 circpad_cell_event_nonpadding_sent
0000008610280374 circpad_cell_event_nonpadding_sent
0000008610285953 circpad_cell_event_nonpadding_sent
0000008621032831 circpad_cell_event_nonpadding_sent
0000008621049783 circpad_cell_event_nonpadding_sent
0000008621056004 circpad_cell_event_nonpadding_sent
0000008621099685 circpad_cell_event_nonpadding_sent
0000008621119091 circpad_cell_event_nonpadding_sent
0000008621125181 circpad_cell_event_nonpadding_sent
0000008621130752 circpad_cell_event_nonpadding_sent
0000008621136322 circpad_cell_event_nonpadding_sent
0000008621141954 circpad_cell_event_nonpadding_sent
0000008621156470 circpad_cell_event_nonpadding_sent
0000008629142709 circpad_cell_event_nonpadding_sent
0000008629158707 circpad_cell_event_nonpadding_sent
0000008629164770 circpad_cell_event_nonpadding_sent
0000008629170389 circpad_cell_event_nonpadding_sent
0000008629175970 circpad_cell_event_nonpadding_sent
0000008629181590 circpad_cell_event_nonpadding_sent
0000008629187140 circpad_cell_event_nonpadding_sent
0000008629192912 circpad_cell_event_nonpadding_sent
0000008674009941 circpad_cell_event_nonpadding_sent
0000008674040909 circpad_cell_event_nonpadding_sent
0000008674047801 circpad_cell_event_nonpadding_sent
0000008674053883 circpad_cell_event_nonpadding_sent
0000008674059924 circpad_cell_event_nonpadding_sent
0000008674065704 circpad_cell_event_nonpadding_sent
0000008674071345 circpad_cell_event_nonpadding_sent
0000008698228576 circpad_cell_event_nonpadding_sent
0000008698249805 circpad_cell_event_nonpadding_sent
0000008698256598 circpad_cell_event_nonpadding_sent
0000008698262488 circpad_cell_event_nonpadding_sent
0000008727733785 circpad_cell_event_nonpadding_sent
0000008727761216 circpad_cell_event_nonpadding_sent
0000008727776824 circpad_cell_event_nonpadding_sent
0000008727782816 circpad_cell_event_nonpadding_sent
0000008727788396 circpad_cell_event_nonpadding_sent
0000008727794056 circpad_cell_event_nonpadding_sent
0000008727799697 circpad_cell_event_nonpadding_sent
0000008727816548 circpad_cell_event_nonpadding_sent
0000008728951363 circpad_cell_event_nonpadding_sent
0000008728964056 circpad_cell_event_nonpadding_sent
0000008884084007 circpad_cell_event_nonpadding_received
0000008728988572 circpad_cell_event_nonpadding_sent
0000008728994703 circpad_cell_event_nonpadding_sent
0000008729000384 circpad_cell_event_nonpadding_sent
0000008729006003 circpad_cell_event_nonpadding_sent
0000008729011734 circpad_cell_event_nonpadding_sent
0000008738123429 circpad_cell_event_nonpadding_sent
0000008738138997 circpad_cell_event_nonpadding_sent
0000008738145210 circpad_cell_event_nonpadding_sent
0000008738150860 circpad_cell_event_nonpadding_sent
0000008738156471 circpad_cell_event_nonpadding_sent
0000008738162030 circpad_cell_event_nonpadding_sent
0000008738167601 circpad_cell_event_nonpadding_sent
0000008757494878 circpad_cell_event_nonpadding_sent
0000008757513762 circpad_cell_event_nonpadding_sent
0000008757520426 circpad_cell_event_nonpadding_sent
0000008757526316 circpad_cell_event_nonpadding_sent
0000008757532137 circpad_cell_event_nonpadding_sent
0000008757538068 circpad_cell_event_nonpadding_sent
0000008953786050 circpad_cell_event_nonpadding_received
0000009016501756 circpad_cell_event_nonpadding_received
0000009019431668 circpad_cell_event_nonpadding_received
0000009041651520 circpad_cell_event_nonpadding_sent
0000009197988858 circpad_cell_event_nonpadding_received
0000009198008294 circpad_cell_event_nonpadding_received
0000009158535434 circpad_cell_event_nonpadding_sent
0000009314898511 circpad_cell_event_nonpadding_received
0000009314927835 circpad_cell_event_nonpadding_received
0000009299668972 circpad_cell_event_nonpadding_sent
0000009299706291 circpad_cell_event_nonpadding_sent
0000009299714887 circpad_cell_event_nonpadding_sent
0000009299721740 circpad_cell_event_nonpadding_sent
0000009299728181 circpad_cell_event_nonpadding_sent
0000009299734413 circpad_cell_event_nonpadding_sent
0000009299740925 circpad_cell_event_nonpadding_sent
0000009427047846 circpad_cell_event_nonpadding_sent
0000009583990187 circpad_cell_event_nonpadding_received
0000009584336470 circpad_cell_event_nonpadding_received
0000009584357979 circpad_cell_event_nonpadding_received
0000009581220372 circpad_cell_event_nonpadding_sent
0000009581247442 circpad_cell_event_nonpadding_sent
0000009581254506 circpad_cell_event_nonpadding_sent
0000009581260706 circpad_cell_event_nonpadding_sent
0000009581266538 circpad_cell_event_nonpadding_sent
0000009581272179 circpad_cell_event_nonpadding_sent
0000009581278048 circpad_cell_event_nonpadding_sent
0000009609596518 circpad_cell_event_nonpadding_sent
0000009766405982 circpad_cell_event_nonpadding_received
0000009766731536 circpad_cell_event_nonpadding_received
0000009766750291 circpad_cell_event_nonpadding_received
0000009735384983 circpad_cell_event_nonpadding_sent
0000009890670703 circpad_cell_event_nonpadding_received
0000009786212096 circpad_cell_event_nonpadding_sent
0000009858587054 circpad_cell_event_nonpadding_sent
0000009858615096 circpad_cell_event_nonpadding_sent
0000009858622048 circpad_cell_event_nonpadding_sent
0000010014011660 circpad_cell_event_nonpadding_received
0000010014072103 circpad_cell_event_nonpadding_received
0000010019295909 circpad_cell_event_nonpadding_received
0000009940876242 circpad_cell_event_nonpadding_sent
0000009940895598 circpad_cell_event_nonpadding_sent
0000009940900768 circpad_cell_event_nonpadding_sent
0000009940912039 circpad_cell_event_nonpadding_sent
0000009940916327 circpad_cell_event_nonpadding_sent
0000009940920544 circpad_cell_event_nonpadding_sent
0000010096034485 circpad_cell_event_nonpadding_received
0000009940935642 circpad_cell_event_nonpadding_sent
0000009952777941 circpad_cell_event_nonpadding_sent
0000009952794551 circpad_cell_event_nonpadding_sent
0000009952798789 circpad_cell_event_nonpadding_sent
0000009952802707 circpad_cell_event_nonpadding_sent
0000009952806564 circpad_cell_event_nonpadding_sent
0000009952810421 circpad_cell_event_nonpadding_sent
0000009952814348 circpad_cell_event_nonpadding_sent
0000009952818215 circpad_cell_event_nonpadding_sent
0000009952836370 circpad_cell_event_nonpadding_sent
0000009968656964 circpad_cell_event_nonpadding_sent
0000009968667223 circpad_cell_event_nonpadding_sent
0000009968671361 circpad_cell_event_nonpadding_sent
0000009968675317 circpad_cell_event_nonpadding_sent
0000009968679165 circpad_cell_event_nonpadding_sent
0000009968683032 circpad_cell_event_nonpadding_sent
0000009968686930 circpad_cell_event_nonpadding_sent
0000009968701746 circpad_cell_event_nonpadding_sent
0000010066041152 circpad_cell_event_nonpadding_sent
0000010066079785 circpad_cell_event_nonpadding_sent
0000010066086797 circpad_cell_event_nonpadding_sent
0000010066092758 circpad_cell_event_nonpadding_sent
0000010066098499 circpad_cell_event_nonpadding_sent
0000010066104270 circpad_cell_event_nonpadding_sent
0000010066119428 circpad_cell_event_nonpadding_sent
0000010093864652 circpad_cell_event_nonpadding_sent
0000010249109756 circpad_cell_event_nonpadding_received
0000010177926490 circpad_cell_event_nonpadding_sent
0000010334240154 circpad_cell_event_nonpadding_received
0000010334268276 circpad_cell_event_nonpadding_received
0000010485486913 circpad_cell_event_nonpadding_sent
0000010485517630 circpad_cell_event_nonpadding_sent
0000010485525093 circpad_cell_event_nonpadding_sent
0000010485531907 circpad_cell_event_nonpadding_sent
0000010485538348 circpad_cell_event_nonpadding_sent
0000010485544821 circpad_cell_event_nonpadding_sent
0000010643150371 circpad_cell_event_nonpadding_received
0000010675107217 circpad_cell_event_nonpadding_sent
0000010675145296 circpad_cell_event_nonpadding_sent
