0000000036058158 circpad_cell_event_nonpadding_received
0000000036058159 circpad_cell_event_nonpadding_sent
0000000108755124 circpad_cell_event_nonpadding_received
0000000115435724 circpad_cell_event_nonpadding_sent
0000003371501957 circpad_cell_event_nonpadding_received
0000003469980198 circpad_cell_event_nonpadding_sent
0000003544134554 circpad_cell_event_nonpadding_received
0000003544179237 circpad_cell_event_nonpadding_received
0000003603112820 circpad_cell_event_nonpadding_sent
0000003603186298 circpad_cell_event_nonpadding_sent
0000003603219069 circpad_cell_event_nonpadding_sent
0000003603231723 circpad_cell_event_nonpadding_sent
0000003603242623 circpad_cell_event_nonpadding_sent
0000003603253363 circpad_cell_event_nonpadding_sent
0000003603265226 circpad_cell_event_nonpadding_sent
0000003641474330 circpad_cell_event_nonpadding_sent
0000003718011692 circpad_cell_event_nonpadding_received
0000003718490319 circpad_cell_event_nonpadding_received
0000003718564317 circpad_cell_event_nonpadding_received
0000003807977560 circpad_cell_event_nonpadding_sent
0000003880270507 circpad_cell_event_nonpadding_received
0000003890152897 circpad_cell_event_nonpadding_sent
0000003890198012 circpad_cell_event_nonpadding_sent
0000003890205005 circpad_cell_event_nonpadding_sent
0000003890210185 circpad_cell_event_nonpadding_sent
0000003890215815 circpad_cell_event_nonpadding_sent
0000004023566956 circpad_cell_event_nonpadding_received
0000004023715565 circpad_cell_event_nonpadding_received
0000004030547668 circpad_cell_event_nonpadding_received
0000004030641925 circpad_cell_event_nonpadding_received
0000004030913484 circpad_cell_event_nonpadding_received
0000004031084184 circpad_cell_event_nonpadding_received
0000004092245702 circpad_cell_event_nonpadding_sent
0000004092310434 circpad_cell_event_nonpadding_sent
0000004092322466 circpad_cell_event_nonpadding_sent
0000004092331633 circpad_cell_event_nonpadding_sent
0000004092340650 circpad_cell_event_nonpadding_sent
0000004092349367 circpad_cell_event_nonpadding_sent
0000004092357983 circpad_cell_event_nonpadding_sent
0000004103746034 circpad_cell_event_nonpadding_sent
0000004103813551 circpad_cell_event_nonpadding_sent
0000004103856992 circpad_cell_event_nonpadding_sent
0000004103877300 circpad_cell_event_nonpadding_sent
0000004103894833 circpad_cell_event_nonpadding_sent
0000004103912165 circpad_cell_event_nonpadding_sent
0000004103929678 circpad_cell_event_nonpadding_sent
0000004122005663 circpad_cell_event_nonpadding_sent
0000004122043183 circpad_cell_event_nonpadding_sent
0000004122049014 circpad_cell_event_nonpadding_sent
0000004122054094 circpad_cell_event_nonpadding_sent
0000004122059113 circpad_cell_event_nonpadding_sent
0000004122064012 circpad_cell_event_nonpadding_sent
0000004122069382 circpad_cell_event_nonpadding_sent
0000004131686755 circpad_cell_event_nonpadding_sent
0000004131704429 circpad_cell_event_nonpadding_sent
0000004131712904 circpad_cell_event_nonpadding_sent
0000004131720779 circpad_cell_event_nonpadding_sent
0000004131728434 circpad_cell_event_nonpadding_sent
0000004131736038 circpad_cell_event_nonpadding_sent
0000004131743752 circpad_cell_event_nonpadding_sent
0000004131765874 circpad_cell_event_nonpadding_sent
0000004131775141 circpad_cell_event_nonpadding_sent
0000004131784479 circpad_cell_event_nonpadding_sent
0000004144298129 circpad_cell_event_nonpadding_sent
0000004144333936 circpad_cell_event_nonpadding_sent
0000004144340789 circpad_cell_event_nonpadding_sent
0000004144346650 circpad_cell_event_nonpadding_sent
0000004144352481 circpad_cell_event_nonpadding_sent
0000004216281526 circpad_cell_event_nonpadding_received
0000004144373380 circpad_cell_event_nonpadding_sent
0000004171422881 circpad_cell_event_nonpadding_sent
0000004171492251 circpad_cell_event_nonpadding_sent
0000004171521817 circpad_cell_event_nonpadding_sent
0000004171531635 circpad_cell_event_nonpadding_sent
0000004171540512 circpad_cell_event_nonpadding_sent
0000004171549228 circpad_cell_event_nonpadding_sent
0000004171560740 circpad_cell_event_nonpadding_sent
0000004171601446 circpad_cell_event_nonpadding_sent
0000004171640920 circpad_cell_event_nonpadding_sent
0000004171652642 circpad_cell_event_nonpadding_sent
0000004171661729 circpad_cell_event_nonpadding_sent
0000004171670305 circpad_cell_event_nonpadding_sent
0000004171678901 circpad_cell_event_nonpadding_sent
0000004171687407 circpad_cell_event_nonpadding_sent
0000004171695903 circpad_cell_event_nonpadding_sent
0000004173006128 circpad_cell_event_nonpadding_sent
0000004173031926 circpad_cell_event_nonpadding_sent
0000004173042817 circpad_cell_event_nonpadding_sent
0000004173055951 circpad_cell_event_nonpadding_sent
0000004173069056 circpad_cell_event_nonpadding_sent
0000004173077973 circpad_cell_event_nonpadding_sent
0000004173086709 circpad_cell_event_nonpadding_sent
0000004173095475 circpad_cell_event_nonpadding_sent
0000004202488990 circpad_cell_event_nonpadding_sent
0000004202553290 circpad_cell_event_nonpadding_sent
0000004202564601 circpad_cell_event_nonpadding_sent
0000004202573748 circpad_cell_event_nonpadding_sent
0000004202582485 circpad_cell_event_nonpadding_sent
0000004202591351 circpad_cell_event_nonpadding_sent
0000004202599928 circpad_cell_event_nonpadding_sent
0000004202610117 circpad_cell_event_nonpadding_sent
0000004202642708 circpad_cell_event_nonpadding_sent
0000004202681661 circpad_cell_event_nonpadding_sent
0000004202693433 circpad_cell_event_nonpadding_sent
0000004202702269 circpad_cell_event_nonpadding_sent
0000004202711006 circpad_cell_event_nonpadding_sent
0000004202719762 circpad_cell_event_nonpadding_sent
0000004202728448 circpad_cell_event_nonpadding_sent
0000004202737085 circpad_cell_event_nonpadding_sent
0000004202760428 circpad_cell_event_nonpadding_sent
0000004202770457 circpad_cell_event_nonpadding_sent
0000004202794592 circpad_cell_event_nonpadding_sent
0000004202803870 circpad_cell_event_nonpadding_sent
0000004202812456 circpad_cell_event_nonpadding_sent
0000004202820882 circpad_cell_event_nonpadding_sent
0000004202829347 circpad_cell_event_nonpadding_sent
0000004202837823 circpad_cell_event_nonpadding_sent
0000004216545001 circpad_cell_event_nonpadding_sent
0000004216610954 circpad_cell_event_nonpadding_sent
0000004288550379 circpad_cell_event_nonpadding_received
0000004288587990 circpad_cell_event_nonpadding_received
0000004216687047 circpad_cell_event_nonpadding_sent
0000004216702937 circpad_cell_event_nonpadding_sent
0000004216716412 circpad_cell_event_nonpadding_sent
0000004216730268 circpad_cell_event_nonpadding_sent
0000004216744535 circpad_cell_event_nonpadding_sent
0000004216759202 circpad_cell_event_nonpadding_sent
0000004244133943 circpad_cell_event_nonpadding_sent
0000004244221367 circpad_cell_event_nonpadding_sent
0000004244237277 circpad_cell_event_nonpadding_sent
0000004244248027 circpad_cell_event_nonpadding_sent
0000004244258547 circpad_cell_event_nonpadding_sent
0000004244268946 circpad_cell_event_nonpadding_sent
0000004244279416 circpad_cell_event_nonpadding_sent
0000004244289975 circpad_cell_event_nonpadding_sent
0000004244330812 circpad_cell_event_nonpadding_sent
0000004244345439 circpad_cell_event_nonpadding_sent
0000004244356139 circpad_cell_event_nonpadding_sent
0000004244366429 circpad_cell_event_nonpadding_sent
0000004244376808 circpad_cell_event_nonpadding_sent
0000004244387218 circpad_cell_event_nonpadding_sent
0000004244397667 circpad_cell_event_nonpadding_sent
0000004244407987 circpad_cell_event_nonpadding_sent
0000004246054021 circpad_cell_event_nonpadding_sent
0000004246086121 circpad_cell_event_nonpadding_sent
0000004246097843 circpad_cell_event_nonpadding_sent
0000004246107912 circpad_cell_event_nonpadding_sent
0000004246117861 circpad_cell_event_nonpadding_sent
0000004246127629 circpad_cell_event_nonpadding_sent
0000004246137377 circpad_cell_event_nonpadding_sent
0000004246162595 circpad_cell_event_nonpadding_sent
0000004253730427 circpad_cell_event_nonpadding_sent
0000004253812260 circpad_cell_event_nonpadding_sent
0000004274925697 circpad_cell_event_nonpadding_sent
0000004274978596 circpad_cell_event_nonpadding_sent
0000004275001579 circpad_cell_event_nonpadding_sent
0000004275037386 circpad_cell_event_nonpadding_sent
0000004275049819 circpad_cell_event_nonpadding_sent
0000004275059828 circpad_cell_event_nonpadding_sent
0000004275069687 circpad_cell_event_nonpadding_sent
0000004275079465 circpad_cell_event_nonpadding_sent
0000004275089223 circpad_cell_event_nonpadding_sent
0000004275098861 circpad_cell_event_nonpadding_sent
0000004275167570 circpad_cell_event_nonpadding_sent
0000004275192617 circpad_cell_event_nonpadding_sent
0000004275209699 circpad_cell_event_nonpadding_sent
0000004275225048 circpad_cell_event_nonpadding_sent
0000004275240547 circpad_cell_event_nonpadding_sent
0000004276543799 circpad_cell_event_nonpadding_sent
0000004276579226 circpad_cell_event_nonpadding_sent
0000004276591669 circpad_cell_event_nonpadding_sent
0000004348538468 circpad_cell_event_nonpadding_received
0000004276643576 circpad_cell_event_nonpadding_sent
0000004276662081 circpad_cell_event_nonpadding_sent
0000004276676558 circpad_cell_event_nonpadding_sent
0000004276691065 circpad_cell_event_nonpadding_sent
0000004276762649 circpad_cell_event_nonpadding_sent
0000004276778539 circpad_cell_event_nonpadding_sent
0000004276789049 circpad_cell_event_nonpadding_sent
0000004276799018 circpad_cell_event_nonpadding_sent
0000004276808876 circpad_cell_event_nonpadding_sent
0000004276818594 circpad_cell_event_nonpadding_sent
0000004276828503 circpad_cell_event_nonpadding_sent
0000004276838131 circpad_cell_event_nonpadding_sent
0000004284181482 circpad_cell_event_nonpadding_sent
0000004284234452 circpad_cell_event_nonpadding_sent
0000004284246504 circpad_cell_event_nonpadding_sent
0000004284256763 circpad_cell_event_nonpadding_sent
0000004284276811 circpad_cell_event_nonpadding_sent
0000004313707404 circpad_cell_event_nonpadding_sent
0000004313787264 circpad_cell_event_nonpadding_sent
0000004313807632 circpad_cell_event_nonpadding_sent
0000004313823692 circpad_cell_event_nonpadding_sent
0000004313839813 circpad_cell_event_nonpadding_sent
0000004313854079 circpad_cell_event_nonpadding_sent
0000004313864459 circpad_cell_event_nonpadding_sent
0000004313910375 circpad_cell_event_nonpadding_sent
0000004313925804 circpad_cell_event_nonpadding_sent
0000004313936724 circpad_cell_event_nonpadding_sent
0000004313946753 circpad_cell_event_nonpadding_sent
0000004313956642 circpad_cell_event_nonpadding_sent
0000004313966290 circpad_cell_event_nonpadding_sent
0000004313976028 circpad_cell_event_nonpadding_sent
0000004313985566 circpad_cell_event_nonpadding_sent
0000004314053944 circpad_cell_event_nonpadding_sent
0000004314071346 circpad_cell_event_nonpadding_sent
0000004314081355 circpad_cell_event_nonpadding_sent
0000004314090973 circpad_cell_event_nonpadding_sent
0000004314100601 circpad_cell_event_nonpadding_sent
0000004314110119 circpad_cell_event_nonpadding_sent
0000004314119787 circpad_cell_event_nonpadding_sent
0000004314129425 circpad_cell_event_nonpadding_sent
0000004314160714 circpad_cell_event_nonpadding_sent
0000004314175301 circpad_cell_event_nonpadding_sent
0000004329214355 circpad_cell_event_nonpadding_sent
0000004329251715 circpad_cell_event_nonpadding_sent
0000004329279277 circpad_cell_event_nonpadding_sent
0000004329290207 circpad_cell_event_nonpadding_sent
0000004329300576 circpad_cell_event_nonpadding_sent
0000004346738866 circpad_cell_event_nonpadding_sent
0000004346777959 circpad_cell_event_nonpadding_sent
0000004346785073 circpad_cell_event_nonpadding_sent
0000004418715881 circpad_cell_event_nonpadding_received
0000004418729346 circpad_cell_event_nonpadding_received
0000004346813656 circpad_cell_event_nonpadding_sent
0000004346819257 circpad_cell_event_nonpadding_sent
0000004346824627 circpad_cell_event_nonpadding_sent
0000004346829997 circpad_cell_event_nonpadding_sent
0000004346890781 circpad_cell_event_nonpadding_sent
0000004346900399 circpad_cell_event_nonpadding_sent
0000004346906210 circpad_cell_event_nonpadding_sent
0000004346911600 circpad_cell_event_nonpadding_sent
0000004346916850 circpad_cell_event_nonpadding_sent
0000004346922069 circpad_cell_event_nonpadding_sent
0000004346927369 circpad_cell_event_nonpadding_sent
0000004346932649 circpad_cell_event_nonpadding_sent
0000004346971332 circpad_cell_event_nonpadding_sent
0000004346982703 circpad_cell_event_nonpadding_sent
0000004346990608 circpad_cell_event_nonpadding_sent
0000004346997821 circpad_cell_event_nonpadding_sent
0000004347005075 circpad_cell_event_nonpadding_sent
0000004347012629 circpad_cell_event_nonpadding_sent
0000004347019702 circpad_cell_event_nonpadding_sent
0000004347026755 circpad_cell_event_nonpadding_sent
0000004369708251 circpad_cell_event_nonpadding_sent
0000004369764346 circpad_cell_event_nonpadding_sent
0000004369777501 circpad_cell_event_nonpadding_sent
0000004369788682 circpad_cell_event_nonpadding_sent
0000004369799352 circpad_cell_event_nonpadding_sent
0000004369810042 circpad_cell_event_nonpadding_sent
0000004369821734 circpad_cell_event_nonpadding_sent
0000004450219329 circpad_cell_event_nonpadding_received
0000004386364645 circpad_cell_event_nonpadding_sent
0000004386422984 circpad_cell_event_nonpadding_sent
0000004386432672 circpad_cell_event_nonpadding_sent
0000004386462378 circpad_cell_event_nonpadding_sent
0000004386470774 circpad_cell_event_nonpadding_sent
0000004386478548 circpad_cell_event_nonpadding_sent
0000004386487155 circpad_cell_event_nonpadding_sent
0000004386516770 circpad_cell_event_nonpadding_sent
0000004386526629 circpad_cell_event_nonpadding_sent
0000004386534734 circpad_cell_event_nonpadding_sent
0000004386542067 circpad_cell_event_nonpadding_sent
0000004386549281 circpad_cell_event_nonpadding_sent
0000004386556605 circpad_cell_event_nonpadding_sent
0000004386563778 circpad_cell_event_nonpadding_sent
0000004417042917 circpad_cell_event_nonpadding_sent
0000004417074416 circpad_cell_event_nonpadding_sent
0000004417081780 circpad_cell_event_nonpadding_sent
0000004417088182 circpad_cell_event_nonpadding_sent
0000004417094554 circpad_cell_event_nonpadding_sent
0000004417100695 circpad_cell_event_nonpadding_sent
0000004417106747 circpad_cell_event_nonpadding_sent
0000004417112728 circpad_cell_event_nonpadding_sent
0000004417131703 circpad_cell_event_nonpadding_sent
0000004489062332 circpad_cell_event_nonpadding_received
0000004417193699 circpad_cell_event_nonpadding_sent
0000004426457820 circpad_cell_event_nonpadding_sent
0000004426490472 circpad_cell_event_nonpadding_sent
0000004426497144 circpad_cell_event_nonpadding_sent
0000004426503205 circpad_cell_event_nonpadding_sent
0000004426509307 circpad_cell_event_nonpadding_sent
0000004426515228 circpad_cell_event_nonpadding_sent
0000004426521189 circpad_cell_event_nonpadding_sent
0000004426543551 circpad_cell_event_nonpadding_sent
0000004426552508 circpad_cell_event_nonpadding_sent
0000004426578887 circpad_cell_event_nonpadding_sent
0000004426587313 circpad_cell_event_nonpadding_sent
0000004426593475 circpad_cell_event_nonpadding_sent
0000004426599646 circpad_cell_event_nonpadding_sent
0000004426605697 circpad_cell_event_nonpadding_sent
0000004426611759 circpad_cell_event_nonpadding_sent
0000004426617700 circpad_cell_event_nonpadding_sent
0000004426635313 circpad_cell_event_nonpadding_sent
0000004426658897 circpad_cell_event_nonpadding_sent
0000004426665540 circpad_cell_event_nonpadding_sent
0000004426671591 circpad_cell_event_nonpadding_sent
0000004426677612 circpad_cell_event_nonpadding_sent
0000004426683503 circpad_cell_event_nonpadding_sent
0000004426689294 circpad_cell_event_nonpadding_sent
0000004426695165 circpad_cell_event_nonpadding_sent
0000004456425160 circpad_cell_event_nonpadding_sent
0000004456464804 circpad_cell_event_nonpadding_sent
0000004456472308 circpad_cell_event_nonpadding_sent
0000004456478720 circpad_cell_event_nonpadding_sent
0000004456484882 circpad_cell_event_nonpadding_sent
0000004456491053 circpad_cell_event_nonpadding_sent
0000004456497636 circpad_cell_event_nonpadding_sent
0000004456518495 circpad_cell_event_nonpadding_sent
0000004456547058 circpad_cell_event_nonpadding_sent
0000004456555544 circpad_cell_event_nonpadding_sent
0000004456561836 circpad_cell_event_nonpadding_sent
0000004456568028 circpad_cell_event_nonpadding_sent
0000004456573889 circpad_cell_event_nonpadding_sent
0000004456579850 circpad_cell_event_nonpadding_sent
0000004456585741 circpad_cell_event_nonpadding_sent
0000004456602943 circpad_cell_event_nonpadding_sent
0000004456610267 circpad_cell_event_nonpadding_sent
0000004456616729 circpad_cell_event_nonpadding_sent
0000004456622880 circpad_cell_event_nonpadding_sent
0000004456628832 circpad_cell_event_nonpadding_sent
0000004456634753 circpad_cell_event_nonpadding_sent
0000004456640674 circpad_cell_event_nonpadding_sent
0000004456646515 circpad_cell_event_nonpadding_sent
0000004456670510 circpad_cell_event_nonpadding_sent
0000004456679877 circpad_cell_event_nonpadding_sent
0000004528611517 circpad_cell_event_nonpadding_received
0000004528624812 circpad_cell_event_nonpadding_received
0000004456709643 circpad_cell_event_nonpadding_sent
0000004456715674 circpad_cell_event_nonpadding_sent
0000004456721866 circpad_cell_event_nonpadding_sent
0000004456727717 circpad_cell_event_nonpadding_sent
0000004456733618 circpad_cell_event_nonpadding_sent
0000004456752383 circpad_cell_event_nonpadding_sent
0000004456805222 circpad_cell_event_nonpadding_sent
0000004456815371 circpad_cell_event_nonpadding_sent
0000004456821653 circpad_cell_event_nonpadding_sent
0000004456827835 circpad_cell_event_nonpadding_sent
0000004456833916 circpad_cell_event_nonpadding_sent
0000004456839867 circpad_cell_event_nonpadding_sent
0000004456845938 circpad_cell_event_nonpadding_sent
0000004496601240 circpad_cell_event_nonpadding_sent
0000004496642908 circpad_cell_event_nonpadding_sent
0000004496670049 circpad_cell_event_nonpadding_sent
0000004496678254 circpad_cell_event_nonpadding_sent
0000004496684366 circpad_cell_event_nonpadding_sent
0000004496690367 circpad_cell_event_nonpadding_sent
0000004496696258 circpad_cell_event_nonpadding_sent
0000004496702239 circpad_cell_event_nonpadding_sent
0000004496708180 circpad_cell_event_nonpadding_sent
0000004496747304 circpad_cell_event_nonpadding_sent
0000004496757473 circpad_cell_event_nonpadding_sent
0000004496763805 circpad_cell_event_nonpadding_sent
0000004496769816 circpad_cell_event_nonpadding_sent
0000004496775847 circpad_cell_event_nonpadding_sent
0000004496781888 circpad_cell_event_nonpadding_sent
0000004496787789 circpad_cell_event_nonpadding_sent
0000004496793660 circpad_cell_event_nonpadding_sent
0000004496810492 circpad_cell_event_nonpadding_sent
0000004496818407 circpad_cell_event_nonpadding_sent
0000004496824458 circpad_cell_event_nonpadding_sent
0000004496830249 circpad_cell_event_nonpadding_sent
0000004496835990 circpad_cell_event_nonpadding_sent
0000004496841791 circpad_cell_event_nonpadding_sent
0000004496847592 circpad_cell_event_nonpadding_sent
0000004496853432 circpad_cell_event_nonpadding_sent
0000004497045222 circpad_cell_event_nonpadding_sent
0000004497057785 circpad_cell_event_nonpadding_sent
0000004497064268 circpad_cell_event_nonpadding_sent
0000004497070129 circpad_cell_event_nonpadding_sent
0000004497076270 circpad_cell_event_nonpadding_sent
0000004497082482 circpad_cell_event_nonpadding_sent
0000004497100576 circpad_cell_event_nonpadding_sent
0000004528192753 circpad_cell_event_nonpadding_sent
0000004528246925 circpad_cell_event_nonpadding_sent
0000004528259598 circpad_cell_event_nonpadding_sent
0000004528270850 circpad_cell_event_nonpadding_sent
0000004528281690 circpad_cell_event_nonpadding_sent
0000004600214442 circpad_cell_event_nonpadding_received
0000004528314331 circpad_cell_event_nonpadding_sent
0000004528325692 circpad_cell_event_nonpadding_sent
0000004528395473 circpad_cell_event_nonpadding_sent
0000004528411523 circpad_cell_event_nonpadding_sent
0000004528422925 circpad_cell_event_nonpadding_sent
0000004528433414 circpad_cell_event_nonpadding_sent
0000004528444004 circpad_cell_event_nonpadding_sent
0000004528454664 circpad_cell_event_nonpadding_sent
0000004528614123 circpad_cell_event_nonpadding_sent
0000004528634381 circpad_cell_event_nonpadding_sent
0000004528645281 circpad_cell_event_nonpadding_sent
0000004528655811 circpad_cell_event_nonpadding_sent
0000004528666170 circpad_cell_event_nonpadding_sent
0000004528676620 circpad_cell_event_nonpadding_sent
0000004528686959 circpad_cell_event_nonpadding_sent
0000004528720422 circpad_cell_event_nonpadding_sent
0000004528734378 circpad_cell_event_nonpadding_sent
0000004528785183 circpad_cell_event_nonpadding_sent
0000004528802346 circpad_cell_event_nonpadding_sent
0000004528813446 circpad_cell_event_nonpadding_sent
0000004528824227 circpad_cell_event_nonpadding_sent
0000004528834927 circpad_cell_event_nonpadding_sent
0000004528845316 circpad_cell_event_nonpadding_sent
0000004528855716 circpad_cell_event_nonpadding_sent
0000004537552443 circpad_cell_event_nonpadding_sent
0000004537596085 circpad_cell_event_nonpadding_sent
0000004559440422 circpad_cell_event_nonpadding_sent
0000004559498230 circpad_cell_event_nonpadding_sent
0000004559511495 circpad_cell_event_nonpadding_sent
0000004559523157 circpad_cell_event_nonpadding_sent
0000004559567159 circpad_cell_event_nonpadding_sent
0000004559581566 circpad_cell_event_nonpadding_sent
0000004559608366 circpad_cell_event_nonpadding_sent
0000004559618646 circpad_cell_event_nonpadding_sent
0000004559628314 circpad_cell_event_nonpadding_sent
0000004559638623 circpad_cell_event_nonpadding_sent
0000004559648391 circpad_cell_event_nonpadding_sent
0000004559716659 circpad_cell_event_nonpadding_sent
0000004559733992 circpad_cell_event_nonpadding_sent
0000004559743930 circpad_cell_event_nonpadding_sent
0000004559753649 circpad_cell_event_nonpadding_sent
0000004559763417 circpad_cell_event_nonpadding_sent
0000004559773195 circpad_cell_event_nonpadding_sent
0000004559782923 circpad_cell_event_nonpadding_sent
0000004559792572 circpad_cell_event_nonpadding_sent
0000004559819432 circpad_cell_event_nonpadding_sent
0000004559831585 circpad_cell_event_nonpadding_sent
0000004559841493 circpad_cell_event_nonpadding_sent
0000004559851151 circpad_cell_event_nonpadding_sent
0000004559860940 circpad_cell_event_nonpadding_sent
0000004631801977 circpad_cell_event_nonpadding_received
0000004559901526 circpad_cell_event_nonpadding_sent
0000004559911795 circpad_cell_event_nonpadding_sent
0000004559921483 circpad_cell_event_nonpadding_sent
0000004631872379 circpad_cell_event_nonpadding_received
0000004560034064 circpad_cell_event_nonpadding_sent
0000004560053691 circpad_cell_event_nonpadding_sent
0000004560063750 circpad_cell_event_nonpadding_sent
0000004560073298 circpad_cell_event_nonpadding_sent
0000004560082835 circpad_cell_event_nonpadding_sent
0000004560092373 circpad_cell_event_nonpadding_sent
0000004560101901 circpad_cell_event_nonpadding_sent
0000004560111359 circpad_cell_event_nonpadding_sent
0000004560135614 circpad_cell_event_nonpadding_sent
0000004578605808 circpad_cell_event_nonpadding_sent
0000004578644450 circpad_cell_event_nonpadding_sent
0000004578656002 circpad_cell_event_nonpadding_sent
0000004578666101 circpad_cell_event_nonpadding_sent
0000004578676090 circpad_cell_event_nonpadding_sent
0000004578685818 circpad_cell_event_nonpadding_sent
0000004578695616 circpad_cell_event_nonpadding_sent
0000004578725863 circpad_cell_event_nonpadding_sent
0000004601624275 circpad_cell_event_nonpadding_sent
0000004601689888 circpad_cell_event_nonpadding_sent
0000004601712340 circpad_cell_event_nonpadding_sent
0000004601725485 circpad_cell_event_nonpadding_sent
0000004601735684 circpad_cell_event_nonpadding_sent
0000004601745492 circpad_cell_event_nonpadding_sent
0000004601765439 circpad_cell_event_nonpadding_sent
0000004602457907 circpad_cell_event_nonpadding_sent
0000004602486972 circpad_cell_event_nonpadding_sent
0000004602497571 circpad_cell_event_nonpadding_sent
0000004602507129 circpad_cell_event_nonpadding_sent
0000004602516828 circpad_cell_event_nonpadding_sent
0000004602526616 circpad_cell_event_nonpadding_sent
0000004602536464 circpad_cell_event_nonpadding_sent
0000004602554198 circpad_cell_event_nonpadding_sent
0000004602586408 circpad_cell_event_nonpadding_sent
0000004602599282 circpad_cell_event_nonpadding_sent
0000004602609261 circpad_cell_event_nonpadding_sent
0000004602619009 circpad_cell_event_nonpadding_sent
0000004602628777 circpad_cell_event_nonpadding_sent
0000004602638455 circpad_cell_event_nonpadding_sent
0000004602648064 circpad_cell_event_nonpadding_sent
0000004602657692 circpad_cell_event_nonpadding_sent
0000004602725358 circpad_cell_event_nonpadding_sent
0000004602753000 circpad_cell_event_nonpadding_sent
0000004602768018 circpad_cell_event_nonpadding_sent
0000004602778037 circpad_cell_event_nonpadding_sent
0000004602787675 circpad_cell_event_nonpadding_sent
0000004602797383 circpad_cell_event_nonpadding_sent
0000004602807031 circpad_cell_event_nonpadding_sent
0000004674738962 circpad_cell_event_nonpadding_received
0000004602837519 circpad_cell_event_nonpadding_sent
0000004602906277 circpad_cell_event_nonpadding_sent
0000004619066922 circpad_cell_event_nonpadding_sent
0000004619101718 circpad_cell_event_nonpadding_sent
0000004619113530 circpad_cell_event_nonpadding_sent
0000004619123959 circpad_cell_event_nonpadding_sent
0000004619133938 circpad_cell_event_nonpadding_sent
0000004619143636 circpad_cell_event_nonpadding_sent
0000004619167781 circpad_cell_event_nonpadding_sent
0000004619207676 circpad_cell_event_nonpadding_sent
0000004619221172 circpad_cell_event_nonpadding_sent
0000004642227005 circpad_cell_event_nonpadding_sent
0000004642273542 circpad_cell_event_nonpadding_sent
0000004642285114 circpad_cell_event_nonpadding_sent
0000004642317204 circpad_cell_event_nonpadding_sent
0000004642328195 circpad_cell_event_nonpadding_sent
0000004642337182 circpad_cell_event_nonpadding_sent
0000004642346108 circpad_cell_event_nonpadding_sent
0000004642355626 circpad_cell_event_nonpadding_sent
0000004642365294 circpad_cell_event_nonpadding_sent
0000004642375373 circpad_cell_event_nonpadding_sent
0000004643296930 circpad_cell_event_nonpadding_sent
0000004643317268 circpad_cell_event_nonpadding_sent
0000004643327648 circpad_cell_event_nonpadding_sent
0000004643337326 circpad_cell_event_nonpadding_sent
0000004643346824 circpad_cell_event_nonpadding_sent
0000004643356462 circpad_cell_event_nonpadding_sent
0000004643366230 circpad_cell_event_nonpadding_sent
0000004643383603 circpad_cell_event_nonpadding_sent
0000004643420913 circpad_cell_event_nonpadding_sent
0000004643434779 circpad_cell_event_nonpadding_sent
0000004643488429 circpad_cell_event_nonpadding_sent
0000004643505581 circpad_cell_event_nonpadding_sent
0000004643515620 circpad_cell_event_nonpadding_sent
0000004643525198 circpad_cell_event_nonpadding_sent
0000004643534666 circpad_cell_event_nonpadding_sent
0000004643544124 circpad_cell_event_nonpadding_sent
0000004643553601 circpad_cell_event_nonpadding_sent
0000004643580612 circpad_cell_event_nonpadding_sent
0000004643592154 circpad_cell_event_nonpadding_sent
0000004643602423 circpad_cell_event_nonpadding_sent
0000004643611991 circpad_cell_event_nonpadding_sent
0000004643621509 circpad_cell_event_nonpadding_sent
0000004643630886 circpad_cell_event_nonpadding_sent
0000004643640324 circpad_cell_event_nonpadding_sent
0000004643649812 circpad_cell_event_nonpadding_sent
0000004659710980 circpad_cell_event_nonpadding_sent
0000004659767977 circpad_cell_event_nonpadding_sent
0000004659781322 circpad_cell_event_nonpadding_sent
0000004659791962 circpad_cell_event_nonpadding_sent
0000004731726087 circpad_cell_event_nonpadding_received
0000004731744782 circpad_cell_event_nonpadding_received
0000004659835153 circpad_cell_event_nonpadding_sent
0000004659845302 circpad_cell_event_nonpadding_sent
0000004659855761 circpad_cell_event_nonpadding_sent
0000004659935371 circpad_cell_event_nonpadding_sent
0000004659952633 circpad_cell_event_nonpadding_sent
0000004687064751 circpad_cell_event_nonpadding_sent
0000004687128992 circpad_cell_event_nonpadding_sent
0000004687140353 circpad_cell_event_nonpadding_sent
0000004687150322 circpad_cell_event_nonpadding_sent
0000004687159870 circpad_cell_event_nonpadding_sent
0000004687169327 circpad_cell_event_nonpadding_sent
0000004687178795 circpad_cell_event_nonpadding_sent
0000004687214552 circpad_cell_event_nonpadding_sent
0000004687226284 circpad_cell_event_nonpadding_sent
0000004687236573 circpad_cell_event_nonpadding_sent
0000004687246191 circpad_cell_event_nonpadding_sent
0000004687255659 circpad_cell_event_nonpadding_sent
0000004687265157 circpad_cell_event_nonpadding_sent
0000004687274745 circpad_cell_event_nonpadding_sent
0000004687284343 circpad_cell_event_nonpadding_sent
0000004687354565 circpad_cell_event_nonpadding_sent
0000004687371416 circpad_cell_event_nonpadding_sent
0000004687381365 circpad_cell_event_nonpadding_sent
0000004687390883 circpad_cell_event_nonpadding_sent
0000004687400771 circpad_cell_event_nonpadding_sent
0000004687438081 circpad_cell_event_nonpadding_sent
0000004687450915 circpad_cell_event_nonpadding_sent
0000004687460403 circpad_cell_event_nonpadding_sent
0000004687469951 circpad_cell_event_nonpadding_sent
0000004687480120 circpad_cell_event_nonpadding_sent
0000004687489668 circpad_cell_event_nonpadding_sent
0000004687499125 circpad_cell_event_nonpadding_sent
0000004772544160 circpad_cell_event_nonpadding_received
0000004702633938 circpad_cell_event_nonpadding_sent
0000004702687499 circpad_cell_event_nonpadding_sent
0000004702699952 circpad_cell_event_nonpadding_sent
0000004702710191 circpad_cell_event_nonpadding_sent
0000004702720220 circpad_cell_event_nonpadding_sent
0000004702729968 circpad_cell_event_nonpadding_sent
0000004702739516 circpad_cell_event_nonpadding_sent
0000004702749164 circpad_cell_event_nonpadding_sent
0000004702779351 circpad_cell_event_nonpadding_sent
0000004777038142 circpad_cell_event_nonpadding_received
0000004793989679 circpad_cell_event_nonpadding_received
0000004819580888 circpad_cell_event_nonpadding_received
0000004821627894 circpad_cell_event_nonpadding_received
0000004841753670 circpad_cell_event_nonpadding_received
0000004841922356 circpad_cell_event_nonpadding_received
0000004842121139 circpad_cell_event_nonpadding_received
0000004842291087 circpad_cell_event_nonpadding_received
0000004842415390 circpad_cell_event_nonpadding_received
0000004842605216 circpad_cell_event_nonpadding_received
0000004842752271 circpad_cell_event_nonpadding_received
0000004882463571 circpad_cell_event_nonpadding_received
0000004898565337 circpad_cell_event_nonpadding_sent
0000004898608047 circpad_cell_event_nonpadding_sent
0000004898614258 circpad_cell_event_nonpadding_sent
0000004898619298 circpad_cell_event_nonpadding_sent
0000004898624137 circpad_cell_event_nonpadding_sent
0000004898629206 circpad_cell_event_nonpadding_sent
0000004921764011 circpad_cell_event_nonpadding_sent
0000004922906412 circpad_cell_event_nonpadding_sent
0000004922940806 circpad_cell_event_nonpadding_sent
0000004922952208 circpad_cell_event_nonpadding_sent
0000004994894358 circpad_cell_event_nonpadding_received
0000004922998034 circpad_cell_event_nonpadding_sent
0000004923008393 circpad_cell_event_nonpadding_sent
0000004923018091 circpad_cell_event_nonpadding_sent
0000004923027699 circpad_cell_event_nonpadding_sent
0000004923108831 circpad_cell_event_nonpadding_sent
0000004923125322 circpad_cell_event_nonpadding_sent
0000004923135702 circpad_cell_event_nonpadding_sent
0000004923145210 circpad_cell_event_nonpadding_sent
0000004923154557 circpad_cell_event_nonpadding_sent
0000004923163895 circpad_cell_event_nonpadding_sent
0000004923173462 circpad_cell_event_nonpadding_sent
0000004923183281 circpad_cell_event_nonpadding_sent
0000004995657027 circpad_cell_event_nonpadding_received
0000004995679589 circpad_cell_event_nonpadding_received
0000004931735017 circpad_cell_event_nonpadding_sent
0000004931746278 circpad_cell_event_nonpadding_sent
0000004931751758 circpad_cell_event_nonpadding_sent
0000004931756637 circpad_cell_event_nonpadding_sent
0000004931761527 circpad_cell_event_nonpadding_sent
0000004931766306 circpad_cell_event_nonpadding_sent
0000004931771014 circpad_cell_event_nonpadding_sent
0000004931786924 circpad_cell_event_nonpadding_sent
0000004931792545 circpad_cell_event_nonpadding_sent
0000004931798065 circpad_cell_event_nonpadding_sent
0000004931821539 circpad_cell_event_nonpadding_sent
0000004931828302 circpad_cell_event_nonpadding_sent
0000004931844522 circpad_cell_event_nonpadding_sent
0000004931849562 circpad_cell_event_nonpadding_sent
0000004931854411 circpad_cell_event_nonpadding_sent
0000004931859140 circpad_cell_event_nonpadding_sent
0000004931863929 circpad_cell_event_nonpadding_sent
0000004939060926 circpad_cell_event_nonpadding_sent
0000004939102404 circpad_cell_event_nonpadding_sent
0000004939109327 circpad_cell_event_nonpadding_sent
0000004939115478 circpad_cell_event_nonpadding_sent
0000004939121389 circpad_cell_event_nonpadding_sent
0000004939127541 circpad_cell_event_nonpadding_sent
0000004949040788 circpad_cell_event_nonpadding_sent
0000004949092816 circpad_cell_event_nonpadding_sent
0000004949106481 circpad_cell_event_nonpadding_sent
0000004949118033 circpad_cell_event_nonpadding_sent
0000004949128833 circpad_cell_event_nonpadding_sent
0000004949139533 circpad_cell_event_nonpadding_sent
0000004949149843 circpad_cell_event_nonpadding_sent
0000004949193324 circpad_cell_event_nonpadding_sent
0000004949208102 circpad_cell_event_nonpadding_sent
0000004949219583 circpad_cell_event_nonpadding_sent
0000004949230223 circpad_cell_event_nonpadding_sent
0000004949240472 circpad_cell_event_nonpadding_sent
0000004949250712 circpad_cell_event_nonpadding_sent
0000004949260981 circpad_cell_event_nonpadding_sent
0000004949271501 circpad_cell_event_nonpadding_sent
0000005021205936 circpad_cell_event_nonpadding_received
0000005021259727 circpad_cell_event_nonpadding_received
0000004949414178 circpad_cell_event_nonpadding_sent
0000004949432583 circpad_cell_event_nonpadding_sent
0000004949443804 circpad_cell_event_nonpadding_sent
0000004949454353 circpad_cell_event_nonpadding_sent
0000004949464873 circpad_cell_event_nonpadding_sent
0000004949475132 circpad_cell_event_nonpadding_sent
0000004949485331 circpad_cell_event_nonpadding_sent
0000004949495621 circpad_cell_event_nonpadding_sent
0000004949534483 circpad_cell_event_nonpadding_sent
0000004949549201 circpad_cell_event_nonpadding_sent
0000004949559771 circpad_cell_event_nonpadding_sent
0000004949585900 circpad_cell_event_nonpadding_sent
0000004949596971 circpad_cell_event_nonpadding_sent
0000004949607320 circpad_cell_event_nonpadding_sent
0000004949617760 circpad_cell_event_nonpadding_sent
0000004949628059 circpad_cell_event_nonpadding_sent
0000004949666060 circpad_cell_event_nonpadding_sent
0000004959450276 circpad_cell_event_nonpadding_sent
0000004959509908 circpad_cell_event_nonpadding_sent
0000004959548540 circpad_cell_event_nonpadding_sent
0000004959561464 circpad_cell_event_nonpadding_sent
0000004959571363 circpad_cell_event_nonpadding_sent
0000004959580961 circpad_cell_event_nonpadding_sent
0000004959590589 circpad_cell_event_nonpadding_sent
0000004959600347 circpad_cell_event_nonpadding_sent
0000004959610216 circpad_cell_event_nonpadding_sent
0000004969232608 circpad_cell_event_nonpadding_sent
0000004969286630 circpad_cell_event_nonpadding_sent
0000004969298392 circpad_cell_event_nonpadding_sent
0000004969308330 circpad_cell_event_nonpadding_sent
0000004969318149 circpad_cell_event_nonpadding_sent
0000004969328067 circpad_cell_event_nonpadding_sent
0000004969337776 circpad_cell_event_nonpadding_sent
0000004969347524 circpad_cell_event_nonpadding_sent
0000004969377169 circpad_cell_event_nonpadding_sent
0000004979729269 circpad_cell_event_nonpadding_sent
0000004979814208 circpad_cell_event_nonpadding_sent
0000004979825460 circpad_cell_event_nonpadding_sent
0000004979831771 circpad_cell_event_nonpadding_sent
0000004979837582 circpad_cell_event_nonpadding_sent
0000004979843313 circpad_cell_event_nonpadding_sent
0000004979849044 circpad_cell_event_nonpadding_sent
0000004979854734 circpad_cell_event_nonpadding_sent
0000004979905790 circpad_cell_event_nonpadding_sent
0000004979915699 circpad_cell_event_nonpadding_sent
0000004979922020 circpad_cell_event_nonpadding_sent
0000004979927751 circpad_cell_event_nonpadding_sent
0000004979933352 circpad_cell_event_nonpadding_sent
0000004979938922 circpad_cell_event_nonpadding_sent
0000004979944513 circpad_cell_event_nonpadding_sent
0000004979961274 circpad_cell_event_nonpadding_sent
0000005051902212 circpad_cell_event_nonpadding_received
0000004980029672 circpad_cell_event_nonpadding_sent
0000004980039340 circpad_cell_event_nonpadding_sent
0000004980045121 circpad_cell_event_nonpadding_sent
0000004980050772 circpad_cell_event_nonpadding_sent
0000004980056432 circpad_cell_event_nonpadding_sent
0000004980062113 circpad_cell_event_nonpadding_sent
0000004980067734 circpad_cell_event_nonpadding_sent
0000004980073384 circpad_cell_event_nonpadding_sent
0000004980089655 circpad_cell_event_nonpadding_sent
0000004980096678 circpad_cell_event_nonpadding_sent
0000004980102378 circpad_cell_event_nonpadding_sent
0000004980107979 circpad_cell_event_nonpadding_sent
0000004980113549 circpad_cell_event_nonpadding_sent
0000004980119110 circpad_cell_event_nonpadding_sent
0000004980124640 circpad_cell_event_nonpadding_sent
0000004980130231 circpad_cell_event_nonpadding_sent
0000004980147573 circpad_cell_event_nonpadding_sent
0000005054970722 circpad_cell_event_nonpadding_received
0000005055013903 circpad_cell_event_nonpadding_received
0000004993785381 circpad_cell_event_nonpadding_sent
0000004993820266 circpad_cell_event_nonpadding_sent
0000004993826087 circpad_cell_event_nonpadding_sent
0000004993831046 circpad_cell_event_nonpadding_sent
0000004993835815 circpad_cell_event_nonpadding_sent
0000004993840594 circpad_cell_event_nonpadding_sent
0000004993845333 circpad_cell_event_nonpadding_sent
0000004993861483 circpad_cell_event_nonpadding_sent
0000005030438789 circpad_cell_event_nonpadding_sent
0000005030482171 circpad_cell_event_nonpadding_sent
0000005030488763 circpad_cell_event_nonpadding_sent
0000005030494083 circpad_cell_event_nonpadding_sent
0000005030499092 circpad_cell_event_nonpadding_sent
0000005030503982 circpad_cell_event_nonpadding_sent
0000005030509291 circpad_cell_event_nonpadding_sent
0000005040418993 circpad_cell_event_nonpadding_sent
0000005040468906 circpad_cell_event_nonpadding_sent
0000005040481139 circpad_cell_event_nonpadding_sent
0000005040492711 circpad_cell_event_nonpadding_sent
0000005127151971 circpad_cell_event_nonpadding_sent
0000005127214018 circpad_cell_event_nonpadding_sent
0000005127228515 circpad_cell_event_nonpadding_sent
0000005127239555 circpad_cell_event_nonpadding_sent
0000005127250155 circpad_cell_event_nonpadding_sent
0000005127260605 circpad_cell_event_nonpadding_sent
0000005127271706 circpad_cell_event_nonpadding_sent
0000005216557929 circpad_cell_event_nonpadding_sent
0000005290180007 circpad_cell_event_nonpadding_received
0000005290652994 circpad_cell_event_nonpadding_received
0000005290681998 circpad_cell_event_nonpadding_received
0000005323507183 circpad_cell_event_nonpadding_received
0000005323744718 circpad_cell_event_nonpadding_received
0000005257007642 circpad_cell_event_nonpadding_sent
0000005257045243 circpad_cell_event_nonpadding_sent
0000005257057075 circpad_cell_event_nonpadding_sent
0000005257067444 circpad_cell_event_nonpadding_sent
0000005257077223 circpad_cell_event_nonpadding_sent
0000005257098653 circpad_cell_event_nonpadding_sent
0000005329032808 circpad_cell_event_nonpadding_received
0000005257126806 circpad_cell_event_nonpadding_sent
0000005257158976 circpad_cell_event_nonpadding_sent
0000005330358953 circpad_cell_event_nonpadding_received
0000005330724167 circpad_cell_event_nonpadding_received
0000005330765415 circpad_cell_event_nonpadding_received
0000005398877138 circpad_cell_event_nonpadding_sent
0000005398945967 circpad_cell_event_nonpadding_sent
0000005398965213 circpad_cell_event_nonpadding_sent
0000005398978588 circpad_cell_event_nonpadding_sent
0000005398990460 circpad_cell_event_nonpadding_sent
0000005399001832 circpad_cell_event_nonpadding_sent
0000005399014245 circpad_cell_event_nonpadding_sent
0000005471341256 circpad_cell_event_nonpadding_received
0000005454057717 circpad_cell_event_nonpadding_sent
0000005454142216 circpad_cell_event_nonpadding_sent
0000005454160871 circpad_cell_event_nonpadding_sent
0000005454172913 circpad_cell_event_nonpadding_sent
0000005454184475 circpad_cell_event_nonpadding_sent
0000005454195966 circpad_cell_event_nonpadding_sent
0000005454209051 circpad_cell_event_nonpadding_sent
0000005526606213 circpad_cell_event_nonpadding_received
0000005526719496 circpad_cell_event_nonpadding_received
0000005526762576 circpad_cell_event_nonpadding_received
0000005526779909 circpad_cell_event_nonpadding_received
