0000000077592330 circpad_cell_event_nonpadding_received
0000000077592331 circpad_cell_event_nonpadding_sent
0000000233028480 circpad_cell_event_nonpadding_received
0000000257324589 circpad_cell_event_nonpadding_sent
0000001482672717 circpad_cell_event_nonpadding_received
0000001529007863 circpad_cell_event_nonpadding_sent
0000001685398890 circpad_cell_event_nonpadding_received
0000001685436680 circpad_cell_event_nonpadding_received
0000001730029732 circpad_cell_event_nonpadding_sent
0000001730069397 circpad_cell_event_nonpadding_sent
0000001730077021 circpad_cell_event_nonpadding_sent
0000001730083823 circpad_cell_event_nonpadding_sent
0000001730090356 circpad_cell_event_nonpadding_sent
0000001730096716 circpad_cell_event_nonpadding_sent
0000001730103279 circpad_cell_event_nonpadding_sent
0000001833562573 circpad_cell_event_nonpadding_sent
0000001991562887 circpad_cell_event_nonpadding_received
0000002019680403 circpad_cell_event_nonpadding_sent
0000002175042072 circpad_cell_event_nonpadding_received
0000002236297682 circpad_cell_event_nonpadding_sent
0000002236336694 circpad_cell_event_nonpadding_sent
0000002392946109 circpad_cell_event_nonpadding_received
0000002393250863 circpad_cell_event_nonpadding_received
0000002393273135 circpad_cell_event_nonpadding_received
0000002419543784 circpad_cell_event_nonpadding_sent
0000002574827720 circpad_cell_event_nonpadding_received
0000002541272563 circpad_cell_event_nonpadding_sent
0000002651125711 circpad_cell_event_nonpadding_sent
0000002651161488 circpad_cell_event_nonpadding_sent
0000002806544377 circpad_cell_event_nonpadding_received
0000002822213662 circpad_cell_event_nonpadding_received
0000002970902922 circpad_cell_event_nonpadding_sent
0000003127198052 circpad_cell_event_nonpadding_received
0000003127228900 circpad_cell_event_nonpadding_received
0000003157794773 circpad_cell_event_nonpadding_sent
0000003157826843 circpad_cell_event_nonpadding_sent
0000003157834958 circpad_cell_event_nonpadding_sent
0000003157841671 circpad_cell_event_nonpadding_sent
0000003157848003 circpad_cell_event_nonpadding_sent
0000003157854504 circpad_cell_event_nonpadding_sent
0000003315341314 circpad_cell_event_nonpadding_received
0000003349198582 circpad_cell_event_nonpadding_sent
0000003349249507 circpad_cell_event_nonpadding_sent
0000003505484556 circpad_cell_event_nonpadding_received
0000003505769694 circpad_cell_event_nonpadding_received
0000003505792497 circpad_cell_event_nonpadding_received
0000003672752966 circpad_cell_event_nonpadding_sent
0000003672792719 circpad_cell_event_nonpadding_sent
0000003828036511 circpad_cell_event_nonpadding_received
0000003765590403 circpad_cell_event_nonpadding_sent
0000003765628715 circpad_cell_event_nonpadding_sent
0000003765636439 circpad_cell_event_nonpadding_sent
0000003765642660 circpad_cell_event_nonpadding_sent
0000003765648581 circpad_cell_event_nonpadding_sent
0000003765654302 circpad_cell_event_nonpadding_sent
0000003765659952 circpad_cell_event_nonpadding_sent
0000003767205598 circpad_cell_event_nonpadding_sent
0000003767231266 circpad_cell_event_nonpadding_sent
0000003793461572 circpad_cell_event_nonpadding_sent
0000003793514850 circpad_cell_event_nonpadding_sent
0000003869996912 circpad_cell_event_nonpadding_sent
0000003870032969 circpad_cell_event_nonpadding_sent
0000003870040683 circpad_cell_event_nonpadding_sent
0000003870047577 circpad_cell_event_nonpadding_sent
0000003870053999 circpad_cell_event_nonpadding_sent
0000003870060079 circpad_cell_event_nonpadding_sent
0000003870066130 circpad_cell_event_nonpadding_sent
0000003878796388 circpad_cell_event_nonpadding_sent
0000003878830181 circpad_cell_event_nonpadding_sent
0000003878838738 circpad_cell_event_nonpadding_sent
0000003878844678 circpad_cell_event_nonpadding_sent
0000003878850528 circpad_cell_event_nonpadding_sent
0000003878856531 circpad_cell_event_nonpadding_sent
0000003878862541 circpad_cell_event_nonpadding_sent
0000003878868462 circpad_cell_event_nonpadding_sent
0000003898019351 circpad_cell_event_nonpadding_sent
0000003898048666 circpad_cell_event_nonpadding_sent
0000003898056370 circpad_cell_event_nonpadding_sent
0000003898063664 circpad_cell_event_nonpadding_sent
0000003971206725 circpad_cell_event_nonpadding_sent
0000003971239085 circpad_cell_event_nonpadding_sent
0000003971247680 circpad_cell_event_nonpadding_sent
0000003999344417 circpad_cell_event_nonpadding_sent
0000003999382619 circpad_cell_event_nonpadding_sent
0000003999391004 circpad_cell_event_nonpadding_sent
0000003999397968 circpad_cell_event_nonpadding_sent
0000003999404449 circpad_cell_event_nonpadding_sent
0000003999410580 circpad_cell_event_nonpadding_sent
0000003999416721 circpad_cell_event_nonpadding_sent
0000003999437350 circpad_cell_event_nonpadding_sent
0000004081786651 circpad_cell_event_nonpadding_sent
0000004236918254 circpad_cell_event_nonpadding_received
0000004081820855 circpad_cell_event_nonpadding_sent
0000004081827967 circpad_cell_event_nonpadding_sent
0000004081834350 circpad_cell_event_nonpadding_sent
0000004081840711 circpad_cell_event_nonpadding_sent
0000004081847093 circpad_cell_event_nonpadding_sent
0000004081863864 circpad_cell_event_nonpadding_sent
0000004092566709 circpad_cell_event_nonpadding_sent
0000004092591295 circpad_cell_event_nonpadding_sent
0000004092598238 circpad_cell_event_nonpadding_sent
0000004092604509 circpad_cell_event_nonpadding_sent
0000004092610681 circpad_cell_event_nonpadding_sent
0000004092616873 circpad_cell_event_nonpadding_sent
0000004092623305 circpad_cell_event_nonpadding_sent
0000004098321941 circpad_cell_event_nonpadding_sent
0000004098358860 circpad_cell_event_nonpadding_sent
0000004098367345 circpad_cell_event_nonpadding_sent
0000004098375439 circpad_cell_event_nonpadding_sent
0000004098383555 circpad_cell_event_nonpadding_sent
0000004102040926 circpad_cell_event_nonpadding_sent
0000004102074158 circpad_cell_event_nonpadding_sent
0000004102083375 circpad_cell_event_nonpadding_sent
0000004102090929 circpad_cell_event_nonpadding_sent
0000004102099075 circpad_cell_event_nonpadding_sent
0000004102107539 circpad_cell_event_nonpadding_sent
0000004102115676 circpad_cell_event_nonpadding_sent
0000004260690462 circpad_cell_event_nonpadding_received
0000004261644182 circpad_cell_event_nonpadding_received
0000004267145100 circpad_cell_event_nonpadding_received
0000004276886162 circpad_cell_event_nonpadding_received
0000004126262388 circpad_cell_event_nonpadding_sent
0000004126280651 circpad_cell_event_nonpadding_sent
0000004204044239 circpad_cell_event_nonpadding_sent
0000004204076590 circpad_cell_event_nonpadding_sent
0000004204083453 circpad_cell_event_nonpadding_sent
0000004204089474 circpad_cell_event_nonpadding_sent
0000004204095716 circpad_cell_event_nonpadding_sent
0000004212997702 circpad_cell_event_nonpadding_sent
0000004213016005 circpad_cell_event_nonpadding_sent
0000004368133251 circpad_cell_event_nonpadding_received
0000004213038096 circpad_cell_event_nonpadding_sent
0000004213044158 circpad_cell_event_nonpadding_sent
0000004213049829 circpad_cell_event_nonpadding_sent
0000004213055509 circpad_cell_event_nonpadding_sent
0000004213061319 circpad_cell_event_nonpadding_sent
0000004222221123 circpad_cell_event_nonpadding_sent
0000004222248794 circpad_cell_event_nonpadding_sent
0000004222265525 circpad_cell_event_nonpadding_sent
0000004222271476 circpad_cell_event_nonpadding_sent
0000004222277178 circpad_cell_event_nonpadding_sent
0000004222282758 circpad_cell_event_nonpadding_sent
0000004222288518 circpad_cell_event_nonpadding_sent
0000004222308555 circpad_cell_event_nonpadding_sent
0000004222315919 circpad_cell_event_nonpadding_sent
0000004222323062 circpad_cell_event_nonpadding_sent
0000004318430033 circpad_cell_event_nonpadding_sent
0000004473566936 circpad_cell_event_nonpadding_received
0000004318473504 circpad_cell_event_nonpadding_sent
0000004318479975 circpad_cell_event_nonpadding_sent
0000004318485686 circpad_cell_event_nonpadding_sent
0000004318497317 circpad_cell_event_nonpadding_sent
0000004318503279 circpad_cell_event_nonpadding_sent
0000004346263391 circpad_cell_event_nonpadding_sent
0000004346292104 circpad_cell_event_nonpadding_sent
0000004346298576 circpad_cell_event_nonpadding_sent
0000004346304368 circpad_cell_event_nonpadding_sent
0000004346310129 circpad_cell_event_nonpadding_sent
0000004346315769 circpad_cell_event_nonpadding_sent
0000004346321360 circpad_cell_event_nonpadding_sent
0000004346358679 circpad_cell_event_nonpadding_sent
0000004541960009 circpad_cell_event_nonpadding_sent
0000004541997708 circpad_cell_event_nonpadding_sent
0000004542005342 circpad_cell_event_nonpadding_sent
0000004542011434 circpad_cell_event_nonpadding_sent
0000004542017575 circpad_cell_event_nonpadding_sent
0000004542023475 circpad_cell_event_nonpadding_sent
0000004542029166 circpad_cell_event_nonpadding_sent
0000004542051918 circpad_cell_event_nonpadding_sent
0000004542059222 circpad_cell_event_nonpadding_sent
0000004542065473 circpad_cell_event_nonpadding_sent
0000004542071053 circpad_cell_event_nonpadding_sent
0000004542076615 circpad_cell_event_nonpadding_sent
0000004542082185 circpad_cell_event_nonpadding_sent
0000004542087704 circpad_cell_event_nonpadding_sent
0000004542093195 circpad_cell_event_nonpadding_sent
0000004542141675 circpad_cell_event_nonpadding_sent
0000004542152636 circpad_cell_event_nonpadding_sent
0000004542158566 circpad_cell_event_nonpadding_sent
0000004542164287 circpad_cell_event_nonpadding_sent
0000004542169928 circpad_cell_event_nonpadding_sent
0000004542194513 circpad_cell_event_nonpadding_sent
0000004542201034 circpad_cell_event_nonpadding_sent
0000004542206776 circpad_cell_event_nonpadding_sent
0000004697483278 circpad_cell_event_nonpadding_received
0000004698952883 circpad_cell_event_nonpadding_received
0000004698993889 circpad_cell_event_nonpadding_received
0000004569713929 circpad_cell_event_nonpadding_sent
0000004569763312 circpad_cell_event_nonpadding_sent
0000004569810289 circpad_cell_event_nonpadding_sent
0000004569819887 circpad_cell_event_nonpadding_sent
0000004726126889 circpad_cell_event_nonpadding_received
0000004578600447 circpad_cell_event_nonpadding_sent
0000004578615956 circpad_cell_event_nonpadding_sent
0000004578622518 circpad_cell_event_nonpadding_sent
0000004578628418 circpad_cell_event_nonpadding_sent
0000004578634320 circpad_cell_event_nonpadding_sent
0000004578640270 circpad_cell_event_nonpadding_sent
0000004578646102 circpad_cell_event_nonpadding_sent
0000004597510711 circpad_cell_event_nonpadding_sent
0000004597537339 circpad_cell_event_nonpadding_sent
0000004651269591 circpad_cell_event_nonpadding_sent
0000004651307460 circpad_cell_event_nonpadding_sent
0000004806425309 circpad_cell_event_nonpadding_received
0000004651330533 circpad_cell_event_nonpadding_sent
0000004651336715 circpad_cell_event_nonpadding_sent
0000004651342505 circpad_cell_event_nonpadding_sent
0000004651348086 circpad_cell_event_nonpadding_sent
0000004651354068 circpad_cell_event_nonpadding_sent
0000004681272091 circpad_cell_event_nonpadding_sent
0000004681302107 circpad_cell_event_nonpadding_sent
0000004681309200 circpad_cell_event_nonpadding_sent
0000004681315331 circpad_cell_event_nonpadding_sent
0000004681321223 circpad_cell_event_nonpadding_sent
0000004681326984 circpad_cell_event_nonpadding_sent
0000004681332673 circpad_cell_event_nonpadding_sent
0000004750528928 circpad_cell_event_nonpadding_sent
0000004750561188 circpad_cell_event_nonpadding_sent
0000004750569003 circpad_cell_event_nonpadding_sent
0000004928600194 circpad_cell_event_nonpadding_received
0000004778297394 circpad_cell_event_nonpadding_sent
0000004778325236 circpad_cell_event_nonpadding_sent
0000004778333612 circpad_cell_event_nonpadding_sent
0000004778340774 circpad_cell_event_nonpadding_sent
0000004778347658 circpad_cell_event_nonpadding_sent
0000004778354461 circpad_cell_event_nonpadding_sent
0000004778360973 circpad_cell_event_nonpadding_sent
0000004796323428 circpad_cell_event_nonpadding_sent
0000004796350328 circpad_cell_event_nonpadding_sent
0000004796358363 circpad_cell_event_nonpadding_sent
0000004796365546 circpad_cell_event_nonpadding_sent
0000004806813580 circpad_cell_event_nonpadding_sent
0000004806836341 circpad_cell_event_nonpadding_sent
0000004806844587 circpad_cell_event_nonpadding_sent
0000004806850849 circpad_cell_event_nonpadding_sent
0000004806856730 circpad_cell_event_nonpadding_sent
0000004806862551 circpad_cell_event_nonpadding_sent
0000004806868411 circpad_cell_event_nonpadding_sent
0000004834992819 circpad_cell_event_nonpadding_sent
0000004990143297 circpad_cell_event_nonpadding_received
0000004880159397 circpad_cell_event_nonpadding_sent
0000004880187810 circpad_cell_event_nonpadding_sent
0000004880195284 circpad_cell_event_nonpadding_sent
0000004880201376 circpad_cell_event_nonpadding_sent
0000004880207136 circpad_cell_event_nonpadding_sent
0000004880212837 circpad_cell_event_nonpadding_sent
0000004880218527 circpad_cell_event_nonpadding_sent
0000004912059324 circpad_cell_event_nonpadding_sent
0000004912073111 circpad_cell_event_nonpadding_sent
0000004912091715 circpad_cell_event_nonpadding_sent
0000004912099629 circpad_cell_event_nonpadding_sent
0000004912105550 circpad_cell_event_nonpadding_sent
0000004912111321 circpad_cell_event_nonpadding_sent
0000004912117102 circpad_cell_event_nonpadding_sent
0000004912122732 circpad_cell_event_nonpadding_sent
0000004912128373 circpad_cell_event_nonpadding_sent
0000005067243496 circpad_cell_event_nonpadding_received
0000004939120623 circpad_cell_event_nonpadding_sent
0000004939146359 circpad_cell_event_nonpadding_sent
0000004939154656 circpad_cell_event_nonpadding_sent
0000004939161809 circpad_cell_event_nonpadding_sent
0000004985556675 circpad_cell_event_nonpadding_sent
0000004985580228 circpad_cell_event_nonpadding_sent
0000004985588423 circpad_cell_event_nonpadding_sent
0000004991567890 circpad_cell_event_nonpadding_sent
0000004991590642 circpad_cell_event_nonpadding_sent
0000004991599159 circpad_cell_event_nonpadding_sent
0000004991606030 circpad_cell_event_nonpadding_sent
0000004991612933 circpad_cell_event_nonpadding_sent
0000005019586670 circpad_cell_event_nonpadding_sent
0000005019610044 circpad_cell_event_nonpadding_sent
0000005019618190 circpad_cell_event_nonpadding_sent
0000005019625173 circpad_cell_event_nonpadding_sent
0000005019631845 circpad_cell_event_nonpadding_sent
0000005019637566 circpad_cell_event_nonpadding_sent
0000005019643225 circpad_cell_event_nonpadding_sent
0000005019659997 circpad_cell_event_nonpadding_sent
0000005054471614 circpad_cell_event_nonpadding_sent
0000005054506210 circpad_cell_event_nonpadding_sent
0000005054516898 circpad_cell_event_nonpadding_sent
0000005076764169 circpad_cell_event_nonpadding_sent
0000005076787934 circpad_cell_event_nonpadding_sent
0000005076796110 circpad_cell_event_nonpadding_sent
0000005076803222 circpad_cell_event_nonpadding_sent
0000005076809204 circpad_cell_event_nonpadding_sent
0000005076815005 circpad_cell_event_nonpadding_sent
0000005076820735 circpad_cell_event_nonpadding_sent
0000005082677605 circpad_cell_event_nonpadding_sent
0000005082697552 circpad_cell_event_nonpadding_sent
0000005110444279 circpad_cell_event_nonpadding_sent
0000005110478252 circpad_cell_event_nonpadding_sent
0000005110494563 circpad_cell_event_nonpadding_sent
0000005110504892 circpad_cell_event_nonpadding_sent
0000005110512566 circpad_cell_event_nonpadding_sent
0000005129071938 circpad_cell_event_nonpadding_sent
0000005129094921 circpad_cell_event_nonpadding_sent
0000005129102273 circpad_cell_event_nonpadding_sent
0000005129108957 circpad_cell_event_nonpadding_sent
0000005129115298 circpad_cell_event_nonpadding_sent
0000005129121480 circpad_cell_event_nonpadding_sent
0000005129127780 circpad_cell_event_nonpadding_sent
0000005138220611 circpad_cell_event_nonpadding_sent
0000005138238895 circpad_cell_event_nonpadding_sent
0000005138245688 circpad_cell_event_nonpadding_sent
0000005138252089 circpad_cell_event_nonpadding_sent
0000005211206082 circpad_cell_event_nonpadding_sent
0000005211214196 circpad_cell_event_nonpadding_sent
0000005366329549 circpad_cell_event_nonpadding_received
0000005211232770 circpad_cell_event_nonpadding_sent
0000005211238742 circpad_cell_event_nonpadding_sent
0000005211244433 circpad_cell_event_nonpadding_sent
0000005211250062 circpad_cell_event_nonpadding_sent
0000005232244630 circpad_cell_event_nonpadding_sent
0000005232263376 circpad_cell_event_nonpadding_sent
0000005232269767 circpad_cell_event_nonpadding_sent
0000005232275478 circpad_cell_event_nonpadding_sent
0000005232281328 circpad_cell_event_nonpadding_sent
0000005238713997 circpad_cell_event_nonpadding_sent
0000005238731369 circpad_cell_event_nonpadding_sent
0000005238737529 circpad_cell_event_nonpadding_sent
0000005238743280 circpad_cell_event_nonpadding_sent
0000005238748982 circpad_cell_event_nonpadding_sent
0000005238767686 circpad_cell_event_nonpadding_sent
0000005271382739 circpad_cell_event_nonpadding_sent
0000005271400722 circpad_cell_event_nonpadding_sent
0000005271407054 circpad_cell_event_nonpadding_sent
0000005271412784 circpad_cell_event_nonpadding_sent
0000005271418576 circpad_cell_event_nonpadding_sent
0000005342362570 circpad_cell_event_nonpadding_sent
0000005342396885 circpad_cell_event_nonpadding_sent
0000005342402475 circpad_cell_event_nonpadding_sent
0000005350974268 circpad_cell_event_nonpadding_sent
0000005350994235 circpad_cell_event_nonpadding_sent
0000005350998944 circpad_cell_event_nonpadding_sent
0000005351002962 circpad_cell_event_nonpadding_sent
0000005351006888 circpad_cell_event_nonpadding_sent
0000005351010827 circpad_cell_event_nonpadding_sent
0000005351014684 circpad_cell_event_nonpadding_sent
0000005351062332 circpad_cell_event_nonpadding_sent
0000005351083270 circpad_cell_event_nonpadding_sent
0000005351090685 circpad_cell_event_nonpadding_sent
0000005351097457 circpad_cell_event_nonpadding_sent
0000005506215305 circpad_cell_event_nonpadding_received
0000005351119036 circpad_cell_event_nonpadding_sent
0000005351123504 circpad_cell_event_nonpadding_sent
0000005351127452 circpad_cell_event_nonpadding_sent
0000005351131430 circpad_cell_event_nonpadding_sent
0000005370383716 circpad_cell_event_nonpadding_sent
0000005370409403 circpad_cell_event_nonpadding_sent
0000005370416427 circpad_cell_event_nonpadding_sent
0000005370433148 circpad_cell_event_nonpadding_sent
0000005370440130 circpad_cell_event_nonpadding_sent
0000005525771625 circpad_cell_event_nonpadding_received
0000005438441960 circpad_cell_event_nonpadding_sent
0000005438479059 circpad_cell_event_nonpadding_sent
0000005438485700 circpad_cell_event_nonpadding_sent
0000005438498564 circpad_cell_event_nonpadding_sent
0000005438504556 circpad_cell_event_nonpadding_sent
0000005438510286 circpad_cell_event_nonpadding_sent
0000005438516017 circpad_cell_event_nonpadding_sent
0000005593631089 circpad_cell_event_nonpadding_received
0000005458842516 circpad_cell_event_nonpadding_sent
0000005466342503 circpad_cell_event_nonpadding_sent
0000005466357039 circpad_cell_event_nonpadding_sent
0000005466363212 circpad_cell_event_nonpadding_sent
0000005466368972 circpad_cell_event_nonpadding_sent
0000005466374642 circpad_cell_event_nonpadding_sent
0000005466380223 circpad_cell_event_nonpadding_sent
0000005466385914 circpad_cell_event_nonpadding_sent
0000005466406692 circpad_cell_event_nonpadding_sent
0000005494413662 circpad_cell_event_nonpadding_sent
0000005494432757 circpad_cell_event_nonpadding_sent
0000005494439079 circpad_cell_event_nonpadding_sent
0000005494444819 circpad_cell_event_nonpadding_sent
0000005494450531 circpad_cell_event_nonpadding_sent
0000005494456200 circpad_cell_event_nonpadding_sent
0000005494461982 circpad_cell_event_nonpadding_sent
0000005522601277 circpad_cell_event_nonpadding_sent
0000005522628368 circpad_cell_event_nonpadding_sent
0000005522634849 circpad_cell_event_nonpadding_sent
0000005522640720 circpad_cell_event_nonpadding_sent
0000005550461577 circpad_cell_event_nonpadding_sent
0000005550482304 circpad_cell_event_nonpadding_sent
0000005550500668 circpad_cell_event_nonpadding_sent
0000005550508063 circpad_cell_event_nonpadding_sent
0000005550513842 circpad_cell_event_nonpadding_sent
0000005550519593 circpad_cell_event_nonpadding_sent
0000005583263888 circpad_cell_event_nonpadding_sent
0000005583281120 circpad_cell_event_nonpadding_sent
0000005583287391 circpad_cell_event_nonpadding_sent
0000005583293163 circpad_cell_event_nonpadding_sent
0000005583298823 circpad_cell_event_nonpadding_sent
0000005583304504 circpad_cell_event_nonpadding_sent
0000005583310274 circpad_cell_event_nonpadding_sent
0000005593926199 circpad_cell_event_nonpadding_sent
0000005593943721 circpad_cell_event_nonpadding_sent
0000005593949923 circpad_cell_event_nonpadding_sent
0000005593955684 circpad_cell_event_nonpadding_sent
0000005593961324 circpad_cell_event_nonpadding_sent
0000005593966903 circpad_cell_event_nonpadding_sent
0000005593972564 circpad_cell_event_nonpadding_sent
0000005611528174 circpad_cell_event_nonpadding_sent
0000005611544935 circpad_cell_event_nonpadding_sent
0000005611551238 circpad_cell_event_nonpadding_sent
0000005639841083 circpad_cell_event_nonpadding_sent
0000005639858766 circpad_cell_event_nonpadding_sent
0000005667673319 circpad_cell_event_nonpadding_sent
0000005667692625 circpad_cell_event_nonpadding_sent
0000005667699298 circpad_cell_event_nonpadding_sent
0000005667705178 circpad_cell_event_nonpadding_sent
0000005667710979 circpad_cell_event_nonpadding_sent
0000005822825992 circpad_cell_event_nonpadding_received
0000005667730034 circpad_cell_event_nonpadding_sent
0000005678788209 circpad_cell_event_nonpadding_sent
0000005678824957 circpad_cell_event_nonpadding_sent
0000005678831279 circpad_cell_event_nonpadding_sent
0000005678836978 circpad_cell_event_nonpadding_sent
0000005678842709 circpad_cell_event_nonpadding_sent
0000005678848419 circpad_cell_event_nonpadding_sent
0000005678854111 circpad_cell_event_nonpadding_sent
0000005689410425 circpad_cell_event_nonpadding_sent
0000005689429259 circpad_cell_event_nonpadding_sent
0000005689450198 circpad_cell_event_nonpadding_sent
0000005689462470 circpad_cell_event_nonpadding_sent
0000005696028014 circpad_cell_event_nonpadding_sent
0000005696044685 circpad_cell_event_nonpadding_sent
0000005696050726 circpad_cell_event_nonpadding_sent
0000005696056327 circpad_cell_event_nonpadding_sent
0000005696061978 circpad_cell_event_nonpadding_sent
0000005696067769 circpad_cell_event_nonpadding_sent
0000005731998529 circpad_cell_event_nonpadding_sent
0000005732016522 circpad_cell_event_nonpadding_sent
0000005732022845 circpad_cell_event_nonpadding_sent
0000005732028616 circpad_cell_event_nonpadding_sent
0000005732043624 circpad_cell_event_nonpadding_sent
0000005732049645 circpad_cell_event_nonpadding_sent
0000005732055314 circpad_cell_event_nonpadding_sent
0000005774805802 circpad_cell_event_nonpadding_sent
0000005794856120 circpad_cell_event_nonpadding_sent
0000005794882169 circpad_cell_event_nonpadding_sent
0000005794902276 circpad_cell_event_nonpadding_sent
0000005794915310 circpad_cell_event_nonpadding_sent
0000005794921722 circpad_cell_event_nonpadding_sent
0000005794927563 circpad_cell_event_nonpadding_sent
0000005794957178 circpad_cell_event_nonpadding_sent
0000005794966485 circpad_cell_event_nonpadding_sent
0000005950084112 circpad_cell_event_nonpadding_received
0000005794988556 circpad_cell_event_nonpadding_sent
0000005794995549 circpad_cell_event_nonpadding_sent
0000005795001270 circpad_cell_event_nonpadding_sent
0000005795007030 circpad_cell_event_nonpadding_sent
0000005795012801 circpad_cell_event_nonpadding_sent
0000005802497229 circpad_cell_event_nonpadding_sent
0000005802516094 circpad_cell_event_nonpadding_sent
0000005802522395 circpad_cell_event_nonpadding_sent
0000005802528176 circpad_cell_event_nonpadding_sent
0000005802533877 circpad_cell_event_nonpadding_sent
0000005802539527 circpad_cell_event_nonpadding_sent
0000005802545158 circpad_cell_event_nonpadding_sent
0000005802550978 circpad_cell_event_nonpadding_sent
0000005802568210 circpad_cell_event_nonpadding_sent
0000005863928303 circpad_cell_event_nonpadding_sent
0000005863959109 circpad_cell_event_nonpadding_sent
0000006019075675 circpad_cell_event_nonpadding_received
0000005863977483 circpad_cell_event_nonpadding_sent
0000005863983485 circpad_cell_event_nonpadding_sent
0000005863989086 circpad_cell_event_nonpadding_sent
0000005863994866 circpad_cell_event_nonpadding_sent
0000005891894978 circpad_cell_event_nonpadding_sent
0000005891909676 circpad_cell_event_nonpadding_sent
0000005891913022 circpad_cell_event_nonpadding_sent
0000005891916027 circpad_cell_event_nonpadding_sent
0000005891918954 circpad_cell_event_nonpadding_sent
0000005891922019 circpad_cell_event_nonpadding_sent
0000005908381858 circpad_cell_event_nonpadding_sent
0000005908400484 circpad_cell_event_nonpadding_sent
0000005908407006 circpad_cell_event_nonpadding_sent
0000005908413037 circpad_cell_event_nonpadding_sent
0000005908418877 circpad_cell_event_nonpadding_sent
0000005908424658 circpad_cell_event_nonpadding_sent
0000005908430469 circpad_cell_event_nonpadding_sent
0000005926411480 circpad_cell_event_nonpadding_sent
0000005926440663 circpad_cell_event_nonpadding_sent
0000005926447115 circpad_cell_event_nonpadding_sent
0000005926453056 circpad_cell_event_nonpadding_sent
0000005926458957 circpad_cell_event_nonpadding_sent
0000005926464798 circpad_cell_event_nonpadding_sent
0000005926470608 circpad_cell_event_nonpadding_sent
0000005926493682 circpad_cell_event_nonpadding_sent
0000005926503220 circpad_cell_event_nonpadding_sent
0000005978430202 circpad_cell_event_nonpadding_sent
0000005978472861 circpad_cell_event_nonpadding_sent
0000005978480163 circpad_cell_event_nonpadding_sent
0000005978486186 circpad_cell_event_nonpadding_sent
0000005978515640 circpad_cell_event_nonpadding_sent
0000005978521520 circpad_cell_event_nonpadding_sent
0000005978527532 circpad_cell_event_nonpadding_sent
0000005991291369 circpad_cell_event_nonpadding_sent
0000005991309842 circpad_cell_event_nonpadding_sent
0000005991316195 circpad_cell_event_nonpadding_sent
0000005991322035 circpad_cell_event_nonpadding_sent
0000005991327736 circpad_cell_event_nonpadding_sent
0000005991333427 circpad_cell_event_nonpadding_sent
0000005991339097 circpad_cell_event_nonpadding_sent
0000006006551233 circpad_cell_event_nonpadding_sent
0000006006571993 circpad_cell_event_nonpadding_sent
0000006006578645 circpad_cell_event_nonpadding_sent
0000006023065644 circpad_cell_event_nonpadding_sent
0000006023095079 circpad_cell_event_nonpadding_sent
0000006023101321 circpad_cell_event_nonpadding_sent
0000006023107052 circpad_cell_event_nonpadding_sent
0000006023112701 circpad_cell_event_nonpadding_sent
0000006023118373 circpad_cell_event_nonpadding_sent
0000006023123923 circpad_cell_event_nonpadding_sent
0000006178238946 circpad_cell_event_nonpadding_received
0000006023199674 circpad_cell_event_nonpadding_sent
0000006023211025 circpad_cell_event_nonpadding_sent
0000006023227475 circpad_cell_event_nonpadding_sent
0000006023233707 circpad_cell_event_nonpadding_sent
0000006023239337 circpad_cell_event_nonpadding_sent
0000006023244928 circpad_cell_event_nonpadding_sent
0000006023250538 circpad_cell_event_nonpadding_sent
0000006023256158 circpad_cell_event_nonpadding_sent
0000006050773711 circpad_cell_event_nonpadding_sent
0000006050809146 circpad_cell_event_nonpadding_sent
0000006093482391 circpad_cell_event_nonpadding_sent
0000006093504371 circpad_cell_event_nonpadding_sent
0000006093511274 circpad_cell_event_nonpadding_sent
0000006093517115 circpad_cell_event_nonpadding_sent
0000006093522825 circpad_cell_event_nonpadding_sent
0000006093528525 circpad_cell_event_nonpadding_sent
0000006093534167 circpad_cell_event_nonpadding_sent
0000006093550847 circpad_cell_event_nonpadding_sent
0000006121254915 circpad_cell_event_nonpadding_sent
0000006121290401 circpad_cell_event_nonpadding_sent
0000006121297835 circpad_cell_event_nonpadding_sent
0000006121304609 circpad_cell_event_nonpadding_sent
0000006121311170 circpad_cell_event_nonpadding_sent
0000006121318223 circpad_cell_event_nonpadding_sent
0000006127616000 circpad_cell_event_nonpadding_sent
0000006127634975 circpad_cell_event_nonpadding_sent
0000006127642490 circpad_cell_event_nonpadding_sent
0000006127648972 circpad_cell_event_nonpadding_sent
0000006127655314 circpad_cell_event_nonpadding_sent
0000006127661736 circpad_cell_event_nonpadding_sent
0000006127676804 circpad_cell_event_nonpadding_sent
0000006129164302 circpad_cell_event_nonpadding_sent
0000006129182405 circpad_cell_event_nonpadding_sent
0000006286039909 circpad_cell_event_nonpadding_received
0000006286401028 circpad_cell_event_nonpadding_received
0000006286439279 circpad_cell_event_nonpadding_received
0000006155874898 circpad_cell_event_nonpadding_sent
0000006311018094 circpad_cell_event_nonpadding_received
0000006155931092 circpad_cell_event_nonpadding_sent
0000006155938247 circpad_cell_event_nonpadding_sent
0000006155944498 circpad_cell_event_nonpadding_sent
0000006155950779 circpad_cell_event_nonpadding_sent
0000006155956811 circpad_cell_event_nonpadding_sent
0000006155963283 circpad_cell_event_nonpadding_sent
0000006350439978 circpad_cell_event_nonpadding_received
0000006217322504 circpad_cell_event_nonpadding_sent
0000006217356175 circpad_cell_event_nonpadding_sent
0000006217363249 circpad_cell_event_nonpadding_sent
0000006217369501 circpad_cell_event_nonpadding_sent
0000006217375632 circpad_cell_event_nonpadding_sent
0000006217381684 circpad_cell_event_nonpadding_sent
0000006217387755 circpad_cell_event_nonpadding_sent
0000006245100490 circpad_cell_event_nonpadding_sent
0000006245120447 circpad_cell_event_nonpadding_sent
0000006245127028 circpad_cell_event_nonpadding_sent
0000006245133119 circpad_cell_event_nonpadding_sent
0000006245159569 circpad_cell_event_nonpadding_sent
0000006245166261 circpad_cell_event_nonpadding_sent
0000006245182020 circpad_cell_event_nonpadding_sent
0000006245188293 circpad_cell_event_nonpadding_sent
0000006401463285 circpad_cell_event_nonpadding_received
0000006401493671 circpad_cell_event_nonpadding_received
0000006413851235 circpad_cell_event_nonpadding_received
0000006324082155 circpad_cell_event_nonpadding_sent
0000006479341175 circpad_cell_event_nonpadding_received
0000006363883776 circpad_cell_event_nonpadding_sent
0000006363921377 circpad_cell_event_nonpadding_sent
0000006363928319 circpad_cell_event_nonpadding_sent
0000006363934531 circpad_cell_event_nonpadding_sent
0000006363940641 circpad_cell_event_nonpadding_sent
0000006363946612 circpad_cell_event_nonpadding_sent
0000006363952513 circpad_cell_event_nonpadding_sent
0000006370632740 circpad_cell_event_nonpadding_sent
0000006370656134 circpad_cell_event_nonpadding_sent
0000006370662426 circpad_cell_event_nonpadding_sent
0000006370668177 circpad_cell_event_nonpadding_sent
0000006370673836 circpad_cell_event_nonpadding_sent
0000006370679437 circpad_cell_event_nonpadding_sent
0000006370685007 circpad_cell_event_nonpadding_sent
0000006370691009 circpad_cell_event_nonpadding_sent
0000006427041824 circpad_cell_event_nonpadding_sent
0000006427079093 circpad_cell_event_nonpadding_sent
0000006427087238 circpad_cell_event_nonpadding_sent
0000006427094882 circpad_cell_event_nonpadding_sent
0000006427101485 circpad_cell_event_nonpadding_sent
0000006427107916 circpad_cell_event_nonpadding_sent
0000006582230804 circpad_cell_event_nonpadding_received
0000006427136209 circpad_cell_event_nonpadding_sent
0000006582445361 circpad_cell_event_nonpadding_received
0000006438144570 circpad_cell_event_nonpadding_sent
0000006438185616 circpad_cell_event_nonpadding_sent
0000006455066647 circpad_cell_event_nonpadding_sent
0000006455085270 circpad_cell_event_nonpadding_sent
0000006455091803 circpad_cell_event_nonpadding_sent
0000006455097663 circpad_cell_event_nonpadding_sent
0000006455103434 circpad_cell_event_nonpadding_sent
0000006455109166 circpad_cell_event_nonpadding_sent
0000006455114815 circpad_cell_event_nonpadding_sent
0000006455130525 circpad_cell_event_nonpadding_sent
0000006468730251 circpad_cell_event_nonpadding_sent
0000006468756070 circpad_cell_event_nonpadding_sent
0000006468762451 circpad_cell_event_nonpadding_sent
0000006468768142 circpad_cell_event_nonpadding_sent
0000006468773993 circpad_cell_event_nonpadding_sent
0000006468779854 circpad_cell_event_nonpadding_sent
0000006468785675 circpad_cell_event_nonpadding_sent
0000006468910055 circpad_cell_event_nonpadding_sent
0000006468922028 circpad_cell_event_nonpadding_sent
0000006468928049 circpad_cell_event_nonpadding_sent
0000006468933788 circpad_cell_event_nonpadding_sent
0000006468939529 circpad_cell_event_nonpadding_sent
0000006468945270 circpad_cell_event_nonpadding_sent
0000006468950990 circpad_cell_event_nonpadding_sent
0000006468956621 circpad_cell_event_nonpadding_sent
0000006482850723 circpad_cell_event_nonpadding_sent
0000006482871141 circpad_cell_event_nonpadding_sent
0000006540531726 circpad_cell_event_nonpadding_sent
0000006540571910 circpad_cell_event_nonpadding_sent
0000006540579205 circpad_cell_event_nonpadding_sent
0000006540585907 circpad_cell_event_nonpadding_sent
0000006540592538 circpad_cell_event_nonpadding_sent
0000006540599072 circpad_cell_event_nonpadding_sent
0000006540605634 circpad_cell_event_nonpadding_sent
0000006551250789 circpad_cell_event_nonpadding_sent
0000006551268743 circpad_cell_event_nonpadding_sent
0000006551275044 circpad_cell_event_nonpadding_sent
0000006551280816 circpad_cell_event_nonpadding_sent
0000006551286537 circpad_cell_event_nonpadding_sent
0000006551292126 circpad_cell_event_nonpadding_sent
0000006551298107 circpad_cell_event_nonpadding_sent
0000006551317774 circpad_cell_event_nonpadding_sent
0000006551325018 circpad_cell_event_nonpadding_sent
0000006551331189 circpad_cell_event_nonpadding_sent
0000006551336909 circpad_cell_event_nonpadding_sent
0000006551342469 circpad_cell_event_nonpadding_sent
0000006551348010 circpad_cell_event_nonpadding_sent
0000006551353570 circpad_cell_event_nonpadding_sent
0000006554382837 circpad_cell_event_nonpadding_sent
0000006709513820 circpad_cell_event_nonpadding_received
0000006554419274 circpad_cell_event_nonpadding_sent
0000006589239880 circpad_cell_event_nonpadding_sent
0000006589267640 circpad_cell_event_nonpadding_sent
0000006589285213 circpad_cell_event_nonpadding_sent
0000006589291284 circpad_cell_event_nonpadding_sent
0000006589297026 circpad_cell_event_nonpadding_sent
0000006589302605 circpad_cell_event_nonpadding_sent
0000006589308626 circpad_cell_event_nonpadding_sent
0000006744425542 circpad_cell_event_nonpadding_received
0000006599226436 circpad_cell_event_nonpadding_sent
0000006599244309 circpad_cell_event_nonpadding_sent
0000006599250581 circpad_cell_event_nonpadding_sent
0000006599256192 circpad_cell_event_nonpadding_sent
0000006599261882 circpad_cell_event_nonpadding_sent
0000006599267463 circpad_cell_event_nonpadding_sent
0000006599273124 circpad_cell_event_nonpadding_sent
0000006617135603 circpad_cell_event_nonpadding_sent
0000006617154139 circpad_cell_event_nonpadding_sent
0000006617160650 circpad_cell_event_nonpadding_sent
0000006643560641 circpad_cell_event_nonpadding_sent
0000006643578395 circpad_cell_event_nonpadding_sent
0000006643584726 circpad_cell_event_nonpadding_sent
0000006643590496 circpad_cell_event_nonpadding_sent
0000006643596197 circpad_cell_event_nonpadding_sent
0000006643601877 circpad_cell_event_nonpadding_sent
0000006643608600 circpad_cell_event_nonpadding_sent
0000006646724988 circpad_cell_event_nonpadding_sent
0000006646757479 circpad_cell_event_nonpadding_sent
0000006646765163 circpad_cell_event_nonpadding_sent
0000006646771855 circpad_cell_event_nonpadding_sent
0000006646778558 circpad_cell_event_nonpadding_sent
0000006646826286 circpad_cell_event_nonpadding_sent
0000006804872464 circpad_cell_event_nonpadding_received
0000006884943972 circpad_cell_event_nonpadding_sent
0000006884987002 circpad_cell_event_nonpadding_sent
0000007041388681 circpad_cell_event_nonpadding_received
0000007041737658 circpad_cell_event_nonpadding_received
0000007041767402 circpad_cell_event_nonpadding_received
0000007069876381 circpad_cell_event_nonpadding_sent
0000007225129188 circpad_cell_event_nonpadding_received
0000007184036916 circpad_cell_event_nonpadding_sent
0000007184074516 circpad_cell_event_nonpadding_sent
0000007184085346 circpad_cell_event_nonpadding_sent
0000007184092750 circpad_cell_event_nonpadding_sent
0000007184099882 circpad_cell_event_nonpadding_sent
0000007184106976 circpad_cell_event_nonpadding_sent
0000007184113979 circpad_cell_event_nonpadding_sent
0000007184146469 circpad_cell_event_nonpadding_sent
0000007184156217 circpad_cell_event_nonpadding_sent
0000007184163872 circpad_cell_event_nonpadding_sent
0000007184170875 circpad_cell_event_nonpadding_sent
0000007184177868 circpad_cell_event_nonpadding_sent
0000007184185011 circpad_cell_event_nonpadding_sent
0000007184192124 circpad_cell_event_nonpadding_sent
0000007184199176 circpad_cell_event_nonpadding_sent
0000007184262655 circpad_cell_event_nonpadding_sent
0000007184275658 circpad_cell_event_nonpadding_sent
0000007184282872 circpad_cell_event_nonpadding_sent
0000007184289754 circpad_cell_event_nonpadding_sent
0000007184306184 circpad_cell_event_nonpadding_sent
0000007184312848 circpad_cell_event_nonpadding_sent
0000007184319240 circpad_cell_event_nonpadding_sent
0000007184325630 circpad_cell_event_nonpadding_sent
0000007211933000 circpad_cell_event_nonpadding_sent
0000007211965101 circpad_cell_event_nonpadding_sent
0000007211974288 circpad_cell_event_nonpadding_sent
0000007211980249 circpad_cell_event_nonpadding_sent
0000007211985948 circpad_cell_event_nonpadding_sent
0000007211991659 circpad_cell_event_nonpadding_sent
0000007211997320 circpad_cell_event_nonpadding_sent
0000007212003050 circpad_cell_event_nonpadding_sent
0000007212022197 circpad_cell_event_nonpadding_sent
0000007298150984 circpad_cell_event_nonpadding_sent
0000007298177535 circpad_cell_event_nonpadding_sent
0000007298187182 circpad_cell_event_nonpadding_sent
0000007298193294 circpad_cell_event_nonpadding_sent
0000007298199094 circpad_cell_event_nonpadding_sent
0000007298204884 circpad_cell_event_nonpadding_sent
0000007298210646 circpad_cell_event_nonpadding_sent
0000007298240010 circpad_cell_event_nonpadding_sent
0000007298248655 circpad_cell_event_nonpadding_sent
0000007453364359 circpad_cell_event_nonpadding_received
0000007298268954 circpad_cell_event_nonpadding_sent
0000007298274974 circpad_cell_event_nonpadding_sent
0000007298280595 circpad_cell_event_nonpadding_sent
0000007298286236 circpad_cell_event_nonpadding_sent
0000007298291907 circpad_cell_event_nonpadding_sent
0000007298306483 circpad_cell_event_nonpadding_sent
0000007298389567 circpad_cell_event_nonpadding_sent
0000007298402280 circpad_cell_event_nonpadding_sent
0000007298408242 circpad_cell_event_nonpadding_sent
0000007298413913 circpad_cell_event_nonpadding_sent
0000007298419563 circpad_cell_event_nonpadding_sent
0000007298425203 circpad_cell_event_nonpadding_sent
0000007298430754 circpad_cell_event_nonpadding_sent
0000007298436343 circpad_cell_event_nonpadding_sent
0000007299070399 circpad_cell_event_nonpadding_sent
0000007299086089 circpad_cell_event_nonpadding_sent
0000007299092340 circpad_cell_event_nonpadding_sent
0000007299098191 circpad_cell_event_nonpadding_sent
0000007299104133 circpad_cell_event_nonpadding_sent
0000007299110044 circpad_cell_event_nonpadding_sent
0000007299115935 circpad_cell_event_nonpadding_sent
0000007299121754 circpad_cell_event_nonpadding_sent
0000007299137204 circpad_cell_event_nonpadding_sent
0000007325785404 circpad_cell_event_nonpadding_sent
0000007325803900 circpad_cell_event_nonpadding_sent
0000007325810320 circpad_cell_event_nonpadding_sent
0000007325816171 circpad_cell_event_nonpadding_sent
0000007325821903 circpad_cell_event_nonpadding_sent
0000007325827603 circpad_cell_event_nonpadding_sent
0000007325833394 circpad_cell_event_nonpadding_sent
0000007353785363 circpad_cell_event_nonpadding_sent
0000007353822130 circpad_cell_event_nonpadding_sent
0000007353838962 circpad_cell_event_nonpadding_sent
0000007508956589 circpad_cell_event_nonpadding_received
0000007353861664 circpad_cell_event_nonpadding_sent
0000007353867855 circpad_cell_event_nonpadding_sent
0000007353873967 circpad_cell_event_nonpadding_sent
0000007420616710 circpad_cell_event_nonpadding_sent
0000007420659769 circpad_cell_event_nonpadding_sent
0000007420669447 circpad_cell_event_nonpadding_sent
0000007420675819 circpad_cell_event_nonpadding_sent
0000007420681600 circpad_cell_event_nonpadding_sent
0000007420687401 circpad_cell_event_nonpadding_sent
0000007420693152 circpad_cell_event_nonpadding_sent
0000007420724781 circpad_cell_event_nonpadding_sent
0000007420733536 circpad_cell_event_nonpadding_sent
0000007420739859 circpad_cell_event_nonpadding_sent
0000007420745498 circpad_cell_event_nonpadding_sent
0000007420751140 circpad_cell_event_nonpadding_sent
0000007420756780 circpad_cell_event_nonpadding_sent
0000007420762481 circpad_cell_event_nonpadding_sent
0000007420768091 circpad_cell_event_nonpadding_sent
0000007575907389 circpad_cell_event_nonpadding_received
0000007420858108 circpad_cell_event_nonpadding_sent
0000007420869849 circpad_cell_event_nonpadding_sent
0000007420875800 circpad_cell_event_nonpadding_sent
0000007420881451 circpad_cell_event_nonpadding_sent
0000007420887032 circpad_cell_event_nonpadding_sent
0000007420892582 circpad_cell_event_nonpadding_sent
0000007420898242 circpad_cell_event_nonpadding_sent
0000007420914501 circpad_cell_event_nonpadding_sent
0000007421525274 circpad_cell_event_nonpadding_sent
0000007421542255 circpad_cell_event_nonpadding_sent
0000007421548638 circpad_cell_event_nonpadding_sent
0000007421554619 circpad_cell_event_nonpadding_sent
0000007431365861 circpad_cell_event_nonpadding_sent
0000007431377081 circpad_cell_event_nonpadding_sent
0000007431383203 circpad_cell_event_nonpadding_sent
0000007431389043 circpad_cell_event_nonpadding_sent
0000007431395025 circpad_cell_event_nonpadding_sent
0000007448256760 circpad_cell_event_nonpadding_sent
0000007448273901 circpad_cell_event_nonpadding_sent
0000007448280204 circpad_cell_event_nonpadding_sent
0000007448286085 circpad_cell_event_nonpadding_sent
0000007518549615 circpad_cell_event_nonpadding_sent
0000007518579871 circpad_cell_event_nonpadding_sent
0000007518588037 circpad_cell_event_nonpadding_sent
0000007535019675 circpad_cell_event_nonpadding_sent
0000007535037387 circpad_cell_event_nonpadding_sent
0000007535044230 circpad_cell_event_nonpadding_sent
0000007535050381 circpad_cell_event_nonpadding_sent
0000007535056282 circpad_cell_event_nonpadding_sent
0000007535062124 circpad_cell_event_nonpadding_sent
0000007535067895 circpad_cell_event_nonpadding_sent
0000007546764121 circpad_cell_event_nonpadding_sent
0000007546781253 circpad_cell_event_nonpadding_sent
0000007546787645 circpad_cell_event_nonpadding_sent
0000007546793475 circpad_cell_event_nonpadding_sent
0000007702063936 circpad_cell_event_nonpadding_received
0000007727999346 circpad_cell_event_nonpadding_received
0000007776678397 circpad_cell_event_nonpadding_sent
0000007933006888 circpad_cell_event_nonpadding_received
0000007933032988 circpad_cell_event_nonpadding_received
0000007970216344 circpad_cell_event_nonpadding_sent
0000007970257259 circpad_cell_event_nonpadding_sent
0000007970265444 circpad_cell_event_nonpadding_sent
0000007970272397 circpad_cell_event_nonpadding_sent
0000007970279090 circpad_cell_event_nonpadding_sent
0000007970285562 circpad_cell_event_nonpadding_sent
0000007970292445 circpad_cell_event_nonpadding_sent
0000008127422534 circpad_cell_event_nonpadding_received
0000008169645573 circpad_cell_event_nonpadding_sent
0000008169677251 circpad_cell_event_nonpadding_sent
0000008325964378 circpad_cell_event_nonpadding_received
0000008326271496 circpad_cell_event_nonpadding_received
0000008326294260 circpad_cell_event_nonpadding_received
0000008345771944 circpad_cell_event_nonpadding_sent
0000008501078371 circpad_cell_event_nonpadding_received
0000008493549372 circpad_cell_event_nonpadding_sent
0000008493572696 circpad_cell_event_nonpadding_sent
0000008493580320 circpad_cell_event_nonpadding_sent
0000008493598744 circpad_cell_event_nonpadding_sent
0000008493605465 circpad_cell_event_nonpadding_sent
0000008493611377 circpad_cell_event_nonpadding_sent
0000008493617357 circpad_cell_event_nonpadding_sent
0000008512686045 circpad_cell_event_nonpadding_sent
0000008512717533 circpad_cell_event_nonpadding_sent
0000008512724036 circpad_cell_event_nonpadding_sent
0000008512729867 circpad_cell_event_nonpadding_sent
0000008512735638 circpad_cell_event_nonpadding_sent
0000008512741298 circpad_cell_event_nonpadding_sent
0000008512747589 circpad_cell_event_nonpadding_sent
0000008512778216 circpad_cell_event_nonpadding_sent
0000008512787022 circpad_cell_event_nonpadding_sent
0000008512793154 circpad_cell_event_nonpadding_sent
0000008512798744 circpad_cell_event_nonpadding_sent
0000008512804424 circpad_cell_event_nonpadding_sent
0000008512810156 circpad_cell_event_nonpadding_sent
0000008512815746 circpad_cell_event_nonpadding_sent
0000008524237595 circpad_cell_event_nonpadding_sent
0000008524254075 circpad_cell_event_nonpadding_sent
0000008524260095 circpad_cell_event_nonpadding_sent
0000008524265687 circpad_cell_event_nonpadding_sent
0000008524271236 circpad_cell_event_nonpadding_sent
0000008524276777 circpad_cell_event_nonpadding_sent
0000008524282328 circpad_cell_event_nonpadding_sent
0000008524287907 circpad_cell_event_nonpadding_sent
0000008524303126 circpad_cell_event_nonpadding_sent
0000008531352035 circpad_cell_event_nonpadding_sent
0000008531377092 circpad_cell_event_nonpadding_sent
0000008531383505 circpad_cell_event_nonpadding_sent
0000008531389095 circpad_cell_event_nonpadding_sent
0000008531394645 circpad_cell_event_nonpadding_sent
0000008531400245 circpad_cell_event_nonpadding_sent
0000008531406006 circpad_cell_event_nonpadding_sent
0000008686523252 circpad_cell_event_nonpadding_received
0000008531475074 circpad_cell_event_nonpadding_sent
0000008600906914 circpad_cell_event_nonpadding_sent
0000008600945955 circpad_cell_event_nonpadding_sent
0000008600953108 circpad_cell_event_nonpadding_sent
0000008600958920 circpad_cell_event_nonpadding_sent
0000008756074444 circpad_cell_event_nonpadding_received
0000008600979688 circpad_cell_event_nonpadding_sent
0000008600985689 circpad_cell_event_nonpadding_sent
0000008600991309 circpad_cell_event_nonpadding_sent
0000008610219421 circpad_cell_event_nonpadding_sent
0000008610249948 circpad_cell_event_nonpadding_sent
0000008610257732 circpad_cell_event_nonpadding_sent
0000008610263452 circpad_cell_event_nonpadding_sent
0000008610269102 circpad_cell_event_nonpadding_sent
0000008610274773 circpad_cell_event_nonpadding_sent
0000008610280374 circpad_cell_event_nonpadding_sent
0000008610285953 circpad_cell_event_nonpadding_sent
0000008621032831 circpad_cell_event_nonpadding_sent
0000008621049783 circpad_cell_event_nonpadding_sent
0000008621056004 circpad_cell_event_nonpadding_sent
0000008621099685 circpad_cell_event_nonpadding_sent
0000008621119091 circpad_cell_event_nonpadding_sent
0000008621125182 circpad_cell_event_nonpadding_sent
0000008621130752 circpad_cell_event_nonpadding_sent
0000008621136323 circpad_cell_event_nonpadding_sent
0000008621141953 circpad_cell_event_nonpadding_sent
0000008621156469 circpad_cell_event_nonpadding_sent
0000008629142709 circpad_cell_event_nonpadding_sent
0000008629158708 circpad_cell_event_nonpadding_sent
0000008629164769 circpad_cell_event_nonpadding_sent
0000008629170390 circpad_cell_event_nonpadding_sent
0000008629175970 circpad_cell_event_nonpadding_sent
0000008629181591 circpad_cell_event_nonpadding_sent
0000008629187140 circpad_cell_event_nonpadding_sent
0000008629192912 circpad_cell_event_nonpadding_sent
0000008674009941 circpad_cell_event_nonpadding_sent
0000008674040908 circpad_cell_event_nonpadding_sent
0000008674047802 circpad_cell_event_nonpadding_sent
0000008674053882 circpad_cell_event_nonpadding_sent
0000008674059923 circpad_cell_event_nonpadding_sent
0000008674065704 circpad_cell_event_nonpadding_sent
0000008674071346 circpad_cell_event_nonpadding_sent
0000008698228575 circpad_cell_event_nonpadding_sent
0000008698249806 circpad_cell_event_nonpadding_sent
0000008698256598 circpad_cell_event_nonpadding_sent
0000008698262489 circpad_cell_event_nonpadding_sent
0000008727733784 circpad_cell_event_nonpadding_sent
0000008727761216 circpad_cell_event_nonpadding_sent
0000008727776825 circpad_cell_event_nonpadding_sent
0000008727782815 circpad_cell_event_nonpadding_sent
0000008727788396 circpad_cell_event_nonpadding_sent
0000008727794057 circpad_cell_event_nonpadding_sent
0000008727799696 circpad_cell_event_nonpadding_sent
0000008727816547 circpad_cell_event_nonpadding_sent
0000008728951363 circpad_cell_event_nonpadding_sent
0000008728964056 circpad_cell_event_nonpadding_sent
0000008884084007 circpad_cell_event_nonpadding_received
0000008728988571 circpad_cell_event_nonpadding_sent
0000008728994703 circpad_cell_event_nonpadding_sent
0000008729000383 circpad_cell_event_nonpadding_sent
0000008729006004 circpad_cell_event_nonpadding_sent
0000008729011734 circpad_cell_event_nonpadding_sent
0000008738123429 circpad_cell_event_nonpadding_sent
0000008738138998 circpad_cell_event_nonpadding_sent
0000008738145209 circpad_cell_event_nonpadding_sent
0000008738150860 circpad_cell_event_nonpadding_sent
0000008738156470 circpad_cell_event_nonpadding_sent
0000008738162030 circpad_cell_event_nonpadding_sent
0000008738167601 circpad_cell_event_nonpadding_sent
0000008757494878 circpad_cell_event_nonpadding_sent
0000008757513762 circpad_cell_event_nonpadding_sent
0000008757520425 circpad_cell_event_nonpadding_sent
0000008757526316 circpad_cell_event_nonpadding_sent
0000008757532137 circpad_cell_event_nonpadding_sent
0000008757538067 circpad_cell_event_nonpadding_sent
0000008953786049 circpad_cell_event_nonpadding_received
0000009016501756 circpad_cell_event_nonpadding_received
0000009019431668 circpad_cell_event_nonpadding_received
0000009041651519 circpad_cell_event_nonpadding_sent
0000009197988858 circpad_cell_event_nonpadding_received
0000009198008294 circpad_cell_event_nonpadding_received
0000009158535434 circpad_cell_event_nonpadding_sent
0000009314898511 circpad_cell_event_nonpadding_received
0000009314927836 circpad_cell_event_nonpadding_received
0000009299668971 circpad_cell_event_nonpadding_sent
0000009299706290 circpad_cell_event_nonpadding_sent
0000009299714886 circpad_cell_event_nonpadding_sent
0000009299721739 circpad_cell_event_nonpadding_sent
0000009299728182 circpad_cell_event_nonpadding_sent
0000009299734412 circpad_cell_event_nonpadding_sent
0000009299740925 circpad_cell_event_nonpadding_sent
0000009427047847 circpad_cell_event_nonpadding_sent
0000009583990186 circpad_cell_event_nonpadding_received
0000009584336470 circpad_cell_event_nonpadding_received
0000009584357978 circpad_cell_event_nonpadding_received
0000009581220372 circpad_cell_event_nonpadding_sent
0000009581247442 circpad_cell_event_nonpadding_sent
0000009581254506 circpad_cell_event_nonpadding_sent
0000009581260707 circpad_cell_event_nonpadding_sent
0000009581266538 circpad_cell_event_nonpadding_sent
0000009581272179 circpad_cell_event_nonpadding_sent
0000009581278048 circpad_cell_event_nonpadding_sent
0000009609596517 circpad_cell_event_nonpadding_sent
0000009766405982 circpad_cell_event_nonpadding_received
0000009766731536 circpad_cell_event_nonpadding_received
0000009766750291 circpad_cell_event_nonpadding_received
0000009735384983 circpad_cell_event_nonpadding_sent
0000009890670702 circpad_cell_event_nonpadding_received
0000009786212096 circpad_cell_event_nonpadding_sent
0000009858587053 circpad_cell_event_nonpadding_sent
0000009858615095 circpad_cell_event_nonpadding_sent
0000009858622049 circpad_cell_event_nonpadding_sent
0000010014011660 circpad_cell_event_nonpadding_received
0000010014072103 circpad_cell_event_nonpadding_received
0000010019295908 circpad_cell_event_nonpadding_received
0000009940876242 circpad_cell_event_nonpadding_sent
0000009940895598 circpad_cell_event_nonpadding_sent
0000009940900769 circpad_cell_event_nonpadding_sent
0000009940912040 circpad_cell_event_nonpadding_sent
0000009940916328 circpad_cell_event_nonpadding_sent
0000009940920544 circpad_cell_event_nonpadding_sent
0000010096034485 circpad_cell_event_nonpadding_received
0000009940935642 circpad_cell_event_nonpadding_sent
0000009952777941 circpad_cell_event_nonpadding_sent
0000009952794552 circpad_cell_event_nonpadding_sent
0000009952798789 circpad_cell_event_nonpadding_sent
0000009952802706 circpad_cell_event_nonpadding_sent
0000009952806564 circpad_cell_event_nonpadding_sent
0000009952810421 circpad_cell_event_nonpadding_sent
0000009952814349 circpad_cell_event_nonpadding_sent
0000009952818215 circpad_cell_event_nonpadding_sent
0000009952836370 circpad_cell_event_nonpadding_sent
0000009968656963 circpad_cell_event_nonpadding_sent
0000009968667223 circpad_cell_event_nonpadding_sent
0000009968671360 circpad_cell_event_nonpadding_sent
0000009968675317 circpad_cell_event_nonpadding_sent
0000009968679166 circpad_cell_event_nonpadding_sent
0000009968683032 circpad_cell_event_nonpadding_sent
0000009968686930 circpad_cell_event_nonpadding_sent
0000009968701746 circpad_cell_event_nonpadding_sent
0000010066041152 circpad_cell_event_nonpadding_sent
0000010066079785 circpad_cell_event_nonpadding_sent
0000010066086798 circpad_cell_event_nonpadding_sent
0000010066092759 circpad_cell_event_nonpadding_sent
0000010066098499 circpad_cell_event_nonpadding_sent
0000010066104269 circpad_cell_event_nonpadding_sent
0000010066119427 circpad_cell_event_nonpadding_sent
0000010093864653 circpad_cell_event_nonpadding_sent
0000010249109757 circpad_cell_event_nonpadding_received
0000010177926489 circpad_cell_event_nonpadding_sent
0000010334240154 circpad_cell_event_nonpadding_received
0000010334268277 circpad_cell_event_nonpadding_received
0000010485486912 circpad_cell_event_nonpadding_sent
0000010485517630 circpad_cell_event_nonpadding_sent
0000010485525093 circpad_cell_event_nonpadding_sent
0000010485531907 circpad_cell_event_nonpadding_sent
0000010485538348 circpad_cell_event_nonpadding_sent
0000010485544821 circpad_cell_event_nonpadding_sent
0000010643150371 circpad_cell_event_nonpadding_received
0000010675107217 circpad_cell_event_nonpadding_sent
0000010675145297 circpad_cell_event_nonpadding_sent
