0000000000000000 circpad_machine_event_circ_added_hop
0000000000108119 circpad_cell_event_nonpadding_sent
0000000492375445 circpad_cell_event_nonpadding_received
0000000492894776 circpad_machine_event_circ_added_hop
0000000492948847 circpad_cell_event_nonpadding_sent
0000000673631019 circpad_cell_event_nonpadding_received
0000000674637299 circpad_machine_event_circ_added_hop
0000000674654215 circpad_machine_event_circ_built
0000064482191413 circpad_machine_event_circ_has_streams
0000064482230026 connection_ap_handshake_send_begin check.torproject.org
0000064482267570 circpad_cell_event_nonpadding_sent
0000064673858703 circpad_cell_event_nonpadding_received
0000064691376253 circpad_cell_event_nonpadding_sent
0000064905416826 circpad_cell_event_nonpadding_received
0000064905553224 circpad_cell_event_nonpadding_received
0000064905612201 circpad_cell_event_nonpadding_received
0000064905656074 circpad_cell_event_nonpadding_received
0000064905694146 circpad_cell_event_nonpadding_received
0000064905730379 circpad_cell_event_nonpadding_received
0000064905768277 circpad_cell_event_nonpadding_received
0000064986401798 circpad_cell_event_nonpadding_received
0000064989911474 circpad_cell_event_nonpadding_sent
0000065185506356 circpad_cell_event_nonpadding_received
0000065186148213 circpad_cell_event_nonpadding_sent
0000065386075767 circpad_cell_event_nonpadding_received
0000065386188109 circpad_cell_event_nonpadding_received
0000065386239566 circpad_cell_event_nonpadding_received
0000065386278895 circpad_cell_event_nonpadding_received
0000065386308823 circpad_cell_event_nonpadding_received
0000065386339668 circpad_cell_event_nonpadding_received
0000065386372747 circpad_cell_event_nonpadding_received
0000065461297757 circpad_cell_event_nonpadding_received
0000065461414882 circpad_cell_event_nonpadding_received
0000065471232446 circpad_cell_event_nonpadding_received
0000065471334377 circpad_cell_event_nonpadding_received
0000065471377607 circpad_cell_event_nonpadding_received
0000065471457318 circpad_cell_event_nonpadding_received
0000065471497711 circpad_cell_event_nonpadding_received
0000065471530231 circpad_cell_event_nonpadding_received
0000065471565122 circpad_cell_event_nonpadding_received
0000065471659046 circpad_cell_event_nonpadding_received
0000065473645455 circpad_cell_event_nonpadding_sent
0000065473703249 circpad_machine_event_circ_has_no_relay_early
0000065476515270 circpad_cell_event_nonpadding_sent
0000065477096923 circpad_machine_event_circ_has_no_streams
0000080273517379 circpad_machine_event_circ_has_streams
0000080273553838 connection_ap_handshake_send_begin eff.org
0000080273578448 circpad_cell_event_nonpadding_sent
0000080699262111 circpad_cell_event_nonpadding_received
0000080715399705 circpad_cell_event_nonpadding_sent
0000081110265905 circpad_cell_event_nonpadding_received
0000081110381909 circpad_cell_event_nonpadding_received
0000081110431208 circpad_cell_event_nonpadding_received
0000081110498627 circpad_cell_event_nonpadding_received
0000081110605519 circpad_cell_event_nonpadding_received
0000081110801797 circpad_cell_event_nonpadding_received
0000081111157443 circpad_cell_event_nonpadding_received
0000081115347358 circpad_cell_event_nonpadding_sent
0000081620514196 circpad_cell_event_nonpadding_received
0000081621796244 circpad_cell_event_nonpadding_sent
0000082132553920 circpad_cell_event_nonpadding_received
0000082132667929 circpad_cell_event_nonpadding_received
0000082133478729 circpad_cell_event_nonpadding_sent
0000082137620554 circpad_cell_event_nonpadding_sent
0000082137708083 circpad_machine_event_circ_has_no_streams
