0000000000000000 circpad_machine_event_circ_added_hop
0000000000039922 circpad_cell_event_nonpadding_sent
0000000497147248 circpad_cell_event_nonpadding_received
0000000498011775 circpad_machine_event_circ_added_hop
0000000498129442 circpad_cell_event_nonpadding_sent
0000000722170839 circpad_cell_event_nonpadding_received
0000000723651153 circpad_machine_event_circ_added_hop
0000000723667059 circpad_machine_event_circ_built
0000039332211343 circpad_machine_event_circ_has_streams
0000039332287511 connection_ap_handshake_send_begin check.torproject.org
0000039332347511 circpad_cell_event_nonpadding_sent
0000039608697363 circpad_cell_event_nonpadding_received
0000039623348746 circpad_cell_event_nonpadding_sent
0000039907853851 circpad_cell_event_nonpadding_received
0000039907992919 circpad_cell_event_nonpadding_received
0000039908064631 circpad_cell_event_nonpadding_received
0000039908116229 circpad_cell_event_nonpadding_received
0000039908156037 circpad_cell_event_nonpadding_received
0000039908193585 circpad_cell_event_nonpadding_received
0000039908235053 circpad_cell_event_nonpadding_received
0000039987859823 circpad_cell_event_nonpadding_received
0000039998447690 circpad_cell_event_nonpadding_sent
0000040339486070 circpad_cell_event_nonpadding_received
0000040339947777 circpad_cell_event_nonpadding_sent
0000040591254668 circpad_cell_event_nonpadding_received
0000040591431775 circpad_cell_event_nonpadding_received
0000040591481290 circpad_cell_event_nonpadding_received
0000040591510471 circpad_cell_event_nonpadding_received
0000040591542119 circpad_cell_event_nonpadding_received
0000040591583184 circpad_cell_event_nonpadding_received
0000040591630858 circpad_cell_event_nonpadding_received
0000040669776114 circpad_cell_event_nonpadding_received
0000040669957912 circpad_cell_event_nonpadding_received
0000040670005662 circpad_cell_event_nonpadding_received
0000040670041306 circpad_cell_event_nonpadding_received
0000040670134441 circpad_cell_event_nonpadding_received
0000040674679194 circpad_cell_event_nonpadding_received
0000040674782765 circpad_cell_event_nonpadding_received
0000040674827770 circpad_cell_event_nonpadding_received
0000040674870934 circpad_cell_event_nonpadding_received
0000040674914030 circpad_cell_event_nonpadding_received
0000040677173863 circpad_cell_event_nonpadding_sent
0000040677249135 circpad_machine_event_circ_has_no_relay_early
0000040680971251 circpad_cell_event_nonpadding_sent
0000040681039611 circpad_machine_event_circ_has_no_streams
0000040974058048 circpad_cell_event_nonpadding_received
0000045706977388 circpad_machine_event_circ_has_streams
0000045707007600 connection_ap_handshake_send_begin eff.org
0000045707043429 circpad_cell_event_nonpadding_sent
0000046193975916 circpad_cell_event_nonpadding_received
0000046207261605 circpad_cell_event_nonpadding_sent
0000046961238208 circpad_cell_event_nonpadding_received
0000046961321541 circpad_cell_event_nonpadding_received
0000046961354823 circpad_cell_event_nonpadding_received
0000046961378457 circpad_cell_event_nonpadding_received
0000046961400221 circpad_cell_event_nonpadding_received
0000046961420590 circpad_cell_event_nonpadding_received
0000046961454478 circpad_cell_event_nonpadding_received
0000046965167990 circpad_cell_event_nonpadding_sent
0000047414137964 circpad_cell_event_nonpadding_received
0000047414675740 circpad_cell_event_nonpadding_sent
0000047875699233 circpad_cell_event_nonpadding_received
0000047875789644 circpad_cell_event_nonpadding_received
0000047876434973 circpad_cell_event_nonpadding_sent
0000047879230317 circpad_cell_event_nonpadding_sent
0000047879290537 circpad_machine_event_circ_has_no_streams
