0000000000000000 circpad_machine_event_circ_added_hop
0000000000098682 circpad_cell_event_nonpadding_sent
0000000168857479 circpad_cell_event_nonpadding_received
0000000169323384 circpad_machine_event_circ_added_hop
0000000169415326 circpad_cell_event_nonpadding_sent
0000000345528464 circpad_cell_event_nonpadding_received
0000000347280864 circpad_machine_event_circ_added_hop
0000000347310455 circpad_machine_event_circ_built
0000097465516274 circpad_machine_event_circ_has_streams
0000097465551816 connection_ap_handshake_send_begin check.torproject.org
0000097465577418 circpad_cell_event_nonpadding_sent
0000097653328999 circpad_cell_event_nonpadding_received
0000097669493717 circpad_cell_event_nonpadding_sent
0000097879709663 circpad_cell_event_nonpadding_received
0000097879823758 circpad_cell_event_nonpadding_received
0000097879865050 circpad_cell_event_nonpadding_received
0000097879896055 circpad_cell_event_nonpadding_received
0000097879924093 circpad_cell_event_nonpadding_received
0000097879950511 circpad_cell_event_nonpadding_received
0000097879978824 circpad_cell_event_nonpadding_received
0000097963162765 circpad_cell_event_nonpadding_received
0000097969309469 circpad_cell_event_nonpadding_sent
0000098172674281 circpad_cell_event_nonpadding_received
0000098173657462 circpad_cell_event_nonpadding_sent
0000098173736837 circpad_machine_event_circ_has_no_relay_early
0000098452691505 circpad_cell_event_nonpadding_received
0000098452805030 circpad_cell_event_nonpadding_received
0000098452846941 circpad_cell_event_nonpadding_received
0000098452877489 circpad_cell_event_nonpadding_received
0000098452904453 circpad_cell_event_nonpadding_received
0000098452930478 circpad_cell_event_nonpadding_received
0000098452958453 circpad_cell_event_nonpadding_received
0000098532834568 circpad_cell_event_nonpadding_received
0000098532977288 circpad_cell_event_nonpadding_received
0000098533065155 circpad_cell_event_nonpadding_received
0000098533089600 circpad_cell_event_nonpadding_received
0000098533109025 circpad_cell_event_nonpadding_received
0000098533129795 circpad_cell_event_nonpadding_received
0000098533150850 circpad_cell_event_nonpadding_received
0000098533204484 circpad_cell_event_nonpadding_received
0000098533361941 circpad_cell_event_nonpadding_received
0000098533434066 circpad_cell_event_nonpadding_received
0000098535500457 circpad_cell_event_nonpadding_sent
0000098538394805 circpad_cell_event_nonpadding_sent
0000098538453742 circpad_machine_event_circ_has_no_streams
0000098738461219 circpad_cell_event_nonpadding_received
0000104942420144 circpad_machine_event_circ_has_streams
0000104942458557 connection_ap_handshake_send_begin eff.org
0000104942488383 circpad_cell_event_nonpadding_sent
0000105287825374 circpad_cell_event_nonpadding_received
0000105304113288 circpad_cell_event_nonpadding_sent
0000105703138791 circpad_cell_event_nonpadding_received
0000105703267931 circpad_cell_event_nonpadding_received
0000105703323088 circpad_cell_event_nonpadding_received
0000105703362156 circpad_cell_event_nonpadding_received
0000105703461704 circpad_cell_event_nonpadding_received
0000105703504523 circpad_cell_event_nonpadding_received
0000105703557079 circpad_cell_event_nonpadding_received
0000105707895607 circpad_cell_event_nonpadding_sent
0000106108862921 circpad_cell_event_nonpadding_received
0000106109680561 circpad_cell_event_nonpadding_sent
0000106516642408 circpad_cell_event_nonpadding_received
0000106516731589 circpad_cell_event_nonpadding_received
0000106517390568 circpad_cell_event_nonpadding_sent
0000106520229193 circpad_cell_event_nonpadding_sent
0000106520285639 circpad_machine_event_circ_has_no_streams
