0000000000000000 circpad_machine_event_circ_added_hop
0000000000046426 circpad_cell_event_nonpadding_sent
0000000186909979 circpad_cell_event_nonpadding_received
0000000187197292 circpad_machine_event_circ_added_hop
0000000187248988 circpad_cell_event_nonpadding_sent
0000000610702713 circpad_cell_event_nonpadding_received
0000000611060486 circpad_machine_event_circ_added_hop
0000000611065435 circpad_machine_event_circ_built
0000004529855331 circpad_machine_event_circ_has_streams
0000004529868856 connection_ap_handshake_send_begin duckduckgo.com
0000004529875048 circpad_cell_event_nonpadding_sent
0000004804642680 circpad_cell_event_nonpadding_received
0000004805902746 circpad_cell_event_nonpadding_sent
0000004805943482 circpad_cell_event_nonpadding_sent
0000005106259467 circpad_cell_event_nonpadding_received
0000005106285946 circpad_cell_event_nonpadding_received
0000005106294442 circpad_cell_event_nonpadding_received
0000005106301425 circpad_cell_event_nonpadding_received
0000005106307616 circpad_cell_event_nonpadding_received
0000005106313287 circpad_cell_event_nonpadding_received
0000005106319188 circpad_cell_event_nonpadding_received
0000005235177864 circpad_cell_event_nonpadding_received
0000005235650160 circpad_cell_event_nonpadding_sent
0000005235954965 circpad_cell_event_nonpadding_sent
0000005235964082 circpad_machine_event_circ_has_no_relay_early
0000005235978108 circpad_cell_event_nonpadding_sent
0000005520200812 circpad_cell_event_nonpadding_received
0000005520244362 circpad_cell_event_nonpadding_received
0000005520397005 circpad_cell_event_nonpadding_sent
0000005663383189 circpad_cell_event_nonpadding_received
0000005663420919 circpad_cell_event_nonpadding_received
0000005759157012 circpad_cell_event_nonpadding_sent
0000006043367113 circpad_cell_event_nonpadding_received
0000006043410563 circpad_cell_event_nonpadding_received
0000006043418598 circpad_cell_event_nonpadding_received
0000006043425070 circpad_cell_event_nonpadding_received
0000006043431622 circpad_cell_event_nonpadding_received
0000006099150605 circpad_cell_event_nonpadding_sent
0000006099273172 circpad_cell_event_nonpadding_sent
0000006102969115 circpad_cell_event_nonpadding_sent
0000006103106971 circpad_cell_event_nonpadding_sent
0000006103353388 circpad_cell_event_nonpadding_sent
0000006103438085 circpad_cell_event_nonpadding_sent
0000006357504532 circpad_cell_event_nonpadding_received
0000006357551829 circpad_cell_event_nonpadding_received
0000006357560065 circpad_cell_event_nonpadding_received
0000006357566316 circpad_cell_event_nonpadding_received
0000006357572588 circpad_cell_event_nonpadding_received
0000006357578389 circpad_cell_event_nonpadding_received
0000006357584009 circpad_cell_event_nonpadding_received
0000006385233377 circpad_cell_event_nonpadding_received
0000006385264484 circpad_cell_event_nonpadding_received
0000006385271888 circpad_cell_event_nonpadding_received
0000006385278140 circpad_cell_event_nonpadding_received
0000006385284051 circpad_cell_event_nonpadding_received
0000006385289741 circpad_cell_event_nonpadding_received
0000006385295462 circpad_cell_event_nonpadding_received
0000006385301253 circpad_cell_event_nonpadding_received
0000006412943818 circpad_cell_event_nonpadding_received
0000006412974595 circpad_cell_event_nonpadding_received
0000006412982539 circpad_cell_event_nonpadding_received
0000006412988711 circpad_cell_event_nonpadding_received
0000006412994492 circpad_cell_event_nonpadding_received
0000006413000142 circpad_cell_event_nonpadding_received
0000006413005762 circpad_cell_event_nonpadding_received
0000006413023075 circpad_cell_event_nonpadding_received
0000006503763704 circpad_cell_event_nonpadding_received
0000006503802106 circpad_cell_event_nonpadding_received
0000006503809670 circpad_cell_event_nonpadding_received
0000006503815711 circpad_cell_event_nonpadding_received
0000006503821582 circpad_cell_event_nonpadding_received
0000006503837942 circpad_cell_event_nonpadding_received
0000006503843923 circpad_cell_event_nonpadding_received
0000006503863630 circpad_cell_event_nonpadding_received
0000006503870993 circpad_cell_event_nonpadding_received
0000006503943367 circpad_cell_event_nonpadding_received
0000006503954017 circpad_cell_event_nonpadding_sent
0000006503969446 circpad_cell_event_nonpadding_received
0000006503975567 circpad_cell_event_nonpadding_received
0000006503981258 circpad_cell_event_nonpadding_received
0000006503986868 circpad_cell_event_nonpadding_received
0000006503992398 circpad_cell_event_nonpadding_received
0000006503997979 circpad_cell_event_nonpadding_received
0000006504050937 circpad_cell_event_nonpadding_received
0000006504061597 circpad_cell_event_nonpadding_received
0000006504104586 circpad_cell_event_nonpadding_received
0000006504115447 circpad_cell_event_nonpadding_received
0000006504121217 circpad_cell_event_nonpadding_received
0000006504126727 circpad_cell_event_nonpadding_received
0000006504132208 circpad_cell_event_nonpadding_received
0000006504137798 circpad_cell_event_nonpadding_received
0000006504143318 circpad_cell_event_nonpadding_received
0000006531627229 circpad_cell_event_nonpadding_received
0000006531666632 circpad_cell_event_nonpadding_received
0000006531673655 circpad_cell_event_nonpadding_received
0000006531679686 circpad_cell_event_nonpadding_received
0000006531685617 circpad_cell_event_nonpadding_received
0000006531691518 circpad_cell_event_nonpadding_received
0000006531697189 circpad_cell_event_nonpadding_received
0000006531712738 circpad_cell_event_nonpadding_received
0000006531756619 circpad_cell_event_nonpadding_received
0000006531765966 circpad_cell_event_nonpadding_received
0000006531771827 circpad_cell_event_nonpadding_received
0000006531777638 circpad_cell_event_nonpadding_received
0000006531783318 circpad_cell_event_nonpadding_received
0000006531788999 circpad_cell_event_nonpadding_received
0000006531850142 circpad_cell_event_nonpadding_received
0000006531861073 circpad_cell_event_nonpadding_received
0000006531866893 circpad_cell_event_nonpadding_received
0000006531872554 circpad_cell_event_nonpadding_received
0000006531878184 circpad_cell_event_nonpadding_received
0000006531883785 circpad_cell_event_nonpadding_received
0000006531889325 circpad_cell_event_nonpadding_received
0000006531903952 circpad_cell_event_nonpadding_received
0000006546082391 circpad_cell_event_nonpadding_received
0000006546113609 circpad_cell_event_nonpadding_received
0000006546120622 circpad_cell_event_nonpadding_received
0000006546126633 circpad_cell_event_nonpadding_received
0000006546132464 circpad_cell_event_nonpadding_received
0000006546138255 circpad_cell_event_nonpadding_received
0000006546144005 circpad_cell_event_nonpadding_received
0000006559554430 circpad_cell_event_nonpadding_received
0000006559598933 circpad_cell_event_nonpadding_received
0000006651724663 circpad_cell_event_nonpadding_received
0000006651757724 circpad_cell_event_nonpadding_received
0000006651765298 circpad_cell_event_nonpadding_received
0000006651772171 circpad_cell_event_nonpadding_received
0000006651791196 circpad_cell_event_nonpadding_sent
0000006651805603 circpad_cell_event_nonpadding_sent
0000006651813988 circpad_cell_event_nonpadding_received
0000006651820019 circpad_cell_event_nonpadding_received
0000006651825680 circpad_cell_event_nonpadding_received
0000006651916108 circpad_cell_event_nonpadding_received
0000006651927278 circpad_cell_event_nonpadding_received
0000006651933770 circpad_cell_event_nonpadding_received
0000006651939551 circpad_cell_event_nonpadding_received
0000006651945272 circpad_cell_event_nonpadding_received
0000006651951002 circpad_cell_event_nonpadding_received
0000006651956603 circpad_cell_event_nonpadding_received
0000006651962133 circpad_cell_event_nonpadding_received
0000006652007998 circpad_cell_event_nonpadding_received
0000006652018417 circpad_cell_event_nonpadding_received
0000006652024559 circpad_cell_event_nonpadding_received
0000006652030670 circpad_cell_event_nonpadding_received
0000006652047341 circpad_cell_event_nonpadding_received
0000006652053953 circpad_cell_event_nonpadding_received
0000006652059644 circpad_cell_event_nonpadding_received
0000006652065264 circpad_cell_event_nonpadding_received
0000006652070885 circpad_cell_event_nonpadding_received
0000006652076936 circpad_cell_event_nonpadding_received
0000006652082626 circpad_cell_event_nonpadding_received
0000006652102443 circpad_cell_event_nonpadding_received
0000006652110147 circpad_cell_event_nonpadding_received
0000006652115978 circpad_cell_event_nonpadding_received
0000006652130235 circpad_cell_event_nonpadding_received
0000006652136005 circpad_cell_event_nonpadding_received
0000006652141746 circpad_cell_event_nonpadding_received
0000006652147326 circpad_cell_event_nonpadding_received
0000006652152947 circpad_cell_event_nonpadding_received
0000006652170449 circpad_cell_event_nonpadding_received
0000006652177522 circpad_cell_event_nonpadding_received
0000006652183303 circpad_cell_event_nonpadding_received
0000006652188974 circpad_cell_event_nonpadding_received
0000006652194674 circpad_cell_event_nonpadding_received
0000006652200425 circpad_cell_event_nonpadding_received
0000006652206035 circpad_cell_event_nonpadding_received
0000006652211575 circpad_cell_event_nonpadding_received
0000006653764054 circpad_cell_event_nonpadding_received
0000006653777759 circpad_cell_event_nonpadding_received
0000006653783660 circpad_cell_event_nonpadding_received
0000006653789261 circpad_cell_event_nonpadding_received
0000006653794751 circpad_cell_event_nonpadding_received
0000006653800331 circpad_cell_event_nonpadding_received
0000006653805842 circpad_cell_event_nonpadding_received
0000006653811432 circpad_cell_event_nonpadding_received
0000006653826480 circpad_cell_event_nonpadding_received
0000006662842397 circpad_cell_event_nonpadding_received
0000006662876420 circpad_cell_event_nonpadding_received
0000006662884315 circpad_cell_event_nonpadding_received
0000006662890406 circpad_cell_event_nonpadding_sent
0000006662905845 circpad_cell_event_nonpadding_received
0000006662912607 circpad_cell_event_nonpadding_received
0000006662927405 circpad_cell_event_nonpadding_received
0000006662933456 circpad_cell_event_nonpadding_received
0000006662979281 circpad_cell_event_nonpadding_received
0000006663003806 circpad_cell_event_nonpadding_received
0000006663011841 circpad_cell_event_nonpadding_received
0000006663017963 circpad_cell_event_nonpadding_received
0000006663023804 circpad_cell_event_nonpadding_received
0000006663029574 circpad_cell_event_nonpadding_received
0000006663035305 circpad_cell_event_nonpadding_received
0000006663041076 circpad_cell_event_nonpadding_received
0000006663055552 circpad_cell_event_nonpadding_received
0000006663062425 circpad_cell_event_nonpadding_received
0000006663068847 circpad_cell_event_nonpadding_received
0000006663089996 circpad_cell_event_nonpadding_received
0000006663097941 circpad_cell_event_nonpadding_received
0000006663103932 circpad_cell_event_nonpadding_received
0000006663109823 circpad_cell_event_nonpadding_received
0000006663115624 circpad_cell_event_nonpadding_received
0000006663121415 circpad_cell_event_nonpadding_received
0000006663127245 circpad_cell_event_nonpadding_received
0000006679436023 circpad_cell_event_nonpadding_received
0000006679463464 circpad_cell_event_nonpadding_received
0000006679469706 circpad_cell_event_nonpadding_received
0000006679475497 circpad_cell_event_nonpadding_received
0000006679481137 circpad_cell_event_nonpadding_received
0000006679487329 circpad_cell_event_nonpadding_received
0000006679508187 circpad_cell_event_nonpadding_received
0000006679515250 circpad_cell_event_nonpadding_received
0000006679529877 circpad_cell_event_nonpadding_received
0000006679536299 circpad_cell_event_nonpadding_received
0000006679541950 circpad_cell_event_nonpadding_received
0000006679547530 circpad_cell_event_nonpadding_received
0000006679553141 circpad_cell_event_nonpadding_received
0000006679598104 circpad_cell_event_nonpadding_received
0000006679608734 circpad_cell_event_nonpadding_received
0000006694587738 circpad_cell_event_nonpadding_received
0000006694612774 circpad_cell_event_nonpadding_received
0000006694620489 circpad_cell_event_nonpadding_received
0000006694627171 circpad_cell_event_nonpadding_received
0000006694633463 circpad_cell_event_nonpadding_received
0000006694639554 circpad_cell_event_nonpadding_received
0000006694645415 circpad_cell_event_nonpadding_received
0000006694666003 circpad_cell_event_nonpadding_received
0000006694673096 circpad_cell_event_nonpadding_received
0000006694679688 circpad_cell_event_nonpadding_received
0000006694685579 circpad_cell_event_nonpadding_received
0000006694691410 circpad_cell_event_nonpadding_received
0000006694697551 circpad_cell_event_nonpadding_received
0000006694705346 circpad_cell_event_nonpadding_sent
0000006694720845 circpad_cell_event_nonpadding_received
0000006694726826 circpad_cell_event_nonpadding_received
0000006694759837 circpad_cell_event_nonpadding_sent
0000006707318513 circpad_cell_event_nonpadding_received
0000006707337779 circpad_cell_event_nonpadding_received
0000006707343991 circpad_cell_event_nonpadding_received
0000006707349641 circpad_cell_event_nonpadding_received
0000006707364318 circpad_cell_event_nonpadding_received
0000006707370309 circpad_cell_event_nonpadding_received
0000006707376100 circpad_cell_event_nonpadding_received
0000006707381801 circpad_cell_event_nonpadding_received
0000006728252850 circpad_cell_event_nonpadding_sent
0000006800287676 circpad_cell_event_nonpadding_received
0000006800325275 circpad_cell_event_nonpadding_received
0000006800333531 circpad_cell_event_nonpadding_received
0000006800340273 circpad_cell_event_nonpadding_received
0000006800346545 circpad_cell_event_nonpadding_received
0000006800352586 circpad_cell_event_nonpadding_received
0000006800358537 circpad_cell_event_nonpadding_received
0000006800381349 circpad_cell_event_nonpadding_received
0000006800388432 circpad_cell_event_nonpadding_received
0000006800394995 circpad_cell_event_nonpadding_received
0000006800400815 circpad_cell_event_nonpadding_received
0000006800406636 circpad_cell_event_nonpadding_received
0000006800412287 circpad_cell_event_nonpadding_received
0000006800417987 circpad_cell_event_nonpadding_received
0000006800423618 circpad_cell_event_nonpadding_received
0000006800482657 circpad_cell_event_nonpadding_received
0000006800493487 circpad_cell_event_nonpadding_received
0000006800499448 circpad_cell_event_nonpadding_received
0000006800505149 circpad_cell_event_nonpadding_received
0000006800510899 circpad_cell_event_nonpadding_received
0000006800516470 circpad_cell_event_nonpadding_received
0000006800522220 circpad_cell_event_nonpadding_received
0000006800527891 circpad_cell_event_nonpadding_received
0000006801993318 circpad_cell_event_nonpadding_received
0000006802007014 circpad_cell_event_nonpadding_received
0000006802012955 circpad_cell_event_nonpadding_received
0000006802018535 circpad_cell_event_nonpadding_received
0000006802024145 circpad_cell_event_nonpadding_received
0000006802029766 circpad_cell_event_nonpadding_received
0000006802035356 circpad_cell_event_nonpadding_received
0000006802040916 circpad_cell_event_nonpadding_received
0000006802056415 circpad_cell_event_nonpadding_received
0000006802093083 circpad_cell_event_nonpadding_received
0000006802103322 circpad_cell_event_nonpadding_received
0000006802109253 circpad_cell_event_nonpadding_received
0000006802114874 circpad_cell_event_nonpadding_received
0000006802120484 circpad_cell_event_nonpadding_received
0000006802126084 circpad_cell_event_nonpadding_received
0000006802131655 circpad_cell_event_nonpadding_received
0000006802148796 circpad_cell_event_nonpadding_received
0000006802155168 circpad_cell_event_nonpadding_sent
0000006802170396 circpad_cell_event_nonpadding_received
0000006802176588 circpad_cell_event_nonpadding_received
0000006802182299 circpad_cell_event_nonpadding_received
0000006802187889 circpad_cell_event_nonpadding_received
0000006802193449 circpad_cell_event_nonpadding_received
0000006802199050 circpad_cell_event_nonpadding_received
0000006802204570 circpad_cell_event_nonpadding_received
0000006802260784 circpad_cell_event_nonpadding_received
0000006802272416 circpad_cell_event_nonpadding_received
0000006802278487 circpad_cell_event_nonpadding_received
0000006802290128 circpad_cell_event_nonpadding_received
0000006802296059 circpad_cell_event_nonpadding_received
0000006802301820 circpad_cell_event_nonpadding_received
0000006802307531 circpad_cell_event_nonpadding_received
0000006802313201 circpad_cell_event_nonpadding_received
0000006802331525 circpad_cell_event_nonpadding_received
0000006802338648 circpad_cell_event_nonpadding_received
0000006802344449 circpad_cell_event_nonpadding_received
0000006802350040 circpad_cell_event_nonpadding_received
0000006802355560 circpad_cell_event_nonpadding_received
0000006802361200 circpad_cell_event_nonpadding_received
0000006802366761 circpad_cell_event_nonpadding_received
0000006802372241 circpad_cell_event_nonpadding_received
0000006802763887 circpad_cell_event_nonpadding_received
0000006802787060 circpad_cell_event_nonpadding_received
0000006802794213 circpad_cell_event_nonpadding_received
0000006802799994 circpad_cell_event_nonpadding_received
0000006802805594 circpad_cell_event_nonpadding_received
0000006802811185 circpad_cell_event_nonpadding_received
0000006802816785 circpad_cell_event_nonpadding_received
0000006802886635 circpad_cell_event_nonpadding_received
0000006802900901 circpad_cell_event_nonpadding_received
0000006802906972 circpad_cell_event_nonpadding_received
0000006802912613 circpad_cell_event_nonpadding_received
0000006802918293 circpad_cell_event_nonpadding_received
0000006802923844 circpad_cell_event_nonpadding_received
0000006802929424 circpad_cell_event_nonpadding_received
0000006802935034 circpad_cell_event_nonpadding_received
0000006811527156 circpad_cell_event_nonpadding_received
0000006811557111 circpad_cell_event_nonpadding_received
0000006811563573 circpad_cell_event_nonpadding_received
0000006811569324 circpad_cell_event_nonpadding_received
0000006811575075 circpad_cell_event_nonpadding_received
0000006811580705 circpad_cell_event_nonpadding_received
0000006811586566 circpad_cell_event_nonpadding_received
0000006811647679 circpad_cell_event_nonpadding_received
0000006811653550 circpad_cell_event_nonpadding_received
0000006811659621 circpad_cell_event_nonpadding_received
0000006811665322 circpad_cell_event_nonpadding_received
0000006811671163 circpad_cell_event_nonpadding_received
0000006811678567 circpad_cell_event_nonpadding_sent
0000006811766760 circpad_cell_event_nonpadding_sent
0000006811823796 circpad_cell_event_nonpadding_received
0000006811834716 circpad_cell_event_nonpadding_received
0000006811840597 circpad_cell_event_nonpadding_received
0000006811846348 circpad_cell_event_nonpadding_received
0000006811851998 circpad_cell_event_nonpadding_received
0000006811857799 circpad_cell_event_nonpadding_received
0000006811863650 circpad_cell_event_nonpadding_received
0000006811869390 circpad_cell_event_nonpadding_received
0000006811906028 circpad_cell_event_nonpadding_received
0000006811916187 circpad_cell_event_nonpadding_received
0000006811921998 circpad_cell_event_nonpadding_received
0000006811936845 circpad_cell_event_nonpadding_received
0000006811942726 circpad_cell_event_nonpadding_received
0000006811948447 circpad_cell_event_nonpadding_received
0000006811954138 circpad_cell_event_nonpadding_received
0000006811959738 circpad_cell_event_nonpadding_received
0000006811981278 circpad_cell_event_nonpadding_received
0000006811989303 circpad_cell_event_nonpadding_received
0000006811995114 circpad_cell_event_nonpadding_received
0000006812000794 circpad_cell_event_nonpadding_received
0000006812006424 circpad_cell_event_nonpadding_received
0000006812012035 circpad_cell_event_nonpadding_received
0000006812017675 circpad_cell_event_nonpadding_received
0000006812023346 circpad_cell_event_nonpadding_received
0000006812036881 circpad_cell_event_nonpadding_received
0000006828010960 circpad_cell_event_nonpadding_received
0000006828048470 circpad_cell_event_nonpadding_received
0000006828055222 circpad_cell_event_nonpadding_received
0000006828061223 circpad_cell_event_nonpadding_received
0000006828066954 circpad_cell_event_nonpadding_received
0000006828072735 circpad_cell_event_nonpadding_received
0000006828078495 circpad_cell_event_nonpadding_received
0000006828100506 circpad_cell_event_nonpadding_received
0000006828107419 circpad_cell_event_nonpadding_received
0000006828113781 circpad_cell_event_nonpadding_received
0000006828119532 circpad_cell_event_nonpadding_received
0000006828125212 circpad_cell_event_nonpadding_received
0000006828130923 circpad_cell_event_nonpadding_received
0000006828136713 circpad_cell_event_nonpadding_received
0000006828152382 circpad_cell_event_nonpadding_received
0000006828209098 circpad_cell_event_nonpadding_received
0000006828219968 circpad_cell_event_nonpadding_received
0000006828225989 circpad_cell_event_nonpadding_received
0000006828231669 circpad_cell_event_nonpadding_received
0000006828237400 circpad_cell_event_nonpadding_received
0000006828243071 circpad_cell_event_nonpadding_received
0000006828248761 circpad_cell_event_nonpadding_received
0000006828254492 circpad_cell_event_nonpadding_received
0000006828271634 circpad_cell_event_nonpadding_received
0000006828278647 circpad_cell_event_nonpadding_received
0000006828283976 circpad_cell_event_nonpadding_sent
0000006828298684 circpad_cell_event_nonpadding_received
0000006828304605 circpad_cell_event_nonpadding_received
0000006828310315 circpad_cell_event_nonpadding_received
0000006828315956 circpad_cell_event_nonpadding_received
0000006828321576 circpad_cell_event_nonpadding_received
0000006828327257 circpad_cell_event_nonpadding_received
0000006828393850 circpad_cell_event_nonpadding_received
0000006828415971 circpad_cell_event_nonpadding_received
0000006828423175 circpad_cell_event_nonpadding_received
0000006828428915 circpad_cell_event_nonpadding_received
0000006828434656 circpad_cell_event_nonpadding_received
0000006828440346 circpad_cell_event_nonpadding_received
0000006828445997 circpad_cell_event_nonpadding_received
0000006833065142 circpad_cell_event_nonpadding_received
0000006833082714 circpad_cell_event_nonpadding_received
0000006833095308 circpad_cell_event_nonpadding_received
0000006833101199 circpad_cell_event_nonpadding_received
0000006833106929 circpad_cell_event_nonpadding_received
0000006833112750 circpad_cell_event_nonpadding_received
0000006833132346 circpad_cell_event_nonpadding_received
0000006833139500 circpad_cell_event_nonpadding_received
0000006833145340 circpad_cell_event_nonpadding_received
0000006833151572 circpad_cell_event_nonpadding_received
0000006833157242 circpad_cell_event_nonpadding_received
0000006833162853 circpad_cell_event_nonpadding_received
0000006833168503 circpad_cell_event_nonpadding_received
0000006833206995 circpad_cell_event_nonpadding_received
0000006833217404 circpad_cell_event_nonpadding_received
0000006833223245 circpad_cell_event_nonpadding_received
0000006833228855 circpad_cell_event_nonpadding_received
0000006833234476 circpad_cell_event_nonpadding_received
0000006833240056 circpad_cell_event_nonpadding_received
0000006833245636 circpad_cell_event_nonpadding_received
0000006833251257 circpad_cell_event_nonpadding_received
0000006843992754 circpad_cell_event_nonpadding_received
0000006844009214 circpad_cell_event_nonpadding_received
0000006844027739 circpad_cell_event_nonpadding_received
0000006844034441 circpad_cell_event_nonpadding_received
0000006844040212 circpad_cell_event_nonpadding_received
0000006844045852 circpad_cell_event_nonpadding_received
0000006844051603 circpad_cell_event_nonpadding_received
0000006844057233 circpad_cell_event_nonpadding_received
0000006844062954 circpad_cell_event_nonpadding_received
0000006844107446 circpad_cell_event_nonpadding_received
0000006844118036 circpad_cell_event_nonpadding_received
0000006844124047 circpad_cell_event_nonpadding_received
0000006844129618 circpad_cell_event_nonpadding_received
0000006844135198 circpad_cell_event_nonpadding_received
0000006844140778 circpad_cell_event_nonpadding_received
0000006844146509 circpad_cell_event_nonpadding_received
0000006844153792 circpad_cell_event_nonpadding_sent
0000006844162759 circpad_cell_event_nonpadding_sent
0000006844170694 circpad_cell_event_nonpadding_received
0000006844208884 circpad_cell_event_nonpadding_received
0000006844221257 circpad_cell_event_nonpadding_received
0000006844230344 circpad_cell_event_nonpadding_received
0000006844238830 circpad_cell_event_nonpadding_received
0000006844247085 circpad_cell_event_nonpadding_received
0000006844254649 circpad_cell_event_nonpadding_received
0000006844260350 circpad_cell_event_nonpadding_received
0000006844265990 circpad_cell_event_nonpadding_received
0000006844317927 circpad_cell_event_nonpadding_received
0000006844329168 circpad_cell_event_nonpadding_received
0000006844335058 circpad_cell_event_nonpadding_received
0000006844340889 circpad_cell_event_nonpadding_received
0000006844346379 circpad_cell_event_nonpadding_received
0000006844352080 circpad_cell_event_nonpadding_received
0000006844357831 circpad_cell_event_nonpadding_received
0000006844374682 circpad_cell_event_nonpadding_received
0000006844381374 circpad_cell_event_nonpadding_received
0000006844387405 circpad_cell_event_nonpadding_received
0000006844398706 circpad_cell_event_nonpadding_received
0000006844404718 circpad_cell_event_nonpadding_received
0000006844410418 circpad_cell_event_nonpadding_received
0000006844416169 circpad_cell_event_nonpadding_received
0000006856314932 circpad_cell_event_nonpadding_received
0000006856330460 circpad_cell_event_nonpadding_received
0000006856336532 circpad_cell_event_nonpadding_received
0000006856342162 circpad_cell_event_nonpadding_received
0000006856347823 circpad_cell_event_nonpadding_received
0000006856353503 circpad_cell_event_nonpadding_received
0000006856359063 circpad_cell_event_nonpadding_received
0000006856364604 circpad_cell_event_nonpadding_received
0000006856380273 circpad_cell_event_nonpadding_received
0000006952668319 circpad_cell_event_nonpadding_received
0000006952704306 circpad_cell_event_nonpadding_received
0000006952712210 circpad_cell_event_nonpadding_received
0000006952718482 circpad_cell_event_nonpadding_received
0000006952724473 circpad_cell_event_nonpadding_received
0000006952730294 circpad_cell_event_nonpadding_received
0000006952735904 circpad_cell_event_nonpadding_received
0000006952758095 circpad_cell_event_nonpadding_received
0000006952765188 circpad_cell_event_nonpadding_received
0000006952771370 circpad_cell_event_nonpadding_received
0000006952777171 circpad_cell_event_nonpadding_received
0000006952783012 circpad_cell_event_nonpadding_received
0000006952788702 circpad_cell_event_nonpadding_received
0000006952794403 circpad_cell_event_nonpadding_received
0000006952800013 circpad_cell_event_nonpadding_received
0000006952888337 circpad_cell_event_nonpadding_received
0000006952900149 circpad_cell_event_nonpadding_received
0000006952906200 circpad_cell_event_nonpadding_received
0000006952916148 circpad_cell_event_nonpadding_sent
0000006952931286 circpad_cell_event_nonpadding_received
0000006952937298 circpad_cell_event_nonpadding_received
0000006952942938 circpad_cell_event_nonpadding_received
0000006952948568 circpad_cell_event_nonpadding_received
0000006952954229 circpad_cell_event_nonpadding_received
0000006953009391 circpad_cell_event_nonpadding_received
0000006953020712 circpad_cell_event_nonpadding_received
0000006953026693 circpad_cell_event_nonpadding_received
0000006953032384 circpad_cell_event_nonpadding_received
0000006953038064 circpad_cell_event_nonpadding_received
0000006953043655 circpad_cell_event_nonpadding_received
0000006953049255 circpad_cell_event_nonpadding_received
0000006953054916 circpad_cell_event_nonpadding_received
0000006953101973 circpad_cell_event_nonpadding_received
0000006953112983 circpad_cell_event_nonpadding_received
0000006953118814 circpad_cell_event_nonpadding_received
0000006953124455 circpad_cell_event_nonpadding_received
0000006953130346 circpad_cell_event_nonpadding_received
0000006953135836 circpad_cell_event_nonpadding_received
0000006953141426 circpad_cell_event_nonpadding_received
0000006953157887 circpad_cell_event_nonpadding_received
0000006953164479 circpad_cell_event_nonpadding_received
0000006953170470 circpad_cell_event_nonpadding_received
0000006953176120 circpad_cell_event_nonpadding_received
0000006953187532 circpad_cell_event_nonpadding_received
0000006953193372 circpad_cell_event_nonpadding_received
0000006953199183 circpad_cell_event_nonpadding_received
0000006953204723 circpad_cell_event_nonpadding_received
0000006953250568 circpad_cell_event_nonpadding_received
0000006953261899 circpad_cell_event_nonpadding_received
0000006953267820 circpad_cell_event_nonpadding_received
0000006953273441 circpad_cell_event_nonpadding_received
0000006953279131 circpad_cell_event_nonpadding_received
0000006953284802 circpad_cell_event_nonpadding_received
0000006953291795 circpad_cell_event_nonpadding_received
0000006953299880 circpad_cell_event_nonpadding_received
0000006980569704 circpad_cell_event_nonpadding_received
0000006980598297 circpad_cell_event_nonpadding_received
0000006980605109 circpad_cell_event_nonpadding_received
0000006980610990 circpad_cell_event_nonpadding_received
0000006980616691 circpad_cell_event_nonpadding_received
0000006980622391 circpad_cell_event_nonpadding_received
0000006980628112 circpad_cell_event_nonpadding_received
0000007041992783 circpad_cell_event_nonpadding_sent
0000007042366356 circpad_cell_event_nonpadding_sent
0000007071746292 circpad_cell_event_nonpadding_sent
0000007071908854 circpad_cell_event_nonpadding_sent
0000007072036891 circpad_cell_event_nonpadding_sent
0000007072143659 connection_ap_handshake_send_begin improving.duckduckgo.com
0000007072160160 circpad_cell_event_nonpadding_sent
0000007072187350 circpad_cell_event_nonpadding_sent
0000007088512660 circpad_cell_event_nonpadding_sent
0000007088631371 circpad_cell_event_nonpadding_sent
0000007088785797 circpad_cell_event_nonpadding_sent
0000007088908424 circpad_cell_event_nonpadding_sent
0000007089023127 circpad_cell_event_nonpadding_sent
0000007114271443 circpad_cell_event_nonpadding_received
0000007114306437 circpad_cell_event_nonpadding_received
0000007114313711 circpad_cell_event_nonpadding_received
0000007114320033 circpad_cell_event_nonpadding_received
0000007114326174 circpad_cell_event_nonpadding_received
0000007114332155 circpad_cell_event_nonpadding_received
0000007114338176 circpad_cell_event_nonpadding_received
0000007114345440 circpad_cell_event_nonpadding_sent
0000007114358644 circpad_cell_event_nonpadding_sent
0000007114434896 circpad_cell_event_nonpadding_received
0000007114446728 circpad_cell_event_nonpadding_received
0000007114453280 circpad_cell_event_nonpadding_received
0000007114459070 circpad_cell_event_nonpadding_received
0000007114464771 circpad_cell_event_nonpadding_received
0000007114470452 circpad_cell_event_nonpadding_received
0000007114476042 circpad_cell_event_nonpadding_received
0000007114481652 circpad_cell_event_nonpadding_received
0000007114551842 circpad_cell_event_nonpadding_received
0000007114564005 circpad_cell_event_nonpadding_received
0000007114570006 circpad_cell_event_nonpadding_received
0000007114575697 circpad_cell_event_nonpadding_received
0000007114590765 circpad_cell_event_nonpadding_received
0000007114596595 circpad_cell_event_nonpadding_received
0000007114602366 circpad_cell_event_nonpadding_received
0000007114608017 circpad_cell_event_nonpadding_received
0000007114633995 circpad_cell_event_nonpadding_received
0000007114641869 circpad_cell_event_nonpadding_received
0000007114647750 circpad_cell_event_nonpadding_received
0000007114653531 circpad_cell_event_nonpadding_received
0000007114659272 circpad_cell_event_nonpadding_received
0000007114664862 circpad_cell_event_nonpadding_received
0000007114670533 circpad_cell_event_nonpadding_received
0000007114717630 circpad_cell_event_nonpadding_received
0000007114728750 circpad_cell_event_nonpadding_received
0000007114734571 circpad_cell_event_nonpadding_received
0000007114740262 circpad_cell_event_nonpadding_received
0000007114745932 circpad_cell_event_nonpadding_received
0000007114751583 circpad_cell_event_nonpadding_received
0000007114757163 circpad_cell_event_nonpadding_received
0000007115066156 connection_ap_handshake_send_begin improving.duckduckgo.com
0000007115071466 circpad_cell_event_nonpadding_sent
0000007142113037 circpad_cell_event_nonpadding_received
0000007142149985 circpad_cell_event_nonpadding_received
0000007260880564 circpad_cell_event_nonpadding_received
0000007260919767 circpad_cell_event_nonpadding_received
0000007260937099 circpad_cell_event_nonpadding_received
0000007260943541 circpad_cell_event_nonpadding_received
0000007260949632 circpad_cell_event_nonpadding_received
0000007260955503 circpad_cell_event_nonpadding_received
0000007260961284 circpad_cell_event_nonpadding_received
0000007289877335 circpad_cell_event_nonpadding_received
0000007289907802 circpad_cell_event_nonpadding_received
0000007289916368 circpad_cell_event_nonpadding_received
0000007368998843 circpad_cell_event_nonpadding_received
0000007369039248 circpad_cell_event_nonpadding_received
0000007369049908 circpad_cell_event_nonpadding_received
0000007369056139 circpad_cell_event_nonpadding_received
0000007369062000 circpad_cell_event_nonpadding_received
0000007369067681 circpad_cell_event_nonpadding_received
0000007369073732 circpad_cell_event_nonpadding_received
0000007369096133 circpad_cell_event_nonpadding_received
0000007369103617 circpad_cell_event_nonpadding_sent
0000007369118996 circpad_cell_event_nonpadding_received
0000007369125157 circpad_cell_event_nonpadding_received
0000007369131549 circpad_cell_event_nonpadding_received
0000007369137510 circpad_cell_event_nonpadding_received
0000007369143391 circpad_cell_event_nonpadding_received
0000007369149262 circpad_cell_event_nonpadding_received
0000007369154942 circpad_cell_event_nonpadding_received
0000007369262221 circpad_cell_event_nonpadding_received
0000007369274745 circpad_cell_event_nonpadding_received
0000007369280716 circpad_cell_event_nonpadding_received
0000007369286326 circpad_cell_event_nonpadding_received
0000007369302696 circpad_cell_event_nonpadding_received
0000007369308718 circpad_cell_event_nonpadding_received
0000007369314478 circpad_cell_event_nonpadding_received
0000007369320159 circpad_cell_event_nonpadding_received
0000007371036692 circpad_cell_event_nonpadding_received
0000007371059624 circpad_cell_event_nonpadding_received
0000007371066547 circpad_cell_event_nonpadding_received
0000007371072638 circpad_cell_event_nonpadding_received
0000007371078579 circpad_cell_event_nonpadding_received
0000007371084350 circpad_cell_event_nonpadding_received
0000007371089950 circpad_cell_event_nonpadding_received
0000007371095611 circpad_cell_event_nonpadding_received
0000007371112702 circpad_cell_event_nonpadding_received
0000007391193406 circpad_cell_event_nonpadding_received
0000007391234613 circpad_cell_event_nonpadding_received
0000007391242207 circpad_cell_event_nonpadding_received
0000007391248348 circpad_cell_event_nonpadding_received
0000007391254389 circpad_cell_event_nonpadding_received
0000007391260701 circpad_cell_event_nonpadding_received
0000007391266732 circpad_cell_event_nonpadding_received
0000007391289014 circpad_cell_event_nonpadding_received
0000007391296307 circpad_cell_event_nonpadding_received
0000007391302769 circpad_cell_event_nonpadding_received
0000007391308670 circpad_cell_event_nonpadding_received
0000007391314571 circpad_cell_event_nonpadding_received
0000007391320392 circpad_cell_event_nonpadding_received
0000007391326172 circpad_cell_event_nonpadding_received
0000007397363827 circpad_cell_event_nonpadding_received
0000007397409592 circpad_cell_event_nonpadding_received
0000007397417026 circpad_cell_event_nonpadding_received
0000007397423208 circpad_cell_event_nonpadding_received
0000007397429209 circpad_cell_event_nonpadding_received
0000007397435100 circpad_cell_event_nonpadding_received
0000007397441061 circpad_cell_event_nonpadding_received
0000007397447122 circpad_cell_event_nonpadding_received
0000007429174541 circpad_cell_event_nonpadding_received
0000007429203725 circpad_cell_event_nonpadding_received
0000007456114764 circpad_cell_event_nonpadding_received
0000007456249093 circpad_cell_event_nonpadding_received
0000007456261396 circpad_cell_event_nonpadding_received
0000007456269871 circpad_cell_event_nonpadding_sent
0000007456283777 circpad_cell_event_nonpadding_sent
0000007456292133 circpad_cell_event_nonpadding_received
0000007456298384 circpad_cell_event_nonpadding_received
0000007456304265 circpad_cell_event_nonpadding_received
0000007456310296 circpad_cell_event_nonpadding_received
0000007456384875 circpad_cell_event_nonpadding_received
0000007456395805 circpad_cell_event_nonpadding_received
0000007456401756 circpad_cell_event_nonpadding_received
0000007456407517 circpad_cell_event_nonpadding_received
0000007456413648 circpad_cell_event_nonpadding_received
0000007456419449 circpad_cell_event_nonpadding_received
0000007456425290 circpad_cell_event_nonpadding_received
0000007456492474 circpad_cell_event_nonpadding_received
0000007456504106 circpad_cell_event_nonpadding_received
0000007456510037 circpad_cell_event_nonpadding_received
0000007456537979 circpad_cell_event_nonpadding_received
0000007456545222 circpad_cell_event_nonpadding_received
0000007456551053 circpad_cell_event_nonpadding_received
0000007456556663 circpad_cell_event_nonpadding_received
0000007456562233 circpad_cell_event_nonpadding_received
0000007456567814 circpad_cell_event_nonpadding_received
0000007456573945 circpad_cell_event_nonpadding_received
0000007456594123 circpad_cell_event_nonpadding_received
0000007456601677 circpad_cell_event_nonpadding_received
0000007456607517 circpad_cell_event_nonpadding_received
0000007456613308 circpad_cell_event_nonpadding_received
0000007456619069 circpad_cell_event_nonpadding_received
0000007456624759 circpad_cell_event_nonpadding_received
0000007456630450 circpad_cell_event_nonpadding_received
0000007456636110 circpad_cell_event_nonpadding_received
0000007456651920 circpad_cell_event_nonpadding_received
0000007456667308 circpad_cell_event_nonpadding_received
0000007456674622 circpad_cell_event_nonpadding_received
0000007456680322 circpad_cell_event_nonpadding_received
0000007456685973 circpad_cell_event_nonpadding_received
0000007456691643 circpad_cell_event_nonpadding_received
0000007456697594 circpad_cell_event_nonpadding_received
0000007456703185 circpad_cell_event_nonpadding_received
0000007457469596 circpad_cell_event_nonpadding_received
0000007457482370 circpad_cell_event_nonpadding_received
0000007457488381 circpad_cell_event_nonpadding_received
0000007457494021 circpad_cell_event_nonpadding_received
0000007457505543 circpad_cell_event_nonpadding_received
0000007457511363 circpad_cell_event_nonpadding_received
0000007457517064 circpad_cell_event_nonpadding_received
0000007457522674 circpad_cell_event_nonpadding_received
0000007457538203 circpad_cell_event_nonpadding_received
0000007457797023 circpad_cell_event_nonpadding_sent
0000007457818142 circpad_cell_event_nonpadding_sent
0000007466926351 circpad_cell_event_nonpadding_received
0000007466964682 circpad_cell_event_nonpadding_received
0000007466987434 circpad_cell_event_nonpadding_received
0000007466994217 circpad_cell_event_nonpadding_received
0000007466998645 circpad_cell_event_nonpadding_sent
0000007467008523 circpad_cell_event_nonpadding_received
0000007467061231 circpad_cell_event_nonpadding_received
0000007467071029 circpad_cell_event_nonpadding_received
0000007467076870 circpad_cell_event_nonpadding_received
0000007467082580 circpad_cell_event_nonpadding_received
0000007467088862 circpad_cell_event_nonpadding_received
0000007467094733 circpad_cell_event_nonpadding_received
0000007467100554 circpad_cell_event_nonpadding_received
0000007467136019 circpad_cell_event_nonpadding_received
0000007467146158 circpad_cell_event_nonpadding_received
0000007467152149 circpad_cell_event_nonpadding_received
0000007467157960 circpad_cell_event_nonpadding_received
0000007467163781 circpad_cell_event_nonpadding_received
0000007467169632 circpad_cell_event_nonpadding_received
0000007467175433 circpad_cell_event_nonpadding_received
0000007467181133 circpad_cell_event_nonpadding_received
0000007467204296 circpad_cell_event_nonpadding_received
0000007467211780 circpad_cell_event_nonpadding_received
0000007467218142 circpad_cell_event_nonpadding_received
0000007467223973 circpad_cell_event_nonpadding_received
0000007467229753 circpad_cell_event_nonpadding_received
0000007467235564 circpad_cell_event_nonpadding_received
0000007467241375 circpad_cell_event_nonpadding_received
0000007467247136 circpad_cell_event_nonpadding_received
0000007468402778 circpad_cell_event_nonpadding_received
0000007468415422 circpad_cell_event_nonpadding_received
0000007468421533 circpad_cell_event_nonpadding_received
0000007468427344 circpad_cell_event_nonpadding_received
0000007468433155 circpad_cell_event_nonpadding_received
0000007468438995 circpad_cell_event_nonpadding_received
0000007468444816 circpad_cell_event_nonpadding_received
0000007468450547 circpad_cell_event_nonpadding_received
0000007468464994 circpad_cell_event_nonpadding_received
0000007485912004 circpad_cell_event_nonpadding_received
0000007485962047 circpad_cell_event_nonpadding_received
0000007485975562 circpad_cell_event_nonpadding_received
0000007488164290 circpad_cell_event_nonpadding_received
0000007488209664 circpad_cell_event_nonpadding_received
0000007488236544 circpad_cell_event_nonpadding_received
0000007488247565 circpad_cell_event_nonpadding_received
0000007488253395 circpad_cell_event_nonpadding_received
0000007488259136 circpad_cell_event_nonpadding_received
0000007488264756 circpad_cell_event_nonpadding_received
0000007488284172 circpad_cell_event_nonpadding_received
0000007488301254 circpad_cell_event_nonpadding_received
0000007488307826 circpad_cell_event_nonpadding_received
0000007488313567 circpad_cell_event_nonpadding_received
0000007488319308 circpad_cell_event_nonpadding_received
0000007488324968 circpad_cell_event_nonpadding_received
0000007488330789 circpad_cell_event_nonpadding_received
0000007488338293 circpad_cell_event_nonpadding_sent
0000007488353741 circpad_cell_event_nonpadding_received
0000007488375752 circpad_cell_event_nonpadding_sent
0000007513665785 circpad_cell_event_nonpadding_received
0000007513685341 circpad_cell_event_nonpadding_received
0000007513691543 circpad_cell_event_nonpadding_received
0000007513697334 circpad_cell_event_nonpadding_received
0000007513703155 circpad_cell_event_nonpadding_received
0000007513708865 circpad_cell_event_nonpadding_received
0000007513714576 circpad_cell_event_nonpadding_received
0000007513720326 circpad_cell_event_nonpadding_received
0000007541561640 circpad_cell_event_nonpadding_received
0000007541606423 circpad_cell_event_nonpadding_received
0000007541615249 circpad_cell_event_nonpadding_received
0000007541623455 circpad_cell_event_nonpadding_received
0000007541631449 circpad_cell_event_nonpadding_received
0000007596163844 circpad_cell_event_nonpadding_received
0000007596189241 circpad_cell_event_nonpadding_received
0000007596196133 circpad_cell_event_nonpadding_received
0000007596202054 circpad_cell_event_nonpadding_received
0000007596207895 circpad_cell_event_nonpadding_received
0000007596213726 circpad_cell_event_nonpadding_received
0000007596228263 circpad_cell_event_nonpadding_received
0000007664970924 circpad_cell_event_nonpadding_received
0000007780497683 circpad_cell_event_nonpadding_received
0000007781690224 circpad_cell_event_nonpadding_sent
0000007781715992 circpad_cell_event_nonpadding_sent
0000007869643837 circpad_cell_event_nonpadding_sent
0000007869728083 circpad_cell_event_nonpadding_sent
0000007923917831 circpad_cell_event_nonpadding_received
0000007923954639 circpad_cell_event_nonpadding_received
0000007923961642 circpad_cell_event_nonpadding_received
0000007923967954 circpad_cell_event_nonpadding_received
0000007923974196 circpad_cell_event_nonpadding_received
0000007923980287 circpad_cell_event_nonpadding_received
0000007923986408 circpad_cell_event_nonpadding_received
0000007951941953 circpad_cell_event_nonpadding_received
0000007953050679 circpad_cell_event_nonpadding_sent
0000007953331861 circpad_cell_event_nonpadding_sent
0000007953355254 circpad_cell_event_nonpadding_sent
0000008072310219 circpad_cell_event_nonpadding_received
0000008072347468 circpad_cell_event_nonpadding_received
0000008072354602 circpad_cell_event_nonpadding_received
0000008072361194 circpad_cell_event_nonpadding_received
0000008072367656 circpad_cell_event_nonpadding_received
0000008072373837 circpad_cell_event_nonpadding_received
0000008072380119 circpad_cell_event_nonpadding_received
0000008100022924 circpad_cell_event_nonpadding_received
0000008101184328 circpad_cell_event_nonpadding_sent
0000008101473534 circpad_cell_event_nonpadding_sent
0000008101503049 circpad_cell_event_nonpadding_sent
0000008238949599 circpad_cell_event_nonpadding_received
0000008238970879 circpad_cell_event_nonpadding_received
0000008238977511 circpad_cell_event_nonpadding_received
0000008238983432 circpad_cell_event_nonpadding_received
0000008238989283 circpad_cell_event_nonpadding_received
0000008238995364 circpad_cell_event_nonpadding_received
0000008239001225 circpad_cell_event_nonpadding_received
0000008297438540 circpad_cell_event_nonpadding_received
0000008297474066 circpad_cell_event_nonpadding_received
0000008297480858 circpad_cell_event_nonpadding_received
0000008386957685 circpad_cell_event_nonpadding_received
0000008386994894 circpad_cell_event_nonpadding_received
0000008387135074 circpad_cell_event_nonpadding_sent
0000008473962809 circpad_cell_event_nonpadding_received
0000008473986903 circpad_cell_event_nonpadding_received
0000008571818704 circpad_cell_event_nonpadding_received
0000008571839512 circpad_cell_event_nonpadding_received
0000008571941692 circpad_cell_event_nonpadding_sent
0000008599877918 circpad_cell_event_nonpadding_received
0000008599896062 circpad_cell_event_nonpadding_received
0000008600093327 circpad_cell_event_nonpadding_sent
0000008600162466 circpad_cell_event_nonpadding_sent
0000008600181541 circpad_cell_event_nonpadding_sent
