0000000000000000 circpad_machine_event_circ_added_hop
0000000000037399 circpad_cell_event_nonpadding_sent
0000000155147263 circpad_cell_event_nonpadding_received
0000000155421221 circpad_machine_event_circ_added_hop
0000000155473548 circpad_cell_event_nonpadding_sent
0000000334879520 circpad_cell_event_nonpadding_received
0000000335196778 circpad_machine_event_circ_added_hop
0000000335201607 circpad_machine_event_circ_built
0000001405097427 circpad_machine_event_circ_has_streams
0000001405111042 connection_ap_handshake_send_begin google.com
0000001405117785 circpad_cell_event_nonpadding_sent
0000001606562794 circpad_cell_event_nonpadding_received
0000001607843959 circpad_cell_event_nonpadding_sent
0000001607881749 circpad_cell_event_nonpadding_sent
0000001807584664 circpad_cell_event_nonpadding_received
0000001807624328 circpad_cell_event_nonpadding_received
0000001807631952 circpad_cell_event_nonpadding_received
0000001807638754 circpad_cell_event_nonpadding_received
0000001807645287 circpad_cell_event_nonpadding_received
0000001807651648 circpad_cell_event_nonpadding_received
0000001807658211 circpad_cell_event_nonpadding_received
0000001911117505 circpad_cell_event_nonpadding_received
0000001914001683 connection_ap_handshake_send_begin ocsp.pki.goog
0000001914007955 circpad_cell_event_nonpadding_sent
0000002097235334 circpad_cell_event_nonpadding_received
0000002097487141 circpad_cell_event_nonpadding_sent
0000002097499393 circpad_machine_event_circ_has_no_relay_early
0000002313852614 circpad_cell_event_nonpadding_received
0000002313891626 circpad_cell_event_nonpadding_received
0000002315391177 circpad_cell_event_nonpadding_sent
0000002315695932 circpad_cell_event_nonpadding_sent
0000002315718203 circpad_cell_event_nonpadding_sent
0000002497098716 circpad_cell_event_nonpadding_received
0000002497272789 circpad_cell_event_nonpadding_sent
0000002618827495 circpad_cell_event_nonpadding_received
0000002728680643 circpad_cell_event_nonpadding_received
0000002728716420 circpad_cell_event_nonpadding_received
0000002728989446 circpad_cell_event_nonpadding_sent
0000002744651006 connection_ap_handshake_send_begin www.google.com
0000002744658730 circpad_cell_event_nonpadding_sent
0000003048457853 circpad_cell_event_nonpadding_received
0000003049643120 circpad_cell_event_nonpadding_sent
0000003049673968 circpad_cell_event_nonpadding_sent
0000003235349705 circpad_cell_event_nonpadding_received
0000003235381775 circpad_cell_event_nonpadding_received
0000003235389890 circpad_cell_event_nonpadding_received
0000003235396602 circpad_cell_event_nonpadding_received
0000003235402934 circpad_cell_event_nonpadding_received
0000003235409436 circpad_cell_event_nonpadding_received
0000003237786383 circpad_cell_event_nonpadding_sent
0000003426753514 circpad_cell_event_nonpadding_received
0000003426804438 circpad_cell_event_nonpadding_received
0000003427929625 circpad_cell_event_nonpadding_sent
0000003428214763 circpad_cell_event_nonpadding_sent
0000003428237566 circpad_cell_event_nonpadding_sent
0000003750307897 circpad_cell_event_nonpadding_received
0000003750347650 circpad_cell_event_nonpadding_received
0000003750481579 circpad_cell_event_nonpadding_sent
0000003843145335 circpad_cell_event_nonpadding_received
0000003843183646 circpad_cell_event_nonpadding_received
0000003843191370 circpad_cell_event_nonpadding_received
0000003843197592 circpad_cell_event_nonpadding_received
0000003843203513 circpad_cell_event_nonpadding_received
0000003843209233 circpad_cell_event_nonpadding_received
0000003843214884 circpad_cell_event_nonpadding_received
0000003844760530 circpad_cell_event_nonpadding_received
0000003844786197 circpad_cell_event_nonpadding_received
0000003871016504 circpad_cell_event_nonpadding_received
0000003871069782 circpad_cell_event_nonpadding_received
0000003947551844 circpad_cell_event_nonpadding_received
0000003947587901 circpad_cell_event_nonpadding_received
0000003947595615 circpad_cell_event_nonpadding_received
0000003947602508 circpad_cell_event_nonpadding_received
0000003947608930 circpad_cell_event_nonpadding_received
0000003947615011 circpad_cell_event_nonpadding_received
0000003947621062 circpad_cell_event_nonpadding_received
0000003956351320 circpad_cell_event_nonpadding_received
0000003956385113 circpad_cell_event_nonpadding_received
0000003956393669 circpad_cell_event_nonpadding_received
0000003956399610 circpad_cell_event_nonpadding_received
0000003956405460 circpad_cell_event_nonpadding_received
0000003956411462 circpad_cell_event_nonpadding_received
0000003956417473 circpad_cell_event_nonpadding_received
0000003956423394 circpad_cell_event_nonpadding_received
0000003975574283 circpad_cell_event_nonpadding_received
0000003975603598 circpad_cell_event_nonpadding_received
0000003975611302 circpad_cell_event_nonpadding_received
0000003975618596 circpad_cell_event_nonpadding_received
0000004048761656 circpad_cell_event_nonpadding_received
0000004048794016 circpad_cell_event_nonpadding_received
0000004048802612 circpad_cell_event_nonpadding_received
0000004076899349 circpad_cell_event_nonpadding_received
0000004076937550 circpad_cell_event_nonpadding_received
0000004076945936 circpad_cell_event_nonpadding_received
0000004076952899 circpad_cell_event_nonpadding_received
0000004076959381 circpad_cell_event_nonpadding_received
0000004076965512 circpad_cell_event_nonpadding_received
0000004076971653 circpad_cell_event_nonpadding_received
0000004076992282 circpad_cell_event_nonpadding_received
0000004159341582 circpad_cell_event_nonpadding_received
0000004159363323 circpad_cell_event_nonpadding_sent
0000004159375786 circpad_cell_event_nonpadding_received
0000004159382899 circpad_cell_event_nonpadding_received
0000004159389281 circpad_cell_event_nonpadding_received
0000004159395643 circpad_cell_event_nonpadding_received
0000004159402024 circpad_cell_event_nonpadding_received
0000004159418795 circpad_cell_event_nonpadding_received
0000004170121641 circpad_cell_event_nonpadding_received
0000004170146226 circpad_cell_event_nonpadding_received
0000004170153169 circpad_cell_event_nonpadding_received
0000004170159441 circpad_cell_event_nonpadding_received
0000004170165612 circpad_cell_event_nonpadding_received
0000004170171804 circpad_cell_event_nonpadding_received
0000004170178236 circpad_cell_event_nonpadding_received
0000004175876872 circpad_cell_event_nonpadding_received
0000004175913791 circpad_cell_event_nonpadding_received
0000004175922276 circpad_cell_event_nonpadding_received
0000004175930371 circpad_cell_event_nonpadding_received
0000004175938486 circpad_cell_event_nonpadding_received
0000004179595858 circpad_cell_event_nonpadding_received
0000004179629090 circpad_cell_event_nonpadding_received
0000004179638307 circpad_cell_event_nonpadding_received
0000004179645861 circpad_cell_event_nonpadding_received
0000004179654006 circpad_cell_event_nonpadding_received
0000004179662471 circpad_cell_event_nonpadding_received
0000004179670607 circpad_cell_event_nonpadding_received
0000004183129580 connection_ap_handshake_send_begin ssl.gstatic.com
0000004183135531 circpad_cell_event_nonpadding_sent
0000004184089250 circpad_cell_event_nonpadding_sent
0000004189590169 circpad_cell_event_nonpadding_sent
0000004199331231 circpad_cell_event_nonpadding_sent
0000004203817319 circpad_cell_event_nonpadding_received
0000004203835583 circpad_cell_event_nonpadding_received
0000004281599171 circpad_cell_event_nonpadding_received
0000004281631521 circpad_cell_event_nonpadding_received
0000004281638384 circpad_cell_event_nonpadding_received
0000004281644405 circpad_cell_event_nonpadding_received
0000004281650647 circpad_cell_event_nonpadding_received
0000004290552633 circpad_cell_event_nonpadding_received
0000004290570937 circpad_cell_event_nonpadding_received
0000004290578320 circpad_cell_event_nonpadding_sent
0000004290593028 circpad_cell_event_nonpadding_received
0000004290599089 circpad_cell_event_nonpadding_received
0000004290604760 circpad_cell_event_nonpadding_received
0000004290610440 circpad_cell_event_nonpadding_received
0000004290616251 circpad_cell_event_nonpadding_received
0000004299776055 circpad_cell_event_nonpadding_received
0000004299803726 circpad_cell_event_nonpadding_received
0000004299820457 circpad_cell_event_nonpadding_received
0000004299826408 circpad_cell_event_nonpadding_received
0000004299832109 circpad_cell_event_nonpadding_received
0000004299837689 circpad_cell_event_nonpadding_received
0000004299843450 circpad_cell_event_nonpadding_received
0000004299863487 circpad_cell_event_nonpadding_received
0000004299870851 circpad_cell_event_nonpadding_received
0000004299877994 circpad_cell_event_nonpadding_received
0000004395984964 circpad_cell_event_nonpadding_received
0000004396012004 circpad_cell_event_nonpadding_sent
0000004396028435 circpad_cell_event_nonpadding_received
0000004396034907 circpad_cell_event_nonpadding_received
0000004396040618 circpad_cell_event_nonpadding_received
0000004396052249 circpad_cell_event_nonpadding_received
0000004396058210 circpad_cell_event_nonpadding_received
0000004423818323 circpad_cell_event_nonpadding_received
0000004423847036 circpad_cell_event_nonpadding_received
0000004423853508 circpad_cell_event_nonpadding_received
0000004423859299 circpad_cell_event_nonpadding_received
0000004423865060 circpad_cell_event_nonpadding_received
0000004423870700 circpad_cell_event_nonpadding_received
0000004423876291 circpad_cell_event_nonpadding_received
0000004423913610 circpad_cell_event_nonpadding_received
0000004619514940 circpad_cell_event_nonpadding_received
0000004619552639 circpad_cell_event_nonpadding_received
0000004619560274 circpad_cell_event_nonpadding_received
0000004619566365 circpad_cell_event_nonpadding_received
0000004619572506 circpad_cell_event_nonpadding_received
0000004619578407 circpad_cell_event_nonpadding_received
0000004619584098 circpad_cell_event_nonpadding_received
0000004619606850 circpad_cell_event_nonpadding_received
0000004619614154 circpad_cell_event_nonpadding_received
0000004619620405 circpad_cell_event_nonpadding_received
0000004619625985 circpad_cell_event_nonpadding_received
0000004619631546 circpad_cell_event_nonpadding_received
0000004619637116 circpad_cell_event_nonpadding_received
0000004619642636 circpad_cell_event_nonpadding_received
0000004619648127 circpad_cell_event_nonpadding_received
0000004619696606 circpad_cell_event_nonpadding_received
0000004619707567 circpad_cell_event_nonpadding_received
0000004619713498 circpad_cell_event_nonpadding_received
0000004619719218 circpad_cell_event_nonpadding_received
0000004619724859 circpad_cell_event_nonpadding_received
0000004619749444 circpad_cell_event_nonpadding_received
0000004619755966 circpad_cell_event_nonpadding_received
0000004619761707 circpad_cell_event_nonpadding_received
0000004619928346 circpad_cell_event_nonpadding_sent
0000004621397951 circpad_cell_event_nonpadding_sent
0000004621438957 circpad_cell_event_nonpadding_sent
0000004647268861 circpad_cell_event_nonpadding_received
0000004647318243 circpad_cell_event_nonpadding_received
0000004647365220 circpad_cell_event_nonpadding_received
0000004647374818 circpad_cell_event_nonpadding_received
0000004648571957 circpad_cell_event_nonpadding_sent
0000004656155379 circpad_cell_event_nonpadding_received
0000004656170887 circpad_cell_event_nonpadding_received
0000004656177449 circpad_cell_event_nonpadding_received
0000004656183350 circpad_cell_event_nonpadding_received
0000004656189251 circpad_cell_event_nonpadding_received
0000004656195202 circpad_cell_event_nonpadding_received
0000004656201033 circpad_cell_event_nonpadding_received
0000004675065642 circpad_cell_event_nonpadding_received
0000004675092271 circpad_cell_event_nonpadding_received
0000004728824522 circpad_cell_event_nonpadding_received
0000004728862392 circpad_cell_event_nonpadding_received
0000004728870377 circpad_cell_event_nonpadding_sent
0000004728885465 circpad_cell_event_nonpadding_received
0000004728891647 circpad_cell_event_nonpadding_received
0000004728897437 circpad_cell_event_nonpadding_received
0000004728903018 circpad_cell_event_nonpadding_received
0000004728908999 circpad_cell_event_nonpadding_received
0000004758827023 circpad_cell_event_nonpadding_received
0000004758857039 circpad_cell_event_nonpadding_received
0000004758864132 circpad_cell_event_nonpadding_received
0000004758870263 circpad_cell_event_nonpadding_received
0000004758876154 circpad_cell_event_nonpadding_received
0000004758881915 circpad_cell_event_nonpadding_received
0000004758887605 circpad_cell_event_nonpadding_received
0000004828083859 circpad_cell_event_nonpadding_received
0000004828116119 circpad_cell_event_nonpadding_received
0000004828123934 circpad_cell_event_nonpadding_received
0000004851038390 connection_ap_handshake_send_begin www.gstatic.com
0000004851045263 circpad_cell_event_nonpadding_sent
0000004855852326 circpad_cell_event_nonpadding_received
0000004855880168 circpad_cell_event_nonpadding_received
0000004855888543 circpad_cell_event_nonpadding_received
0000004855895706 circpad_cell_event_nonpadding_received
0000004855902589 circpad_cell_event_nonpadding_received
0000004855909392 circpad_cell_event_nonpadding_received
0000004855915904 circpad_cell_event_nonpadding_received
0000004873878360 circpad_cell_event_nonpadding_received
0000004873905260 circpad_cell_event_nonpadding_received
0000004873913295 circpad_cell_event_nonpadding_received
0000004873920478 circpad_cell_event_nonpadding_received
0000004884368511 circpad_cell_event_nonpadding_received
0000004884391273 circpad_cell_event_nonpadding_received
0000004884399518 circpad_cell_event_nonpadding_received
0000004884405780 circpad_cell_event_nonpadding_received
0000004884411661 circpad_cell_event_nonpadding_received
0000004884417482 circpad_cell_event_nonpadding_received
0000004884423343 circpad_cell_event_nonpadding_received
0000004912547751 circpad_cell_event_nonpadding_received
0000004912588366 circpad_cell_event_nonpadding_sent
0000004957714329 circpad_cell_event_nonpadding_received
0000004957742742 circpad_cell_event_nonpadding_received
0000004957750216 circpad_cell_event_nonpadding_received
0000004957756307 circpad_cell_event_nonpadding_received
0000004957762068 circpad_cell_event_nonpadding_received
0000004957767768 circpad_cell_event_nonpadding_received
0000004957773459 circpad_cell_event_nonpadding_received
0000004989614256 circpad_cell_event_nonpadding_received
0000004989628042 circpad_cell_event_nonpadding_received
0000004989646646 circpad_cell_event_nonpadding_received
0000004989654561 circpad_cell_event_nonpadding_received
0000004989660482 circpad_cell_event_nonpadding_received
0000004989666253 circpad_cell_event_nonpadding_received
0000004989672034 circpad_cell_event_nonpadding_received
0000004989677664 circpad_cell_event_nonpadding_received
0000004989683304 circpad_cell_event_nonpadding_received
0000004989688564 circpad_cell_event_nonpadding_sent
0000005016675554 circpad_cell_event_nonpadding_received
0000005016701291 circpad_cell_event_nonpadding_received
0000005016709587 circpad_cell_event_nonpadding_received
0000005016716740 circpad_cell_event_nonpadding_received
0000005063111606 circpad_cell_event_nonpadding_received
0000005063135159 circpad_cell_event_nonpadding_received
0000005063143354 circpad_cell_event_nonpadding_received
0000005069122822 circpad_cell_event_nonpadding_received
0000005069145574 circpad_cell_event_nonpadding_received
0000005069154090 circpad_cell_event_nonpadding_received
0000005069160962 circpad_cell_event_nonpadding_received
0000005069167865 circpad_cell_event_nonpadding_received
0000005097141602 circpad_cell_event_nonpadding_received
0000005097164976 circpad_cell_event_nonpadding_received
0000005097173121 circpad_cell_event_nonpadding_received
0000005097180104 circpad_cell_event_nonpadding_received
0000005097186776 circpad_cell_event_nonpadding_received
0000005097192497 circpad_cell_event_nonpadding_received
0000005097198157 circpad_cell_event_nonpadding_received
0000005097214928 circpad_cell_event_nonpadding_received
0000005132026546 circpad_cell_event_nonpadding_received
0000005132061141 circpad_cell_event_nonpadding_received
0000005132071830 circpad_cell_event_nonpadding_received
0000005154319101 circpad_cell_event_nonpadding_received
0000005154342865 circpad_cell_event_nonpadding_received
0000005154351041 circpad_cell_event_nonpadding_received
0000005154358154 circpad_cell_event_nonpadding_received
0000005154364135 circpad_cell_event_nonpadding_received
0000005154369936 circpad_cell_event_nonpadding_received
0000005154375666 circpad_cell_event_nonpadding_received
0000005160232536 circpad_cell_event_nonpadding_received
0000005160252483 circpad_cell_event_nonpadding_received
0000005187999211 circpad_cell_event_nonpadding_received
0000005188033184 circpad_cell_event_nonpadding_received
0000005188049494 circpad_cell_event_nonpadding_received
0000005188059824 circpad_cell_event_nonpadding_received
0000005188067498 circpad_cell_event_nonpadding_received
0000005206626869 circpad_cell_event_nonpadding_received
0000005206649852 circpad_cell_event_nonpadding_received
0000005206657205 circpad_cell_event_nonpadding_received
0000005206663888 circpad_cell_event_nonpadding_received
0000005206670229 circpad_cell_event_nonpadding_received
0000005206676411 circpad_cell_event_nonpadding_received
0000005206682712 circpad_cell_event_nonpadding_received
0000005215775542 circpad_cell_event_nonpadding_received
0000005215793826 circpad_cell_event_nonpadding_received
0000005215800619 circpad_cell_event_nonpadding_received
0000005215807021 circpad_cell_event_nonpadding_received
0000005288761013 circpad_cell_event_nonpadding_received
0000005288769128 circpad_cell_event_nonpadding_received
0000005288774618 circpad_cell_event_nonpadding_sent
0000005288787702 circpad_cell_event_nonpadding_received
0000005288793673 circpad_cell_event_nonpadding_received
0000005288799364 circpad_cell_event_nonpadding_received
0000005288804994 circpad_cell_event_nonpadding_received
0000005309799562 circpad_cell_event_nonpadding_received
0000005309818307 circpad_cell_event_nonpadding_received
0000005309824699 circpad_cell_event_nonpadding_received
0000005309830410 circpad_cell_event_nonpadding_received
0000005309836260 circpad_cell_event_nonpadding_received
0000005316268928 circpad_cell_event_nonpadding_received
0000005316286300 circpad_cell_event_nonpadding_received
0000005316292461 circpad_cell_event_nonpadding_received
0000005316298212 circpad_cell_event_nonpadding_received
0000005316303913 circpad_cell_event_nonpadding_received
0000005316322617 circpad_cell_event_nonpadding_received
0000005348937671 circpad_cell_event_nonpadding_received
0000005348955654 circpad_cell_event_nonpadding_received
0000005348961986 circpad_cell_event_nonpadding_received
0000005348967716 circpad_cell_event_nonpadding_received
0000005348973507 circpad_cell_event_nonpadding_received
0000005419917502 circpad_cell_event_nonpadding_received
0000005419951816 circpad_cell_event_nonpadding_received
0000005419957406 circpad_cell_event_nonpadding_received
0000005428529200 circpad_cell_event_nonpadding_received
0000005428549167 circpad_cell_event_nonpadding_received
0000005428553876 circpad_cell_event_nonpadding_received
0000005428557893 circpad_cell_event_nonpadding_received
0000005428561820 circpad_cell_event_nonpadding_received
0000005428565758 circpad_cell_event_nonpadding_received
0000005428569615 circpad_cell_event_nonpadding_received
0000005428617263 circpad_cell_event_nonpadding_received
0000005428638202 circpad_cell_event_nonpadding_received
0000005428645616 circpad_cell_event_nonpadding_received
0000005428652388 circpad_cell_event_nonpadding_received
0000005428660373 circpad_cell_event_nonpadding_sent
0000005428673968 circpad_cell_event_nonpadding_received
0000005428678436 circpad_cell_event_nonpadding_received
0000005428682384 circpad_cell_event_nonpadding_received
0000005428686361 circpad_cell_event_nonpadding_received
0000005447938647 circpad_cell_event_nonpadding_received
0000005447964335 circpad_cell_event_nonpadding_received
0000005447971358 circpad_cell_event_nonpadding_received
0000005447988079 circpad_cell_event_nonpadding_received
0000005447995062 circpad_cell_event_nonpadding_received
0000005448216693 circpad_cell_event_nonpadding_sent
0000005515996891 circpad_cell_event_nonpadding_received
0000005516033990 circpad_cell_event_nonpadding_received
0000005516040632 circpad_cell_event_nonpadding_received
0000005516053496 circpad_cell_event_nonpadding_received
0000005516059487 circpad_cell_event_nonpadding_received
0000005516065218 circpad_cell_event_nonpadding_received
0000005516070948 circpad_cell_event_nonpadding_received
0000005516076158 circpad_cell_event_nonpadding_sent
0000005536397448 circpad_cell_event_nonpadding_received
0000005543897434 circpad_cell_event_nonpadding_received
0000005543911971 circpad_cell_event_nonpadding_received
0000005543918143 circpad_cell_event_nonpadding_received
0000005543923904 circpad_cell_event_nonpadding_received
0000005543929574 circpad_cell_event_nonpadding_received
0000005543935154 circpad_cell_event_nonpadding_received
0000005543940845 circpad_cell_event_nonpadding_received
0000005543961623 circpad_cell_event_nonpadding_received
0000005571968593 circpad_cell_event_nonpadding_received
0000005571987689 circpad_cell_event_nonpadding_received
0000005571994010 circpad_cell_event_nonpadding_received
0000005571999751 circpad_cell_event_nonpadding_received
0000005572005462 circpad_cell_event_nonpadding_received
0000005572011132 circpad_cell_event_nonpadding_received
0000005572016913 circpad_cell_event_nonpadding_received
0000005600156209 circpad_cell_event_nonpadding_received
0000005600183299 circpad_cell_event_nonpadding_received
0000005600189781 circpad_cell_event_nonpadding_received
0000005600195652 circpad_cell_event_nonpadding_received
0000005628016508 circpad_cell_event_nonpadding_received
0000005628037236 circpad_cell_event_nonpadding_received
0000005628055600 circpad_cell_event_nonpadding_received
0000005628062994 circpad_cell_event_nonpadding_received
0000005628068774 circpad_cell_event_nonpadding_received
0000005628074525 circpad_cell_event_nonpadding_received
0000005660818820 circpad_cell_event_nonpadding_received
0000005660836052 circpad_cell_event_nonpadding_received
0000005660842323 circpad_cell_event_nonpadding_received
0000005660848094 circpad_cell_event_nonpadding_received
0000005660853755 circpad_cell_event_nonpadding_received
0000005660859435 circpad_cell_event_nonpadding_received
0000005660865206 circpad_cell_event_nonpadding_received
0000005671481130 circpad_cell_event_nonpadding_received
0000005671498652 circpad_cell_event_nonpadding_received
0000005671504854 circpad_cell_event_nonpadding_received
0000005671510615 circpad_cell_event_nonpadding_received
0000005671516255 circpad_cell_event_nonpadding_received
0000005671521835 circpad_cell_event_nonpadding_received
0000005671527496 circpad_cell_event_nonpadding_received
0000005689083106 circpad_cell_event_nonpadding_received
0000005689099867 circpad_cell_event_nonpadding_received
0000005689106169 circpad_cell_event_nonpadding_received
0000005717396014 circpad_cell_event_nonpadding_received
0000005717413697 circpad_cell_event_nonpadding_received
0000005745228250 circpad_cell_event_nonpadding_received
0000005745247556 circpad_cell_event_nonpadding_received
0000005745254229 circpad_cell_event_nonpadding_received
0000005745260110 circpad_cell_event_nonpadding_received
0000005745265910 circpad_cell_event_nonpadding_received
0000005745271060 circpad_cell_event_nonpadding_sent
0000005745284966 circpad_cell_event_nonpadding_received
0000005756343140 circpad_cell_event_nonpadding_received
0000005756379888 circpad_cell_event_nonpadding_received
0000005756386210 circpad_cell_event_nonpadding_received
0000005756391910 circpad_cell_event_nonpadding_received
0000005756397641 circpad_cell_event_nonpadding_received
0000005756403351 circpad_cell_event_nonpadding_received
0000005756409042 circpad_cell_event_nonpadding_received
0000005766965356 circpad_cell_event_nonpadding_received
0000005766984190 circpad_cell_event_nonpadding_received
0000005767005129 circpad_cell_event_nonpadding_received
0000005767017402 circpad_cell_event_nonpadding_received
0000005773582946 circpad_cell_event_nonpadding_received
0000005773599617 circpad_cell_event_nonpadding_received
0000005773605658 circpad_cell_event_nonpadding_received
0000005773611258 circpad_cell_event_nonpadding_received
0000005773616909 circpad_cell_event_nonpadding_received
0000005773622700 circpad_cell_event_nonpadding_received
0000005809553461 circpad_cell_event_nonpadding_received
0000005809571454 circpad_cell_event_nonpadding_received
0000005809577776 circpad_cell_event_nonpadding_received
0000005809583547 circpad_cell_event_nonpadding_received
0000005809598555 circpad_cell_event_nonpadding_received
0000005809604576 circpad_cell_event_nonpadding_received
0000005809610246 circpad_cell_event_nonpadding_received
0000005852360734 circpad_cell_event_nonpadding_received
0000005872411052 circpad_cell_event_nonpadding_received
0000005872437100 circpad_cell_event_nonpadding_received
0000005872457207 circpad_cell_event_nonpadding_received
0000005872470242 circpad_cell_event_nonpadding_received
0000005872476653 circpad_cell_event_nonpadding_received
0000005872482494 circpad_cell_event_nonpadding_received
0000005872512109 circpad_cell_event_nonpadding_received
0000005872521416 circpad_cell_event_nonpadding_received
0000005872529181 circpad_cell_event_nonpadding_sent
0000005872543487 circpad_cell_event_nonpadding_received
0000005872550480 circpad_cell_event_nonpadding_received
0000005872556201 circpad_cell_event_nonpadding_received
0000005872561962 circpad_cell_event_nonpadding_received
0000005872567732 circpad_cell_event_nonpadding_received
0000005880052160 circpad_cell_event_nonpadding_received
0000005880071025 circpad_cell_event_nonpadding_received
0000005880077327 circpad_cell_event_nonpadding_received
0000005880083107 circpad_cell_event_nonpadding_received
0000005880088808 circpad_cell_event_nonpadding_received
0000005880094458 circpad_cell_event_nonpadding_received
0000005880100089 circpad_cell_event_nonpadding_received
0000005880105910 circpad_cell_event_nonpadding_received
0000005880123142 circpad_cell_event_nonpadding_received
0000005941483234 circpad_cell_event_nonpadding_received
0000005941514041 circpad_cell_event_nonpadding_received
0000005941520744 circpad_cell_event_nonpadding_sent
0000005941532415 circpad_cell_event_nonpadding_received
0000005941538416 circpad_cell_event_nonpadding_received
0000005941544017 circpad_cell_event_nonpadding_received
0000005941549798 circpad_cell_event_nonpadding_received
0000005969449910 circpad_cell_event_nonpadding_received
0000005969464607 circpad_cell_event_nonpadding_received
0000005969467954 circpad_cell_event_nonpadding_received
0000005969470959 circpad_cell_event_nonpadding_received
0000005969473885 circpad_cell_event_nonpadding_received
0000005969476950 circpad_cell_event_nonpadding_received
0000005985936790 circpad_cell_event_nonpadding_received
0000005985955415 circpad_cell_event_nonpadding_received
0000005985961937 circpad_cell_event_nonpadding_received
0000005985967968 circpad_cell_event_nonpadding_received
0000005985973809 circpad_cell_event_nonpadding_received
0000005985979589 circpad_cell_event_nonpadding_received
0000005985985400 circpad_cell_event_nonpadding_received
0000006003966411 circpad_cell_event_nonpadding_received
0000006003995595 circpad_cell_event_nonpadding_received
0000006004002047 circpad_cell_event_nonpadding_received
0000006004007988 circpad_cell_event_nonpadding_received
0000006004013889 circpad_cell_event_nonpadding_received
0000006004019730 circpad_cell_event_nonpadding_received
0000006004025540 circpad_cell_event_nonpadding_received
0000006004048613 circpad_cell_event_nonpadding_received
0000006004058151 circpad_cell_event_nonpadding_received
0000006055985133 circpad_cell_event_nonpadding_received
0000006056027792 circpad_cell_event_nonpadding_received
0000006056035095 circpad_cell_event_nonpadding_received
0000006056041117 circpad_cell_event_nonpadding_received
0000006056070571 circpad_cell_event_nonpadding_received
0000006056076452 circpad_cell_event_nonpadding_received
0000006056082463 circpad_cell_event_nonpadding_received
0000006068846300 circpad_cell_event_nonpadding_received
0000006068864774 circpad_cell_event_nonpadding_received
0000006068871126 circpad_cell_event_nonpadding_received
0000006068876967 circpad_cell_event_nonpadding_received
0000006068882668 circpad_cell_event_nonpadding_received
0000006068888358 circpad_cell_event_nonpadding_received
0000006068894029 circpad_cell_event_nonpadding_received
0000006084106165 circpad_cell_event_nonpadding_received
0000006084126924 circpad_cell_event_nonpadding_received
0000006084133576 circpad_cell_event_nonpadding_received
0000006100620576 circpad_cell_event_nonpadding_received
0000006100650011 circpad_cell_event_nonpadding_received
0000006100656252 circpad_cell_event_nonpadding_received
0000006100661983 circpad_cell_event_nonpadding_received
0000006100667633 circpad_cell_event_nonpadding_received
0000006100673304 circpad_cell_event_nonpadding_received
0000006100678854 circpad_cell_event_nonpadding_received
0000006100684014 circpad_cell_event_nonpadding_sent
0000006100754605 circpad_cell_event_nonpadding_received
0000006100765956 circpad_cell_event_nonpadding_received
0000006100782406 circpad_cell_event_nonpadding_received
0000006100788638 circpad_cell_event_nonpadding_received
0000006100794268 circpad_cell_event_nonpadding_received
0000006100799859 circpad_cell_event_nonpadding_received
0000006100805469 circpad_cell_event_nonpadding_received
0000006100811089 circpad_cell_event_nonpadding_received
0000006128328643 circpad_cell_event_nonpadding_received
0000006128364078 circpad_cell_event_nonpadding_received
0000006171037322 circpad_cell_event_nonpadding_received
0000006171059302 circpad_cell_event_nonpadding_received
0000006171066205 circpad_cell_event_nonpadding_received
0000006171072046 circpad_cell_event_nonpadding_received
0000006171077756 circpad_cell_event_nonpadding_received
0000006171083457 circpad_cell_event_nonpadding_received
0000006171089098 circpad_cell_event_nonpadding_received
0000006171105778 circpad_cell_event_nonpadding_received
0000006198809847 circpad_cell_event_nonpadding_received
0000006198845333 circpad_cell_event_nonpadding_received
0000006198852767 circpad_cell_event_nonpadding_received
0000006198859540 circpad_cell_event_nonpadding_received
0000006198866102 circpad_cell_event_nonpadding_received
0000006198873155 circpad_cell_event_nonpadding_received
0000006205170932 circpad_cell_event_nonpadding_received
0000006205189907 circpad_cell_event_nonpadding_received
0000006205197421 circpad_cell_event_nonpadding_received
0000006205203903 circpad_cell_event_nonpadding_received
0000006205210245 circpad_cell_event_nonpadding_received
0000006205216667 circpad_cell_event_nonpadding_received
0000006205231735 circpad_cell_event_nonpadding_received
0000006206719233 circpad_cell_event_nonpadding_received
0000006206737337 circpad_cell_event_nonpadding_received
0000006208484977 circpad_cell_event_nonpadding_sent
0000006208846097 circpad_cell_event_nonpadding_sent
0000006208884348 circpad_cell_event_nonpadding_sent
0000006233429830 circpad_cell_event_nonpadding_received
0000006233463162 circpad_cell_event_nonpadding_sent
0000006233486024 circpad_cell_event_nonpadding_received
0000006233493178 circpad_cell_event_nonpadding_received
0000006233499429 circpad_cell_event_nonpadding_received
0000006233505711 circpad_cell_event_nonpadding_received
0000006233511742 circpad_cell_event_nonpadding_received
0000006233518214 circpad_cell_event_nonpadding_received
0000006272885046 circpad_cell_event_nonpadding_sent
0000006294877435 circpad_cell_event_nonpadding_received
0000006294911107 circpad_cell_event_nonpadding_received
0000006294918180 circpad_cell_event_nonpadding_received
0000006294924432 circpad_cell_event_nonpadding_received
0000006294930563 circpad_cell_event_nonpadding_received
0000006294936615 circpad_cell_event_nonpadding_received
0000006294942686 circpad_cell_event_nonpadding_received
0000006322655421 circpad_cell_event_nonpadding_received
0000006322675378 circpad_cell_event_nonpadding_received
0000006322681960 circpad_cell_event_nonpadding_received
0000006322688051 circpad_cell_event_nonpadding_received
0000006322714500 circpad_cell_event_nonpadding_received
0000006322721193 circpad_cell_event_nonpadding_received
0000006322736952 circpad_cell_event_nonpadding_received
0000006322743224 circpad_cell_event_nonpadding_received
0000006323908354 circpad_cell_event_nonpadding_sent
0000006323938740 circpad_cell_event_nonpadding_sent
0000006336296304 circpad_cell_event_nonpadding_sent
0000006401637087 circpad_cell_event_nonpadding_received
0000006401786244 circpad_cell_event_nonpadding_sent
0000006441438708 circpad_cell_event_nonpadding_received
0000006441476308 circpad_cell_event_nonpadding_received
0000006441483250 circpad_cell_event_nonpadding_received
0000006441489462 circpad_cell_event_nonpadding_received
0000006441495573 circpad_cell_event_nonpadding_received
0000006441501544 circpad_cell_event_nonpadding_received
0000006441507445 circpad_cell_event_nonpadding_received
0000006448187672 circpad_cell_event_nonpadding_received
0000006448211065 circpad_cell_event_nonpadding_received
0000006448217357 circpad_cell_event_nonpadding_received
0000006448223108 circpad_cell_event_nonpadding_received
0000006448228768 circpad_cell_event_nonpadding_received
0000006448234368 circpad_cell_event_nonpadding_received
0000006448239939 circpad_cell_event_nonpadding_received
0000006448245940 circpad_cell_event_nonpadding_received
0000006504596756 circpad_cell_event_nonpadding_received
0000006504634025 circpad_cell_event_nonpadding_received
0000006504642170 circpad_cell_event_nonpadding_received
0000006504649814 circpad_cell_event_nonpadding_received
0000006504656416 circpad_cell_event_nonpadding_received
0000006504662848 circpad_cell_event_nonpadding_received
0000006504675872 circpad_cell_event_nonpadding_sent
0000006504691141 circpad_cell_event_nonpadding_received
0000006504890430 circpad_cell_event_nonpadding_sent
0000006515699501 circpad_cell_event_nonpadding_received
0000006515740547 circpad_cell_event_nonpadding_received
0000006532621578 circpad_cell_event_nonpadding_received
0000006532640202 circpad_cell_event_nonpadding_received
0000006532646735 circpad_cell_event_nonpadding_received
0000006532652595 circpad_cell_event_nonpadding_received
0000006532658366 circpad_cell_event_nonpadding_received
0000006532664097 circpad_cell_event_nonpadding_received
0000006532669747 circpad_cell_event_nonpadding_received
0000006532685456 circpad_cell_event_nonpadding_received
0000006546285183 circpad_cell_event_nonpadding_received
0000006546311001 circpad_cell_event_nonpadding_received
0000006546317383 circpad_cell_event_nonpadding_received
0000006546323073 circpad_cell_event_nonpadding_received
0000006546328924 circpad_cell_event_nonpadding_received
0000006546334785 circpad_cell_event_nonpadding_received
0000006546340606 circpad_cell_event_nonpadding_received
0000006546464986 circpad_cell_event_nonpadding_received
0000006546476959 circpad_cell_event_nonpadding_received
0000006546482980 circpad_cell_event_nonpadding_received
0000006546488720 circpad_cell_event_nonpadding_received
0000006546494461 circpad_cell_event_nonpadding_received
0000006546500202 circpad_cell_event_nonpadding_received
0000006546505922 circpad_cell_event_nonpadding_received
0000006546511553 circpad_cell_event_nonpadding_received
0000006560405655 circpad_cell_event_nonpadding_received
0000006560426073 circpad_cell_event_nonpadding_received
0000006618086658 circpad_cell_event_nonpadding_received
0000006618126842 circpad_cell_event_nonpadding_received
0000006618134136 circpad_cell_event_nonpadding_received
0000006618140838 circpad_cell_event_nonpadding_received
0000006618147470 circpad_cell_event_nonpadding_received
0000006618154003 circpad_cell_event_nonpadding_received
0000006618160565 circpad_cell_event_nonpadding_received
0000006628805721 circpad_cell_event_nonpadding_received
0000006628823675 circpad_cell_event_nonpadding_received
0000006628829976 circpad_cell_event_nonpadding_received
0000006628835747 circpad_cell_event_nonpadding_received
0000006628841468 circpad_cell_event_nonpadding_received
0000006628847058 circpad_cell_event_nonpadding_received
0000006628853039 circpad_cell_event_nonpadding_received
0000006628872706 circpad_cell_event_nonpadding_received
0000006628879949 circpad_cell_event_nonpadding_received
0000006628886120 circpad_cell_event_nonpadding_received
0000006628891841 circpad_cell_event_nonpadding_received
0000006628897401 circpad_cell_event_nonpadding_received
0000006628902942 circpad_cell_event_nonpadding_received
0000006628908502 circpad_cell_event_nonpadding_received
0000006631937769 circpad_cell_event_nonpadding_received
0000006631958888 circpad_cell_event_nonpadding_sent
0000006631974206 circpad_cell_event_nonpadding_received
0000006666794811 circpad_cell_event_nonpadding_received
0000006666822572 circpad_cell_event_nonpadding_received
0000006666840145 circpad_cell_event_nonpadding_received
0000006666846216 circpad_cell_event_nonpadding_received
0000006666851957 circpad_cell_event_nonpadding_received
0000006666857537 circpad_cell_event_nonpadding_received
0000006666863558 circpad_cell_event_nonpadding_received
0000006666870611 circpad_cell_event_nonpadding_sent
0000006676781368 circpad_cell_event_nonpadding_received
0000006676799241 circpad_cell_event_nonpadding_received
0000006676805513 circpad_cell_event_nonpadding_received
0000006676811123 circpad_cell_event_nonpadding_received
0000006676816814 circpad_cell_event_nonpadding_received
0000006676822394 circpad_cell_event_nonpadding_received
0000006676828055 circpad_cell_event_nonpadding_received
0000006694690535 circpad_cell_event_nonpadding_received
0000006694709070 circpad_cell_event_nonpadding_received
0000006694715582 circpad_cell_event_nonpadding_received
0000006721115573 circpad_cell_event_nonpadding_received
0000006721133326 circpad_cell_event_nonpadding_received
0000006721139657 circpad_cell_event_nonpadding_received
0000006721145428 circpad_cell_event_nonpadding_received
0000006721151129 circpad_cell_event_nonpadding_received
0000006721156809 circpad_cell_event_nonpadding_received
0000006721163532 circpad_cell_event_nonpadding_received
0000006724279920 circpad_cell_event_nonpadding_received
0000006724312410 circpad_cell_event_nonpadding_received
0000006724320095 circpad_cell_event_nonpadding_received
0000006724326787 circpad_cell_event_nonpadding_received
0000006724333489 circpad_cell_event_nonpadding_received
0000006724381218 circpad_cell_event_nonpadding_received
0000006727317532 circpad_cell_event_nonpadding_sent
0000006962498904 circpad_cell_event_nonpadding_received
0000006962541933 circpad_cell_event_nonpadding_received
0000006963833749 circpad_cell_event_nonpadding_sent
0000006964182726 circpad_cell_event_nonpadding_sent
0000006964212471 circpad_cell_event_nonpadding_sent
0000007147431312 circpad_cell_event_nonpadding_received
0000007147574257 circpad_cell_event_nonpadding_sent
0000007261591847 circpad_cell_event_nonpadding_received
0000007261629447 circpad_cell_event_nonpadding_received
0000007261640277 circpad_cell_event_nonpadding_received
0000007261647681 circpad_cell_event_nonpadding_received
0000007261654814 circpad_cell_event_nonpadding_received
0000007261661907 circpad_cell_event_nonpadding_received
0000007261668910 circpad_cell_event_nonpadding_received
0000007261701400 circpad_cell_event_nonpadding_received
0000007261711148 circpad_cell_event_nonpadding_received
0000007261718803 circpad_cell_event_nonpadding_received
0000007261725806 circpad_cell_event_nonpadding_received
0000007261732799 circpad_cell_event_nonpadding_received
0000007261739942 circpad_cell_event_nonpadding_received
0000007261747055 circpad_cell_event_nonpadding_received
0000007261754108 circpad_cell_event_nonpadding_received
0000007261817586 circpad_cell_event_nonpadding_received
0000007261830590 circpad_cell_event_nonpadding_received
0000007261837803 circpad_cell_event_nonpadding_received
0000007261844686 circpad_cell_event_nonpadding_received
0000007261861116 circpad_cell_event_nonpadding_received
0000007261867779 circpad_cell_event_nonpadding_received
0000007261874171 circpad_cell_event_nonpadding_received
0000007261880562 circpad_cell_event_nonpadding_received
0000007289487932 circpad_cell_event_nonpadding_received
0000007289520032 circpad_cell_event_nonpadding_received
0000007289529219 circpad_cell_event_nonpadding_received
0000007289535180 circpad_cell_event_nonpadding_received
0000007289540880 circpad_cell_event_nonpadding_received
0000007289546591 circpad_cell_event_nonpadding_received
0000007289552252 circpad_cell_event_nonpadding_received
0000007289557982 circpad_cell_event_nonpadding_received
0000007289577128 circpad_cell_event_nonpadding_received
0000007375705916 circpad_cell_event_nonpadding_received
0000007375732466 circpad_cell_event_nonpadding_received
0000007375742113 circpad_cell_event_nonpadding_received
0000007375748225 circpad_cell_event_nonpadding_received
0000007375754026 circpad_cell_event_nonpadding_received
0000007375759816 circpad_cell_event_nonpadding_received
0000007375765577 circpad_cell_event_nonpadding_received
0000007375794941 circpad_cell_event_nonpadding_received
0000007375803587 circpad_cell_event_nonpadding_received
0000007375809428 circpad_cell_event_nonpadding_sent
0000007375823885 circpad_cell_event_nonpadding_received
0000007375829906 circpad_cell_event_nonpadding_received
0000007375835527 circpad_cell_event_nonpadding_received
0000007375841167 circpad_cell_event_nonpadding_received
0000007375846838 circpad_cell_event_nonpadding_received
0000007375861415 circpad_cell_event_nonpadding_received
0000007375944499 circpad_cell_event_nonpadding_received
0000007375957212 circpad_cell_event_nonpadding_received
0000007375963173 circpad_cell_event_nonpadding_received
0000007375968844 circpad_cell_event_nonpadding_received
0000007375974494 circpad_cell_event_nonpadding_received
0000007375980135 circpad_cell_event_nonpadding_received
0000007375985685 circpad_cell_event_nonpadding_received
0000007375991275 circpad_cell_event_nonpadding_received
0000007376625331 circpad_cell_event_nonpadding_received
0000007376641020 circpad_cell_event_nonpadding_received
0000007376647272 circpad_cell_event_nonpadding_received
0000007376653123 circpad_cell_event_nonpadding_received
0000007376659064 circpad_cell_event_nonpadding_received
0000007376664975 circpad_cell_event_nonpadding_received
0000007376670866 circpad_cell_event_nonpadding_received
0000007376676686 circpad_cell_event_nonpadding_received
0000007376692135 circpad_cell_event_nonpadding_received
0000007403340336 circpad_cell_event_nonpadding_received
0000007403358831 circpad_cell_event_nonpadding_received
0000007403365252 circpad_cell_event_nonpadding_received
0000007403371103 circpad_cell_event_nonpadding_received
0000007403376834 circpad_cell_event_nonpadding_received
0000007403382535 circpad_cell_event_nonpadding_received
0000007403388325 circpad_cell_event_nonpadding_received
0000007431340294 circpad_cell_event_nonpadding_received
0000007431377062 circpad_cell_event_nonpadding_received
0000007431393893 circpad_cell_event_nonpadding_received
0000007431401658 circpad_cell_event_nonpadding_sent
0000007431416595 circpad_cell_event_nonpadding_received
0000007431422787 circpad_cell_event_nonpadding_received
0000007431428898 circpad_cell_event_nonpadding_received
0000007498171641 circpad_cell_event_nonpadding_received
0000007498214701 circpad_cell_event_nonpadding_received
0000007498224379 circpad_cell_event_nonpadding_received
0000007498230751 circpad_cell_event_nonpadding_received
0000007498236532 circpad_cell_event_nonpadding_received
0000007498242332 circpad_cell_event_nonpadding_received
0000007498248083 circpad_cell_event_nonpadding_received
0000007498279712 circpad_cell_event_nonpadding_received
0000007498288468 circpad_cell_event_nonpadding_received
0000007498294790 circpad_cell_event_nonpadding_received
0000007498300430 circpad_cell_event_nonpadding_received
0000007498306071 circpad_cell_event_nonpadding_received
0000007498311711 circpad_cell_event_nonpadding_received
0000007498317412 circpad_cell_event_nonpadding_received
0000007498323022 circpad_cell_event_nonpadding_received
0000007498352457 circpad_cell_event_nonpadding_sent
0000007498413039 circpad_cell_event_nonpadding_received
0000007498424781 circpad_cell_event_nonpadding_received
0000007498430732 circpad_cell_event_nonpadding_received
0000007498436382 circpad_cell_event_nonpadding_received
0000007498441963 circpad_cell_event_nonpadding_received
0000007498447513 circpad_cell_event_nonpadding_received
0000007498453173 circpad_cell_event_nonpadding_received
0000007498469433 circpad_cell_event_nonpadding_received
0000007499080206 circpad_cell_event_nonpadding_received
0000007499097187 circpad_cell_event_nonpadding_received
0000007499103569 circpad_cell_event_nonpadding_received
0000007499109550 circpad_cell_event_nonpadding_received
0000007508920792 circpad_cell_event_nonpadding_received
0000007508932013 circpad_cell_event_nonpadding_received
0000007508938135 circpad_cell_event_nonpadding_received
0000007508943975 circpad_cell_event_nonpadding_received
0000007508949956 circpad_cell_event_nonpadding_received
0000007525811692 circpad_cell_event_nonpadding_received
0000007525828833 circpad_cell_event_nonpadding_received
0000007525835135 circpad_cell_event_nonpadding_received
0000007525841016 circpad_cell_event_nonpadding_received
0000007596104547 circpad_cell_event_nonpadding_received
0000007596134803 circpad_cell_event_nonpadding_received
0000007596142969 circpad_cell_event_nonpadding_received
0000007612574606 circpad_cell_event_nonpadding_received
0000007612592319 circpad_cell_event_nonpadding_received
0000007612599162 circpad_cell_event_nonpadding_received
0000007612605313 circpad_cell_event_nonpadding_received
0000007612611214 circpad_cell_event_nonpadding_received
0000007612617055 circpad_cell_event_nonpadding_received
0000007612622826 circpad_cell_event_nonpadding_received
0000007624319053 circpad_cell_event_nonpadding_received
0000007624336185 circpad_cell_event_nonpadding_received
0000007624342576 circpad_cell_event_nonpadding_received
0000007624348407 circpad_cell_event_nonpadding_received
0000007624509005 circpad_cell_event_nonpadding_sent
0000007650440377 connection_ap_handshake_send_begin apis.google.com
0000007650444415 circpad_cell_event_nonpadding_sent
0000007854233328 circpad_cell_event_nonpadding_received
0000007855451957 circpad_cell_event_nonpadding_sent
0000007855478056 circpad_cell_event_nonpadding_sent
0000008047771275 circpad_cell_event_nonpadding_received
0000008047812191 circpad_cell_event_nonpadding_received
0000008047820376 circpad_cell_event_nonpadding_received
0000008047827329 circpad_cell_event_nonpadding_received
0000008047834021 circpad_cell_event_nonpadding_received
0000008047840493 circpad_cell_event_nonpadding_received
0000008047847376 circpad_cell_event_nonpadding_received
0000008049867602 circpad_cell_event_nonpadding_sent
0000008247200504 circpad_cell_event_nonpadding_received
0000008247232183 circpad_cell_event_nonpadding_received
0000008248409446 circpad_cell_event_nonpadding_sent
0000008248716565 circpad_cell_event_nonpadding_sent
0000008248739328 circpad_cell_event_nonpadding_sent
0000008423326875 circpad_cell_event_nonpadding_received
0000008423523440 circpad_cell_event_nonpadding_sent
0000008571104303 circpad_cell_event_nonpadding_received
0000008571127627 circpad_cell_event_nonpadding_received
0000008571135251 circpad_cell_event_nonpadding_received
0000008571153675 circpad_cell_event_nonpadding_received
0000008571160397 circpad_cell_event_nonpadding_received
0000008571166308 circpad_cell_event_nonpadding_received
0000008571172289 circpad_cell_event_nonpadding_received
0000008590240977 circpad_cell_event_nonpadding_received
0000008590272465 circpad_cell_event_nonpadding_received
0000008590278967 circpad_cell_event_nonpadding_received
0000008590284798 circpad_cell_event_nonpadding_received
0000008590290569 circpad_cell_event_nonpadding_received
0000008590296229 circpad_cell_event_nonpadding_received
0000008590302521 circpad_cell_event_nonpadding_received
0000008590333148 circpad_cell_event_nonpadding_received
0000008590341954 circpad_cell_event_nonpadding_received
0000008590348085 circpad_cell_event_nonpadding_received
0000008590353676 circpad_cell_event_nonpadding_received
0000008590359356 circpad_cell_event_nonpadding_received
0000008590365087 circpad_cell_event_nonpadding_received
0000008590370677 circpad_cell_event_nonpadding_received
0000008601792526 circpad_cell_event_nonpadding_received
0000008601809006 circpad_cell_event_nonpadding_received
0000008601815027 circpad_cell_event_nonpadding_received
0000008601820618 circpad_cell_event_nonpadding_received
0000008601826168 circpad_cell_event_nonpadding_received
0000008601831708 circpad_cell_event_nonpadding_received
0000008601837259 circpad_cell_event_nonpadding_received
0000008601842839 circpad_cell_event_nonpadding_received
0000008601858057 circpad_cell_event_nonpadding_received
0000008608906967 circpad_cell_event_nonpadding_received
0000008608932024 circpad_cell_event_nonpadding_received
0000008608938436 circpad_cell_event_nonpadding_received
0000008608944026 circpad_cell_event_nonpadding_received
0000008608949576 circpad_cell_event_nonpadding_received
0000008608955177 circpad_cell_event_nonpadding_received
0000008608960937 circpad_cell_event_nonpadding_received
0000008608968321 circpad_cell_event_nonpadding_sent
0000008609030005 circpad_cell_event_nonpadding_received
0000008678461845 circpad_cell_event_nonpadding_received
0000008678500887 circpad_cell_event_nonpadding_received
0000008678508040 circpad_cell_event_nonpadding_received
0000008678513851 circpad_cell_event_nonpadding_received
0000008678519512 circpad_cell_event_nonpadding_sent
0000008678534620 circpad_cell_event_nonpadding_received
0000008678540621 circpad_cell_event_nonpadding_received
0000008678546241 circpad_cell_event_nonpadding_received
0000008687774352 circpad_cell_event_nonpadding_received
0000008687804879 circpad_cell_event_nonpadding_received
0000008687812663 circpad_cell_event_nonpadding_received
0000008687818384 circpad_cell_event_nonpadding_received
0000008687824034 circpad_cell_event_nonpadding_received
0000008687829705 circpad_cell_event_nonpadding_received
0000008687835305 circpad_cell_event_nonpadding_received
0000008687840885 circpad_cell_event_nonpadding_received
0000008698587762 circpad_cell_event_nonpadding_received
0000008698604714 circpad_cell_event_nonpadding_received
0000008698610935 circpad_cell_event_nonpadding_received
0000008698654616 circpad_cell_event_nonpadding_received
0000008698674022 circpad_cell_event_nonpadding_received
0000008698680113 circpad_cell_event_nonpadding_received
0000008698685684 circpad_cell_event_nonpadding_received
0000008698691254 circpad_cell_event_nonpadding_received
0000008698696885 circpad_cell_event_nonpadding_received
0000008698711401 circpad_cell_event_nonpadding_received
0000008706697640 circpad_cell_event_nonpadding_received
0000008706713639 circpad_cell_event_nonpadding_received
0000008706719701 circpad_cell_event_nonpadding_received
0000008706725321 circpad_cell_event_nonpadding_received
0000008706730901 circpad_cell_event_nonpadding_received
0000008706736522 circpad_cell_event_nonpadding_received
0000008706742072 circpad_cell_event_nonpadding_received
0000008706747843 circpad_cell_event_nonpadding_received
0000008751564873 circpad_cell_event_nonpadding_received
0000008751595840 circpad_cell_event_nonpadding_received
0000008751602733 circpad_cell_event_nonpadding_received
0000008751608814 circpad_cell_event_nonpadding_received
0000008751614855 circpad_cell_event_nonpadding_received
0000008751620636 circpad_cell_event_nonpadding_received
0000008751626277 circpad_cell_event_nonpadding_received
0000008775783507 circpad_cell_event_nonpadding_received
0000008775804737 circpad_cell_event_nonpadding_received
0000008775811529 circpad_cell_event_nonpadding_received
0000008775817420 circpad_cell_event_nonpadding_received
0000008805288716 circpad_cell_event_nonpadding_received
0000008805316147 circpad_cell_event_nonpadding_received
0000008805331756 circpad_cell_event_nonpadding_received
0000008805337747 circpad_cell_event_nonpadding_received
0000008805343327 circpad_cell_event_nonpadding_received
0000008805348988 circpad_cell_event_nonpadding_received
0000008805354628 circpad_cell_event_nonpadding_received
0000008805371479 circpad_cell_event_nonpadding_received
0000008806506294 circpad_cell_event_nonpadding_received
0000008806518987 circpad_cell_event_nonpadding_received
0000008806529076 circpad_cell_event_nonpadding_sent
0000008806543503 circpad_cell_event_nonpadding_received
0000008806549634 circpad_cell_event_nonpadding_received
0000008806555315 circpad_cell_event_nonpadding_received
0000008806560935 circpad_cell_event_nonpadding_received
0000008806566666 circpad_cell_event_nonpadding_received
0000008815678361 circpad_cell_event_nonpadding_received
0000008815693929 circpad_cell_event_nonpadding_received
0000008815700141 circpad_cell_event_nonpadding_received
0000008815705791 circpad_cell_event_nonpadding_received
0000008815711402 circpad_cell_event_nonpadding_received
0000008815716962 circpad_cell_event_nonpadding_received
0000008815722532 circpad_cell_event_nonpadding_received
0000008835049809 circpad_cell_event_nonpadding_received
0000008835068694 circpad_cell_event_nonpadding_received
0000008835075357 circpad_cell_event_nonpadding_received
0000008835081247 circpad_cell_event_nonpadding_received
0000008835087068 circpad_cell_event_nonpadding_received
0000008835092999 circpad_cell_event_nonpadding_received
0000008876231118 circpad_cell_event_nonpadding_sent
0000008938935323 connection_ap_handshake_send_begin adservice.google.com
0000008938946824 circpad_cell_event_nonpadding_sent
0000008941867199 connection_ap_handshake_send_begin ogs.google.com
0000008941876737 circpad_cell_event_nonpadding_sent
0000009119206451 circpad_cell_event_nonpadding_received
0000009120433926 circpad_cell_event_nonpadding_sent
0000009120453362 circpad_cell_event_nonpadding_sent
0000009236090366 circpad_cell_event_nonpadding_received
0000009237343579 circpad_cell_event_nonpadding_sent
0000009237372904 circpad_cell_event_nonpadding_sent
0000009377223903 circpad_cell_event_nonpadding_received
0000009377261222 circpad_cell_event_nonpadding_received
0000009377269818 circpad_cell_event_nonpadding_received
0000009377276671 circpad_cell_event_nonpadding_received
0000009377283113 circpad_cell_event_nonpadding_received
0000009377289344 circpad_cell_event_nonpadding_received
0000009377295856 circpad_cell_event_nonpadding_received
0000009504602778 circpad_cell_event_nonpadding_received
0000009506435255 circpad_cell_event_nonpadding_sent
0000009506781538 circpad_cell_event_nonpadding_sent
0000009506803047 circpad_cell_event_nonpadding_sent
0000009658775303 circpad_cell_event_nonpadding_received
0000009658802374 circpad_cell_event_nonpadding_received
0000009658809437 circpad_cell_event_nonpadding_received
0000009658815638 circpad_cell_event_nonpadding_received
0000009658821469 circpad_cell_event_nonpadding_received
0000009658827110 circpad_cell_event_nonpadding_received
0000009658832980 circpad_cell_event_nonpadding_received
0000009687151449 circpad_cell_event_nonpadding_received
0000009688851050 circpad_cell_event_nonpadding_sent
0000009689176604 circpad_cell_event_nonpadding_sent
0000009689195359 circpad_cell_event_nonpadding_sent
0000009812939915 circpad_cell_event_nonpadding_received
0000009813115771 circpad_cell_event_nonpadding_sent
0000009863767027 circpad_cell_event_nonpadding_received
0000009936141985 circpad_cell_event_nonpadding_received
0000009936170027 circpad_cell_event_nonpadding_received
0000009936176980 circpad_cell_event_nonpadding_received
0000009936456729 circpad_cell_event_nonpadding_sent
0000009936517171 circpad_cell_event_nonpadding_sent
0000009941734895 connection_ap_handshake_send_begin googleads.g.doubleclick.net
0000009941740977 circpad_cell_event_nonpadding_sent
0000010018431174 circpad_cell_event_nonpadding_received
0000010018450530 circpad_cell_event_nonpadding_received
0000010018455700 circpad_cell_event_nonpadding_received
0000010018466971 circpad_cell_event_nonpadding_received
0000010018471259 circpad_cell_event_nonpadding_received
0000010018475476 circpad_cell_event_nonpadding_received
0000010018479554 circpad_cell_event_nonpadding_sent
0000010018490574 circpad_cell_event_nonpadding_received
0000010030332872 circpad_cell_event_nonpadding_received
0000010030349483 circpad_cell_event_nonpadding_received
0000010030353721 circpad_cell_event_nonpadding_received
0000010030357638 circpad_cell_event_nonpadding_received
0000010030361496 circpad_cell_event_nonpadding_received
0000010030365353 circpad_cell_event_nonpadding_received
0000010030369280 circpad_cell_event_nonpadding_received
0000010030373147 circpad_cell_event_nonpadding_received
0000010030391301 circpad_cell_event_nonpadding_received
0000010046211895 circpad_cell_event_nonpadding_received
0000010046222154 circpad_cell_event_nonpadding_received
0000010046226292 circpad_cell_event_nonpadding_received
0000010046230249 circpad_cell_event_nonpadding_received
0000010046234097 circpad_cell_event_nonpadding_received
0000010046237964 circpad_cell_event_nonpadding_received
0000010046241861 circpad_cell_event_nonpadding_received
0000010046256678 circpad_cell_event_nonpadding_received
0000010143596084 circpad_cell_event_nonpadding_received
0000010143634716 circpad_cell_event_nonpadding_received
0000010143641729 circpad_cell_event_nonpadding_received
0000010143647690 circpad_cell_event_nonpadding_received
0000010143653430 circpad_cell_event_nonpadding_received
0000010143659201 circpad_cell_event_nonpadding_received
0000010143674359 circpad_cell_event_nonpadding_received
0000010171419584 circpad_cell_event_nonpadding_received
0000010171554825 circpad_cell_event_nonpadding_sent
0000010255481421 circpad_cell_event_nonpadding_received
0000010256685223 circpad_cell_event_nonpadding_sent
0000010256713345 circpad_cell_event_nonpadding_sent
0000010563041844 circpad_cell_event_nonpadding_received
0000010563072561 circpad_cell_event_nonpadding_received
0000010563080025 circpad_cell_event_nonpadding_received
0000010563086838 circpad_cell_event_nonpadding_received
0000010563093280 circpad_cell_event_nonpadding_received
0000010563099752 circpad_cell_event_nonpadding_received
0000010565595439 circpad_cell_event_nonpadding_sent
0000010752662148 circpad_cell_event_nonpadding_received
0000010752700228 circpad_cell_event_nonpadding_received
