Dec 12 13:02:09.000 [info] circpad_trace_event: timestamp=3479938172 source=client client_circ_id=2 event=circpad_machine_event_circ_added_hop
Dec 12 13:02:09.000 [info] circpad_trace_event: timestamp=3479978094 source=client client_circ_id=2 event=circpad_cell_event_nonpadding_sent
Dec 12 13:02:09.000 [info] circpad_trace_event: timestamp=3480004651 source=client client_circ_id=2 event=circpad_negotiate_logging
Dec 12 13:02:09.000 [info] circpad_trace_event: timestamp=3480118162 source=client client_circ_id=2 event=circpad_cell_event_nonpadding_sent
Dec 12 13:02:10.000 [info] circpad_trace_event: timestamp=3977085420 source=client client_circ_id=2 event=circpad_cell_event_nonpadding_received
Dec 12 13:02:10.000 [info] circpad_trace_event: timestamp=3977949947 source=client client_circ_id=2 event=circpad_machine_event_circ_added_hop
Dec 12 13:02:10.000 [info] circpad_trace_event: timestamp=3978067614 source=client client_circ_id=2 event=circpad_cell_event_nonpadding_sent
Dec 12 13:02:10.000 [info] circpad_trace_event: timestamp=4202109011 source=client client_circ_id=2 event=circpad_cell_event_nonpadding_received
Dec 12 13:02:10.000 [info] circpad_trace_event: timestamp=4203589325 source=client client_circ_id=2 event=circpad_machine_event_circ_added_hop
Dec 12 13:02:10.000 [info] circpad_trace_event: timestamp=4203605231 source=client client_circ_id=2 event=circpad_machine_event_circ_built
Dec 12 13:02:10.000 [info] circpad_trace_event: timestamp=4435733958 source=client client_circ_id=3 event=circpad_machine_event_circ_added_hop
Dec 12 13:02:10.000 [info] circpad_trace_event: timestamp=4435899083 source=client client_circ_id=3 event=circpad_cell_event_nonpadding_sent
Dec 12 13:02:10.000 [info] circpad_trace_event: timestamp=4435939177 source=client client_circ_id=3 event=circpad_negotiate_logging
Dec 12 13:02:10.000 [info] circpad_trace_event: timestamp=4436315761 source=client client_circ_id=3 event=circpad_cell_event_nonpadding_sent
Dec 12 13:02:11.000 [info] circpad_trace_event: timestamp=4612880560 source=client client_circ_id=3 event=circpad_cell_event_nonpadding_received
Dec 12 13:02:11.000 [info] circpad_trace_event: timestamp=4613517207 source=client client_circ_id=3 event=circpad_machine_event_circ_added_hop
Dec 12 13:02:11.000 [info] circpad_trace_event: timestamp=4613735625 source=client client_circ_id=3 event=circpad_cell_event_nonpadding_sent
Dec 12 13:02:11.000 [info] circpad_trace_event: timestamp=4851311724 source=client client_circ_id=3 event=circpad_cell_event_nonpadding_received
Dec 12 13:02:11.000 [info] circpad_trace_event: timestamp=4851933388 source=client client_circ_id=3 event=circpad_machine_event_circ_added_hop
Dec 12 13:02:11.000 [info] circpad_trace_event: timestamp=4851949371 source=client client_circ_id=3 event=circpad_machine_event_circ_built
Dec 12 13:02:11.000 [info] circpad_trace_event: timestamp=5441039981 source=client client_circ_id=4 event=circpad_machine_event_circ_added_hop
Dec 12 13:02:11.000 [info] circpad_trace_event: timestamp=5441085607 source=client client_circ_id=4 event=circpad_cell_event_nonpadding_sent
Dec 12 13:02:11.000 [info] circpad_trace_event: timestamp=5441293880 source=client client_circ_id=4 event=circpad_negotiate_logging
Dec 12 13:02:11.000 [info] circpad_trace_event: timestamp=5441450754 source=client client_circ_id=4 event=circpad_cell_event_nonpadding_sent
Dec 12 13:02:12.000 [info] circpad_trace_event: timestamp=5616478168 source=client client_circ_id=4 event=circpad_cell_event_nonpadding_received
Dec 12 13:02:12.000 [info] circpad_trace_event: timestamp=5617161431 source=client client_circ_id=4 event=circpad_machine_event_circ_added_hop
Dec 12 13:02:12.000 [info] circpad_trace_event: timestamp=5617285958 source=client client_circ_id=4 event=circpad_cell_event_nonpadding_sent
Dec 12 13:02:12.000 [info] circpad_trace_event: timestamp=5819982871 source=client client_circ_id=4 event=circpad_cell_event_nonpadding_received
Dec 12 13:02:12.000 [info] circpad_trace_event: timestamp=5820863765 source=client client_circ_id=4 event=circpad_machine_event_circ_added_hop
Dec 12 13:02:12.000 [info] circpad_trace_event: timestamp=5820873945 source=client client_circ_id=4 event=circpad_machine_event_circ_built
Dec 12 13:02:12.000 [info] circpad_trace_event: timestamp=6447260274 source=client client_circ_id=5 event=circpad_machine_event_circ_added_hop
Dec 12 13:02:12.000 [info] circpad_trace_event: timestamp=6447301663 source=client client_circ_id=5 event=circpad_cell_event_nonpadding_sent
Dec 12 13:02:12.000 [info] circpad_trace_event: timestamp=6447327842 source=client client_circ_id=5 event=circpad_negotiate_logging
Dec 12 13:02:12.000 [info] circpad_trace_event: timestamp=6447439399 source=client client_circ_id=5 event=circpad_cell_event_nonpadding_sent
Dec 12 13:02:13.000 [info] circpad_trace_event: timestamp=6627215663 source=client client_circ_id=5 event=circpad_cell_event_nonpadding_received
Dec 12 13:02:13.000 [info] circpad_trace_event: timestamp=6627958120 source=client client_circ_id=5 event=circpad_machine_event_circ_added_hop
Dec 12 13:02:13.000 [info] circpad_trace_event: timestamp=6628177536 source=client client_circ_id=5 event=circpad_cell_event_nonpadding_sent
Dec 12 13:02:13.000 [info] circpad_trace_event: timestamp=6844798798 source=client client_circ_id=5 event=circpad_cell_event_nonpadding_received
Dec 12 13:02:13.000 [info] circpad_trace_event: timestamp=6845306539 source=client client_circ_id=5 event=circpad_machine_event_circ_added_hop
Dec 12 13:02:13.000 [info] circpad_trace_event: timestamp=6845317096 source=client client_circ_id=5 event=circpad_machine_event_circ_built
Dec 12 13:02:13.000 [info] circpad_trace_event: timestamp=7443119926 source=client client_circ_id=6 event=circpad_machine_event_circ_added_hop
Dec 12 13:02:13.000 [info] circpad_trace_event: timestamp=7443197286 source=client client_circ_id=6 event=circpad_cell_event_nonpadding_sent
Dec 12 13:02:13.000 [info] circpad_trace_event: timestamp=7443224324 source=client client_circ_id=6 event=circpad_negotiate_logging
Dec 12 13:02:13.000 [info] circpad_trace_event: timestamp=7443318404 source=client client_circ_id=6 event=circpad_cell_event_nonpadding_sent
Dec 12 13:02:14.000 [info] circpad_trace_event: timestamp=7614872773 source=client client_circ_id=6 event=circpad_cell_event_nonpadding_received
Dec 12 13:02:14.000 [info] circpad_trace_event: timestamp=7615774375 source=client client_circ_id=6 event=circpad_machine_event_circ_added_hop
Dec 12 13:02:14.000 [info] circpad_trace_event: timestamp=7615943246 source=client client_circ_id=6 event=circpad_cell_event_nonpadding_sent
Dec 12 13:02:14.000 [info] circpad_trace_event: timestamp=7893043408 source=client client_circ_id=6 event=circpad_cell_event_nonpadding_received
Dec 12 13:02:14.000 [info] circpad_trace_event: timestamp=7894011677 source=client client_circ_id=6 event=circpad_machine_event_circ_added_hop
Dec 12 13:02:14.000 [info] circpad_trace_event: timestamp=7894087609 source=client client_circ_id=6 event=circpad_machine_event_circ_built
Dec 12 13:02:49.000 [info] circpad_trace_event: timestamp=42812149515 source=client client_circ_id=2 event=circpad_machine_event_circ_has_streams
Dec 12 13:02:49.000 [info] circpad_trace_event: timestamp=42812225683 source=client client_circ_id=2 event=connection_ap_handshake_send_begin check.torproject.org
Dec 12 13:02:49.000 [info] circpad_trace_event: timestamp=42812285683 source=client client_circ_id=2 event=circpad_cell_event_nonpadding_sent
Dec 12 13:02:49.000 [info] circpad_trace_event: timestamp=43088635535 source=client client_circ_id=2 event=circpad_cell_event_nonpadding_received
Dec 12 13:02:49.000 [info] circpad_trace_event: timestamp=43103286918 source=client client_circ_id=2 event=circpad_cell_event_nonpadding_sent
Dec 12 13:02:49.000 [info] circpad_trace_event: timestamp=43387792023 source=client client_circ_id=2 event=circpad_cell_event_nonpadding_received
Dec 12 13:02:49.000 [info] circpad_trace_event: timestamp=43387931091 source=client client_circ_id=2 event=circpad_cell_event_nonpadding_received
Dec 12 13:02:49.000 [info] circpad_trace_event: timestamp=43388002803 source=client client_circ_id=2 event=circpad_cell_event_nonpadding_received
Dec 12 13:02:49.000 [info] circpad_trace_event: timestamp=43388054401 source=client client_circ_id=2 event=circpad_cell_event_nonpadding_received
Dec 12 13:02:49.000 [info] circpad_trace_event: timestamp=43388094209 source=client client_circ_id=2 event=circpad_cell_event_nonpadding_received
Dec 12 13:02:49.000 [info] circpad_trace_event: timestamp=43388131757 source=client client_circ_id=2 event=circpad_cell_event_nonpadding_received
Dec 12 13:02:49.000 [info] circpad_trace_event: timestamp=43388173225 source=client client_circ_id=2 event=circpad_cell_event_nonpadding_received
Dec 12 13:02:49.000 [info] circpad_trace_event: timestamp=43467797995 source=client client_circ_id=2 event=circpad_cell_event_nonpadding_received
Dec 12 13:02:49.000 [info] circpad_trace_event: timestamp=43478385862 source=client client_circ_id=2 event=circpad_cell_event_nonpadding_sent
Dec 12 13:02:50.000 [info] circpad_trace_event: timestamp=43559503354 source=client client_circ_id=7 event=circpad_machine_event_circ_added_hop
Dec 12 13:02:50.000 [info] circpad_trace_event: timestamp=43559554666 source=client client_circ_id=7 event=circpad_cell_event_nonpadding_sent
Dec 12 13:02:50.000 [info] circpad_trace_event: timestamp=43559587959 source=client client_circ_id=7 event=circpad_negotiate_logging
Dec 12 13:02:50.000 [info] circpad_trace_event: timestamp=43559669108 source=client client_circ_id=7 event=circpad_cell_event_nonpadding_sent
Dec 12 13:02:50.000 [info] circpad_trace_event: timestamp=43819424242 source=client client_circ_id=2 event=circpad_cell_event_nonpadding_received
Dec 12 13:02:50.000 [info] circpad_trace_event: timestamp=43819885949 source=client client_circ_id=2 event=circpad_cell_event_nonpadding_sent
Dec 12 13:02:50.000 [info] circpad_trace_event: timestamp=43902454770 source=client client_circ_id=7 event=circpad_cell_event_nonpadding_received
Dec 12 13:02:50.000 [info] circpad_trace_event: timestamp=43903289995 source=client client_circ_id=7 event=circpad_machine_event_circ_added_hop
Dec 12 13:02:50.000 [info] circpad_trace_event: timestamp=43903407493 source=client client_circ_id=7 event=circpad_cell_event_nonpadding_sent
Dec 12 13:02:50.000 [info] circpad_trace_event: timestamp=44071192840 source=client client_circ_id=2 event=circpad_cell_event_nonpadding_received
Dec 12 13:02:50.000 [info] circpad_trace_event: timestamp=44071369947 source=client client_circ_id=2 event=circpad_cell_event_nonpadding_received
Dec 12 13:02:50.000 [info] circpad_trace_event: timestamp=44071419462 source=client client_circ_id=2 event=circpad_cell_event_nonpadding_received
Dec 12 13:02:50.000 [info] circpad_trace_event: timestamp=44071448643 source=client client_circ_id=2 event=circpad_cell_event_nonpadding_received
Dec 12 13:02:50.000 [info] circpad_trace_event: timestamp=44071480291 source=client client_circ_id=2 event=circpad_cell_event_nonpadding_received
Dec 12 13:02:50.000 [info] circpad_trace_event: timestamp=44071521356 source=client client_circ_id=2 event=circpad_cell_event_nonpadding_received
Dec 12 13:02:50.000 [info] circpad_trace_event: timestamp=44071569030 source=client client_circ_id=2 event=circpad_cell_event_nonpadding_received
Dec 12 13:02:50.000 [info] circpad_trace_event: timestamp=44149714286 source=client client_circ_id=2 event=circpad_cell_event_nonpadding_received
Dec 12 13:02:50.000 [info] circpad_trace_event: timestamp=44149896084 source=client client_circ_id=2 event=circpad_cell_event_nonpadding_received
Dec 12 13:02:50.000 [info] circpad_trace_event: timestamp=44149943834 source=client client_circ_id=2 event=circpad_cell_event_nonpadding_received
Dec 12 13:02:50.000 [info] circpad_trace_event: timestamp=44149979478 source=client client_circ_id=2 event=circpad_cell_event_nonpadding_received
Dec 12 13:02:50.000 [info] circpad_trace_event: timestamp=44150072613 source=client client_circ_id=2 event=circpad_cell_event_nonpadding_received
Dec 12 13:02:50.000 [info] circpad_trace_event: timestamp=44154617366 source=client client_circ_id=2 event=circpad_cell_event_nonpadding_received
Dec 12 13:02:50.000 [info] circpad_trace_event: timestamp=44154720937 source=client client_circ_id=2 event=circpad_cell_event_nonpadding_received
Dec 12 13:02:50.000 [info] circpad_trace_event: timestamp=44154765942 source=client client_circ_id=2 event=circpad_cell_event_nonpadding_received
Dec 12 13:02:50.000 [info] circpad_trace_event: timestamp=44154809106 source=client client_circ_id=2 event=circpad_cell_event_nonpadding_received
Dec 12 13:02:50.000 [info] circpad_trace_event: timestamp=44154852202 source=client client_circ_id=2 event=circpad_cell_event_nonpadding_received
Dec 12 13:02:50.000 [info] circpad_trace_event: timestamp=44157112035 source=client client_circ_id=2 event=circpad_cell_event_nonpadding_sent
Dec 12 13:02:50.000 [info] circpad_trace_event: timestamp=44157187307 source=client client_circ_id=2 event=circpad_machine_event_circ_has_no_relay_early
Dec 12 13:02:50.000 [info] circpad_trace_event: timestamp=44160909423 source=client client_circ_id=2 event=circpad_cell_event_nonpadding_sent
Dec 12 13:02:50.000 [info] circpad_trace_event: timestamp=44160977783 source=client client_circ_id=2 event=circpad_machine_event_circ_has_no_streams
Dec 12 13:02:50.000 [info] circpad_trace_event: timestamp=44269301506 source=client client_circ_id=7 event=circpad_cell_event_nonpadding_received
Dec 12 13:02:50.000 [info] circpad_trace_event: timestamp=44269925153 source=client client_circ_id=7 event=circpad_machine_event_circ_added_hop
Dec 12 13:02:50.000 [info] circpad_trace_event: timestamp=44269944227 source=client client_circ_id=7 event=circpad_machine_event_circ_built
Dec 12 13:02:50.000 [info] circpad_trace_event: timestamp=44453996220 source=client client_circ_id=2 event=circpad_cell_event_nonpadding_received
Dec 12 13:02:55.000 [info] circpad_trace_event: timestamp=49186915560 source=client client_circ_id=2 event=circpad_machine_event_circ_has_streams
Dec 12 13:02:55.000 [info] circpad_trace_event: timestamp=49186945772 source=client client_circ_id=2 event=connection_ap_handshake_send_begin eff.org
Dec 12 13:02:55.000 [info] circpad_trace_event: timestamp=49186981601 source=client client_circ_id=2 event=circpad_cell_event_nonpadding_sent
Dec 12 13:02:56.000 [info] circpad_trace_event: timestamp=49673914088 source=client client_circ_id=2 event=circpad_cell_event_nonpadding_received
Dec 12 13:02:56.000 [info] circpad_trace_event: timestamp=49687199777 source=client client_circ_id=2 event=circpad_cell_event_nonpadding_sent
Dec 12 13:02:56.000 [info] circpad_trace_event: timestamp=50441176380 source=client client_circ_id=2 event=circpad_cell_event_nonpadding_received
Dec 12 13:02:56.000 [info] circpad_trace_event: timestamp=50441259713 source=client client_circ_id=2 event=circpad_cell_event_nonpadding_received
Dec 12 13:02:56.000 [info] circpad_trace_event: timestamp=50441292995 source=client client_circ_id=2 event=circpad_cell_event_nonpadding_received
Dec 12 13:02:56.000 [info] circpad_trace_event: timestamp=50441316629 source=client client_circ_id=2 event=circpad_cell_event_nonpadding_received
Dec 12 13:02:56.000 [info] circpad_trace_event: timestamp=50441338393 source=client client_circ_id=2 event=circpad_cell_event_nonpadding_received
Dec 12 13:02:56.000 [info] circpad_trace_event: timestamp=50441358762 source=client client_circ_id=2 event=circpad_cell_event_nonpadding_received
Dec 12 13:02:56.000 [info] circpad_trace_event: timestamp=50441392650 source=client client_circ_id=2 event=circpad_cell_event_nonpadding_received
Dec 12 13:02:56.000 [info] circpad_trace_event: timestamp=50445106162 source=client client_circ_id=2 event=circpad_cell_event_nonpadding_sent
Dec 12 13:02:57.000 [info] circpad_trace_event: timestamp=50894076136 source=client client_circ_id=2 event=circpad_cell_event_nonpadding_received
Dec 12 13:02:57.000 [info] circpad_trace_event: timestamp=50894613912 source=client client_circ_id=2 event=circpad_cell_event_nonpadding_sent
Dec 12 13:02:57.000 [info] circpad_trace_event: timestamp=51355637405 source=client client_circ_id=2 event=circpad_cell_event_nonpadding_received
Dec 12 13:02:57.000 [info] circpad_trace_event: timestamp=51355727816 source=client client_circ_id=2 event=circpad_cell_event_nonpadding_received
Dec 12 13:02:57.000 [info] circpad_trace_event: timestamp=51356373145 source=client client_circ_id=2 event=circpad_cell_event_nonpadding_sent
Dec 12 13:02:57.000 [info] circpad_trace_event: timestamp=51359168489 source=client client_circ_id=2 event=circpad_cell_event_nonpadding_sent
Dec 12 13:02:57.000 [info] circpad_trace_event: timestamp=51359228709 source=client client_circ_id=2 event=circpad_machine_event_circ_has_no_streams
