Dec 11 17:53:35.000 [info] circpad_trace_event: timestamp=5010206353 source=client client_circ_id=2 event=circpad_machine_event_circ_added_hop
Dec 11 17:53:35.000 [info] circpad_trace_event: timestamp=5010305035 source=client client_circ_id=2 event=circpad_cell_event_nonpadding_sent
Dec 11 17:53:35.000 [info] circpad_trace_event: timestamp=5010400717 source=client client_circ_id=2 event=circpad_negotiate_logging
Dec 11 17:53:35.000 [info] circpad_trace_event: timestamp=5010663842 source=client client_circ_id=2 event=circpad_cell_event_nonpadding_sent
Dec 11 17:53:36.000 [info] circpad_trace_event: timestamp=5179063832 source=client client_circ_id=2 event=circpad_cell_event_nonpadding_received
Dec 11 17:53:36.000 [info] circpad_trace_event: timestamp=5179529737 source=client client_circ_id=2 event=circpad_machine_event_circ_added_hop
Dec 11 17:53:36.000 [info] circpad_trace_event: timestamp=5179621679 source=client client_circ_id=2 event=circpad_cell_event_nonpadding_sent
Dec 11 17:53:36.000 [info] circpad_trace_event: timestamp=5179706666 source=client client_circ_id=2 event=circpad_negotiate_logging
Dec 11 17:53:36.000 [info] circpad_trace_event: timestamp=5180190832 source=client client_circ_id=2 event=circpad_cell_event_nonpadding_sent
Dec 11 17:53:36.000 [info] circpad_trace_event: timestamp=5355734817 source=client client_circ_id=2 event=circpad_cell_event_nonpadding_received
Dec 11 17:53:36.000 [info] circpad_trace_event: timestamp=5357487217 source=client client_circ_id=2 event=circpad_machine_event_circ_added_hop
Dec 11 17:53:36.000 [info] circpad_trace_event: timestamp=5357516808 source=client client_circ_id=2 event=circpad_machine_event_circ_built
Dec 11 17:53:37.000 [info] circpad_trace_event: timestamp=6080802266 source=client client_circ_id=3 event=circpad_machine_event_circ_added_hop
Dec 11 17:53:37.000 [info] circpad_trace_event: timestamp=6080850950 source=client client_circ_id=3 event=circpad_cell_event_nonpadding_sent
Dec 11 17:53:37.000 [info] circpad_trace_event: timestamp=6080876850 source=client client_circ_id=3 event=circpad_negotiate_logging
Dec 11 17:53:37.000 [info] circpad_trace_event: timestamp=6080964166 source=client client_circ_id=3 event=circpad_cell_event_nonpadding_sent
Dec 11 17:53:37.000 [info] circpad_trace_event: timestamp=6249720417 source=client client_circ_id=3 event=circpad_cell_event_nonpadding_received
Dec 11 17:53:37.000 [info] circpad_trace_event: timestamp=6250116002 source=client client_circ_id=3 event=circpad_machine_event_circ_added_hop
Dec 11 17:53:37.000 [info] circpad_trace_event: timestamp=6250146801 source=client client_circ_id=3 event=circpad_cell_event_nonpadding_sent
Dec 11 17:53:37.000 [info] circpad_trace_event: timestamp=6250169468 source=client client_circ_id=3 event=circpad_negotiate_logging
Dec 11 17:53:37.000 [info] circpad_trace_event: timestamp=6250261498 source=client client_circ_id=3 event=circpad_cell_event_nonpadding_sent
Dec 11 17:53:37.000 [info] circpad_trace_event: timestamp=6460921116 source=client client_circ_id=3 event=circpad_cell_event_nonpadding_received
Dec 11 17:53:37.000 [info] circpad_trace_event: timestamp=6461795511 source=client client_circ_id=3 event=circpad_machine_event_circ_added_hop
Dec 11 17:53:37.000 [info] circpad_trace_event: timestamp=6461814933 source=client client_circ_id=3 event=circpad_machine_event_circ_built
Dec 11 17:53:37.000 [info] circpad_trace_event: timestamp=6998393754 source=client client_circ_id=4 event=circpad_machine_event_circ_added_hop
Dec 11 17:53:37.000 [info] circpad_trace_event: timestamp=6998445809 source=client client_circ_id=4 event=circpad_cell_event_nonpadding_sent
Dec 11 17:53:37.000 [info] circpad_trace_event: timestamp=6998477348 source=client client_circ_id=4 event=circpad_negotiate_logging
Dec 11 17:53:37.000 [info] circpad_trace_event: timestamp=6998706733 source=client client_circ_id=4 event=circpad_cell_event_nonpadding_sent
Dec 11 17:53:38.000 [info] circpad_trace_event: timestamp=7172697502 source=client client_circ_id=4 event=circpad_cell_event_nonpadding_received
Dec 11 17:53:38.000 [info] circpad_trace_event: timestamp=7173533863 source=client client_circ_id=4 event=circpad_machine_event_circ_added_hop
Dec 11 17:53:38.000 [info] circpad_trace_event: timestamp=7173629249 source=client client_circ_id=4 event=circpad_cell_event_nonpadding_sent
Dec 11 17:53:38.000 [info] circpad_trace_event: timestamp=7173681669 source=client client_circ_id=4 event=circpad_negotiate_logging
Dec 11 17:53:38.000 [info] circpad_trace_event: timestamp=7173863666 source=client client_circ_id=4 event=circpad_cell_event_nonpadding_sent
Dec 11 17:53:38.000 [info] circpad_trace_event: timestamp=7999508720 source=client client_circ_id=5 event=circpad_machine_event_circ_added_hop
Dec 11 17:53:38.000 [info] circpad_trace_event: timestamp=7999674047 source=client client_circ_id=5 event=circpad_cell_event_nonpadding_sent
Dec 11 17:53:38.000 [info] circpad_trace_event: timestamp=7999920703 source=client client_circ_id=5 event=circpad_negotiate_logging
Dec 11 17:53:38.000 [info] circpad_trace_event: timestamp=8000065689 source=client client_circ_id=5 event=circpad_cell_event_nonpadding_sent
Dec 11 17:53:39.000 [info] circpad_trace_event: timestamp=8167508031 source=client client_circ_id=5 event=circpad_cell_event_nonpadding_received
Dec 11 17:53:39.000 [info] circpad_trace_event: timestamp=8168420345 source=client client_circ_id=5 event=circpad_machine_event_circ_added_hop
Dec 11 17:53:39.000 [info] circpad_trace_event: timestamp=8168554453 source=client client_circ_id=5 event=circpad_cell_event_nonpadding_sent
Dec 11 17:53:39.000 [info] circpad_trace_event: timestamp=8168601553 source=client client_circ_id=5 event=circpad_negotiate_logging
Dec 11 17:53:39.000 [info] circpad_trace_event: timestamp=8168720475 source=client client_circ_id=5 event=circpad_cell_event_nonpadding_sent
Dec 11 17:53:39.000 [info] circpad_trace_event: timestamp=8372656037 source=client client_circ_id=5 event=circpad_cell_event_nonpadding_received
Dec 11 17:53:39.000 [info] circpad_trace_event: timestamp=8373266786 source=client client_circ_id=5 event=circpad_machine_event_circ_added_hop
Dec 11 17:53:39.000 [info] circpad_trace_event: timestamp=8373289596 source=client client_circ_id=5 event=circpad_machine_event_circ_built
Dec 11 17:53:39.000 [info] circpad_trace_event: timestamp=8599308326 source=client client_circ_id=4 event=circpad_cell_event_nonpadding_received
Dec 11 17:53:39.000 [info] circpad_trace_event: timestamp=8599887700 source=client client_circ_id=4 event=circpad_machine_event_circ_purpose_changed
Dec 11 17:53:39.000 [info] circpad_trace_event: timestamp=8600069640 source=client client_circ_id=4 event=circpad_machine_event_circ_added_hop
Dec 11 17:53:39.000 [info] circpad_trace_event: timestamp=8600090492 source=client client_circ_id=4 event=circpad_machine_event_circ_built
Dec 11 17:53:39.000 [info] circpad_trace_event: timestamp=9009554544 source=client client_circ_id=6 event=circpad_machine_event_circ_added_hop
Dec 11 17:53:39.000 [info] circpad_trace_event: timestamp=9009676569 source=client client_circ_id=6 event=circpad_cell_event_nonpadding_sent
Dec 11 17:53:39.000 [info] circpad_trace_event: timestamp=9009716655 source=client client_circ_id=6 event=circpad_negotiate_logging
Dec 11 17:53:39.000 [info] circpad_trace_event: timestamp=9010710236 source=client client_circ_id=6 event=circpad_cell_event_nonpadding_sent
Dec 11 17:53:40.000 [info] circpad_trace_event: timestamp=9185198198 source=client client_circ_id=6 event=circpad_cell_event_nonpadding_received
Dec 11 17:53:40.000 [info] circpad_trace_event: timestamp=9185632700 source=client client_circ_id=6 event=circpad_machine_event_circ_added_hop
Dec 11 17:53:40.000 [info] circpad_trace_event: timestamp=9185677208 source=client client_circ_id=6 event=circpad_cell_event_nonpadding_sent
Dec 11 17:53:40.000 [info] circpad_trace_event: timestamp=9185703312 source=client client_circ_id=6 event=circpad_negotiate_logging
Dec 11 17:53:40.000 [info] circpad_trace_event: timestamp=9185794479 source=client client_circ_id=6 event=circpad_cell_event_nonpadding_sent
Dec 11 17:53:40.000 [info] circpad_trace_event: timestamp=9370464729 source=client client_circ_id=6 event=circpad_cell_event_nonpadding_received
Dec 11 17:53:40.000 [info] circpad_trace_event: timestamp=9371446767 source=client client_circ_id=6 event=circpad_machine_event_circ_added_hop
Dec 11 17:53:40.000 [info] circpad_trace_event: timestamp=9371465032 source=client client_circ_id=6 event=circpad_machine_event_circ_built
Dec 11 17:53:40.000 [info] circpad_trace_event: timestamp=10014216546 source=client client_circ_id=7 event=circpad_machine_event_circ_added_hop
Dec 11 17:53:40.000 [info] circpad_trace_event: timestamp=10014281880 source=client client_circ_id=7 event=circpad_cell_event_nonpadding_sent
Dec 11 17:53:40.000 [info] circpad_trace_event: timestamp=10014417261 source=client client_circ_id=7 event=circpad_negotiate_logging
Dec 11 17:53:40.000 [info] circpad_trace_event: timestamp=10014829936 source=client client_circ_id=7 event=circpad_cell_event_nonpadding_sent
Dec 11 17:53:41.000 [info] circpad_trace_event: timestamp=10191141770 source=client client_circ_id=7 event=circpad_cell_event_nonpadding_received
Dec 11 17:53:41.000 [info] circpad_trace_event: timestamp=10191989530 source=client client_circ_id=7 event=circpad_machine_event_circ_added_hop
Dec 11 17:53:41.000 [info] circpad_trace_event: timestamp=10192110951 source=client client_circ_id=7 event=circpad_cell_event_nonpadding_sent
Dec 11 17:53:41.000 [info] circpad_trace_event: timestamp=10192145800 source=client client_circ_id=7 event=circpad_negotiate_logging
Dec 11 17:53:41.000 [info] circpad_trace_event: timestamp=10192261092 source=client client_circ_id=7 event=circpad_cell_event_nonpadding_sent
Dec 11 17:53:41.000 [info] circpad_trace_event: timestamp=10420433925 source=client client_circ_id=7 event=circpad_cell_event_nonpadding_received
Dec 11 17:53:41.000 [info] circpad_trace_event: timestamp=10421343491 source=client client_circ_id=7 event=circpad_machine_event_circ_added_hop
Dec 11 17:53:41.000 [info] circpad_trace_event: timestamp=10421371884 source=client client_circ_id=7 event=circpad_machine_event_circ_built
Dec 11 17:55:13.000 [info] circpad_trace_event: timestamp=102475722627 source=client client_circ_id=2 event=circpad_machine_event_circ_has_streams
Dec 11 17:55:13.000 [info] circpad_trace_event: timestamp=102475758169 source=client client_circ_id=2 event=connection_ap_handshake_send_begin check.torproject.org
Dec 11 17:55:13.000 [info] circpad_trace_event: timestamp=102475783771 source=client client_circ_id=2 event=circpad_cell_event_nonpadding_sent
Dec 11 17:55:13.000 [info] circpad_trace_event: timestamp=102663535352 source=client client_circ_id=2 event=circpad_cell_event_nonpadding_received
Dec 11 17:55:13.000 [info] circpad_trace_event: timestamp=102679700070 source=client client_circ_id=2 event=circpad_cell_event_nonpadding_sent
Dec 11 17:55:13.000 [info] circpad_trace_event: timestamp=102889916016 source=client client_circ_id=2 event=circpad_cell_event_nonpadding_received
Dec 11 17:55:13.000 [info] circpad_trace_event: timestamp=102890030111 source=client client_circ_id=2 event=circpad_cell_event_nonpadding_received
Dec 11 17:55:13.000 [info] circpad_trace_event: timestamp=102890071403 source=client client_circ_id=2 event=circpad_cell_event_nonpadding_received
Dec 11 17:55:13.000 [info] circpad_trace_event: timestamp=102890102408 source=client client_circ_id=2 event=circpad_cell_event_nonpadding_received
Dec 11 17:55:13.000 [info] circpad_trace_event: timestamp=102890130446 source=client client_circ_id=2 event=circpad_cell_event_nonpadding_received
Dec 11 17:55:13.000 [info] circpad_trace_event: timestamp=102890156864 source=client client_circ_id=2 event=circpad_cell_event_nonpadding_received
Dec 11 17:55:13.000 [info] circpad_trace_event: timestamp=102890185177 source=client client_circ_id=2 event=circpad_cell_event_nonpadding_received
Dec 11 17:55:13.000 [info] circpad_trace_event: timestamp=102973369118 source=client client_circ_id=2 event=circpad_cell_event_nonpadding_received
Dec 11 17:55:13.000 [info] circpad_trace_event: timestamp=102979515822 source=client client_circ_id=2 event=circpad_cell_event_nonpadding_sent
Dec 11 17:55:14.000 [info] circpad_trace_event: timestamp=103182880634 source=client client_circ_id=2 event=circpad_cell_event_nonpadding_received
Dec 11 17:55:14.000 [info] circpad_trace_event: timestamp=103183863815 source=client client_circ_id=2 event=circpad_cell_event_nonpadding_sent
Dec 11 17:55:14.000 [info] circpad_trace_event: timestamp=103183943190 source=client client_circ_id=2 event=circpad_machine_event_circ_has_no_relay_early
Dec 11 17:55:14.000 [info] circpad_trace_event: timestamp=103263123186 source=client client_circ_id=8 event=circpad_machine_event_circ_added_hop
Dec 11 17:55:14.000 [info] circpad_trace_event: timestamp=103263189687 source=client client_circ_id=8 event=circpad_cell_event_nonpadding_sent
Dec 11 17:55:14.000 [info] circpad_trace_event: timestamp=103263259662 source=client client_circ_id=8 event=circpad_negotiate_logging
Dec 11 17:55:14.000 [info] circpad_trace_event: timestamp=103263531794 source=client client_circ_id=8 event=circpad_cell_event_nonpadding_sent
Dec 11 17:55:14.000 [info] circpad_trace_event: timestamp=103462897858 source=client client_circ_id=2 event=circpad_cell_event_nonpadding_received
Dec 11 17:55:14.000 [info] circpad_trace_event: timestamp=103463011383 source=client client_circ_id=2 event=circpad_cell_event_nonpadding_received
Dec 11 17:55:14.000 [info] circpad_trace_event: timestamp=103463053294 source=client client_circ_id=2 event=circpad_cell_event_nonpadding_received
Dec 11 17:55:14.000 [info] circpad_trace_event: timestamp=103463083842 source=client client_circ_id=2 event=circpad_cell_event_nonpadding_received
Dec 11 17:55:14.000 [info] circpad_trace_event: timestamp=103463110806 source=client client_circ_id=2 event=circpad_cell_event_nonpadding_received
Dec 11 17:55:14.000 [info] circpad_trace_event: timestamp=103463136831 source=client client_circ_id=2 event=circpad_cell_event_nonpadding_received
Dec 11 17:55:14.000 [info] circpad_trace_event: timestamp=103463164806 source=client client_circ_id=2 event=circpad_cell_event_nonpadding_received
Dec 11 17:55:14.000 [info] circpad_trace_event: timestamp=103543040921 source=client client_circ_id=2 event=circpad_cell_event_nonpadding_received
Dec 11 17:55:14.000 [info] circpad_trace_event: timestamp=103543183641 source=client client_circ_id=2 event=circpad_cell_event_nonpadding_received
Dec 11 17:55:14.000 [info] circpad_trace_event: timestamp=103543271508 source=client client_circ_id=2 event=circpad_cell_event_nonpadding_received
Dec 11 17:55:14.000 [info] circpad_trace_event: timestamp=103543295953 source=client client_circ_id=2 event=circpad_cell_event_nonpadding_received
Dec 11 17:55:14.000 [info] circpad_trace_event: timestamp=103543315378 source=client client_circ_id=2 event=circpad_cell_event_nonpadding_received
Dec 11 17:55:14.000 [info] circpad_trace_event: timestamp=103543336148 source=client client_circ_id=2 event=circpad_cell_event_nonpadding_received
Dec 11 17:55:14.000 [info] circpad_trace_event: timestamp=103543357203 source=client client_circ_id=2 event=circpad_cell_event_nonpadding_received
Dec 11 17:55:14.000 [info] circpad_trace_event: timestamp=103543410837 source=client client_circ_id=2 event=circpad_cell_event_nonpadding_received
Dec 11 17:55:14.000 [info] circpad_trace_event: timestamp=103543568294 source=client client_circ_id=2 event=circpad_cell_event_nonpadding_received
Dec 11 17:55:14.000 [info] circpad_trace_event: timestamp=103543640419 source=client client_circ_id=2 event=circpad_cell_event_nonpadding_received
Dec 11 17:55:14.000 [info] circpad_trace_event: timestamp=103545706810 source=client client_circ_id=2 event=circpad_cell_event_nonpadding_sent
Dec 11 17:55:14.000 [info] circpad_trace_event: timestamp=103548601158 source=client client_circ_id=2 event=circpad_cell_event_nonpadding_sent
Dec 11 17:55:14.000 [info] circpad_trace_event: timestamp=103548660095 source=client client_circ_id=2 event=circpad_machine_event_circ_has_no_streams
Dec 11 17:55:14.000 [info] circpad_trace_event: timestamp=103627777125 source=client client_circ_id=8 event=circpad_cell_event_nonpadding_received
Dec 11 17:55:14.000 [info] circpad_trace_event: timestamp=103628337355 source=client client_circ_id=8 event=circpad_machine_event_circ_added_hop
Dec 11 17:55:14.000 [info] circpad_trace_event: timestamp=103628595682 source=client client_circ_id=8 event=circpad_cell_event_nonpadding_sent
Dec 11 17:55:14.000 [info] circpad_trace_event: timestamp=103628649080 source=client client_circ_id=8 event=circpad_negotiate_logging
Dec 11 17:55:14.000 [info] circpad_trace_event: timestamp=103628765506 source=client client_circ_id=8 event=circpad_cell_event_nonpadding_sent
Dec 11 17:55:14.000 [info] circpad_trace_event: timestamp=103748667572 source=client client_circ_id=2 event=circpad_cell_event_nonpadding_received
Dec 11 17:55:15.000 [info] circpad_trace_event: timestamp=104063402039 source=client client_circ_id=8 event=circpad_cell_event_nonpadding_received
Dec 11 17:55:15.000 [info] circpad_trace_event: timestamp=104064321639 source=client client_circ_id=8 event=circpad_machine_event_circ_added_hop
Dec 11 17:55:15.000 [info] circpad_trace_event: timestamp=104064340539 source=client client_circ_id=8 event=circpad_machine_event_circ_built
Dec 11 17:55:20.000 [info] circpad_trace_event: timestamp=109952626497 source=client client_circ_id=2 event=circpad_machine_event_circ_has_streams
Dec 11 17:55:20.000 [info] circpad_trace_event: timestamp=109952664910 source=client client_circ_id=2 event=connection_ap_handshake_send_begin eff.org
Dec 11 17:55:20.000 [info] circpad_trace_event: timestamp=109952694736 source=client client_circ_id=2 event=circpad_cell_event_nonpadding_sent
Dec 11 17:55:21.000 [info] circpad_trace_event: timestamp=110298031727 source=client client_circ_id=2 event=circpad_cell_event_nonpadding_received
Dec 11 17:55:21.000 [info] circpad_trace_event: timestamp=110314319641 source=client client_circ_id=2 event=circpad_cell_event_nonpadding_sent
Dec 11 17:55:21.000 [info] circpad_trace_event: timestamp=110713345144 source=client client_circ_id=2 event=circpad_cell_event_nonpadding_received
Dec 11 17:55:21.000 [info] circpad_trace_event: timestamp=110713474284 source=client client_circ_id=2 event=circpad_cell_event_nonpadding_received
Dec 11 17:55:21.000 [info] circpad_trace_event: timestamp=110713529441 source=client client_circ_id=2 event=circpad_cell_event_nonpadding_received
Dec 11 17:55:21.000 [info] circpad_trace_event: timestamp=110713568509 source=client client_circ_id=2 event=circpad_cell_event_nonpadding_received
Dec 11 17:55:21.000 [info] circpad_trace_event: timestamp=110713668057 source=client client_circ_id=2 event=circpad_cell_event_nonpadding_received
Dec 11 17:55:21.000 [info] circpad_trace_event: timestamp=110713710876 source=client client_circ_id=2 event=circpad_cell_event_nonpadding_received
Dec 11 17:55:21.000 [info] circpad_trace_event: timestamp=110713763432 source=client client_circ_id=2 event=circpad_cell_event_nonpadding_received
Dec 11 17:55:21.000 [info] circpad_trace_event: timestamp=110718101960 source=client client_circ_id=2 event=circpad_cell_event_nonpadding_sent
Dec 11 17:55:22.000 [info] circpad_trace_event: timestamp=111119069274 source=client client_circ_id=2 event=circpad_cell_event_nonpadding_received
Dec 11 17:55:22.000 [info] circpad_trace_event: timestamp=111119886914 source=client client_circ_id=2 event=circpad_cell_event_nonpadding_sent
Dec 11 17:55:22.000 [info] circpad_trace_event: timestamp=111526848761 source=client client_circ_id=2 event=circpad_cell_event_nonpadding_received
Dec 11 17:55:22.000 [info] circpad_trace_event: timestamp=111526937942 source=client client_circ_id=2 event=circpad_cell_event_nonpadding_received
Dec 11 17:55:22.000 [info] circpad_trace_event: timestamp=111527596921 source=client client_circ_id=2 event=circpad_cell_event_nonpadding_sent
Dec 11 17:55:22.000 [info] circpad_trace_event: timestamp=111530435546 source=client client_circ_id=2 event=circpad_cell_event_nonpadding_sent
Dec 11 17:55:22.000 [info] circpad_trace_event: timestamp=111530491992 source=client client_circ_id=2 event=circpad_machine_event_circ_has_no_streams
