Dec 11 17:42:52.000 [info] circpad_trace_event: timestamp=2441908681 source=client client_circ_id=2 event=circpad_machine_event_circ_added_hop
Dec 11 17:42:52.000 [info] circpad_trace_event: timestamp=2442016800 source=client client_circ_id=2 event=circpad_cell_event_nonpadding_sent
Dec 11 17:42:53.000 [info] circpad_trace_event: timestamp=2934284126 source=client client_circ_id=2 event=circpad_cell_event_nonpadding_received
Dec 11 17:42:53.000 [info] circpad_trace_event: timestamp=2934803457 source=client client_circ_id=2 event=circpad_machine_event_circ_added_hop
Dec 11 17:42:53.000 [info] circpad_trace_event: timestamp=2934857528 source=client client_circ_id=2 event=circpad_cell_event_nonpadding_sent
Dec 11 17:42:53.000 [info] circpad_trace_event: timestamp=2934885470 source=client client_circ_id=2 event=circpad_negotiate_logging
Dec 11 17:42:53.000 [info] circpad_trace_event: timestamp=2934963865 source=client client_circ_id=2 event=circpad_cell_event_nonpadding_sent
Dec 11 17:42:53.000 [info] circpad_trace_event: timestamp=3115539700 source=client client_circ_id=2 event=circpad_cell_event_nonpadding_received
Dec 11 17:42:53.000 [info] circpad_trace_event: timestamp=3116545980 source=client client_circ_id=2 event=circpad_machine_event_circ_added_hop
Dec 11 17:42:53.000 [info] circpad_trace_event: timestamp=3116562896 source=client client_circ_id=2 event=circpad_machine_event_circ_built
Dec 11 17:42:53.000 [info] circpad_trace_event: timestamp=3369378137 source=client client_circ_id=3 event=circpad_machine_event_circ_added_hop
Dec 11 17:42:53.000 [info] circpad_trace_event: timestamp=3369470416 source=client client_circ_id=3 event=circpad_cell_event_nonpadding_sent
Dec 11 17:42:53.000 [info] circpad_trace_event: timestamp=3540407046 source=client client_circ_id=3 event=circpad_cell_event_nonpadding_received
Dec 11 17:42:53.000 [info] circpad_trace_event: timestamp=3541291050 source=client client_circ_id=3 event=circpad_machine_event_circ_added_hop
Dec 11 17:42:53.000 [info] circpad_trace_event: timestamp=3541375924 source=client client_circ_id=3 event=circpad_cell_event_nonpadding_sent
Dec 11 17:42:53.000 [info] circpad_trace_event: timestamp=3541430040 source=client client_circ_id=3 event=circpad_negotiate_logging
Dec 11 17:42:53.000 [info] circpad_trace_event: timestamp=3541663231 source=client client_circ_id=3 event=circpad_cell_event_nonpadding_sent
Dec 11 17:42:54.000 [info] circpad_trace_event: timestamp=3851340014 source=client client_circ_id=3 event=circpad_cell_event_nonpadding_received
Dec 11 17:42:54.000 [info] circpad_trace_event: timestamp=3852169583 source=client client_circ_id=3 event=circpad_machine_event_circ_added_hop
Dec 11 17:42:54.000 [info] circpad_trace_event: timestamp=3852188957 source=client client_circ_id=3 event=circpad_machine_event_circ_built
Dec 11 17:42:54.000 [info] circpad_trace_event: timestamp=4379794778 source=client client_circ_id=4 event=circpad_machine_event_circ_added_hop
Dec 11 17:42:54.000 [info] circpad_trace_event: timestamp=4379956023 source=client client_circ_id=4 event=circpad_cell_event_nonpadding_sent
Dec 11 17:42:54.000 [info] circpad_trace_event: timestamp=4560739654 source=client client_circ_id=4 event=circpad_cell_event_nonpadding_received
Dec 11 17:42:54.000 [info] circpad_trace_event: timestamp=4561665763 source=client client_circ_id=4 event=circpad_machine_event_circ_added_hop
Dec 11 17:42:54.000 [info] circpad_trace_event: timestamp=4561824508 source=client client_circ_id=4 event=circpad_cell_event_nonpadding_sent
Dec 11 17:42:54.000 [info] circpad_trace_event: timestamp=4561877596 source=client client_circ_id=4 event=circpad_negotiate_logging
Dec 11 17:42:54.000 [info] circpad_trace_event: timestamp=4562102593 source=client client_circ_id=4 event=circpad_cell_event_nonpadding_sent
Dec 11 17:42:55.000 [info] circpad_trace_event: timestamp=4744752747 source=client client_circ_id=4 event=circpad_cell_event_nonpadding_received
Dec 11 17:42:55.000 [info] circpad_trace_event: timestamp=4745959888 source=client client_circ_id=4 event=circpad_machine_event_circ_added_hop
Dec 11 17:42:55.000 [info] circpad_trace_event: timestamp=4745993137 source=client client_circ_id=4 event=circpad_machine_event_circ_built
Dec 11 17:42:55.000 [info] circpad_trace_event: timestamp=5369448676 source=client client_circ_id=5 event=circpad_machine_event_circ_added_hop
Dec 11 17:42:55.000 [info] circpad_trace_event: timestamp=5369583741 source=client client_circ_id=5 event=circpad_cell_event_nonpadding_sent
Dec 11 17:42:55.000 [info] circpad_trace_event: timestamp=5536178206 source=client client_circ_id=5 event=circpad_cell_event_nonpadding_received
Dec 11 17:42:55.000 [info] circpad_trace_event: timestamp=5537081737 source=client client_circ_id=5 event=circpad_machine_event_circ_added_hop
Dec 11 17:42:55.000 [info] circpad_trace_event: timestamp=5537187893 source=client client_circ_id=5 event=circpad_cell_event_nonpadding_sent
Dec 11 17:42:55.000 [info] circpad_trace_event: timestamp=5537238096 source=client client_circ_id=5 event=circpad_negotiate_logging
Dec 11 17:42:55.000 [info] circpad_trace_event: timestamp=5537399055 source=client client_circ_id=5 event=circpad_cell_event_nonpadding_sent
Dec 11 17:42:56.000 [info] circpad_trace_event: timestamp=5719345018 source=client client_circ_id=5 event=circpad_cell_event_nonpadding_received
Dec 11 17:42:56.000 [info] circpad_trace_event: timestamp=5720461525 source=client client_circ_id=5 event=circpad_machine_event_circ_added_hop
Dec 11 17:42:56.000 [info] circpad_trace_event: timestamp=5720479637 source=client client_circ_id=5 event=circpad_machine_event_circ_built
Dec 11 17:42:56.000 [info] circpad_trace_event: timestamp=6394640336 source=client client_circ_id=6 event=circpad_machine_event_circ_added_hop
Dec 11 17:42:56.000 [info] circpad_trace_event: timestamp=6394853199 source=client client_circ_id=6 event=circpad_cell_event_nonpadding_sent
Dec 11 17:42:56.000 [info] circpad_trace_event: timestamp=6560909402 source=client client_circ_id=6 event=circpad_cell_event_nonpadding_received
Dec 11 17:42:56.000 [info] circpad_trace_event: timestamp=6561334797 source=client client_circ_id=6 event=circpad_machine_event_circ_added_hop
Dec 11 17:42:56.000 [info] circpad_trace_event: timestamp=6561379193 source=client client_circ_id=6 event=circpad_cell_event_nonpadding_sent
Dec 11 17:42:56.000 [info] circpad_trace_event: timestamp=6561438418 source=client client_circ_id=6 event=circpad_negotiate_logging
Dec 11 17:42:56.000 [info] circpad_trace_event: timestamp=6561526503 source=client client_circ_id=6 event=circpad_cell_event_nonpadding_sent
Dec 11 17:42:57.000 [info] circpad_trace_event: timestamp=6748844944 source=client client_circ_id=6 event=circpad_cell_event_nonpadding_received
Dec 11 17:42:57.000 [info] circpad_trace_event: timestamp=6751127943 source=client client_circ_id=6 event=circpad_machine_event_circ_added_hop
Dec 11 17:42:57.000 [info] circpad_trace_event: timestamp=6751145138 source=client client_circ_id=6 event=circpad_machine_event_circ_built
Dec 11 17:43:57.000 [info] circpad_trace_event: timestamp=66924100094 source=client client_circ_id=2 event=circpad_machine_event_circ_has_streams
Dec 11 17:43:57.000 [info] circpad_trace_event: timestamp=66924138707 source=client client_circ_id=2 event=connection_ap_handshake_send_begin check.torproject.org
Dec 11 17:43:57.000 [info] circpad_trace_event: timestamp=66924176251 source=client client_circ_id=2 event=circpad_cell_event_nonpadding_sent
Dec 11 17:43:57.000 [info] circpad_trace_event: timestamp=67115767384 source=client client_circ_id=2 event=circpad_cell_event_nonpadding_received
Dec 11 17:43:57.000 [info] circpad_trace_event: timestamp=67133284934 source=client client_circ_id=2 event=circpad_cell_event_nonpadding_sent
Dec 11 17:43:57.000 [info] circpad_trace_event: timestamp=67347325507 source=client client_circ_id=2 event=circpad_cell_event_nonpadding_received
Dec 11 17:43:57.000 [info] circpad_trace_event: timestamp=67347461905 source=client client_circ_id=2 event=circpad_cell_event_nonpadding_received
Dec 11 17:43:57.000 [info] circpad_trace_event: timestamp=67347520882 source=client client_circ_id=2 event=circpad_cell_event_nonpadding_received
Dec 11 17:43:57.000 [info] circpad_trace_event: timestamp=67347564755 source=client client_circ_id=2 event=circpad_cell_event_nonpadding_received
Dec 11 17:43:57.000 [info] circpad_trace_event: timestamp=67347602827 source=client client_circ_id=2 event=circpad_cell_event_nonpadding_received
Dec 11 17:43:57.000 [info] circpad_trace_event: timestamp=67347639060 source=client client_circ_id=2 event=circpad_cell_event_nonpadding_received
Dec 11 17:43:57.000 [info] circpad_trace_event: timestamp=67347676958 source=client client_circ_id=2 event=circpad_cell_event_nonpadding_received
Dec 11 17:43:57.000 [info] circpad_trace_event: timestamp=67428310479 source=client client_circ_id=2 event=circpad_cell_event_nonpadding_received
Dec 11 17:43:57.000 [info] circpad_trace_event: timestamp=67431820155 source=client client_circ_id=2 event=circpad_cell_event_nonpadding_sent
Dec 11 17:43:57.000 [info] circpad_trace_event: timestamp=67627415037 source=client client_circ_id=2 event=circpad_cell_event_nonpadding_received
Dec 11 17:43:57.000 [info] circpad_trace_event: timestamp=67628056894 source=client client_circ_id=2 event=circpad_cell_event_nonpadding_sent
Dec 11 17:43:58.000 [info] circpad_trace_event: timestamp=67827984448 source=client client_circ_id=2 event=circpad_cell_event_nonpadding_received
Dec 11 17:43:58.000 [info] circpad_trace_event: timestamp=67828096790 source=client client_circ_id=2 event=circpad_cell_event_nonpadding_received
Dec 11 17:43:58.000 [info] circpad_trace_event: timestamp=67828148247 source=client client_circ_id=2 event=circpad_cell_event_nonpadding_received
Dec 11 17:43:58.000 [info] circpad_trace_event: timestamp=67828187576 source=client client_circ_id=2 event=circpad_cell_event_nonpadding_received
Dec 11 17:43:58.000 [info] circpad_trace_event: timestamp=67828217504 source=client client_circ_id=2 event=circpad_cell_event_nonpadding_received
Dec 11 17:43:58.000 [info] circpad_trace_event: timestamp=67828248349 source=client client_circ_id=2 event=circpad_cell_event_nonpadding_received
Dec 11 17:43:58.000 [info] circpad_trace_event: timestamp=67828281428 source=client client_circ_id=2 event=circpad_cell_event_nonpadding_received
Dec 11 17:43:58.000 [info] circpad_trace_event: timestamp=67903206438 source=client client_circ_id=2 event=circpad_cell_event_nonpadding_received
Dec 11 17:43:58.000 [info] circpad_trace_event: timestamp=67903323563 source=client client_circ_id=2 event=circpad_cell_event_nonpadding_received
Dec 11 17:43:58.000 [info] circpad_trace_event: timestamp=67911412689 source=client client_circ_id=7 event=circpad_machine_event_circ_added_hop
Dec 11 17:43:58.000 [info] circpad_trace_event: timestamp=67911653464 source=client client_circ_id=7 event=circpad_cell_event_nonpadding_sent
Dec 11 17:43:58.000 [info] circpad_trace_event: timestamp=67913141127 source=client client_circ_id=2 event=circpad_cell_event_nonpadding_received
Dec 11 17:43:58.000 [info] circpad_trace_event: timestamp=67913243058 source=client client_circ_id=2 event=circpad_cell_event_nonpadding_received
Dec 11 17:43:58.000 [info] circpad_trace_event: timestamp=67913286288 source=client client_circ_id=2 event=circpad_cell_event_nonpadding_received
Dec 11 17:43:58.000 [info] circpad_trace_event: timestamp=67913365999 source=client client_circ_id=2 event=circpad_cell_event_nonpadding_received
Dec 11 17:43:58.000 [info] circpad_trace_event: timestamp=67913406392 source=client client_circ_id=2 event=circpad_cell_event_nonpadding_received
Dec 11 17:43:58.000 [info] circpad_trace_event: timestamp=67913438912 source=client client_circ_id=2 event=circpad_cell_event_nonpadding_received
Dec 11 17:43:58.000 [info] circpad_trace_event: timestamp=67913473803 source=client client_circ_id=2 event=circpad_cell_event_nonpadding_received
Dec 11 17:43:58.000 [info] circpad_trace_event: timestamp=67913567727 source=client client_circ_id=2 event=circpad_cell_event_nonpadding_received
Dec 11 17:43:58.000 [info] circpad_trace_event: timestamp=67915554136 source=client client_circ_id=2 event=circpad_cell_event_nonpadding_sent
Dec 11 17:43:58.000 [info] circpad_trace_event: timestamp=67915611930 source=client client_circ_id=2 event=circpad_machine_event_circ_has_no_relay_early
Dec 11 17:43:58.000 [info] circpad_trace_event: timestamp=67918423951 source=client client_circ_id=2 event=circpad_cell_event_nonpadding_sent
Dec 11 17:43:58.000 [info] circpad_trace_event: timestamp=67919005604 source=client client_circ_id=2 event=circpad_machine_event_circ_has_no_streams
Dec 11 17:43:58.000 [info] circpad_trace_event: timestamp=68081813167 source=client client_circ_id=7 event=circpad_cell_event_nonpadding_received
Dec 11 17:43:58.000 [info] circpad_trace_event: timestamp=68082281071 source=client client_circ_id=7 event=circpad_machine_event_circ_added_hop
Dec 11 17:43:58.000 [info] circpad_trace_event: timestamp=68082322697 source=client client_circ_id=7 event=circpad_cell_event_nonpadding_sent
Dec 11 17:43:58.000 [info] circpad_trace_event: timestamp=68082350229 source=client client_circ_id=7 event=circpad_negotiate_logging
Dec 11 17:43:58.000 [info] circpad_trace_event: timestamp=68082437601 source=client client_circ_id=7 event=circpad_cell_event_nonpadding_sent
Dec 11 17:43:58.000 [info] circpad_trace_event: timestamp=68395083342 source=client client_circ_id=7 event=circpad_cell_event_nonpadding_received
Dec 11 17:43:58.000 [info] circpad_trace_event: timestamp=68395876068 source=client client_circ_id=7 event=circpad_machine_event_circ_added_hop
Dec 11 17:43:58.000 [info] circpad_trace_event: timestamp=68395912137 source=client client_circ_id=7 event=circpad_machine_event_circ_built
Dec 11 17:44:13.000 [info] circpad_trace_event: timestamp=82715426060 source=client client_circ_id=2 event=circpad_machine_event_circ_has_streams
Dec 11 17:44:13.000 [info] circpad_trace_event: timestamp=82715462519 source=client client_circ_id=2 event=connection_ap_handshake_send_begin eff.org
Dec 11 17:44:13.000 [info] circpad_trace_event: timestamp=82715487129 source=client client_circ_id=2 event=circpad_cell_event_nonpadding_sent
Dec 11 17:44:13.000 [info] circpad_trace_event: timestamp=83141170792 source=client client_circ_id=2 event=circpad_cell_event_nonpadding_received
Dec 11 17:44:13.000 [info] circpad_trace_event: timestamp=83157308386 source=client client_circ_id=2 event=circpad_cell_event_nonpadding_sent
Dec 11 17:44:13.000 [info] circpad_trace_event: timestamp=83552174586 source=client client_circ_id=2 event=circpad_cell_event_nonpadding_received
Dec 11 17:44:13.000 [info] circpad_trace_event: timestamp=83552290590 source=client client_circ_id=2 event=circpad_cell_event_nonpadding_received
Dec 11 17:44:13.000 [info] circpad_trace_event: timestamp=83552339889 source=client client_circ_id=2 event=circpad_cell_event_nonpadding_received
Dec 11 17:44:13.000 [info] circpad_trace_event: timestamp=83552407308 source=client client_circ_id=2 event=circpad_cell_event_nonpadding_received
Dec 11 17:44:13.000 [info] circpad_trace_event: timestamp=83552514200 source=client client_circ_id=2 event=circpad_cell_event_nonpadding_received
Dec 11 17:44:13.000 [info] circpad_trace_event: timestamp=83552710478 source=client client_circ_id=2 event=circpad_cell_event_nonpadding_received
Dec 11 17:44:13.000 [info] circpad_trace_event: timestamp=83553066124 source=client client_circ_id=2 event=circpad_cell_event_nonpadding_received
Dec 11 17:44:13.000 [info] circpad_trace_event: timestamp=83557256039 source=client client_circ_id=2 event=circpad_cell_event_nonpadding_sent
Dec 11 17:44:14.000 [info] circpad_trace_event: timestamp=84062422877 source=client client_circ_id=2 event=circpad_cell_event_nonpadding_received
Dec 11 17:44:14.000 [info] circpad_trace_event: timestamp=84063704925 source=client client_circ_id=2 event=circpad_cell_event_nonpadding_sent
Dec 11 17:44:14.000 [info] circpad_trace_event: timestamp=84574462601 source=client client_circ_id=2 event=circpad_cell_event_nonpadding_received
Dec 11 17:44:14.000 [info] circpad_trace_event: timestamp=84574576610 source=client client_circ_id=2 event=circpad_cell_event_nonpadding_received
Dec 11 17:44:14.000 [info] circpad_trace_event: timestamp=84575387410 source=client client_circ_id=2 event=circpad_cell_event_nonpadding_sent
Dec 11 17:44:14.000 [info] circpad_trace_event: timestamp=84579529235 source=client client_circ_id=2 event=circpad_cell_event_nonpadding_sent
Dec 11 17:44:14.000 [info] circpad_trace_event: timestamp=84579616764 source=client client_circ_id=2 event=circpad_machine_event_circ_has_no_streams
