0000000000000000 circpad_cell_event_nonpadding_received
0000000411641646 circpad_cell_event_nonpadding_sent
0000000497813610 circpad_cell_event_nonpadding_received
0000000638581980 circpad_cell_event_nonpadding_sent
0000039342933276 circpad_cell_event_nonpadding_received
0000039527194679 circpad_cell_event_nonpadding_sent
0000039624239555 circpad_cell_event_nonpadding_received
0000039824838650 circpad_cell_event_nonpadding_sent
0000039824887673 circpad_cell_event_nonpadding_sent
0000039824895005 circpad_cell_event_nonpadding_sent
0000039824900810 circpad_cell_event_nonpadding_sent
0000039824906295 circpad_cell_event_nonpadding_sent
0000039824911875 circpad_cell_event_nonpadding_sent
0000039824917704 circpad_cell_event_nonpadding_sent
0000039904701457 circpad_cell_event_nonpadding_sent
0000040081514076 circpad_cell_event_nonpadding_received
0000040257700645 circpad_cell_event_nonpadding_sent
0000040340457153 circpad_cell_event_nonpadding_received
0000040508054538 circpad_cell_event_nonpadding_sent
0000040508105989 circpad_cell_event_nonpadding_sent
0000040508114072 circpad_cell_event_nonpadding_sent
0000040508120150 circpad_cell_event_nonpadding_sent
0000040508126009 circpad_cell_event_nonpadding_sent
0000040508131609 circpad_cell_event_nonpadding_sent
0000040508137244 circpad_cell_event_nonpadding_sent
0000040555929016 circpad_cell_event_nonpadding_sent
0000040555977830 circpad_cell_event_nonpadding_sent
0000040556006183 circpad_cell_event_nonpadding_sent
0000040556013018 circpad_cell_event_nonpadding_sent
0000040556098071 circpad_cell_event_nonpadding_sent
0000040587806313 circpad_cell_event_nonpadding_sent
0000040587865615 circpad_cell_event_nonpadding_sent
0000040587873530 circpad_cell_event_nonpadding_sent
0000040587878902 circpad_cell_event_nonpadding_sent
0000040587884873 circpad_cell_event_nonpadding_sent
0000040681522944 circpad_cell_event_nonpadding_received
0000040768315020 circpad_cell_event_nonpadding_received
0000040892417669 circpad_cell_event_nonpadding_sent
0000045706460736 circpad_cell_event_nonpadding_received
0000046105529263 circpad_cell_event_nonpadding_sent
0000046208933958 circpad_cell_event_nonpadding_received
0000046878717498 circpad_cell_event_nonpadding_sent
0000046878798655 circpad_cell_event_nonpadding_sent
0000046878809373 circpad_cell_event_nonpadding_sent
0000046878814989 circpad_cell_event_nonpadding_sent
0000046878820596 circpad_cell_event_nonpadding_sent
0000046878825733 circpad_cell_event_nonpadding_sent
0000046878832079 circpad_cell_event_nonpadding_sent
0000046964956464 circpad_cell_event_nonpadding_received
0000047327034696 circpad_cell_event_nonpadding_sent
0000047416033509 circpad_cell_event_nonpadding_received
0000047792282846 circpad_cell_event_nonpadding_sent
0000047792333357 circpad_cell_event_nonpadding_sent
0000047875770962 circpad_cell_event_nonpadding_received
0000047956171065 circpad_cell_event_nonpadding_received
