0000000000000000 circpad_cell_event_nonpadding_received
0000000084276140 circpad_cell_event_nonpadding_sent
0000000168319579 circpad_cell_event_nonpadding_received
0000000168379533 circpad_cell_event_nonpadding_received
0000000261842382 circpad_cell_event_nonpadding_sent
0000097468325034 circpad_cell_event_nonpadding_received
0000097569196902 circpad_cell_event_nonpadding_sent
0000097666109995 circpad_cell_event_nonpadding_received
0000097794423263 circpad_cell_event_nonpadding_sent
0000097794477905 circpad_cell_event_nonpadding_sent
0000097794484703 circpad_cell_event_nonpadding_sent
0000097794489971 circpad_cell_event_nonpadding_sent
0000097794495434 circpad_cell_event_nonpadding_sent
0000097794500348 circpad_cell_event_nonpadding_sent
0000097794505968 circpad_cell_event_nonpadding_sent
0000097874274809 circpad_cell_event_nonpadding_sent
0000097966841374 circpad_cell_event_nonpadding_received
0000098085767262 circpad_cell_event_nonpadding_sent
0000098245820058 circpad_cell_event_nonpadding_received
0000098368124715 circpad_cell_event_nonpadding_sent
0000098368178236 circpad_cell_event_nonpadding_sent
0000098368185749 circpad_cell_event_nonpadding_sent
0000098368191289 circpad_cell_event_nonpadding_sent
0000098368218571 circpad_cell_event_nonpadding_sent
0000098368224133 circpad_cell_event_nonpadding_sent
0000098368230046 circpad_cell_event_nonpadding_sent
0000098368328561 circpad_cell_event_nonpadding_sent
0000098368342356 circpad_cell_event_nonpadding_sent
0000098368347432 circpad_cell_event_nonpadding_sent
0000098368351756 circpad_cell_event_nonpadding_sent
0000098368356020 circpad_cell_event_nonpadding_sent
0000098368360304 circpad_cell_event_nonpadding_sent
0000098368364864 circpad_cell_event_nonpadding_sent
0000098368370208 circpad_cell_event_nonpadding_sent
0000098448826443 circpad_cell_event_nonpadding_sent
0000098448897727 circpad_cell_event_nonpadding_sent
0000098533580607 circpad_cell_event_nonpadding_received
0000098614121658 circpad_cell_event_nonpadding_received
0000098654731715 circpad_cell_event_nonpadding_sent
0000104945088110 circpad_cell_event_nonpadding_received
0000105186179143 circpad_cell_event_nonpadding_sent
0000105301405443 circpad_cell_event_nonpadding_received
0000105564046347 circpad_cell_event_nonpadding_sent
0000105564470764 circpad_cell_event_nonpadding_sent
0000105564479581 circpad_cell_event_nonpadding_sent
0000105564485103 circpad_cell_event_nonpadding_sent
0000105564490360 circpad_cell_event_nonpadding_sent
0000105564512995 circpad_cell_event_nonpadding_sent
0000105564520345 circpad_cell_event_nonpadding_sent
0000105705519438 circpad_cell_event_nonpadding_received
0000105956323291 circpad_cell_event_nonpadding_sent
0000106106641843 circpad_cell_event_nonpadding_received
0000106343643415 circpad_cell_event_nonpadding_sent
0000106343695556 circpad_cell_event_nonpadding_sent
0000106517834283 circpad_cell_event_nonpadding_received
0000106599624490 circpad_cell_event_nonpadding_received
