0000000000000000 circpad_cell_event_nonpadding_received
0000000004595728 circpad_cell_event_nonpadding_sent
0000097299760790 circpad_cell_event_nonpadding_received
0000097317430785 circpad_cell_event_nonpadding_sent
0000097497513434 circpad_cell_event_nonpadding_received
0000097538214887 circpad_cell_event_nonpadding_sent
0000097538264993 circpad_cell_event_nonpadding_sent
0000097538282571 circpad_cell_event_nonpadding_sent
0000097538294721 circpad_cell_event_nonpadding_sent
0000097538304086 circpad_cell_event_nonpadding_sent
0000097538311571 circpad_cell_event_nonpadding_sent
0000097538351454 circpad_cell_event_nonpadding_sent
0000097538385060 circpad_cell_event_nonpadding_sent
0000097798230060 circpad_cell_event_nonpadding_received
0000097829042987 circpad_cell_event_nonpadding_sent
0000098077222953 circpad_cell_event_nonpadding_received
0000098110263337 circpad_cell_event_nonpadding_sent
0000098110307991 circpad_cell_event_nonpadding_sent
0000098110320283 circpad_cell_event_nonpadding_sent
0000098110328558 circpad_cell_event_nonpadding_sent
0000098110336442 circpad_cell_event_nonpadding_sent
0000098110343812 circpad_cell_event_nonpadding_sent
0000098110351619 circpad_cell_event_nonpadding_sent
0000098110424659 circpad_cell_event_nonpadding_sent
0000098110450690 circpad_cell_event_nonpadding_sent
0000098110461611 circpad_cell_event_nonpadding_sent
0000098110470897 circpad_cell_event_nonpadding_sent
0000098110480468 circpad_cell_event_nonpadding_sent
0000098111810307 circpad_cell_event_nonpadding_sent
0000098111848495 circpad_cell_event_nonpadding_sent
0000098111856588 circpad_cell_event_nonpadding_sent
0000098111862514 circpad_cell_event_nonpadding_sent
0000098111868687 circpad_cell_event_nonpadding_sent
0000098364985485 circpad_cell_event_nonpadding_received
0000098395849127 circpad_cell_event_nonpadding_sent
0000098445535570 circpad_cell_event_nonpadding_received
0000104776473464 circpad_cell_event_nonpadding_received
0000104928984101 circpad_cell_event_nonpadding_sent
0000105133771442 circpad_cell_event_nonpadding_received
0000105309586195 circpad_cell_event_nonpadding_sent
0000105309641259 circpad_cell_event_nonpadding_sent
0000105309651063 circpad_cell_event_nonpadding_sent
0000105309658560 circpad_cell_event_nonpadding_sent
0000105309665981 circpad_cell_event_nonpadding_sent
0000105309673479 circpad_cell_event_nonpadding_sent
0000105309681693 circpad_cell_event_nonpadding_sent
0000105536890804 circpad_cell_event_nonpadding_received
0000105700329093 circpad_cell_event_nonpadding_sent
0000105938037624 circpad_cell_event_nonpadding_received
0000106089949271 circpad_cell_event_nonpadding_sent
0000106089970122 circpad_cell_event_nonpadding_sent
0000106349225825 circpad_cell_event_nonpadding_received
0000106431031214 circpad_cell_event_nonpadding_received
