0000000000000000 circpad_cell_event_nonpadding_received
0000000010150587 circpad_cell_event_nonpadding_sent
0000063996978594 circpad_cell_event_nonpadding_received
0000064014306512 circpad_cell_event_nonpadding_sent
0000064199148725 circpad_cell_event_nonpadding_received
0000064238148331 circpad_cell_event_nonpadding_sent
0000064238191500 circpad_cell_event_nonpadding_sent
0000064238199872 circpad_cell_event_nonpadding_sent
0000064238205535 circpad_cell_event_nonpadding_sent
0000064238210662 circpad_cell_event_nonpadding_sent
0000064238215417 circpad_cell_event_nonpadding_sent
0000064238220111 circpad_cell_event_nonpadding_sent
0000064238236936 circpad_cell_event_nonpadding_sent
0000064497263156 circpad_cell_event_nonpadding_received
0000064523329400 circpad_cell_event_nonpadding_sent
0000064694154334 circpad_cell_event_nonpadding_received
0000064724703060 circpad_cell_event_nonpadding_sent
0000064724777919 circpad_cell_event_nonpadding_sent
0000064724789043 circpad_cell_event_nonpadding_sent
0000064724798510 circpad_cell_event_nonpadding_sent
0000064724817502 circpad_cell_event_nonpadding_sent
0000064724824002 circpad_cell_event_nonpadding_sent
0000064724829599 circpad_cell_event_nonpadding_sent
0000064724855451 circpad_cell_event_nonpadding_sent
0000064724867139 circpad_cell_event_nonpadding_sent
0000064724873981 circpad_cell_event_nonpadding_sent
0000064724879469 circpad_cell_event_nonpadding_sent
0000064724886945 circpad_cell_event_nonpadding_sent
0000064724896318 circpad_cell_event_nonpadding_sent
0000064724903693 circpad_cell_event_nonpadding_sent
0000064724910620 circpad_cell_event_nonpadding_sent
0000064724955384 circpad_cell_event_nonpadding_sent
0000064724969983 circpad_cell_event_nonpadding_sent
0000065107416472 circpad_cell_event_nonpadding_received
0000065107461496 circpad_cell_event_nonpadding_received
0000079781020831 circpad_cell_event_nonpadding_received
0000079946551270 circpad_cell_event_nonpadding_sent
0000080222558883 circpad_cell_event_nonpadding_received
0000080403861108 circpad_cell_event_nonpadding_sent
0000080403895290 circpad_cell_event_nonpadding_sent
0000080403907870 circpad_cell_event_nonpadding_sent
0000080403916166 circpad_cell_event_nonpadding_sent
0000080403924284 circpad_cell_event_nonpadding_sent
0000080403933059 circpad_cell_event_nonpadding_sent
0000080403944024 circpad_cell_event_nonpadding_sent
0000080623596959 circpad_cell_event_nonpadding_received
0000080902960588 circpad_cell_event_nonpadding_sent
0000081131229917 circpad_cell_event_nonpadding_received
0000081430604615 circpad_cell_event_nonpadding_sent
0000081430640425 circpad_cell_event_nonpadding_sent
0000081640373900 circpad_cell_event_nonpadding_received
0000081720835607 circpad_cell_event_nonpadding_received
